#
# A fatal error has been detected by the Java Runtime Environment:
#
#  EXCEPTION_ACCESS_VIOLATION (0xc0000005) at pc=0x000000007110b5db, pid=19492, tid=30952
#
# JRE version: OpenJDK Runtime Environment (23.0.1+11) (build 23.0.1+11-39)
# Java VM: OpenJDK 64-Bit Server VM (23.0.1+11-39, mixed mode, sharing, tiered, compressed oops, compressed class ptrs, g1 gc, windows-amd64)
# Problematic frame:
# C  0x000000007110b5db
#
# No core dump will be written. Minidumps are not enabled by default on client versions of Windows
#
# If you would like to submit a bug report, please visit:
#   https://bugreport.java.com/bugreport/crash.jsp
# The crash happened outside the Java Virtual Machine in native code.
# See problematic frame for where to report the bug.
#

---------------  S U M M A R Y ------------

Command Line: --module-path=C:\Program Files\Java\javafx-sdk-23\lib --add-modules=javafx.controls,javafx.fxml --enable-preview -javaagent:C:\Program Files\JetBrains\IntelliJ IDEA Community Edition 2024.2.2\lib\idea_rt.jar=64422:C:\Program Files\JetBrains\IntelliJ IDEA Community Edition 2024.2.2\bin -Dfile.encoding=UTF-8 -Dsun.stdout.encoding=UTF-8 -Dsun.stderr.encoding=UTF-8 Main

Host: 11th Gen Intel(R) Core(TM) i5-11300H @ 3.10GHz, 8 cores, 15G,  Windows 11 , 64 bit Build 26100 (10.0.26100.1882)
Time: Tue Oct 29 02:11:41 2024  Windows 11 , 64 bit Build 26100 (10.0.26100.1882) elapsed time: 1.006191 seconds (0d 0h 0m 1s)

---------------  T H R E A D  ---------------

Current thread (0x0000018e29426e90):  JavaThread "JavaFX Application Thread"        [_thread_in_native, id=30952, stack(0x000000033d900000,0x000000033da00000) (1024K)]

Stack: [0x000000033d900000,0x000000033da00000],  sp=0x000000033d9fe5c0,  free space=1017k
Native frames: (J=compiled Java code, j=interpreted, Vv=VM code, C=native code)
C  0x000000007110b5db  (no source info available)
C  0x0000000071112590  (no source info available)
C  0x0000000071101595  (no source info available)
C  0x0000018dd40cd307  (no source info available)

The last pc belongs to native method entry point (kind = native) (printed below).
Java frames: (J=compiled Java code, j=interpreted, Vv=VM code)
j  jssc.SerialNativeInterface.openPort(Ljava/lang/String;Z)J+0
j  jssc.SerialPort.openPort()Z+65
j  Main.initializeSerialPort(Ljava/lang/String;)V+16
j  Main.start(Ljavafx/stage/Stage;)V+94
j  com.sun.javafx.application.LauncherImpl.lambda$launchApplication1$9(Ljava/util/concurrent/atomic/AtomicBoolean;Ljavafx/application/Application;)V+20 javafx.graphics@23
j  com.sun.javafx.application.LauncherImpl$$Lambda+0x0000018de5094000.run()V+8 javafx.graphics@23
j  com.sun.javafx.application.PlatformImpl.lambda$runAndWait$12(Ljava/lang/Runnable;Ljava/util/concurrent/CountDownLatch;)V+1 javafx.graphics@23
j  com.sun.javafx.application.PlatformImpl$$Lambda+0x0000018de5089670.run()V+8 javafx.graphics@23
j  com.sun.javafx.application.PlatformImpl.lambda$runLater$10(Ljava/lang/Runnable;)Ljava/lang/Void;+1 javafx.graphics@23
j  com.sun.javafx.application.PlatformImpl$$Lambda+0x0000018de508ab30.run()Ljava/lang/Object;+4 javafx.graphics@23
j  java.security.AccessController.executePrivileged(Ljava/security/PrivilegedAction;Ljava/security/AccessControlContext;Ljava/lang/Class;)Ljava/lang/Object;+29 java.base@23.0.1
j  java.security.AccessController.doPrivileged(Ljava/security/PrivilegedAction;Ljava/security/AccessControlContext;)Ljava/lang/Object;+13 java.base@23.0.1
j  com.sun.javafx.application.PlatformImpl.lambda$runLater$11(Ljava/lang/Runnable;Ljava/security/AccessControlContext;)V+7 javafx.graphics@23
j  com.sun.javafx.application.PlatformImpl$$Lambda+0x0000018de5089ca0.run()V+8 javafx.graphics@23
j  com.sun.glass.ui.InvokeLaterDispatcher$Future.run()V+4 javafx.graphics@23
v  ~StubRoutines::call_stub 0x0000018dd40c0fcd
j  com.sun.glass.ui.win.WinApplication._runLoop(Ljava/lang/Runnable;)V+0 javafx.graphics@23
j  com.sun.glass.ui.win.WinApplication.lambda$runLoop$3(ILjava/lang/Runnable;)V+8 javafx.graphics@23
j  com.sun.glass.ui.win.WinApplication$$Lambda+0x0000018de5032440.run()V+12 javafx.graphics@23
j  java.lang.Thread.runWith(Ljava/lang/Object;Ljava/lang/Runnable;)V+5 java.base@23.0.1
j  java.lang.Thread.run()V+19 java.base@23.0.1
v  ~StubRoutines::call_stub 0x0000018dd40c0fcd

siginfo: EXCEPTION_ACCESS_VIOLATION (0xc0000005), reading address 0xffffffffc227db8d


Registers:
RAX=0xffffffffc227db8d, RBX=0x000000033d9fe630, RCX=0x00007ffd9ee9f814, RDX=0x0000000000000000
RSP=0x000000033d9fe5c0, RBP=0x000000033d9fe740, RSI=0x0000018e29427250, RDI=0x00000000000008f8
R8 =0x000000033d9fe4b8, R9 =0x0000000000000000, R10=0x0000000000000000, R11=0x0000000000000246
R12=0x000000033d9fe800, R13=0x0000018e302273a0, R14=0x000000033d9fe6f0, R15=0x0000018e29426e90
RIP=0x000000007110b5db, EFLAGS=0x0000000000010202


Register to memory mapping:

RAX=0xffffffffc227db8d is an unknown value
RBX=0x000000033d9fe630 is pointing into the stack for thread: 0x0000018e29426e90
RCX=0x00007ffd9ee9f814 ntdll.dll
RDX=0x0 is null
RSP=0x000000033d9fe5c0 is pointing into the stack for thread: 0x0000018e29426e90
RBP=0x000000033d9fe740 is pointing into the stack for thread: 0x0000018e29426e90
RSI=0x0000018e29427250 points into unknown readable memory: 0x00007ffd2ef65e00 | 00 5e f6 2e fd 7f 00 00
RDI=0x00000000000008f8 is an unknown value
R8 =0x000000033d9fe4b8 is pointing into the stack for thread: 0x0000018e29426e90
R9 =0x0 is null
R10=0x0 is null
R11=0x0000000000000246 is an unknown value
R12=0x000000033d9fe800 is pointing into the stack for thread: 0x0000018e29426e90
R13=0x0000018e302273a0 points into unknown readable memory: 0x00bb0031314d4f43 | 43 4f 4d 31 31 00 bb 00
R14=0x000000033d9fe6f0 is pointing into the stack for thread: 0x0000018e29426e90
R15=0x0000018e29426e90 is a thread

Top of Stack: (sp=0x000000033d9fe5c0)
0x000000033d9fe5c0:   000000033d9fe5e8 0000000000000000
0x000000033d9fe5d0:   000000007110b230 000000033d9fe6f0
0x000000033d9fe5e0:   0000018e302273a0 0000000000000004
0x000000033d9fe5f0:   0000018e29427250 00000000000008f8
0x000000033d9fe600:   000000033d9fe740 0000000071112590
0x000000033d9fe610:   0000018dc2070000 0000000300000000
0x000000033d9fe620:   0000018e29aed600 00000000c0000000
0x000000033d9fe630:   00000000000008f8 00007ffd9c6a75af
0x000000033d9fe640:   0000018e29426e90 000000033d9fe6f0
0x000000033d9fe650:   0000018e302273a0 000000033d9fe800
0x000000033d9fe660:   0000000071113500 0000000071113be8
0x000000033d9fe670:   000000033d9fe6a0 0000000071112641
0x000000033d9fe680:   000000033d9fe610 0000000000000000
0x000000033d9fe690:   0000018e302273a0 0000000000000000
0x000000033d9fe6a0:   000000033d9fe740 0000000071101595
0x000000033d9fe6b0:   000000000000001c 0000018e00000000
0x000000033d9fe6c0:   000000033d9fe700 000000033d9fe808
0x000000033d9fe6d0:   0000018e00000003 00007ffd40000000
0x000000033d9fe6e0:   0000000000000000 0000018dd40e3da1
0x000000033d9fe6f0:   314d4f435c2e5c5c 0000018e29420031
0x000000033d9fe700:   000001005c2e5c5c 0000018e29426e90
0x000000033d9fe710:   0000018e259dd000 0000018e25235698
0x000000033d9fe720:   0000000000000200 0000000000000000
0x000000033d9fe730:   0000018e259e7fd0 000000033d9fe808
0x000000033d9fe740:   000000033d9fe7d8 0000018dd40cd307
0x000000033d9fe750:   0000000000000200 0000018dd40ccfde
0x000000033d9fe760:   0000018e259dd000 0000018e25235698
0x000000033d9fe770:   0000000000000000 0000000704e43ba0
0x000000033d9fe780:   0000000713d73bd8 0000018dd40ccf9b
0x000000033d9fe790:   fffffffffffffff7 0000018e259e7fd0
0x000000033d9fe7a0:   0000000000000006 0000018e259ddf40
0x000000033d9fe7b0:   0000000000000000 0000000713d72f10 

Instructions: (pc=0x000000007110b5db)
0x000000007110b4db:   48 85 c0 74 bf 44 8b 03 45 85 c0 0f 84 77 ff ff
0x000000007110b4eb:   ff eb 9f 66 90 e8 8b fe ff ff 48 89 05 0c 34 01
0x000000007110b4fb:   00 eb ad 66 90 e8 7b fe ff ff 48 89 05 fc 33 01
0x000000007110b50b:   00 eb 8b e8 8d fe ff ff c7 03 01 00 00 00 e9 6f
0x000000007110b51b:   ff ff ff 66 90 55 48 89 e5 56 53 48 83 ec 20 48
0x000000007110b52b:   8b 05 d7 33 01 00 48 8b 31 48 89 cb 48 85 c0 74
0x000000007110b53b:   56 44 8b 18 45 85 db 78 42 48 8b 05 bd 33 01 00
0x000000007110b54b:   48 85 c0 74 50 44 8b 10 45 85 d2 74 1d 48 89 f1
0x000000007110b55b:   e8 d0 fd ff ff 48 8b 13 48 8d 42 40 48 8b 48 08
0x000000007110b56b:   48 8b 6a 40 48 8b 60 10 ff e1 48 8b 05 9c 33 01
0x000000007110b57b:   00 48 85 c0 74 2d 48 89 30 eb da e8 b5 fe ff ff
0x000000007110b58b:   0f 1f 44 00 00 eb b2 e8 e9 fd ff ff 48 89 05 6a
0x000000007110b59b:   33 01 00 eb 9c e8 db fd ff ff 48 89 05 5c 33 01
0x000000007110b5ab:   00 eb a2 e8 3d fd ff ff 48 89 05 5e 33 01 00 eb
0x000000007110b5bb:   c5 0f 1f 40 00 55 57 56 53 48 83 ec 28 48 8b 05
0x000000007110b5cb:   39 33 01 00 48 89 cb 48 85 c0 0f 84 c5 00 00 00
0x000000007110b5db:   8b 38 85 ff 0f 88 ab 00 00 00 48 8b 05 1c 33 01
0x000000007110b5eb:   00 48 85 c0 0f 84 bc 00 00 00 8b 30 85 f6 74 57
0x000000007110b5fb:   48 8b 05 0e 33 01 00 48 85 c0 0f 84 e5 00 00 00
0x000000007110b60b:   8b 28 48 8b 35 10 5e 01 00 ff d6 89 c7 89 e9 ff
0x000000007110b61b:   15 f4 5e 01 00 89 f9 48 89 c5 ff 15 b9 5e 01 00
0x000000007110b62b:   48 8b 05 de 32 01 00 48 89 2b 48 85 c0 74 46 48
0x000000007110b63b:   89 da 8b 08 ff 15 d7 5e 01 00 85 c0 74 27 48 83
0x000000007110b64b:   c4 28 5b 5e 5f 5d c3 48 8b 05 bf 32 01 00 48 85
0x000000007110b65b:   c0 74 64 48 8b 10 48 89 13 48 89 18 48 83 c4 28
0x000000007110b66b:   5b 5e 5f 5d c3 48 89 f2 48 83 c4 28 5b 5e 5f 5d
0x000000007110b67b:   48 ff e2 66 90 e8 8b fc ff ff 48 89 05 84 32 01
0x000000007110b68b:   00 eb ac 66 90 e8 ab fd ff ff e9 4b ff ff ff 66
0x000000007110b69b:   0f 1f 44 00 00 e8 db fc ff ff 48 89 05 5c 32 01
0x000000007110b6ab:   00 e9 2a ff ff ff e8 ca fc ff ff 48 89 05 4b 32
0x000000007110b6bb:   01 00 e9 33 ff ff ff e8 29 fc ff ff 48 89 05 4a
0x000000007110b6cb:   32 01 00 48 8b 10 48 85 c0 48 89 13 75 8b e8 12 


Stack slot to memory mapping:

stack at sp + 0 slots: 0x000000033d9fe5e8 is pointing into the stack for thread: 0x0000018e29426e90
stack at sp + 1 slots: 0x0 is null
stack at sp + 2 slots: 0x000000007110b230 points into unknown readable memory: 0x66c3ffffffff01c7 | c7 01 ff ff ff ff c3 66
stack at sp + 3 slots: 0x000000033d9fe6f0 is pointing into the stack for thread: 0x0000018e29426e90
stack at sp + 4 slots: 0x0000018e302273a0 points into unknown readable memory: 0x00bb0031314d4f43 | 43 4f 4d 31 31 00 bb 00
stack at sp + 5 slots: 0x0000000000000004 is an unknown value
stack at sp + 6 slots: 0x0000018e29427250 points into unknown readable memory: 0x00007ffd2ef65e00 | 00 5e f6 2e fd 7f 00 00
stack at sp + 7 slots: 0x00000000000008f8 is an unknown value

Lock stack of current Java thread (top to bottom):

native method entry point (kind = native)  [0x0000018dd40ccee0, 0x0000018dd40cdb38]  3160 bytes
[MachCode]
  0x0000018dd40ccee0: 488b 4b08 | 0fb7 492e | 584c 8d74 | ccf8 6800 | 0000 0068 | 0000 0000 | 5055 488b | ec41 5568 
  0x0000018dd40ccf00: 0000 0000 | 4c8b 6b08 | 4d8d 6d38 | 5348 8b53 | 0848 8b52 | 0848 8b52 | 1848 8b52 | 7048 8b12 
  0x0000018dd40ccf20: 5248 8b53 | 1048 85d2 | 0f84 0700 | 0000 4881 | c210 0100 | 0052 488b | 5308 488b | 5208 488b 
  0x0000018dd40ccf40: 5210 5249 | 8bc6 482b | c548 c1e8 | 0350 6800 | 0000 0068 | f7ff ffff | 41c6 8771 | 0400 0001 
  0x0000018dd40ccf60: 488b 4310 | 4885 c074 | 208b 88cc | 0000 0083 | c102 8988 | cc00 0000 | 2388 e000 | 0000 0f84 
  0x0000018dd40ccf80: 000b 0000 | e9cf 0000 | 0048 8b43 | 1848 85c0 | 0f85 b000 | 0000 e805 | 0000 00e9 | 9900 0000 
  0x0000018dd40ccfa0: 488b d348 | 8d44 2408 | 4c89 6dc0 | 498b cfc5 | f877 4989 | afb0 0300 | 0049 8987 | a003 0000 
  0x0000018dd40ccfc0: 4883 ec20 | 40f6 c40f | 0f84 1900 | 0000 4883 | ec08 48b8 | 9026 752e | fd7f 0000 | ffd0 4883 
  0x0000018dd40ccfe0: c408 e90c | 0000 0048 | b890 2675 | 2efd 7f00 | 00ff d048 | 83c4 2049 | c787 a003 | 0000 0000 
  0x0000018dd40cd000: 0000 49c7 | 87b0 0300 | 0000 0000 | 0049 c787 | a803 0000 | 0000 0000 | c5f8 7749 | 837f 0800 
  0x0000018dd40cd020: 0f84 0500 | 0000 e995 | 3eff ff4c | 8b6d c04c | 8b75 c84e | 8d74 f500 | c348 8b43 | 1848 85c0 
  0x0000018dd40cd040: 0f84 1200 | 0000 8b48 | 0883 c102 | 8948 0823 | 481c 0f84 | 2c0a 0000 | 493b a7e8 | 0400 000f 
  0x0000018dd40cd060: 8748 0000 | 0089 8424 | 00f0 ffff | 8984 2400 | e0ff ff89 | 8424 00d0 | ffff 8984 | 2400 c0ff 
  0x0000018dd40cd080: ff89 8424 | 00b0 ffff | 8984 2400 | a0ff ff89 | 8424 0090 | ffff 8984 | 2400 80ff | ff49 3ba7 
  0x0000018dd40cd0a0: e004 0000 | 7607 4989 | a7e8 0400 | 0041 c687 | 7104 0000 | 0049 ba41 | adfc 2efd | 7f00 0041 
  0x0000018dd40cd0c0: 803a 000f | 843e 0000 | 0048 8b55 | e849 8bcf | 4883 ec20 | 40f6 c40f | 0f84 1900 | 0000 4883 
  0x0000018dd40cd0e0: ec08 48b8 | 10ee ac2e | fd7f 0000 | ffd0 4883 | c408 e90c | 0000 0048 | b810 eeac | 2efd 7f00 
  0x0000018dd40cd100: 00ff d048 | 83c4 2048 | 8b5d e84c | 8b5b 0845 | 0fb7 5b2e | 41c1 e303 | 492b e348 | 83ec 2048 
  0x0000018dd40cd120: 83e4 f04c | 8b5b 604d | 85db 0f85 | ab00 0000 | e805 0000 | 00e9 9900 | 0000 488b | d348 8d44 
  0x0000018dd40cd140: 2408 4c89 | 6dc0 498b | cfc5 f877 | 4989 afb0 | 0300 0049 | 8987 a003 | 0000 4883 | ec20 40f6 
  0x0000018dd40cd160: c40f 0f84 | 1900 0000 | 4883 ec08 | 48b8 f04d | 752e fd7f | 0000 ffd0 | 4883 c408 | e90c 0000 
  0x0000018dd40cd180: 0048 b8f0 | 4d75 2efd | 7f00 00ff | d048 83c4 | 2049 c787 | a003 0000 | 0000 0000 | 49c7 87b0 
  0x0000018dd40cd1a0: 0300 0000 | 0000 0049 | c787 a803 | 0000 0000 | 0000 c5f8 | 7749 837f | 0800 0f84 | 0500 0000 
  0x0000018dd40cd1c0: e9fb 3cff | ff4c 8b6d | c04c 8b75 | c84e 8d74 | f500 c348 | 8b5d e84c | 8b5b 6041 | ffd3 488b 
  0x0000018dd40cd1e0: 5de8 4889 | 4518 448b | 5b28 41f6 | c308 0f84 | 1b00 0000 | 4c8b 5b08 | 4d8b 5b08 | 4d8b 5b18 
  0x0000018dd40cd200: 4d8b 5b70 | 4d8b 1b4c | 895d 1048 | 8d55 1048 | 8b43 5849 | ba60 3cad | 2efd 7f00 | 0049 3bc2 
  0x0000018dd40cd220: 0f85 ab00 | 0000 e805 | 0000 00e9 | 9900 0000 | 488b d348 | 8d44 2408 | 4c89 6dc0 | 498b cfc5 
  0x0000018dd40cd240: f877 4989 | afb0 0300 | 0049 8987 | a003 0000 | 4883 ec20 | 40f6 c40f | 0f84 1900 | 0000 4883 
  0x0000018dd40cd260: ec08 48b8 | f04d 752e | fd7f 0000 | ffd0 4883 | c408 e90c | 0000 0048 | b8f0 4d75 | 2efd 7f00 
  0x0000018dd40cd280: 00ff d048 | 83c4 2049 | c787 a003 | 0000 0000 | 0000 49c7 | 87b0 0300 | 0000 0000 | 0049 c787 
  0x0000018dd40cd2a0: a803 0000 | 0000 0000 | c5f8 7749 | 837f 0800 | 0f84 0500 | 0000 e905 | 3cff ff4c | 8b6d c04c 
  0x0000018dd40cd2c0: 8b75 c84e | 8d74 f500 | c348 8b5d | e848 8b43 | 5849 8d8f | c003 0000 | c5f8 7749 | 89af b003 
  0x0000018dd40cd2e0: 0000 49ba | d8d2 0cd4 | 8d01 0000 | 4d89 97a8 | 0300 0049 | 89a7 a003 | 0000 41c7 | 8744 0400 
  0x0000018dd40cd300: 0004 0000 | 00ff d0c5 | f877 4883 | ec10 c5fb | 1104 2448 | 83ec 1048 | 8904 2448 | c744 2408 
  0x0000018dd40cd320: 0000 0000 | 41c7 8744 | 0400 0005 | 0000 00f0 | 8344 24c0 | 0049 3baf | 4804 0000 | 0f87 0e00 
  0x0000018dd40cd340: 0000 4183 | bf40 0400 | 0000 0f84 | 2000 0000 | 498b cf4c | 8be4 4883 | ec20 4883 | e4f0 48b8 
  0x0000018dd40cd360: 90a9 762e | fd7f 0000 | ffd0 498b | e44d 33e4 | 41c7 8744 | 0400 0008 | 0000 0049 | c787 a003 
  0x0000018dd40cd380: 0000 0000 | 0000 49c7 | 87b0 0300 | 0000 0000 | 0049 c787 | a803 0000 | 0000 0000 | c5f8 774d 
  0x0000018dd40cd3a0: 8b9f 3004 | 0000 41c7 | 8300 0100 | 0000 0000 | 0049 bbda | a50c d48d | 0100 004c | 3b5d 180f 
  0x0000018dd40cd3c0: 8524 0300 | 0048 8b04 | 2448 83c4 | 1048 85c0 | 0f84 fe02 | 0000 a803 | 0f85 0800 | 0000 488b 
  0x0000018dd40cd3e0: 00e9 ee02 | 0000 a801 | 0f85 0900 | 0000 488b | 40fe e9dd | 0200 0048 | 8b40 ff41 | 807f 3800 
  0x0000018dd40cd400: 0f84 ce02 | 0000 4883 | f800 0f84 | c402 0000 | 4d8b 5f28 | 4983 fb00 | 0f84 1400 | 0000 4983 
  0x0000018dd40cd420: eb08 4d89 | 5f28 4d03 | 5f30 4989 | 03e9 a202 | 0000 4881 | ec50 0100 | 0048 8904 | 2448 894c 
  0x0000018dd40cd440: 2408 4889 | 5424 1048 | 8974 2418 | 4889 7c24 | 204c 8944 | 2428 4c89 | 4c24 304c | 8954 2438 
  0x0000018dd40cd460: 4c89 5c24 | 40c5 fb11 | 4424 50c5 | fb11 4c24 | 58c5 fb11 | 5424 60c5 | fb11 5c24 | 68c5 fb11 
  0x0000018dd40cd480: 6424 70c5 | fb11 6c24 | 78c5 fb11 | b424 8000 | 0000 c5fb | 11bc 2488 | 0000 00c5 | 7b11 8424 
  0x0000018dd40cd4a0: 9000 0000 | c57b 118c | 2498 0000 | 00c5 7b11 | 9424 a000 | 0000 c57b | 119c 24a8 | 0000 00c5 
  0x0000018dd40cd4c0: 7b11 a424 | b000 0000 | c57b 11ac | 24b8 0000 | 00c5 7b11 | b424 c000 | 0000 c57b | 11bc 24c8 
  0x0000018dd40cd4e0: 0000 0062 | e1ff 0811 | 4424 1a62 | e1ff 0811 | 4c24 1b62 | e1ff 0811 | 5424 1c62 | e1ff 0811 
  0x0000018dd40cd500: 5c24 1d62 | e1ff 0811 | 6424 1e62 | e1ff 0811 | 6c24 1f62 | e1ff 0811 | 7424 2062 | e1ff 0811 
  0x0000018dd40cd520: 7c24 2162 | 61ff 0811 | 4424 2262 | 61ff 0811 | 4c24 2362 | 61ff 0811 | 5424 2462 | 61ff 0811 
  0x0000018dd40cd540: 5c24 2562 | 61ff 0811 | 6424 2662 | 61ff 0811 | 6c24 2762 | 61ff 0811 | 7424 2862 | 61ff 0811 
  0x0000018dd40cd560: 7c24 2949 | 8bd7 488b | c848 83ec | 2040 f6c4 | 0f0f 8419 | 0000 0048 | 83ec 0848 | b8e0 076a 
  0x0000018dd40cd580: 2efd 7f00 | 00ff d048 | 83c4 08e9 | 0c00 0000 | 48b8 e007 | 6a2e fd7f | 0000 ffd0 | 4883 c420 
  0x0000018dd40cd5a0: 6261 ff08 | 107c 2429 | 6261 ff08 | 1074 2428 | 6261 ff08 | 106c 2427 | 6261 ff08 | 1064 2426 
  0x0000018dd40cd5c0: 6261 ff08 | 105c 2425 | 6261 ff08 | 1054 2424 | 6261 ff08 | 104c 2423 | 6261 ff08 | 1044 2422 
  0x0000018dd40cd5e0: 62e1 ff08 | 107c 2421 | 62e1 ff08 | 1074 2420 | 62e1 ff08 | 106c 241f | 62e1 ff08 | 1064 241e 
  0x0000018dd40cd600: 62e1 ff08 | 105c 241d | 62e1 ff08 | 1054 241c | 62e1 ff08 | 104c 241b | 62e1 ff08 | 1044 241a 
  0x0000018dd40cd620: c57b 10bc | 24c8 0000 | 00c5 7b10 | b424 c000 | 0000 c57b | 10ac 24b8 | 0000 00c5 | 7b10 a424 
  0x0000018dd40cd640: b000 0000 | c57b 109c | 24a8 0000 | 00c5 7b10 | 9424 a000 | 0000 c57b | 108c 2498 | 0000 00c5 
  0x0000018dd40cd660: 7b10 8424 | 9000 0000 | c5fb 10bc | 2488 0000 | 00c5 fb10 | b424 8000 | 0000 c5fb | 106c 2478 
  0x0000018dd40cd680: c5fb 1064 | 2470 c5fb | 105c 2468 | c5fb 1054 | 2460 c5fb | 104c 2458 | c5fb 1044 | 2450 4c8b 
  0x0000018dd40cd6a0: 5c24 404c | 8b54 2438 | 4c8b 4c24 | 304c 8b44 | 2428 488b | 7c24 2048 | 8b74 2418 | 488b 5424 
  0x0000018dd40cd6c0: 1048 8b4c | 2408 488b | 0424 4881 | c450 0100 | 00c5 f877 | 4889 4510 | 4883 ec10 | 4889 0424 
  0x0000018dd40cd6e0: 48c7 4424 | 0800 0000 | 0041 83bf | c804 0000 | 020f 85bf | 0000 0048 | 81ec 8000 | 0000 4889 
  0x0000018dd40cd700: 4424 7848 | 894c 2470 | 4889 5424 | 6848 895c | 2460 4889 | 6c24 5048 | 8974 2448 | 4889 7c24 
  0x0000018dd40cd720: 404c 8944 | 2438 4c89 | 4c24 304c | 8954 2428 | 4c89 5c24 | 204c 8964 | 2418 4c89 | 6c24 104c 
  0x0000018dd40cd740: 8974 2408 | 4c89 3c24 | 4c8b e448 | 83ec 2048 | 83e4 f048 | b8c0 22ad | 2efd 7f00 | 00ff d049 
  0x0000018dd40cd760: 8be4 4c8b | 3c24 4c8b | 7424 084c | 8b6c 2410 | 4c8b 6424 | 184c 8b5c | 2420 4c8b | 5424 284c 
  0x0000018dd40cd780: 8b4c 2430 | 4c8b 4424 | 3848 8b7c | 2440 488b | 7424 4848 | 8b6c 2450 | 488b 5c24 | 6048 8b54 
  0x0000018dd40cd7a0: 2468 488b | 4c24 7048 | 8b44 2478 | 4881 c480 | 0000 004d | 33e4 488b | 5de8 4c8b | 6b08 4d8d 
  0x0000018dd40cd7c0: 6d38 4983 | 7f08 000f | 84bb 0000 | 00e8 0500 | 0000 e996 | 0000 0048 | 8d44 2408 | 4c89 6dc0 
  0x0000018dd40cd7e0: 498b cfc5 | f877 4989 | afb0 0300 | 0049 8987 | a003 0000 | 4883 ec20 | 40f6 c40f | 0f84 1900 
  0x0000018dd40cd800: 0000 4883 | ec08 48b8 | 006c 752e | fd7f 0000 | ffd0 4883 | c408 e90c | 0000 0048 | b800 6c75 
  0x0000018dd40cd820: 2efd 7f00 | 00ff d048 | 83c4 2049 | c787 a003 | 0000 0000 | 0000 49c7 | 87b0 0300 | 0000 0000 
  0x0000018dd40cd840: 0049 c787 | a803 0000 | 0000 0000 | c5f8 7749 | 837f 0800 | 0f84 0500 | 0000 e961 | 36ff ff4c 
  0x0000018dd40cd860: 8b6d c04c | 8b75 c84e | 8d74 f500 | c348 b930 | d5d4 2efd | 7f00 0048 | 83e4 f048 | b870 4a9b 
  0x0000018dd40cd880: 2efd 7f00 | 00ff d0f4 | 448b 5b28 | 41f6 c320 | 0f84 7901 | 0000 488d | 55a8 4c8b | 5a08 4d85 
  0x0000018dd40cd8a0: db0f 85bb | 0000 00e8 | 0500 0000 | e996 0000 | 0048 8d44 | 2408 4c89 | 6dc0 498b | cfc5 f877 
  0x0000018dd40cd8c0: 4989 afb0 | 0300 0049 | 8987 a003 | 0000 4883 | ec20 40f6 | c40f 0f84 | 1900 0000 | 4883 ec08 
  0x0000018dd40cd8e0: 48b8 306b | 752e fd7f | 0000 ffd0 | 4883 c408 | e90c 0000 | 0048 b830 | 6b75 2efd | 7f00 00ff 
  0x0000018dd40cd900: d048 83c4 | 2049 c787 | a003 0000 | 0000 0000 | 49c7 87b0 | 0300 0000 | 0000 0049 | c787 a803 
  0x0000018dd40cd920: 0000 0000 | 0000 c5f8 | 7749 837f | 0800 0f84 | 0500 0000 | e987 35ff | ff4c 8b6d | c04c 8b75 
  0x0000018dd40cd940: c84e 8d74 | f500 c348 | b930 d5d4 | 2efd 7f00 | 0048 83e4 | f048 b870 | 4a9b 2efd | 7f00 00ff 
  0x0000018dd40cd960: d0f4 4c89 | 6dc0 4c8b | 4a08 48c7 | 4208 0000 | 0000 458b | 8718 0600 | 004f 3b4c | 07f8 0f85 
  0x0000018dd40cd980: 4900 0000 | 4183 af18 | 0600 0008 | 4f3b 4c07 | f00f 842a | 0000 0049 | 8b01 a802 | 0f85 1200 
  0x0000018dd40cd9a0: 0000 4c8b | c049 83c8 | 01f0 4d0f | b101 0f84 | 0d00 0000 | 4183 8718 | 0600 0008 | e90c 0000 
  0x0000018dd40cd9c0: 0049 ff8f | 5005 0000 | e93e 0000 | 004c 894a | 0848 8bca | 4883 ec20 | 40f6 c40f | 0f84 1900 
  0x0000018dd40cd9e0: 0000 4883 | ec08 48b8 | f03d 752e | fd7f 0000 | ffd0 4883 | c408 e90c | 0000 0048 | b8f0 3d75 
  0x0000018dd40cda00: 2efd 7f00 | 00ff d048 | 83c4 204c | 8b6d c049 | ba41 adfc | 2efd 7f00 | 0041 803a | 000f 843e 
  0x0000018dd40cda20: 0000 0048 | 8b55 e849 | 8bcf 4883 | ec20 40f6 | c40f 0f84 | 1900 0000 | 4883 ec08 | 48b8 10ee 
  0x0000018dd40cda40: ac2e fd7f | 0000 ffd0 | 4883 c408 | e90c 0000 | 0048 b810 | eeac 2efd | 7f00 00ff | d048 83c4 
  0x0000018dd40cda60: 2048 8b04 | 2448 83c4 | 10c5 fb10 | 0424 4883 | c410 4c8b | 5d18 41ff | d34c 8b5d | f8c9 5f49 
  0x0000018dd40cda80: 8be3 ffe7 | ba00 0000 | 00e8 0500 | 0000 e996 | 0000 0048 | 8d44 2408 | 4c89 6dc0 | 498b cfc5 
  0x0000018dd40cdaa0: f877 4989 | afb0 0300 | 0049 8987 | a003 0000 | 4883 ec20 | 40f6 c40f | 0f84 1900 | 0000 4883 
  0x0000018dd40cdac0: ec08 48b8 | a031 752e | fd7f 0000 | ffd0 4883 | c408 e90c | 0000 0048 | b8a0 3175 | 2efd 7f00 
  0x0000018dd40cdae0: 00ff d048 | 83c4 2049 | c787 a003 | 0000 0000 | 0000 49c7 | 87b0 0300 | 0000 0000 | 0049 c787 
  0x0000018dd40cdb00: a803 0000 | 0000 0000 | c5f8 7749 | 837f 0800 | 0f84 0500 | 0000 e9a5 | 33ff ff4c | 8b6d c04c 
  0x0000018dd40cdb20: 8b75 c84e | 8d74 f500 | c348 8b5d | e8e9 26f5 | ffff 660f | 1f44 0000 
[/MachCode]

---------------  P R O C E S S  ---------------

Threads class SMR info:
_java_thread_list=0x0000018e2a6f3200, length=20, elements={
0x0000018dc20a3c60, 0x0000018de38bc0b0, 0x0000018de38bcd10, 0x0000018de38c00c0,
0x0000018de38c0b20, 0x0000018de38c1580, 0x0000018de38c2ff0, 0x0000018de38cfe80,
0x0000018de38ded70, 0x0000018de39c3270, 0x0000018de38ddfd0, 0x0000018de38db6f0,
0x0000018e2936d900, 0x0000018e293d6a00, 0x0000018e29a6c6b0, 0x0000018e29739eb0,
0x0000018e29426e90, 0x0000018e29ce0060, 0x0000018e29bb4fa0, 0x0000018e2a6b68c0
}

Java Threads: ( => current thread )
  0x0000018dc20a3c60 JavaThread "main"                              [_thread_blocked, id=9692, stack(0x000000033c100000,0x000000033c200000) (1024K)]
  0x0000018de38bc0b0 JavaThread "Reference Handler"          daemon [_thread_blocked, id=17164, stack(0x000000033c900000,0x000000033ca00000) (1024K)]
  0x0000018de38bcd10 JavaThread "Finalizer"                  daemon [_thread_blocked, id=6440, stack(0x000000033ca00000,0x000000033cb00000) (1024K)]
  0x0000018de38c00c0 JavaThread "Signal Dispatcher"          daemon [_thread_blocked, id=13736, stack(0x000000033cb00000,0x000000033cc00000) (1024K)]
  0x0000018de38c0b20 JavaThread "Attach Listener"            daemon [_thread_blocked, id=31816, stack(0x000000033cc00000,0x000000033cd00000) (1024K)]
  0x0000018de38c1580 JavaThread "Service Thread"             daemon [_thread_blocked, id=19696, stack(0x000000033cd00000,0x000000033ce00000) (1024K)]
  0x0000018de38c2ff0 JavaThread "Monitor Deflation Thread"   daemon [_thread_blocked, id=30248, stack(0x000000033ce00000,0x000000033cf00000) (1024K)]
  0x0000018de38cfe80 JavaThread "C2 CompilerThread0"         daemon [_thread_blocked, id=17592, stack(0x000000033cf00000,0x000000033d000000) (1024K)]
  0x0000018de38ded70 JavaThread "C1 CompilerThread0"         daemon [_thread_blocked, id=26872, stack(0x000000033d000000,0x000000033d100000) (1024K)]
  0x0000018de39c3270 JavaThread "Common-Cleaner"             daemon [_thread_blocked, id=8000, stack(0x000000033d100000,0x000000033d200000) (1024K)]
  0x0000018de38ddfd0 JavaThread "C2 CompilerThread1"         daemon [_thread_blocked, id=11428, stack(0x000000033d200000,0x000000033d300000) (1024K)]
  0x0000018de38db6f0 JavaThread "C2 CompilerThread2"         daemon [_thread_blocked, id=32212, stack(0x000000033d300000,0x000000033d400000) (1024K)]
  0x0000018e2936d900 JavaThread "Monitor Ctrl-Break"         daemon [_thread_in_native, id=33496, stack(0x000000033d400000,0x000000033d500000) (1024K)]
  0x0000018e293d6a00 JavaThread "Notification Thread"        daemon [_thread_blocked, id=30468, stack(0x000000033d500000,0x000000033d600000) (1024K)]
  0x0000018e29a6c6b0 JavaThread "QuantumRenderer-0"          daemon [_thread_blocked, id=32020, stack(0x000000033d600000,0x000000033d700000) (1024K)]
  0x0000018e29739eb0 JavaThread "InvokeLaterDispatcher"      daemon [_thread_blocked, id=34524, stack(0x000000033d800000,0x000000033d900000) (1024K)]
=>0x0000018e29426e90 JavaThread "JavaFX Application Thread"         [_thread_in_native, id=30952, stack(0x000000033d900000,0x000000033da00000) (1024K)]
  0x0000018e29ce0060 JavaThread "JavaFX-Launcher"                   [_thread_blocked, id=32740, stack(0x000000033de00000,0x000000033df00000) (1024K)]
  0x0000018e29bb4fa0 JavaThread "Thread-2"                   daemon [_thread_in_native, id=13348, stack(0x000000033dd00000,0x000000033de00000) (1024K)]
  0x0000018e2a6b68c0 JavaThread "Prism Font Disposer"        daemon [_thread_blocked, id=20096, stack(0x000000033e900000,0x000000033ea00000) (1024K)]
Total: 20

Other Threads:
  0x0000018de38a6340 VMThread "VM Thread"                           [id=32644, stack(0x000000033c800000,0x000000033c900000) (1024K)]
  0x0000018de3891c00 WatcherThread "VM Periodic Task Thread"        [id=29384, stack(0x000000033c700000,0x000000033c800000) (1024K)]
  0x0000018dc44c05f0 WorkerThread "GC Thread#0"                     [id=4112, stack(0x000000033c200000,0x000000033c300000) (1024K)]
  0x0000018e29ce58b0 WorkerThread "GC Thread#1"                     [id=31480, stack(0x000000033df00000,0x000000033e000000) (1024K)]
  0x0000018e2a5b3060 WorkerThread "GC Thread#2"                     [id=26960, stack(0x000000033e000000,0x000000033e100000) (1024K)]
  0x0000018e29cdf880 WorkerThread "GC Thread#3"                     [id=24016, stack(0x000000033e100000,0x000000033e200000) (1024K)]
  0x0000018e29c14e50 WorkerThread "GC Thread#4"                     [id=9736, stack(0x000000033e200000,0x000000033e300000) (1024K)]
  0x0000018e29bbe190 WorkerThread "GC Thread#5"                     [id=1972, stack(0x000000033e300000,0x000000033e400000) (1024K)]
  0x0000018e29ffdc20 WorkerThread "GC Thread#6"                     [id=34332, stack(0x000000033e400000,0x000000033e500000) (1024K)]
  0x0000018e2a798b90 WorkerThread "GC Thread#7"                     [id=23804, stack(0x000000033e500000,0x000000033e600000) (1024K)]
  0x0000018dc44d5e80 ConcurrentGCThread "G1 Main Marker"            [id=31560, stack(0x000000033c300000,0x000000033c400000) (1024K)]
  0x0000018dc44d7040 WorkerThread "G1 Conc#0"                       [id=11488, stack(0x000000033c400000,0x000000033c500000) (1024K)]
  0x0000018de37579b0 ConcurrentGCThread "G1 Refine#0"               [id=8692, stack(0x000000033c500000,0x000000033c600000) (1024K)]
  0x0000018de3758440 ConcurrentGCThread "G1 Service"                [id=31104, stack(0x000000033c600000,0x000000033c700000) (1024K)]
Total: 14

Threads with active compile tasks:
Total: 0

VM state: not at safepoint (normal execution)

VM Mutex/Monitor currently owned by a thread: None

Heap address: 0x0000000704c00000, size: 4020 MB, Compressed Oops mode: Zero based, Oop shift amount: 3

CDS archive(s) mapped at: [0x0000018de4000000-0x0000018de4d70000-0x0000018de4d70000), size 14090240, SharedBaseAddress: 0x0000018de4000000, ArchiveRelocationMode: 1.
Compressed class space mapped at: 0x0000018de5000000-0x0000018e25000000, reserved size: 1073741824
Narrow klass base: 0x0000018de4000000, Narrow klass shift: 0, Narrow klass range: 0x41000000

GC Precious Log:
 CardTable entry size: 512
 Card Set container configuration: InlinePtr #cards 4 size 8 Array Of Cards #cards 16 size 48 Howl #buckets 8 coarsen threshold 3686 Howl Bitmap #cards 512 size 80 coarsen threshold 460 Card regions per heap region 1 cards per card region 4096
 CPUs: 8 total, 8 available
 Memory: 16075M
 Large Page Support: Disabled
 NUMA Support: Disabled
 Compressed Oops: Enabled (Zero based)
 Heap Region Size: 2M
 Heap Min Capacity: 8M
 Heap Initial Capacity: 252M
 Heap Max Capacity: 4020M
 Pre-touch: Disabled
 Parallel Workers: 8
 Concurrent Workers: 2
 Concurrent Refinement Workers: 8
 Periodic GC: Disabled

Heap:
 garbage-first heap   total reserved 4116480K, committed 258048K, used 14330K [0x0000000704c00000, 0x0000000800000000)
  region size 2048K, 8 young (16384K), 2 survivors (4096K)
 Metaspace       used 10003K, committed 10240K, reserved 1114112K
  class space    used 1444K, committed 1536K, reserved 1048576K

Heap Regions: E=young(eden), S=young(survivor), O=old, HS=humongous(starts), HC=humongous(continues), CS=collection set, F=free, TAMS=top-at-mark-start, PB=parsable bottom
|   0|0x0000000704c00000, 0x0000000704e00000, 0x0000000704e00000|100%| O|  |TAMS 0x0000000704c00000| PB 0x0000000704c00000| Untracked |  0
|   1|0x0000000704e00000, 0x0000000704e98270, 0x0000000705000000| 29%| O|  |TAMS 0x0000000704e00000| PB 0x0000000704e00000| Untracked |  0
|   2|0x0000000705000000, 0x0000000705000000, 0x0000000705200000|  0%| F|  |TAMS 0x0000000705000000| PB 0x0000000705000000| Untracked |  0
|   3|0x0000000705200000, 0x0000000705200000, 0x0000000705400000|  0%| F|  |TAMS 0x0000000705200000| PB 0x0000000705200000| Untracked |  0
|   4|0x0000000705400000, 0x0000000705400000, 0x0000000705600000|  0%| F|  |TAMS 0x0000000705400000| PB 0x0000000705400000| Untracked |  0
|   5|0x0000000705600000, 0x0000000705600000, 0x0000000705800000|  0%| F|  |TAMS 0x0000000705600000| PB 0x0000000705600000| Untracked |  0
|   6|0x0000000705800000, 0x0000000705800000, 0x0000000705a00000|  0%| F|  |TAMS 0x0000000705800000| PB 0x0000000705800000| Untracked |  0
|   7|0x0000000705a00000, 0x0000000705a00000, 0x0000000705c00000|  0%| F|  |TAMS 0x0000000705a00000| PB 0x0000000705a00000| Untracked |  0
|   8|0x0000000705c00000, 0x0000000705c00000, 0x0000000705e00000|  0%| F|  |TAMS 0x0000000705c00000| PB 0x0000000705c00000| Untracked |  0
|   9|0x0000000705e00000, 0x0000000705e00000, 0x0000000706000000|  0%| F|  |TAMS 0x0000000705e00000| PB 0x0000000705e00000| Untracked |  0
|  10|0x0000000706000000, 0x0000000706000000, 0x0000000706200000|  0%| F|  |TAMS 0x0000000706000000| PB 0x0000000706000000| Untracked |  0
|  11|0x0000000706200000, 0x0000000706200000, 0x0000000706400000|  0%| F|  |TAMS 0x0000000706200000| PB 0x0000000706200000| Untracked |  0
|  12|0x0000000706400000, 0x0000000706400000, 0x0000000706600000|  0%| F|  |TAMS 0x0000000706400000| PB 0x0000000706400000| Untracked |  0
|  13|0x0000000706600000, 0x0000000706600000, 0x0000000706800000|  0%| F|  |TAMS 0x0000000706600000| PB 0x0000000706600000| Untracked |  0
|  14|0x0000000706800000, 0x0000000706800000, 0x0000000706a00000|  0%| F|  |TAMS 0x0000000706800000| PB 0x0000000706800000| Untracked |  0
|  15|0x0000000706a00000, 0x0000000706a00000, 0x0000000706c00000|  0%| F|  |TAMS 0x0000000706a00000| PB 0x0000000706a00000| Untracked |  0
|  16|0x0000000706c00000, 0x0000000706c00000, 0x0000000706e00000|  0%| F|  |TAMS 0x0000000706c00000| PB 0x0000000706c00000| Untracked |  0
|  17|0x0000000706e00000, 0x0000000706e00000, 0x0000000707000000|  0%| F|  |TAMS 0x0000000706e00000| PB 0x0000000706e00000| Untracked |  0
|  18|0x0000000707000000, 0x0000000707000000, 0x0000000707200000|  0%| F|  |TAMS 0x0000000707000000| PB 0x0000000707000000| Untracked |  0
|  19|0x0000000707200000, 0x0000000707200000, 0x0000000707400000|  0%| F|  |TAMS 0x0000000707200000| PB 0x0000000707200000| Untracked |  0
|  20|0x0000000707400000, 0x0000000707400000, 0x0000000707600000|  0%| F|  |TAMS 0x0000000707400000| PB 0x0000000707400000| Untracked |  0
|  21|0x0000000707600000, 0x0000000707600000, 0x0000000707800000|  0%| F|  |TAMS 0x0000000707600000| PB 0x0000000707600000| Untracked |  0
|  22|0x0000000707800000, 0x0000000707800000, 0x0000000707a00000|  0%| F|  |TAMS 0x0000000707800000| PB 0x0000000707800000| Untracked |  0
|  23|0x0000000707a00000, 0x0000000707a00000, 0x0000000707c00000|  0%| F|  |TAMS 0x0000000707a00000| PB 0x0000000707a00000| Untracked |  0
|  24|0x0000000707c00000, 0x0000000707c00000, 0x0000000707e00000|  0%| F|  |TAMS 0x0000000707c00000| PB 0x0000000707c00000| Untracked |  0
|  25|0x0000000707e00000, 0x0000000707e00000, 0x0000000708000000|  0%| F|  |TAMS 0x0000000707e00000| PB 0x0000000707e00000| Untracked |  0
|  26|0x0000000708000000, 0x0000000708000000, 0x0000000708200000|  0%| F|  |TAMS 0x0000000708000000| PB 0x0000000708000000| Untracked |  0
|  27|0x0000000708200000, 0x0000000708200000, 0x0000000708400000|  0%| F|  |TAMS 0x0000000708200000| PB 0x0000000708200000| Untracked |  0
|  28|0x0000000708400000, 0x0000000708400000, 0x0000000708600000|  0%| F|  |TAMS 0x0000000708400000| PB 0x0000000708400000| Untracked |  0
|  29|0x0000000708600000, 0x0000000708600000, 0x0000000708800000|  0%| F|  |TAMS 0x0000000708600000| PB 0x0000000708600000| Untracked |  0
|  30|0x0000000708800000, 0x0000000708800000, 0x0000000708a00000|  0%| F|  |TAMS 0x0000000708800000| PB 0x0000000708800000| Untracked |  0
|  31|0x0000000708a00000, 0x0000000708a00000, 0x0000000708c00000|  0%| F|  |TAMS 0x0000000708a00000| PB 0x0000000708a00000| Untracked |  0
|  32|0x0000000708c00000, 0x0000000708c00000, 0x0000000708e00000|  0%| F|  |TAMS 0x0000000708c00000| PB 0x0000000708c00000| Untracked |  0
|  33|0x0000000708e00000, 0x0000000708e00000, 0x0000000709000000|  0%| F|  |TAMS 0x0000000708e00000| PB 0x0000000708e00000| Untracked |  0
|  34|0x0000000709000000, 0x0000000709000000, 0x0000000709200000|  0%| F|  |TAMS 0x0000000709000000| PB 0x0000000709000000| Untracked |  0
|  35|0x0000000709200000, 0x0000000709200000, 0x0000000709400000|  0%| F|  |TAMS 0x0000000709200000| PB 0x0000000709200000| Untracked |  0
|  36|0x0000000709400000, 0x0000000709400000, 0x0000000709600000|  0%| F|  |TAMS 0x0000000709400000| PB 0x0000000709400000| Untracked |  0
|  37|0x0000000709600000, 0x0000000709600000, 0x0000000709800000|  0%| F|  |TAMS 0x0000000709600000| PB 0x0000000709600000| Untracked |  0
|  38|0x0000000709800000, 0x0000000709800000, 0x0000000709a00000|  0%| F|  |TAMS 0x0000000709800000| PB 0x0000000709800000| Untracked |  0
|  39|0x0000000709a00000, 0x0000000709a00000, 0x0000000709c00000|  0%| F|  |TAMS 0x0000000709a00000| PB 0x0000000709a00000| Untracked |  0
|  40|0x0000000709c00000, 0x0000000709c00000, 0x0000000709e00000|  0%| F|  |TAMS 0x0000000709c00000| PB 0x0000000709c00000| Untracked |  0
|  41|0x0000000709e00000, 0x0000000709e00000, 0x000000070a000000|  0%| F|  |TAMS 0x0000000709e00000| PB 0x0000000709e00000| Untracked |  0
|  42|0x000000070a000000, 0x000000070a000000, 0x000000070a200000|  0%| F|  |TAMS 0x000000070a000000| PB 0x000000070a000000| Untracked |  0
|  43|0x000000070a200000, 0x000000070a200000, 0x000000070a400000|  0%| F|  |TAMS 0x000000070a200000| PB 0x000000070a200000| Untracked |  0
|  44|0x000000070a400000, 0x000000070a400000, 0x000000070a600000|  0%| F|  |TAMS 0x000000070a400000| PB 0x000000070a400000| Untracked |  0
|  45|0x000000070a600000, 0x000000070a600000, 0x000000070a800000|  0%| F|  |TAMS 0x000000070a600000| PB 0x000000070a600000| Untracked |  0
|  46|0x000000070a800000, 0x000000070a800000, 0x000000070aa00000|  0%| F|  |TAMS 0x000000070a800000| PB 0x000000070a800000| Untracked |  0
|  47|0x000000070aa00000, 0x000000070aa00000, 0x000000070ac00000|  0%| F|  |TAMS 0x000000070aa00000| PB 0x000000070aa00000| Untracked |  0
|  48|0x000000070ac00000, 0x000000070ac00000, 0x000000070ae00000|  0%| F|  |TAMS 0x000000070ac00000| PB 0x000000070ac00000| Untracked |  0
|  49|0x000000070ae00000, 0x000000070ae00000, 0x000000070b000000|  0%| F|  |TAMS 0x000000070ae00000| PB 0x000000070ae00000| Untracked |  0
|  50|0x000000070b000000, 0x000000070b000000, 0x000000070b200000|  0%| F|  |TAMS 0x000000070b000000| PB 0x000000070b000000| Untracked |  0
|  51|0x000000070b200000, 0x000000070b200000, 0x000000070b400000|  0%| F|  |TAMS 0x000000070b200000| PB 0x000000070b200000| Untracked |  0
|  52|0x000000070b400000, 0x000000070b400000, 0x000000070b600000|  0%| F|  |TAMS 0x000000070b400000| PB 0x000000070b400000| Untracked |  0
|  53|0x000000070b600000, 0x000000070b600000, 0x000000070b800000|  0%| F|  |TAMS 0x000000070b600000| PB 0x000000070b600000| Untracked |  0
|  54|0x000000070b800000, 0x000000070b800000, 0x000000070ba00000|  0%| F|  |TAMS 0x000000070b800000| PB 0x000000070b800000| Untracked |  0
|  55|0x000000070ba00000, 0x000000070ba00000, 0x000000070bc00000|  0%| F|  |TAMS 0x000000070ba00000| PB 0x000000070ba00000| Untracked |  0
|  56|0x000000070bc00000, 0x000000070bc00000, 0x000000070be00000|  0%| F|  |TAMS 0x000000070bc00000| PB 0x000000070bc00000| Untracked |  0
|  57|0x000000070be00000, 0x000000070be00000, 0x000000070c000000|  0%| F|  |TAMS 0x000000070be00000| PB 0x000000070be00000| Untracked |  0
|  58|0x000000070c000000, 0x000000070c000000, 0x000000070c200000|  0%| F|  |TAMS 0x000000070c000000| PB 0x000000070c000000| Untracked |  0
|  59|0x000000070c200000, 0x000000070c200000, 0x000000070c400000|  0%| F|  |TAMS 0x000000070c200000| PB 0x000000070c200000| Untracked |  0
|  60|0x000000070c400000, 0x000000070c400000, 0x000000070c600000|  0%| F|  |TAMS 0x000000070c400000| PB 0x000000070c400000| Untracked |  0
|  61|0x000000070c600000, 0x000000070c600000, 0x000000070c800000|  0%| F|  |TAMS 0x000000070c600000| PB 0x000000070c600000| Untracked |  0
|  62|0x000000070c800000, 0x000000070c800000, 0x000000070ca00000|  0%| F|  |TAMS 0x000000070c800000| PB 0x000000070c800000| Untracked |  0
|  63|0x000000070ca00000, 0x000000070ca00000, 0x000000070cc00000|  0%| F|  |TAMS 0x000000070ca00000| PB 0x000000070ca00000| Untracked |  0
|  64|0x000000070cc00000, 0x000000070cc00000, 0x000000070ce00000|  0%| F|  |TAMS 0x000000070cc00000| PB 0x000000070cc00000| Untracked |  0
|  65|0x000000070ce00000, 0x000000070ce00000, 0x000000070d000000|  0%| F|  |TAMS 0x000000070ce00000| PB 0x000000070ce00000| Untracked |  0
|  66|0x000000070d000000, 0x000000070d000000, 0x000000070d200000|  0%| F|  |TAMS 0x000000070d000000| PB 0x000000070d000000| Untracked |  0
|  67|0x000000070d200000, 0x000000070d200000, 0x000000070d400000|  0%| F|  |TAMS 0x000000070d200000| PB 0x000000070d200000| Untracked |  0
|  68|0x000000070d400000, 0x000000070d400000, 0x000000070d600000|  0%| F|  |TAMS 0x000000070d400000| PB 0x000000070d400000| Untracked |  0
|  69|0x000000070d600000, 0x000000070d600000, 0x000000070d800000|  0%| F|  |TAMS 0x000000070d600000| PB 0x000000070d600000| Untracked |  0
|  70|0x000000070d800000, 0x000000070d800000, 0x000000070da00000|  0%| F|  |TAMS 0x000000070d800000| PB 0x000000070d800000| Untracked |  0
|  71|0x000000070da00000, 0x000000070da00000, 0x000000070dc00000|  0%| F|  |TAMS 0x000000070da00000| PB 0x000000070da00000| Untracked |  0
|  72|0x000000070dc00000, 0x000000070dc00000, 0x000000070de00000|  0%| F|  |TAMS 0x000000070dc00000| PB 0x000000070dc00000| Untracked |  0
|  73|0x000000070de00000, 0x000000070de00000, 0x000000070e000000|  0%| F|  |TAMS 0x000000070de00000| PB 0x000000070de00000| Untracked |  0
|  74|0x000000070e000000, 0x000000070e000000, 0x000000070e200000|  0%| F|  |TAMS 0x000000070e000000| PB 0x000000070e000000| Untracked |  0
|  75|0x000000070e200000, 0x000000070e200000, 0x000000070e400000|  0%| F|  |TAMS 0x000000070e200000| PB 0x000000070e200000| Untracked |  0
|  76|0x000000070e400000, 0x000000070e400000, 0x000000070e600000|  0%| F|  |TAMS 0x000000070e400000| PB 0x000000070e400000| Untracked |  0
|  77|0x000000070e600000, 0x000000070e600000, 0x000000070e800000|  0%| F|  |TAMS 0x000000070e600000| PB 0x000000070e600000| Untracked |  0
|  78|0x000000070e800000, 0x000000070e800000, 0x000000070ea00000|  0%| F|  |TAMS 0x000000070e800000| PB 0x000000070e800000| Untracked |  0
|  79|0x000000070ea00000, 0x000000070ea00000, 0x000000070ec00000|  0%| F|  |TAMS 0x000000070ea00000| PB 0x000000070ea00000| Untracked |  0
|  80|0x000000070ec00000, 0x000000070ec00000, 0x000000070ee00000|  0%| F|  |TAMS 0x000000070ec00000| PB 0x000000070ec00000| Untracked |  0
|  81|0x000000070ee00000, 0x000000070ee00000, 0x000000070f000000|  0%| F|  |TAMS 0x000000070ee00000| PB 0x000000070ee00000| Untracked |  0
|  82|0x000000070f000000, 0x000000070f000000, 0x000000070f200000|  0%| F|  |TAMS 0x000000070f000000| PB 0x000000070f000000| Untracked |  0
|  83|0x000000070f200000, 0x000000070f200000, 0x000000070f400000|  0%| F|  |TAMS 0x000000070f200000| PB 0x000000070f200000| Untracked |  0
|  84|0x000000070f400000, 0x000000070f400000, 0x000000070f600000|  0%| F|  |TAMS 0x000000070f400000| PB 0x000000070f400000| Untracked |  0
|  85|0x000000070f600000, 0x000000070f600000, 0x000000070f800000|  0%| F|  |TAMS 0x000000070f600000| PB 0x000000070f600000| Untracked |  0
|  86|0x000000070f800000, 0x000000070f800000, 0x000000070fa00000|  0%| F|  |TAMS 0x000000070f800000| PB 0x000000070f800000| Untracked |  0
|  87|0x000000070fa00000, 0x000000070fa00000, 0x000000070fc00000|  0%| F|  |TAMS 0x000000070fa00000| PB 0x000000070fa00000| Untracked |  0
|  88|0x000000070fc00000, 0x000000070fc00000, 0x000000070fe00000|  0%| F|  |TAMS 0x000000070fc00000| PB 0x000000070fc00000| Untracked |  0
|  89|0x000000070fe00000, 0x000000070fe00000, 0x0000000710000000|  0%| F|  |TAMS 0x000000070fe00000| PB 0x000000070fe00000| Untracked |  0
|  90|0x0000000710000000, 0x0000000710000000, 0x0000000710200000|  0%| F|  |TAMS 0x0000000710000000| PB 0x0000000710000000| Untracked |  0
|  91|0x0000000710200000, 0x0000000710200000, 0x0000000710400000|  0%| F|  |TAMS 0x0000000710200000| PB 0x0000000710200000| Untracked |  0
|  92|0x0000000710400000, 0x0000000710400000, 0x0000000710600000|  0%| F|  |TAMS 0x0000000710400000| PB 0x0000000710400000| Untracked |  0
|  93|0x0000000710600000, 0x0000000710600000, 0x0000000710800000|  0%| F|  |TAMS 0x0000000710600000| PB 0x0000000710600000| Untracked |  0
|  94|0x0000000710800000, 0x0000000710800000, 0x0000000710a00000|  0%| F|  |TAMS 0x0000000710800000| PB 0x0000000710800000| Untracked |  0
|  95|0x0000000710a00000, 0x0000000710a00000, 0x0000000710c00000|  0%| F|  |TAMS 0x0000000710a00000| PB 0x0000000710a00000| Untracked |  0
|  96|0x0000000710c00000, 0x0000000710c00000, 0x0000000710e00000|  0%| F|  |TAMS 0x0000000710c00000| PB 0x0000000710c00000| Untracked |  0
|  97|0x0000000710e00000, 0x0000000710e00000, 0x0000000711000000|  0%| F|  |TAMS 0x0000000710e00000| PB 0x0000000710e00000| Untracked |  0
|  98|0x0000000711000000, 0x0000000711000000, 0x0000000711200000|  0%| F|  |TAMS 0x0000000711000000| PB 0x0000000711000000| Untracked |  0
|  99|0x0000000711200000, 0x0000000711200000, 0x0000000711400000|  0%| F|  |TAMS 0x0000000711200000| PB 0x0000000711200000| Untracked |  0
| 100|0x0000000711400000, 0x0000000711400000, 0x0000000711600000|  0%| F|  |TAMS 0x0000000711400000| PB 0x0000000711400000| Untracked |  0
| 101|0x0000000711600000, 0x0000000711600000, 0x0000000711800000|  0%| F|  |TAMS 0x0000000711600000| PB 0x0000000711600000| Untracked |  0
| 102|0x0000000711800000, 0x0000000711800000, 0x0000000711a00000|  0%| F|  |TAMS 0x0000000711800000| PB 0x0000000711800000| Untracked |  0
| 103|0x0000000711a00000, 0x0000000711a00000, 0x0000000711c00000|  0%| F|  |TAMS 0x0000000711a00000| PB 0x0000000711a00000| Untracked |  0
| 104|0x0000000711c00000, 0x0000000711c00000, 0x0000000711e00000|  0%| F|  |TAMS 0x0000000711c00000| PB 0x0000000711c00000| Untracked |  0
| 105|0x0000000711e00000, 0x0000000711e00000, 0x0000000712000000|  0%| F|  |TAMS 0x0000000711e00000| PB 0x0000000711e00000| Untracked |  0
| 106|0x0000000712000000, 0x0000000712000000, 0x0000000712200000|  0%| F|  |TAMS 0x0000000712000000| PB 0x0000000712000000| Untracked |  0
| 107|0x0000000712200000, 0x0000000712200000, 0x0000000712400000|  0%| F|  |TAMS 0x0000000712200000| PB 0x0000000712200000| Untracked |  0
| 108|0x0000000712400000, 0x0000000712400000, 0x0000000712600000|  0%| F|  |TAMS 0x0000000712400000| PB 0x0000000712400000| Untracked |  0
| 109|0x0000000712600000, 0x0000000712600000, 0x0000000712800000|  0%| F|  |TAMS 0x0000000712600000| PB 0x0000000712600000| Untracked |  0
| 110|0x0000000712800000, 0x00000007129665d8, 0x0000000712a00000| 69%| S|CS|TAMS 0x0000000712800000| PB 0x0000000712800000| Complete |  0
| 111|0x0000000712a00000, 0x0000000712c00000, 0x0000000712c00000|100%| S|CS|TAMS 0x0000000712a00000| PB 0x0000000712a00000| Complete |  0
| 112|0x0000000712c00000, 0x0000000712c00000, 0x0000000712e00000|  0%| F|  |TAMS 0x0000000712c00000| PB 0x0000000712c00000| Untracked |  0
| 113|0x0000000712e00000, 0x0000000712e00000, 0x0000000713000000|  0%| F|  |TAMS 0x0000000712e00000| PB 0x0000000712e00000| Untracked |  0
| 114|0x0000000713000000, 0x0000000713000000, 0x0000000713200000|  0%| F|  |TAMS 0x0000000713000000| PB 0x0000000713000000| Untracked |  0
| 115|0x0000000713200000, 0x0000000713200000, 0x0000000713400000|  0%| F|  |TAMS 0x0000000713200000| PB 0x0000000713200000| Untracked |  0
| 116|0x0000000713400000, 0x0000000713400000, 0x0000000713600000|  0%| F|  |TAMS 0x0000000713400000| PB 0x0000000713400000| Untracked |  0
| 117|0x0000000713600000, 0x0000000713600000, 0x0000000713800000|  0%| F|  |TAMS 0x0000000713600000| PB 0x0000000713600000| Untracked |  0
| 118|0x0000000713800000, 0x0000000713800000, 0x0000000713a00000|  0%| F|  |TAMS 0x0000000713800000| PB 0x0000000713800000| Untracked |  0
| 119|0x0000000713a00000, 0x0000000713a00000, 0x0000000713c00000|  0%| F|  |TAMS 0x0000000713a00000| PB 0x0000000713a00000| Untracked |  0
| 120|0x0000000713c00000, 0x0000000713d7dd90, 0x0000000713e00000| 74%| E|  |TAMS 0x0000000713c00000| PB 0x0000000713c00000| Complete |  0
| 121|0x0000000713e00000, 0x0000000714000000, 0x0000000714000000|100%| E|CS|TAMS 0x0000000713e00000| PB 0x0000000713e00000| Complete |  0
| 122|0x0000000714000000, 0x0000000714200000, 0x0000000714200000|100%| E|CS|TAMS 0x0000000714000000| PB 0x0000000714000000| Complete |  0
| 123|0x0000000714200000, 0x0000000714400000, 0x0000000714400000|100%| E|CS|TAMS 0x0000000714200000| PB 0x0000000714200000| Complete |  0
| 124|0x0000000714400000, 0x0000000714600000, 0x0000000714600000|100%| E|CS|TAMS 0x0000000714400000| PB 0x0000000714400000| Complete |  0
| 125|0x0000000714600000, 0x0000000714800000, 0x0000000714800000|100%| E|  |TAMS 0x0000000714600000| PB 0x0000000714600000| Complete |  0

Card table byte_map: [0x0000018ddc7c0000,0x0000018ddcfa0000] _byte_map_base: 0x0000018dd8f9a000

Marking Bits: (CMBitMap*) 0x0000018dc44c0c10
 Bits: [0x0000018ddcfa0000, 0x0000018de0e70000)

Polling page: 0x0000018dc21a0000

Metaspace:

Usage:
  Non-class:      8.36 MB used.
      Class:      1.41 MB used.
       Both:      9.77 MB used.

Virtual space:
  Non-class space:       64.00 MB reserved,       8.50 MB ( 13%) committed,  1 nodes.
      Class space:        1.00 GB reserved,       1.50 MB ( <1%) committed,  1 nodes.
             Both:        1.06 GB reserved,      10.00 MB ( <1%) committed. 

Chunk freelists:
   Non-Class:  6.09 MB
       Class:  14.51 MB
        Both:  20.60 MB

MaxMetaspaceSize: unlimited
CompressedClassSpaceSize: 1.00 GB
Initial GC threshold: 21.00 MB
Current GC threshold: 21.00 MB
CDS: on
 - commit_granule_bytes: 65536.
 - commit_granule_words: 8192.
 - virtual_space_node_default_size: 8388608.
 - enlarge_chunks_in_place: 1.
 - use_allocation_guard: 0.


Internal statistics:

num_allocs_failed_limit: 0.
num_arena_births: 176.
num_arena_deaths: 0.
num_vsnodes_births: 2.
num_vsnodes_deaths: 0.
num_space_committed: 160.
num_space_uncommitted: 0.
num_chunks_returned_to_freelist: 0.
num_chunks_taken_from_freelist: 505.
num_chunk_merges: 0.
num_chunk_splits: 341.
num_chunks_enlarged: 254.
num_inconsistent_stats: 0.

CodeHeap 'non-profiled nmethods': size=120064Kb used=681Kb max_used=681Kb free=119382Kb
 bounds [0x0000018dd4650000, 0x0000018dd48c0000, 0x0000018ddbb90000]
CodeHeap 'profiled nmethods': size=120000Kb used=2349Kb max_used=2349Kb free=117650Kb
 bounds [0x0000018dccb90000, 0x0000018dcce00000, 0x0000018dd40c0000]
CodeHeap 'non-nmethods': size=5696Kb used=1797Kb max_used=1811Kb free=3898Kb
 bounds [0x0000018dd40c0000, 0x0000018dd4330000, 0x0000018dd4650000]
CodeCache: size=245760Kb, used=4827Kb, max_used=4841Kb, free=240930Kb
 total_blobs=2413, nmethods=1712, adapters=607, full_count=0
Compilation: enabled, stopped_count=0, restarted_count=0

Compilation events (20 events):
Event: 0.957 Thread 0x0000018de38cfe80 nmethod 1701 0x0000018dd46f9788 code [0x0000018dd46f9880, 0x0000018dd46f9988]
Event: 0.957 Thread 0x0000018de38ded70 nmethod 1702 0x0000018dccdd9208 code [0x0000018dccdd9340, 0x0000018dccdd9730]
Event: 0.959 Thread 0x0000018de38ded70 1703       1       javafx.scene.control.SkinBase::getSkinnable (5 bytes)
Event: 0.959 Thread 0x0000018de38ded70 nmethod 1703 0x0000018dd46f9a88 code [0x0000018dd46f9ba0, 0x0000018dd46f9c70]
Event: 0.959 Thread 0x0000018de38ded70 1704       3       javafx.beans.property.DoublePropertyBase::get (29 bytes)
Event: 0.959 Thread 0x0000018de38ded70 nmethod 1704 0x0000018dccdd9788 code [0x0000018dccdd98c0, 0x0000018dccdd9b08]
Event: 0.961 Thread 0x0000018de38ded70 1705       3       java.lang.invoke.DirectMethodHandle$Constructor::viewAsType (49 bytes)
Event: 0.961 Thread 0x0000018de38ded70 nmethod 1705 0x0000018dccdd9b88 code [0x0000018dccdd9cc0, 0x0000018dccdd9ea8]
Event: 0.962 Thread 0x0000018de38ded70 1707       3       jdk.internal.org.objectweb.asm.AnnotationWriter::create (34 bytes)
Event: 0.962 Thread 0x0000018de38ded70 nmethod 1707 0x0000018dccdd9f08 code [0x0000018dccdda080, 0x0000018dccdda540]
Event: 0.962 Thread 0x0000018de38ded70 1708       3       jdk.internal.org.objectweb.asm.AnnotationWriter::<init> (60 bytes)
Event: 0.962 Thread 0x0000018de38ded70 nmethod 1708 0x0000018dccdda588 code [0x0000018dccdda6e0, 0x0000018dccddaae0]
Event: 0.962 Thread 0x0000018de38ded70 1709       3       jdk.internal.org.objectweb.asm.AnnotationVisitor::<init> (7 bytes)
Event: 0.962 Thread 0x0000018de38ded70 nmethod 1709 0x0000018dccddab08 code [0x0000018dccddac20, 0x0000018dccddad68]
Event: 0.972 Thread 0x0000018de38ded70 1710       1       com.sun.javafx.tk.quantum.QuantumToolkit$PulseTask::get (5 bytes)
Event: 0.972 Thread 0x0000018de38ded70 nmethod 1710 0x0000018dd46fa088 code [0x0000018dd46fa1a0, 0x0000018dd46fa270]
Event: 0.988 Thread 0x0000018de38ded70 1711       3       java.lang.String::indexOf (41 bytes)
Event: 0.989 Thread 0x0000018de38ded70 nmethod 1711 0x0000018dccddae08 code [0x0000018dccddaf80, 0x0000018dccddb570]
Event: 0.990 Thread 0x0000018de38cfe80 1712       4       jdk.internal.util.ArraysSupport::mismatch (103 bytes)
Event: 0.992 Thread 0x0000018de38cfe80 nmethod 1712 0x0000018dd46fa388 code [0x0000018dd46fa4a0, 0x0000018dd46fa770]

GC Heap History (4 events):
Event: 0.479 GC heap before
{Heap before GC invocations=0 (full 0):
 garbage-first heap   total reserved 4116480K, committed 258048K, used 22528K [0x0000000704c00000, 0x0000000800000000)
  region size 2048K, 12 young (24576K), 0 survivors (0K)
 Metaspace       used 4891K, committed 5120K, reserved 1114112K
  class space    used 619K, committed 768K, reserved 1048576K
}
Event: 0.481 GC heap after
{Heap after GC invocations=1 (full 0):
 garbage-first heap   total reserved 4116480K, committed 258048K, used 2787K [0x0000000704c00000, 0x0000000800000000)
  region size 2048K, 2 young (4096K), 2 survivors (4096K)
 Metaspace       used 4891K, committed 5120K, reserved 1114112K
  class space    used 619K, committed 768K, reserved 1048576K
}
Event: 0.817 GC heap before
{Heap before GC invocations=1 (full 0):
 garbage-first heap   total reserved 4116480K, committed 258048K, used 25315K [0x0000000704c00000, 0x0000000800000000)
  region size 2048K, 14 young (28672K), 2 survivors (4096K)
 Metaspace       used 7642K, committed 7872K, reserved 1114112K
  class space    used 1033K, committed 1152K, reserved 1048576K
}
Event: 0.821 GC heap after
{Heap after GC invocations=2 (full 0):
 garbage-first heap   total reserved 4116480K, committed 258048K, used 6138K [0x0000000704c00000, 0x0000000800000000)
  region size 2048K, 2 young (4096K), 2 survivors (4096K)
 Metaspace       used 7642K, committed 7872K, reserved 1114112K
  class space    used 1033K, committed 1152K, reserved 1048576K
}

Dll operation events (20 events):
Event: 0.247 Loaded shared library C:\Program Files\Java\javafx-sdk-23\bin\api-ms-win-crt-multibyte-l1-1-0.dll
Event: 0.248 Loaded shared library C:\Program Files\Java\javafx-sdk-23\bin\api-ms-win-crt-private-l1-1-0.dll
Event: 0.250 Loaded shared library C:\Program Files\Java\javafx-sdk-23\bin\api-ms-win-crt-process-l1-1-0.dll
Event: 0.251 Loaded shared library C:\Program Files\Java\javafx-sdk-23\bin\api-ms-win-crt-runtime-l1-1-0.dll
Event: 0.252 Loaded shared library C:\Program Files\Java\javafx-sdk-23\bin\api-ms-win-crt-stdio-l1-1-0.dll
Event: 0.253 Loaded shared library C:\Program Files\Java\javafx-sdk-23\bin\api-ms-win-crt-string-l1-1-0.dll
Event: 0.253 Loaded shared library C:\Program Files\Java\javafx-sdk-23\bin\api-ms-win-crt-time-l1-1-0.dll
Event: 0.254 Loaded shared library C:\Program Files\Java\javafx-sdk-23\bin\api-ms-win-crt-utility-l1-1-0.dll
Event: 0.255 Loaded shared library C:\Program Files\Java\javafx-sdk-23\bin\ucrtbase.dll
Event: 0.256 Loaded shared library C:\Program Files\Java\javafx-sdk-23\bin\vcruntime140.dll
Event: 0.257 Loaded shared library C:\Program Files\Java\javafx-sdk-23\bin\vcruntime140_1.dll
Event: 0.258 Loaded shared library C:\Program Files\Java\javafx-sdk-23\bin\msvcp140.dll
Event: 0.259 Loaded shared library C:\Program Files\Java\javafx-sdk-23\bin\msvcp140_1.dll
Event: 0.260 Loaded shared library C:\Program Files\Java\javafx-sdk-23\bin\msvcp140_2.dll
Event: 0.291 Loaded shared library C:\Program Files\Java\javafx-sdk-23\bin\prism_d3d.dll
Event: 0.384 Loaded shared library C:\Program Files\Java\javafx-sdk-23\bin\glass.dll
Event: 0.495 Loaded shared library C:\Users\slava\.jdks\openjdk-23.0.1\bin\jimage.dll
Event: 0.732 Loaded shared library C:\Program Files\Java\javafx-sdk-23\bin\javafx_font.dll
Event: 0.990 Loaded shared library C:\Users\slava\.jdks\openjdk-23.0.1\bin\verify.dll
Event: 0.993 Loaded shared library C:\Users\slava\.jssc\windows\jSSC-2.8_x86_64.dll

Deoptimization events (20 events):
Event: 0.942 Thread 0x0000018e29426e90 Uncommon trap: trap_request=0xffffff45 fr.pc=0x0000018dd4662d4c relative=0x000000000000028c
Event: 0.942 Thread 0x0000018e29426e90 Uncommon trap: reason=unstable_if action=reinterpret pc=0x0000018dd4662d4c method=java.lang.String.isLatin1()Z @ 10 c2
Event: 0.942 Thread 0x0000018e29426e90 DEOPT PACKING pc=0x0000018dd4662d4c sp=0x000000033d9fdcc0
Event: 0.942 Thread 0x0000018e29426e90 DEOPT UNPACKING pc=0x0000018dd4117982 sp=0x000000033d9fdbf8 mode 2
Event: 0.942 Thread 0x0000018e29426e90 Uncommon trap: trap_request=0xffffff45 fr.pc=0x0000018dd4663830 relative=0x0000000000000190
Event: 0.942 Thread 0x0000018e29426e90 Uncommon trap: reason=unstable_if action=reinterpret pc=0x0000018dd4663830 method=jdk.internal.util.ArraysSupport.vectorizedHashCode(Ljava/lang/Object;IIII)I @ 2 c2
Event: 0.942 Thread 0x0000018e29426e90 DEOPT PACKING pc=0x0000018dd4663830 sp=0x000000033d9fdb50
Event: 0.942 Thread 0x0000018e29426e90 DEOPT UNPACKING pc=0x0000018dd4117982 sp=0x000000033d9fdb00 mode 2
Event: 0.946 Thread 0x0000018e29426e90 Uncommon trap: trap_request=0xffffff45 fr.pc=0x0000018dd46dfe04 relative=0x00000000000001e4
Event: 0.946 Thread 0x0000018e29426e90 Uncommon trap: reason=unstable_if action=reinterpret pc=0x0000018dd46dfe04 method=java.io.ByteArrayInputStream.read()I @ 8 c2
Event: 0.946 Thread 0x0000018e29426e90 DEOPT PACKING pc=0x0000018dd46dfe04 sp=0x000000033d9fcae0
Event: 0.946 Thread 0x0000018e29426e90 DEOPT UNPACKING pc=0x0000018dd4117982 sp=0x000000033d9fca88 mode 2
Event: 0.953 Thread 0x0000018e29426e90 Uncommon trap: trap_request=0xffffff45 fr.pc=0x0000018dd4661ed4 relative=0x0000000000000054
Event: 0.953 Thread 0x0000018e29426e90 Uncommon trap: reason=unstable_if action=reinterpret pc=0x0000018dd4661ed4 method=java.lang.CharacterData.of(I)Ljava/lang/CharacterData; @ 4 c2
Event: 0.953 Thread 0x0000018e29426e90 DEOPT PACKING pc=0x0000018dd4661ed4 sp=0x000000033d9fd590
Event: 0.953 Thread 0x0000018e29426e90 DEOPT UNPACKING pc=0x0000018dd4117982 sp=0x000000033d9fd530 mode 2
Event: 0.957 Thread 0x0000018e29426e90 Uncommon trap: trap_request=0xffffff45 fr.pc=0x0000018dd46ba710 relative=0x0000000000000250
Event: 0.957 Thread 0x0000018e29426e90 Uncommon trap: reason=unstable_if action=reinterpret pc=0x0000018dd46ba710 method=java.lang.String.startsWith(Ljava/lang/String;I)Z @ 50 c2
Event: 0.957 Thread 0x0000018e29426e90 DEOPT PACKING pc=0x0000018dd46ba710 sp=0x000000033d9fde00
Event: 0.957 Thread 0x0000018e29426e90 DEOPT UNPACKING pc=0x0000018dd4117982 sp=0x000000033d9fdd30 mode 2

Classes loaded (20 events):
Event: 0.946 Loading class jdk/internal/icu/impl/Trie2$1
Event: 0.946 Loading class jdk/internal/icu/impl/Trie2$ValueMapper
Event: 0.946 Loading class jdk/internal/icu/impl/Trie2$ValueMapper done
Event: 0.946 Loading class jdk/internal/icu/impl/Trie2$1 done
Event: 0.946 Loading class jdk/internal/icu/impl/Trie2$UTrie2Header
Event: 0.946 Loading class jdk/internal/icu/impl/Trie2$UTrie2Header done
Event: 0.948 Loading class jdk/internal/icu/text/UTF16
Event: 0.948 Loading class jdk/internal/icu/text/UTF16 done
Event: 0.948 Loading class jdk/internal/icu/text/BidiLine
Event: 0.948 Loading class jdk/internal/icu/text/BidiLine done
Event: 0.951 Loading class sun/invoke/util/ValueConversions$1
Event: 0.951 Loading class sun/invoke/util/ValueConversions$1 done
Event: 0.951 Loading class java/lang/invoke/BoundMethodHandle$Species_LI
Event: 0.951 Loading class java/lang/invoke/BoundMethodHandle$Species_LI done
Event: 0.986 Loading class java/util/WeakHashMap$EntrySet
Event: 0.986 Loading class java/util/WeakHashMap$EntrySet done
Event: 0.986 Loading class java/util/WeakHashMap$EntryIterator
Event: 0.986 Loading class java/util/WeakHashMap$EntryIterator done
Event: 0.988 Loading class java/util/ConcurrentModificationException
Event: 0.988 Loading class java/util/ConcurrentModificationException done

Classes unloaded (0 events):
No events

Classes redefined (0 events):
No events

Internal exceptions (20 events):
Event: 0.711 Thread 0x0000018e29426e90 Exception <a 'java/lang/ClassNotFoundException'{0x0000000713bdf6a8}: com/sun/glass/ui/win/themes_fr_PF> (0x0000000713bdf6a8) 
thrown [s\open\src\hotspot\share\prims\jni.cpp, line 539]
Event: 0.711 Thread 0x0000018e29426e90 Exception <a 'java/lang/ClassNotFoundException'{0x0000000713be0e68}: com/sun/glass/ui/win/themes_ses_Latn> (0x0000000713be0e68) 
thrown [s\open\src\hotspot\share\prims\jni.cpp, line 539]
Event: 0.711 Thread 0x0000018e29426e90 Exception <a 'java/lang/ClassNotFoundException'{0x0000000713be1ee8}: com/sun/glass/ui/win/themes_ses_Latn_ML> (0x0000000713be1ee8) 
thrown [s\open\src\hotspot\share\prims\jni.cpp, line 539]
Event: 0.712 Thread 0x0000018e29426e90 Exception <a 'java/lang/ClassNotFoundException'{0x0000000713be34f0}: com/sun/glass/ui/win/themes_doi_Deva> (0x0000000713be34f0) 
thrown [s\open\src\hotspot\share\prims\jni.cpp, line 539]
Event: 0.712 Thread 0x0000018e29426e90 Exception <a 'java/lang/ClassNotFoundException'{0x0000000713be4570}: com/sun/glass/ui/win/themes_doi_Deva_IN> (0x0000000713be4570) 
thrown [s\open\src\hotspot\share\prims\jni.cpp, line 539]
Event: 0.712 Thread 0x0000018e29426e90 Exception <a 'java/lang/ClassNotFoundException'{0x0000000713be5800}: com/sun/glass/ui/win/themes_fr_PM> (0x0000000713be5800) 
thrown [s\open\src\hotspot\share\prims\jni.cpp, line 539]
Event: 0.712 Thread 0x0000018e29426e90 Exception <a 'java/lang/ClassNotFoundException'{0x0000000713be6c40}: com/sun/glass/ui/win/themes_es_UY> (0x0000000713be6c40) 
thrown [s\open\src\hotspot\share\prims\jni.cpp, line 539]
Event: 0.712 Thread 0x0000018e29426e90 Exception <a 'java/lang/ClassNotFoundException'{0x0000000713be7fe0}: com/sun/glass/ui/win/themes_gu_Gujr> (0x0000000713be7fe0) 
thrown [s\open\src\hotspot\share\prims\jni.cpp, line 539]
Event: 0.712 Thread 0x0000018e29426e90 Exception <a 'java/lang/ClassNotFoundException'{0x0000000713be9060}: com/sun/glass/ui/win/themes_gu_Gujr_IN> (0x0000000713be9060) 
thrown [s\open\src\hotspot\share\prims\jni.cpp, line 539]
Event: 0.786 Thread 0x0000018e29426e90 Exception <a 'java/lang/NoSuchMethodError'{0x00000007132a1168}: 'void java.lang.invoke.DirectMethodHandle$Holder.invokeStaticInit(java.lang.Object, java.lang.Object)'> (0x00000007132a1168) 
thrown [s\open\src\hotspot\share\interpreter\linkResolver.cpp, line 796]
Event: 0.830 Thread 0x0000018e29426e90 Implicit null exception at 0x0000018dd467a856 to 0x0000018dd467a8fa
Event: 0.839 Thread 0x0000018e29426e90 Implicit null exception at 0x0000018dd46d852d to 0x0000018dd46d87c8
Event: 0.891 Thread 0x0000018e29426e90 Implicit null exception at 0x0000018dd46ac22d to 0x0000018dd46ac4bc
Event: 0.892 Thread 0x0000018e29426e90 Implicit null exception at 0x0000018dd4673a9d to 0x0000018dd4673b1d
Event: 0.923 Thread 0x0000018e29426e90 Exception <a 'java/lang/NoSuchMethodError'{0x0000000713f6cf88}: 'java.lang.Object java.lang.invoke.DirectMethodHandle$Holder.invokeInterface(java.lang.Object, java.lang.Object, java.lang.Object)'> (0x0000000713f6cf88) 
thrown [s\open\src\hotspot\share\interpreter\linkResolver.cpp, line 796]
Event: 0.923 Thread 0x0000018e29426e90 Exception <a 'java/lang/IncompatibleClassChangeError'{0x0000000713f70658}: Found class java.lang.Object, but interface was expected> (0x0000000713f70658) 
thrown [s\open\src\hotspot\share\interpreter\linkResolver.cpp, line 863]
Event: 0.950 Thread 0x0000018e29426e90 Exception <a 'java/lang/NoSuchMethodError'{0x0000000713cb2f68}: 'int java.lang.invoke.DirectMethodHandle$Holder.invokeSpecial(java.lang.Object, java.lang.Object, int)'> (0x0000000713cb2f68) 
thrown [s\open\src\hotspot\share\interpreter\linkResolver.cpp, line 796]
Event: 0.952 Thread 0x0000018e29426e90 Exception <a 'java/lang/NoSuchMethodError'{0x0000000713cc9788}: 'java.lang.Object java.lang.invoke.DirectMethodHandle$Holder.invokeStatic(java.lang.Object, java.lang.Object, java.lang.Object, java.lang.Object, int)'> (0x0000000713cc9788) 
thrown [s\open\src\hotspot\share\interpreter\linkResolver.cpp, line 796]
Event: 0.952 Thread 0x0000018e29426e90 Exception <a 'java/lang/NoSuchMethodError'{0x0000000713cd1a50}: 'int java.lang.invoke.DirectMethodHandle$Holder.invokeSpecial(java.lang.Object, java.lang.Object, java.lang.Object)'> (0x0000000713cd1a50) 
thrown [s\open\src\hotspot\share\interpreter\linkResolver.cpp, line 796]
Event: 0.962 Thread 0x0000018e29426e90 Exception <a 'java/lang/NoSuchMethodError'{0x0000000713d4bcd0}: 'java.lang.Object java.lang.invoke.DirectMethodHandle$Holder.newInvokeSpecial(java.lang.Object, java.lang.Object, int)'> (0x0000000713d4bcd0) 
thrown [s\open\src\hotspot\share\interpreter\linkResolver.cpp, line 796]

VM Operations (20 events):
Event: 0.069 Executing VM operation: HandshakeAllThreads (Deoptimize)
Event: 0.070 Executing VM operation: HandshakeAllThreads (Deoptimize) done
Event: 0.120 Executing VM operation: HandshakeAllThreads (Deoptimize)
Event: 0.120 Executing VM operation: HandshakeAllThreads (Deoptimize) done
Event: 0.381 Executing VM operation: HandshakeAllThreads (Deoptimize)
Event: 0.381 Executing VM operation: HandshakeAllThreads (Deoptimize) done
Event: 0.479 Executing VM operation: G1CollectForAllocation (G1 Evacuation Pause)
Event: 0.481 Executing VM operation: G1CollectForAllocation (G1 Evacuation Pause) done
Event: 0.499 Executing VM operation: HandshakeAllThreads (Deoptimize)
Event: 0.499 Executing VM operation: HandshakeAllThreads (Deoptimize) done
Event: 0.738 Executing VM operation: HandshakeAllThreads (Deoptimize)
Event: 0.738 Executing VM operation: HandshakeAllThreads (Deoptimize) done
Event: 0.738 Executing VM operation: HandshakeAllThreads (Deoptimize)
Event: 0.738 Executing VM operation: HandshakeAllThreads (Deoptimize) done
Event: 0.817 Executing VM operation: G1CollectForAllocation (G1 Evacuation Pause)
Event: 0.821 Executing VM operation: G1CollectForAllocation (G1 Evacuation Pause) done
Event: 0.895 Executing VM operation: HandshakeAllThreads (Deoptimize)
Event: 0.895 Executing VM operation: HandshakeAllThreads (Deoptimize) done
Event: 0.953 Executing VM operation: HandshakeAllThreads (Deoptimize)
Event: 0.953 Executing VM operation: HandshakeAllThreads (Deoptimize) done

Memory protections (0 events):
No events

Nmethod flushes (0 events):
No events

Events (20 events):
Event: 0.024 Thread 0x0000018dc20a3c60 Thread added: 0x0000018dc20a3c60
Event: 0.036 Thread 0x0000018dc20a3c60 Thread added: 0x0000018de38bc0b0
Event: 0.037 Thread 0x0000018dc20a3c60 Thread added: 0x0000018de38bcd10
Event: 0.037 Thread 0x0000018dc20a3c60 Thread added: 0x0000018de38c00c0
Event: 0.037 Thread 0x0000018dc20a3c60 Thread added: 0x0000018de38c0b20
Event: 0.037 Thread 0x0000018dc20a3c60 Thread added: 0x0000018de38c1580
Event: 0.037 Thread 0x0000018dc20a3c60 Thread added: 0x0000018de38c2ff0
Event: 0.037 Thread 0x0000018dc20a3c60 Thread added: 0x0000018de38cfe80
Event: 0.037 Thread 0x0000018dc20a3c60 Thread added: 0x0000018de38ded70
Event: 0.055 Thread 0x0000018dc20a3c60 Thread added: 0x0000018de39c3270
Event: 0.096 Thread 0x0000018de38ded70 Thread added: 0x0000018de38ddfd0
Event: 0.097 Thread 0x0000018de38ded70 Thread added: 0x0000018de38db6f0
Event: 0.154 Thread 0x0000018dc20a3c60 Thread added: 0x0000018e2936d900
Event: 0.154 Thread 0x0000018dc20a3c60 Thread added: 0x0000018e293d6a00
Event: 0.285 Thread 0x0000018dc20a3c60 Thread added: 0x0000018e29a6c6b0
Event: 0.386 Thread 0x0000018dc20a3c60 Thread added: 0x0000018e29739eb0
Event: 0.389 Thread 0x0000018dc20a3c60 Thread added: 0x0000018e29426e90
Event: 0.451 Thread 0x0000018dc20a3c60 Thread added: 0x0000018e29ce0060
Event: 0.459 Thread 0x0000018e29bb4fa0 Thread added: 0x0000018e29bb4fa0
Event: 0.920 Thread 0x0000018e29426e90 Thread added: 0x0000018e2a6b68c0


Dynamic libraries:
0x00007ff660bf0000 - 0x00007ff660bfe000 	C:\Users\slava\.jdks\openjdk-23.0.1\bin\java.exe
0x00007ffd9ed40000 - 0x00007ffd9efa3000 	C:\WINDOWS\SYSTEM32\ntdll.dll
0x00007ffd9d2c0000 - 0x00007ffd9d387000 	C:\WINDOWS\System32\KERNEL32.DLL
0x00007ffd9c630000 - 0x00007ffd9c9e0000 	C:\WINDOWS\System32\KERNELBASE.dll
0x00007ffd9c140000 - 0x00007ffd9c28b000 	C:\WINDOWS\System32\ucrtbase.dll
0x00007ffd96450000 - 0x00007ffd96467000 	C:\Users\slava\.jdks\openjdk-23.0.1\bin\jli.dll
0x00007ffd894c0000 - 0x00007ffd894db000 	C:\Users\slava\.jdks\openjdk-23.0.1\bin\VCRUNTIME140.dll
0x00007ffd9db80000 - 0x00007ffd9dd43000 	C:\WINDOWS\System32\USER32.dll
0x00007ffd9c290000 - 0x00007ffd9c2b7000 	C:\WINDOWS\System32\win32u.dll
0x00007ffd81580000 - 0x00007ffd81810000 	C:\WINDOWS\WinSxS\amd64_microsoft.windows.common-controls_6595b64144ccf1df_6.0.26100.1882_none_3e0e949ae32eca40\COMCTL32.dll
0x00007ffd9d870000 - 0x00007ffd9d89a000 	C:\WINDOWS\System32\GDI32.dll
0x00007ffd9e640000 - 0x00007ffd9e6e9000 	C:\WINDOWS\System32\msvcrt.dll
0x00007ffd9c2c0000 - 0x00007ffd9c3e3000 	C:\WINDOWS\System32\gdi32full.dll
0x00007ffd9ca70000 - 0x00007ffd9cb13000 	C:\WINDOWS\System32\msvcp_win.dll
0x00007ffd9ddd0000 - 0x00007ffd9ddff000 	C:\WINDOWS\System32\IMM32.DLL
0x00007ffd91d70000 - 0x00007ffd91d7c000 	C:\Users\slava\.jdks\openjdk-23.0.1\bin\vcruntime140_1.dll
0x00007ffd88010000 - 0x00007ffd8809e000 	C:\Users\slava\.jdks\openjdk-23.0.1\bin\msvcp140.dll
0x00007ffd2e380000 - 0x00007ffd2f0cf000 	C:\Users\slava\.jdks\openjdk-23.0.1\bin\server\jvm.dll
0x00007ffd9e9c0000 - 0x00007ffd9ea74000 	C:\WINDOWS\System32\ADVAPI32.dll
0x00007ffd9cc50000 - 0x00007ffd9ccf6000 	C:\WINDOWS\System32\sechost.dll
0x00007ffd9de20000 - 0x00007ffd9df36000 	C:\WINDOWS\System32\RPCRT4.dll
0x00007ffd9dd50000 - 0x00007ffd9ddc4000 	C:\WINDOWS\System32\WS2_32.dll
0x00007ffd9ae30000 - 0x00007ffd9ae7e000 	C:\WINDOWS\SYSTEM32\POWRPROF.dll
0x00007ffd8f0d0000 - 0x00007ffd8f106000 	C:\WINDOWS\SYSTEM32\WINMM.dll
0x00007ffd89430000 - 0x00007ffd8943b000 	C:\WINDOWS\SYSTEM32\VERSION.dll
0x00007ffd9ae10000 - 0x00007ffd9ae24000 	C:\WINDOWS\SYSTEM32\UMPDC.dll
0x00007ffd9b0b0000 - 0x00007ffd9b0ca000 	C:\WINDOWS\SYSTEM32\kernel.appcore.dll
0x00007ffd894b0000 - 0x00007ffd894ba000 	C:\Users\slava\.jdks\openjdk-23.0.1\bin\jimage.dll
0x00007ffd99780000 - 0x00007ffd999c1000 	C:\WINDOWS\SYSTEM32\DBGHELP.DLL
0x00007ffd9cda0000 - 0x00007ffd9d11c000 	C:\WINDOWS\System32\combase.dll
0x00007ffd9e8d0000 - 0x00007ffd9e9a6000 	C:\WINDOWS\System32\OLEAUT32.dll
0x00007ffd870c0000 - 0x00007ffd870f9000 	C:\WINDOWS\SYSTEM32\dbgcore.DLL
0x00007ffd9cb20000 - 0x00007ffd9cbb9000 	C:\WINDOWS\System32\bcryptPrimitives.dll
0x00007ffd887f0000 - 0x00007ffd887ff000 	C:\Users\slava\.jdks\openjdk-23.0.1\bin\instrument.dll
0x00007ffd88e80000 - 0x00007ffd88e9e000 	C:\Users\slava\.jdks\openjdk-23.0.1\bin\java.dll
0x00007ffd9d9e0000 - 0x00007ffd9db79000 	C:\WINDOWS\System32\ole32.dll
0x00007ffd9df40000 - 0x00007ffd9e638000 	C:\WINDOWS\System32\SHELL32.dll
0x00007ffd99ef0000 - 0x00007ffd9a71a000 	C:\WINDOWS\SYSTEM32\windows.storage.dll
0x00007ffd9d8a0000 - 0x00007ffd9d973000 	C:\WINDOWS\System32\SHCORE.dll
0x00007ffd9d240000 - 0x00007ffd9d29d000 	C:\WINDOWS\System32\shlwapi.dll
0x00007ffd9c060000 - 0x00007ffd9c089000 	C:\WINDOWS\SYSTEM32\profapi.dll
0x00007ffd86e00000 - 0x00007ffd86ed7000 	C:\Users\slava\.jdks\openjdk-23.0.1\bin\jsvml.dll
0x00007ffd887e0000 - 0x00007ffd887f0000 	C:\Users\slava\.jdks\openjdk-23.0.1\bin\net.dll
0x00007ffd9b5b0000 - 0x00007ffd9b618000 	C:\WINDOWS\system32\mswsock.dll
0x00007ffd88760000 - 0x00007ffd88776000 	C:\Users\slava\.jdks\openjdk-23.0.1\bin\nio.dll
0x00007ffd88720000 - 0x00007ffd88737000 	C:\Users\slava\.jdks\openjdk-23.0.1\bin\zip.dll
0x00007ffd885a0000 - 0x00007ffd885ba000 	C:\Program Files\JetBrains\IntelliJ IDEA Community Edition 2024.2.2\bin\breakgen64.dll
0x00007ffd88000000 - 0x00007ffd88009000 	C:\Users\slava\.jdks\openjdk-23.0.1\bin\extnet.dll
0x0000018dc3b40000 - 0x0000018dc3b43000 	C:\Program Files\Java\javafx-sdk-23\bin\api-ms-win-core-console-l1-1-0.dll
0x0000018dc3b50000 - 0x0000018dc3b53000 	C:\Program Files\Java\javafx-sdk-23\bin\api-ms-win-core-console-l1-2-0.dll
0x0000018dc3b60000 - 0x0000018dc3b63000 	C:\Program Files\Java\javafx-sdk-23\bin\api-ms-win-core-datetime-l1-1-0.dll
0x0000018dc3b70000 - 0x0000018dc3b73000 	C:\Program Files\Java\javafx-sdk-23\bin\api-ms-win-core-debug-l1-1-0.dll
0x0000018dc3b80000 - 0x0000018dc3b83000 	C:\Program Files\Java\javafx-sdk-23\bin\api-ms-win-core-errorhandling-l1-1-0.dll
0x0000018dc3b90000 - 0x0000018dc3b94000 	C:\Program Files\Java\javafx-sdk-23\bin\api-ms-win-core-file-l1-1-0.dll
0x0000018dc3ba0000 - 0x0000018dc3ba3000 	C:\Program Files\Java\javafx-sdk-23\bin\api-ms-win-core-file-l1-2-0.dll
0x0000018dc3bb0000 - 0x0000018dc3bb3000 	C:\Program Files\Java\javafx-sdk-23\bin\api-ms-win-core-file-l2-1-0.dll
0x0000018dc3bc0000 - 0x0000018dc3bc3000 	C:\Program Files\Java\javafx-sdk-23\bin\api-ms-win-core-handle-l1-1-0.dll
0x0000018dc3bd0000 - 0x0000018dc3bd3000 	C:\Program Files\Java\javafx-sdk-23\bin\api-ms-win-core-heap-l1-1-0.dll
0x0000018dc3be0000 - 0x0000018dc3be3000 	C:\Program Files\Java\javafx-sdk-23\bin\api-ms-win-core-interlocked-l1-1-0.dll
0x0000018dc3bf0000 - 0x0000018dc3bf3000 	C:\Program Files\Java\javafx-sdk-23\bin\api-ms-win-core-libraryloader-l1-1-0.dll
0x0000018dc3c00000 - 0x0000018dc3c03000 	C:\Program Files\Java\javafx-sdk-23\bin\api-ms-win-core-localization-l1-2-0.dll
0x0000018dc43a0000 - 0x0000018dc43a3000 	C:\Program Files\Java\javafx-sdk-23\bin\api-ms-win-core-memory-l1-1-0.dll
0x0000018dc43b0000 - 0x0000018dc43b3000 	C:\Program Files\Java\javafx-sdk-23\bin\api-ms-win-core-namedpipe-l1-1-0.dll
0x0000018dc43c0000 - 0x0000018dc43c3000 	C:\Program Files\Java\javafx-sdk-23\bin\api-ms-win-core-processenvironment-l1-1-0.dll
0x0000018dc43d0000 - 0x0000018dc43d3000 	C:\Program Files\Java\javafx-sdk-23\bin\api-ms-win-core-processthreads-l1-1-0.dll
0x0000018dc43e0000 - 0x0000018dc43e3000 	C:\Program Files\Java\javafx-sdk-23\bin\api-ms-win-core-processthreads-l1-1-1.dll
0x0000018dc43f0000 - 0x0000018dc43f3000 	C:\Program Files\Java\javafx-sdk-23\bin\api-ms-win-core-profile-l1-1-0.dll
0x0000018dc4400000 - 0x0000018dc4403000 	C:\Program Files\Java\javafx-sdk-23\bin\api-ms-win-core-rtlsupport-l1-1-0.dll
0x0000018dc4410000 - 0x0000018dc4413000 	C:\Program Files\Java\javafx-sdk-23\bin\api-ms-win-core-string-l1-1-0.dll
0x0000018de3d00000 - 0x0000018de3d03000 	C:\Program Files\Java\javafx-sdk-23\bin\api-ms-win-core-synch-l1-1-0.dll
0x0000018de3d10000 - 0x0000018de3d13000 	C:\Program Files\Java\javafx-sdk-23\bin\api-ms-win-core-synch-l1-2-0.dll
0x0000018de3d20000 - 0x0000018de3d23000 	C:\Program Files\Java\javafx-sdk-23\bin\api-ms-win-core-sysinfo-l1-1-0.dll
0x0000018de3d30000 - 0x0000018de3d33000 	C:\Program Files\Java\javafx-sdk-23\bin\api-ms-win-core-timezone-l1-1-0.dll
0x0000018de3d40000 - 0x0000018de3d43000 	C:\Program Files\Java\javafx-sdk-23\bin\api-ms-win-core-util-l1-1-0.dll
0x0000018de3d50000 - 0x0000018de3d53000 	C:\Program Files\Java\javafx-sdk-23\bin\api-ms-win-crt-conio-l1-1-0.dll
0x0000018de3d60000 - 0x0000018de3d64000 	C:\Program Files\Java\javafx-sdk-23\bin\api-ms-win-crt-convert-l1-1-0.dll
0x0000018de3d70000 - 0x0000018de3d73000 	C:\Program Files\Java\javafx-sdk-23\bin\api-ms-win-crt-environment-l1-1-0.dll
0x0000018de3d80000 - 0x0000018de3d83000 	C:\Program Files\Java\javafx-sdk-23\bin\api-ms-win-crt-filesystem-l1-1-0.dll
0x0000018de3d90000 - 0x0000018de3d93000 	C:\Program Files\Java\javafx-sdk-23\bin\api-ms-win-crt-heap-l1-1-0.dll
0x0000018de3da0000 - 0x0000018de3da3000 	C:\Program Files\Java\javafx-sdk-23\bin\api-ms-win-crt-locale-l1-1-0.dll
0x0000018de3db0000 - 0x0000018de3db5000 	C:\Program Files\Java\javafx-sdk-23\bin\api-ms-win-crt-math-l1-1-0.dll
0x0000018de3dc0000 - 0x0000018de3dc5000 	C:\Program Files\Java\javafx-sdk-23\bin\api-ms-win-crt-multibyte-l1-1-0.dll
0x0000018de3dd0000 - 0x0000018de3de0000 	C:\Program Files\Java\javafx-sdk-23\bin\api-ms-win-crt-private-l1-1-0.dll
0x0000018de3f90000 - 0x0000018de3f93000 	C:\Program Files\Java\javafx-sdk-23\bin\api-ms-win-crt-process-l1-1-0.dll
0x0000018de3fa0000 - 0x0000018de3fa4000 	C:\Program Files\Java\javafx-sdk-23\bin\api-ms-win-crt-runtime-l1-1-0.dll
0x0000018de3fb0000 - 0x0000018de3fb4000 	C:\Program Files\Java\javafx-sdk-23\bin\api-ms-win-crt-stdio-l1-1-0.dll
0x0000018de3fc0000 - 0x0000018de3fc4000 	C:\Program Files\Java\javafx-sdk-23\bin\api-ms-win-crt-string-l1-1-0.dll
0x0000018de3fd0000 - 0x0000018de3fd3000 	C:\Program Files\Java\javafx-sdk-23\bin\api-ms-win-crt-time-l1-1-0.dll
0x0000018de3fe0000 - 0x0000018de3fe3000 	C:\Program Files\Java\javafx-sdk-23\bin\api-ms-win-crt-utility-l1-1-0.dll
0x00007ffd483c0000 - 0x00007ffd484bc000 	C:\Program Files\Java\javafx-sdk-23\bin\ucrtbase.dll
0x00007ffd87bf0000 - 0x00007ffd87c0b000 	C:\Program Files\Java\javafx-sdk-23\bin\vcruntime140.dll
0x00007ffd87c50000 - 0x00007ffd87c5c000 	C:\Program Files\Java\javafx-sdk-23\bin\vcruntime140_1.dll
0x00007ffd86fd0000 - 0x00007ffd8705e000 	C:\Program Files\Java\javafx-sdk-23\bin\msvcp140.dll
0x00007ffd87be0000 - 0x00007ffd87be9000 	C:\Program Files\Java\javafx-sdk-23\bin\msvcp140_1.dll
0x00007ffd87140000 - 0x00007ffd87181000 	C:\Program Files\Java\javafx-sdk-23\bin\msvcp140_2.dll
0x00007ffd874a0000 - 0x00007ffd874d0000 	C:\Program Files\Java\javafx-sdk-23\bin\prism_d3d.dll
0x00007ffd7fa50000 - 0x00007ffd7fbf6000 	C:\WINDOWS\system32\d3d9.dll
0x00007ffd96ca0000 - 0x00007ffd96cce000 	C:\WINDOWS\SYSTEM32\dwmapi.dll
0x00007ffd96a80000 - 0x00007ffd96ac0000 	C:\WINDOWS\SYSTEM32\dxcore.dll
0x00007ffd96810000 - 0x00007ffd968bd000 	C:\WINDOWS\system32\uxtheme.dll
0x00007ffd22200000 - 0x00007ffd2245f000 	C:\WINDOWS\System32\DriverStore\FileRepository\iigd_dch.inf_amd64_f63934308f6cc308\igdumdim64.dll
0x00007ffcf1330000 - 0x00007ffcf2879000 	C:\WINDOWS\System32\DriverStore\FileRepository\iigd_dch.inf_amd64_f63934308f6cc308\igd9dxva64.dll
0x00007ffd9d3e0000 - 0x00007ffd9d865000 	C:\WINDOWS\System32\SETUPAPI.dll
0x00007ffd9bd50000 - 0x00007ffd9bdaf000 	C:\WINDOWS\SYSTEM32\cfgmgr32.dll
0x00007ffd29000000 - 0x00007ffd2ad2b000 	C:\WINDOWS\System32\DriverStore\FileRepository\iigd_dch.inf_amd64_f63934308f6cc308\media_bin_64.dll
0x00007ffd8ebf0000 - 0x00007ffd8f02e000 	C:\WINDOWS\System32\DriverStore\FileRepository\iigd_dch.inf_amd64_f63934308f6cc308\igdgmm64.dll
0x00007ffd96af0000 - 0x00007ffd96b47000 	C:\WINDOWS\SYSTEM32\directxdatabasehelper.dll
0x00007ffd27dc0000 - 0x00007ffd27e81000 	C:\WINDOWS\System32\DriverStore\FileRepository\nvami.inf_amd64_316dbd6d38c5c59e\nvldumdx.dll
0x00007ffd9b970000 - 0x00007ffd9b983000 	C:\WINDOWS\SYSTEM32\msasn1.dll
0x00007ffd893d0000 - 0x00007ffd8940b000 	C:\WINDOWS\SYSTEM32\cryptnet.dll
0x00007ffd9c3f0000 - 0x00007ffd9c566000 	C:\WINDOWS\System32\CRYPT32.dll
0x00007ffd9b870000 - 0x00007ffd9b87c000 	C:\WINDOWS\SYSTEM32\cryptbase.dll
0x00007ffd9b910000 - 0x00007ffd9b96d000 	C:\WINDOWS\SYSTEM32\wldp.dll
0x00007ffd91790000 - 0x00007ffd91901000 	C:\WINDOWS\SYSTEM32\drvstore.dll
0x00007ffd9bdc0000 - 0x00007ffd9bded000 	C:\WINDOWS\SYSTEM32\devobj.dll
0x00007ffd9c9f0000 - 0x00007ffd9ca6a000 	C:\WINDOWS\System32\wintrust.dll
0x00007ffd9d210000 - 0x00007ffd9d230000 	C:\WINDOWS\System32\imagehlp.dll
0x00007ffd9b850000 - 0x00007ffd9b86c000 	C:\WINDOWS\SYSTEM32\CRYPTSP.dll
0x00007ffd9b010000 - 0x00007ffd9b048000 	C:\WINDOWS\system32\rsaenh.dll
0x00007ffd9ba20000 - 0x00007ffd9ba46000 	C:\WINDOWS\SYSTEM32\bcrypt.dll
0x00007ffd19360000 - 0x00007ffd1b34e000 	C:\WINDOWS\System32\DriverStore\FileRepository\nvami.inf_amd64_316dbd6d38c5c59e\nvgpucomp64.dll
0x00007ffcef890000 - 0x00007ffcf1324000 	C:\WINDOWS\System32\DriverStore\FileRepository\nvami.inf_amd64_316dbd6d38c5c59e\nvd3dumx.dll
0x00007ffd86970000 - 0x00007ffd869b5000 	C:\Program Files\Java\javafx-sdk-23\bin\glass.dll
0x00007ffd9d120000 - 0x00007ffd9d20d000 	C:\WINDOWS\System32\COMDLG32.dll
0x00007ffd9e770000 - 0x00007ffd9e8cb000 	C:\WINDOWS\System32\MSCTF.dll
0x00007ffd53f20000 - 0x00007ffd53f47000 	C:\WINDOWS\System32\DriverStore\FileRepository\iigd_dch.inf_amd64_f63934308f6cc308\igdinfo64.dll
0x00007ffd8a900000 - 0x00007ffd8e942000 	C:\WINDOWS\System32\DriverStore\FileRepository\iigd_dch.inf_amd64_f63934308f6cc308\igc64.dll
0x00007ffd9ea80000 - 0x00007ffd9eb28000 	C:\WINDOWS\System32\clbcatq.dll

dbghelp: loaded successfully - version: 4.0.5 - missing functions: none
symbol engine: initialized successfully - sym options: 0x614 - pdb path: .;C:\Users\slava\.jdks\openjdk-23.0.1\bin;C:\WINDOWS\SYSTEM32;C:\WINDOWS\WinSxS\amd64_microsoft.windows.common-controls_6595b64144ccf1df_6.0.26100.1882_none_3e0e949ae32eca40;C:\Users\slava\.jdks\openjdk-23.0.1\bin\server;C:\Program Files\JetBrains\IntelliJ IDEA Community Edition 2024.2.2\bin;C:\Program Files\Java\javafx-sdk-23\bin;C:\WINDOWS\System32\DriverStore\FileRepository\iigd_dch.inf_amd64_f63934308f6cc308;C:\WINDOWS\System32\DriverStore\FileRepository\nvami.inf_amd64_316dbd6d38c5c59e;C:\Program Files\Common Files\Microsoft Shared\Ink;C:\Users\slava\.jssc\windows

VM Arguments:
jvm_args: --module-path=C:\Program Files\Java\javafx-sdk-23\lib --add-modules=javafx.controls,javafx.fxml --enable-preview -javaagent:C:\Program Files\JetBrains\IntelliJ IDEA Community Edition 2024.2.2\lib\idea_rt.jar=64422:C:\Program Files\JetBrains\IntelliJ IDEA Community Edition 2024.2.2\bin -Dfile.encoding=UTF-8 -Dsun.stdout.encoding=UTF-8 -Dsun.stderr.encoding=UTF-8 
java_command: Main
java_class_path (initial): C:\Users\slava\IdeaProjects\gen2\out\production\gen2;C:\Program Files\Java\javafx-sdk-23\lib\javafx-swt.jar;C:\Program Files\Java\javafx-sdk-23\lib\javafx.web.jar;C:\Program Files\Java\javafx-sdk-23\lib\javafx.base.jar;C:\Program Files\Java\javafx-sdk-23\lib\javafx.fxml.jar;C:\Program Files\Java\javafx-sdk-23\lib\javafx.media.jar;C:\Program Files\Java\javafx-sdk-23\lib\javafx.swing.jar;C:\Program Files\Java\javafx-sdk-23\lib\javafx.controls.jar;C:\Program Files\Java\javafx-sdk-23\lib\javafx.graphics.jar;C:\Users\slava\Downloads\jSSC-2.8.0-Release\jSSC-2.8.0-Release\jssc.jar
Launcher Type: SUN_STANDARD

[Global flags]
     intx CICompilerCount                          = 4                                         {product} {ergonomic}
     uint ConcGCThreads                            = 2                                         {product} {ergonomic}
     uint G1ConcRefinementThreads                  = 8                                         {product} {ergonomic}
   size_t G1HeapRegionSize                         = 2097152                                   {product} {ergonomic}
   size_t InitialHeapSize                          = 264241152                                 {product} {ergonomic}
   size_t MarkStackSize                            = 4194304                                   {product} {ergonomic}
   size_t MarkStackSizeMax                         = 536870912                                 {product} {ergonomic}
   size_t MaxHeapSize                              = 4215275520                                {product} {ergonomic}
   size_t MaxNewSize                               = 2529165312                                {product} {ergonomic}
   size_t MinHeapDeltaBytes                        = 2097152                                   {product} {ergonomic}
   size_t MinHeapSize                              = 8388608                                   {product} {ergonomic}
    uintx NonNMethodCodeHeapSize                   = 5832704                                {pd product} {ergonomic}
    uintx NonProfiledCodeHeapSize                  = 122945536                              {pd product} {ergonomic}
    uintx ProfiledCodeHeapSize                     = 122880000                              {pd product} {ergonomic}
    uintx ReservedCodeCacheSize                    = 251658240                              {pd product} {ergonomic}
     bool SegmentedCodeCache                       = true                                      {product} {ergonomic}
   size_t SoftMaxHeapSize                          = 4215275520                             {manageable} {ergonomic}
     bool UseCompressedOops                        = true                           {product lp64_product} {ergonomic}
     bool UseG1GC                                  = true                                      {product} {ergonomic}
     bool UseLargePagesIndividualAllocation        = false                                  {pd product} {ergonomic}

Logging:
Log output configuration:
 #0: stdout all=warning uptime,level,tags foldmultilines=false
 #1: stderr all=off uptime,level,tags foldmultilines=false

Environment Variables:
PATH=C:\Program Files (x86)\Common Files\Oracle\Java\java8path;C:\Program Files (x86)\Common Files\Oracle\Java\javapath;C:\WINDOWS\system32;C:\WINDOWS;C:\WINDOWS\System32\Wbem;C:\WINDOWS\System32\WindowsPowerShell\v1.0\;C:\WINDOWS\System32\OpenSSH\;C:\Program Files\dotnet\;C:\Program Files\NVIDIA Corporation\NVIDIA NvDLISR;C:\Program Files (x86)\NVIDIA Corporation\PhysX\Common;C:\Program Files\PuTTY\;C:\Program Files\Git\cmd;C:\Users\slava\AppData\Local\Microsoft\WindowsApps;
USERNAME=slava
OS=Windows_NT
PROCESSOR_IDENTIFIER=Intel64 Family 6 Model 140 Stepping 1, GenuineIntel
TMP=C:\Users\slava\AppData\Local\Temp
TEMP=C:\Users\slava\AppData\Local\Temp




Periodic native trim disabled

---------------  S Y S T E M  ---------------

OS:
 Windows 11 , 64 bit Build 26100 (10.0.26100.1882)
OS uptime: 6 days 6:06 hours

CPU: total 8 (initial active 8) (4 cores per cpu, 2 threads per core) family 6 model 140 stepping 1 microcode 0x86, cx8, cmov, fxsr, ht, mmx, 3dnowpref, sse, sse2, sse3, ssse3, sse4.1, sse4.2, popcnt, lzcnt, tsc, tscinvbit, avx, avx2, aes, erms, clmul, bmi1, bmi2, adx, avx512f, avx512dq, avx512cd, avx512bw, avx512vl, sha, fma, vzeroupper, avx512_vpopcntdq, avx512_vpclmulqdq, avx512_vaes, avx512_vnni, clflush, clflushopt, clwb, avx512_vbmi2, avx512_vbmi, rdtscp, rdpid, fsrm, gfni, avx512_bitalg, f16c, pku, cet_ibt, cet_ss, avx512_ifma
Processor Information for the first 8 processors :
  Max Mhz: 3110, Current Mhz: 3110, Mhz Limit: 3110

Memory: 4k page, system-wide physical 16075M (3560M free)
TotalPageFile size 27339M (AvailPageFile size 7607M)
current process WorkingSet (physical memory assigned to process): 157M, peak: 157M
current process commit charge ("private bytes"): 424M, peak: 424M

vm_info: OpenJDK 64-Bit Server VM (23.0.1+11-39) for windows-amd64 JRE (23.0.1+11-39), built on 2024-09-30T07:20:43Z with MS VC++ 17.6 (VS2022)

END.
