#
# A fatal error has been detected by the Java Runtime Environment:
#
#  EXCEPTION_ACCESS_VIOLATION (0xc0000005) at pc=0x000000007110b5db, pid=32464, tid=13208
#
# JRE version: OpenJDK Runtime Environment (23.0.1+11) (build 23.0.1+11-39)
# Java VM: OpenJDK 64-Bit Server VM (23.0.1+11-39, mixed mode, sharing, tiered, compressed oops, compressed class ptrs, g1 gc, windows-amd64)
# Problematic frame:
# C  0x000000007110b5db
#
# No core dump will be written. Minidumps are not enabled by default on client versions of Windows
#
# If you would like to submit a bug report, please visit:
#   https://bugreport.java.com/bugreport/crash.jsp
# The crash happened outside the Java Virtual Machine in native code.
# See problematic frame for where to report the bug.
#

---------------  S U M M A R Y ------------

Command Line: --module-path=C:\Program Files\Java\javafx-sdk-23\lib --add-modules=javafx.controls,javafx.fxml --enable-preview -javaagent:C:\Program Files\JetBrains\IntelliJ IDEA Community Edition 2024.2.2\lib\idea_rt.jar=64168:C:\Program Files\JetBrains\IntelliJ IDEA Community Edition 2024.2.2\bin -Dfile.encoding=UTF-8 -Dsun.stdout.encoding=UTF-8 -Dsun.stderr.encoding=UTF-8 Main

Host: 11th Gen Intel(R) Core(TM) i5-11300H @ 3.10GHz, 8 cores, 15G,  Windows 11 , 64 bit Build 26100 (10.0.26100.1882)
Time: Tue Oct 29 01:47:12 2024  Windows 11 , 64 bit Build 26100 (10.0.26100.1882) elapsed time: 0.977717 seconds (0d 0h 0m 0s)

---------------  T H R E A D  ---------------

Current thread (0x000001f2639fc590):  JavaThread "JavaFX Application Thread"        [_thread_in_native, id=13208, stack(0x0000008789e00000,0x0000008789f00000) (1024K)]

Stack: [0x0000008789e00000,0x0000008789f00000],  sp=0x0000008789efe2c0,  free space=1016k
Native frames: (J=compiled Java code, j=interpreted, Vv=VM code, C=native code)
C  0x000000007110b5db  (no source info available)
C  0x0000000071112590  (no source info available)
C  0x0000000071101595  (no source info available)
C  0x000001f20fbad307  (no source info available)

The last pc belongs to native method entry point (kind = native) (printed below).
Java frames: (J=compiled Java code, j=interpreted, Vv=VM code)
j  jssc.SerialNativeInterface.openPort(Ljava/lang/String;Z)J+0
j  jssc.SerialPort.openPort()Z+65
j  SerialPortDetector.findMicrocontrollerPort()Ljssc/SerialPort;+37
j  ChartController.fetchDataAndUpdateChart(Ljavafx/scene/chart/XYChart$Series;)V+9
j  ChartController.<init>(Ljavafx/scene/layout/VBox;)V+74
j  Main.start(Ljavafx/stage/Stage;)V+34
j  com.sun.javafx.application.LauncherImpl.lambda$launchApplication1$9(Ljava/util/concurrent/atomic/AtomicBoolean;Ljavafx/application/Application;)V+20 javafx.graphics@23
j  com.sun.javafx.application.LauncherImpl$$Lambda+0x000001f21f090000.run()V+8 javafx.graphics@23
j  com.sun.javafx.application.PlatformImpl.lambda$runAndWait$12(Ljava/lang/Runnable;Ljava/util/concurrent/CountDownLatch;)V+1 javafx.graphics@23
j  com.sun.javafx.application.PlatformImpl$$Lambda+0x000001f21f089630.run()V+8 javafx.graphics@23
j  com.sun.javafx.application.PlatformImpl.lambda$runLater$10(Ljava/lang/Runnable;)Ljava/lang/Void;+1 javafx.graphics@23
j  com.sun.javafx.application.PlatformImpl$$Lambda+0x000001f21f08a8f8.run()Ljava/lang/Object;+4 javafx.graphics@23
j  java.security.AccessController.executePrivileged(Ljava/security/PrivilegedAction;Ljava/security/AccessControlContext;Ljava/lang/Class;)Ljava/lang/Object;+29 java.base@23.0.1
j  java.security.AccessController.doPrivileged(Ljava/security/PrivilegedAction;Ljava/security/AccessControlContext;)Ljava/lang/Object;+13 java.base@23.0.1
j  com.sun.javafx.application.PlatformImpl.lambda$runLater$11(Ljava/lang/Runnable;Ljava/security/AccessControlContext;)V+7 javafx.graphics@23
j  com.sun.javafx.application.PlatformImpl$$Lambda+0x000001f21f089c60.run()V+8 javafx.graphics@23
j  com.sun.glass.ui.InvokeLaterDispatcher$Future.run()V+4 javafx.graphics@23
v  ~StubRoutines::call_stub 0x000001f20fba0fcd
j  com.sun.glass.ui.win.WinApplication._runLoop(Ljava/lang/Runnable;)V+0 javafx.graphics@23
j  com.sun.glass.ui.win.WinApplication.lambda$runLoop$3(ILjava/lang/Runnable;)V+8 javafx.graphics@23
j  com.sun.glass.ui.win.WinApplication$$Lambda+0x000001f21f0321c8.run()V+12 javafx.graphics@23
j  java.lang.Thread.runWith(Ljava/lang/Object;Ljava/lang/Runnable;)V+5 java.base@23.0.1
j  java.lang.Thread.run()V+19 java.base@23.0.1
v  ~StubRoutines::call_stub 0x000001f20fba0fcd

siginfo: EXCEPTION_ACCESS_VIOLATION (0xc0000005), reading address 0x0000000069f541f2


Registers:
RAX=0x0000000069f541f2, RBX=0x0000008789efe330, RCX=0x00007ffd9ee9f814, RDX=0x0000000000000000
RSP=0x0000008789efe2c0, RBP=0x0000008789efe440, RSI=0x000001f2639fc950, RDI=0x00000000000007a8
R8 =0x0000008789efe1b8, R9 =0x0000000000000000, R10=0x0000000000000000, R11=0x0000000000000246
R12=0x0000008789efe500, R13=0x000001f26413fb30, R14=0x0000008789efe3f0, R15=0x000001f2639fc590
RIP=0x000000007110b5db, EFLAGS=0x0000000000010202


Register to memory mapping:

RAX=0x0000000069f541f2 is an unknown value
RBX=0x0000008789efe330 is pointing into the stack for thread: 0x000001f2639fc590
RCX=0x00007ffd9ee9f814 ntdll.dll
RDX=0x0 is null
RSP=0x0000008789efe2c0 is pointing into the stack for thread: 0x000001f2639fc590
RBP=0x0000008789efe440 is pointing into the stack for thread: 0x000001f2639fc590
RSI=0x000001f2639fc950 points into unknown readable memory: 0x00007ffd2ef65e00 | 00 5e f6 2e fd 7f 00 00
RDI=0x00000000000007a8 is an unknown value
R8 =0x0000008789efe1b8 is pointing into the stack for thread: 0x000001f2639fc590
R9 =0x0 is null
R10=0x0 is null
R11=0x0000000000000246 is an unknown value
R12=0x0000008789efe500 is pointing into the stack for thread: 0x000001f2639fc590
R13=0x000001f26413fb30 points into unknown readable memory: 0x00000031314d4f43 | 43 4f 4d 31 31 00 00 00
R14=0x0000008789efe3f0 is pointing into the stack for thread: 0x000001f2639fc590
R15=0x000001f2639fc590 is a thread

Top of Stack: (sp=0x0000008789efe2c0)
0x0000008789efe2c0:   0000008789efe2e8 0000000000000000
0x0000008789efe2d0:   000000007110b230 0000008789efe3f0
0x0000008789efe2e0:   000001f26413fb30 0000000000000004
0x0000008789efe2f0:   000001f2639fc950 00000000000007a8
0x0000008789efe300:   0000008789efe440 0000000071112590
0x0000008789efe310:   000001f27bee0000 0000008700000000
0x0000008789efe320:   000001f263e1aa90 00000000c0000000
0x0000008789efe330:   00000000000007a8 00007ffd9c6a75af
0x0000008789efe340:   000001f2639fc590 0000008789efe3f0
0x0000008789efe350:   000001f26413fb30 0000008789efe500
0x0000008789efe360:   0000000071113500 0000000071113be8
0x0000008789efe370:   0000008789efe3a0 0000000071112641
0x0000008789efe380:   0000008789efe310 0000000000000000
0x0000008789efe390:   000001f26413fb30 0000000000000000
0x0000008789efe3a0:   0000008789efe440 0000000071101595
0x0000008789efe3b0:   000000000000001c 000001f200000000
0x0000008789efe3c0:   0000008789efe400 0000008789efe508
0x0000008789efe3d0:   000001f200000003 00007ffd40000000
0x0000008789efe3e0:   0000000000000000 000001f20fbc3b80
0x0000008789efe3f0:   314d4f435c2e5c5c 000001f2639f0031
0x0000008789efe400:   000001005c2e5c5c 000001f2639fc590
0x0000008789efe410:   000001f25f94fb88 000001f25f1ad858
0x0000008789efe420:   0000000000000200 0000000000000000
0x0000008789efe430:   000001f25f94fb88 0000008789efe508
0x0000008789efe440:   0000008789efe4d8 000001f20fbad307
0x0000008789efe450:   0000000000000200 000001f20fbacfde
0x0000008789efe460:   000001f25f94fb88 000001f25f1ad858
0x0000008789efe470:   0000000000000000 0000000704dda760
0x0000008789efe480:   000000071416e808 000001f20fbacf9b
0x0000008789efe490:   fffffffffffffff7 000001f25f94fb88
0x0000008789efe4a0:   0000000000000006 000001f25f950ea8
0x0000008789efe4b0:   0000000000000000 00000007141599c8 

Instructions: (pc=0x000000007110b5db)
0x000000007110b4db:   48 85 c0 74 bf 44 8b 03 45 85 c0 0f 84 77 ff ff
0x000000007110b4eb:   ff eb 9f 66 90 e8 8b fe ff ff 48 89 05 0c 34 01
0x000000007110b4fb:   00 eb ad 66 90 e8 7b fe ff ff 48 89 05 fc 33 01
0x000000007110b50b:   00 eb 8b e8 8d fe ff ff c7 03 01 00 00 00 e9 6f
0x000000007110b51b:   ff ff ff 66 90 55 48 89 e5 56 53 48 83 ec 20 48
0x000000007110b52b:   8b 05 d7 33 01 00 48 8b 31 48 89 cb 48 85 c0 74
0x000000007110b53b:   56 44 8b 18 45 85 db 78 42 48 8b 05 bd 33 01 00
0x000000007110b54b:   48 85 c0 74 50 44 8b 10 45 85 d2 74 1d 48 89 f1
0x000000007110b55b:   e8 d0 fd ff ff 48 8b 13 48 8d 42 40 48 8b 48 08
0x000000007110b56b:   48 8b 6a 40 48 8b 60 10 ff e1 48 8b 05 9c 33 01
0x000000007110b57b:   00 48 85 c0 74 2d 48 89 30 eb da e8 b5 fe ff ff
0x000000007110b58b:   0f 1f 44 00 00 eb b2 e8 e9 fd ff ff 48 89 05 6a
0x000000007110b59b:   33 01 00 eb 9c e8 db fd ff ff 48 89 05 5c 33 01
0x000000007110b5ab:   00 eb a2 e8 3d fd ff ff 48 89 05 5e 33 01 00 eb
0x000000007110b5bb:   c5 0f 1f 40 00 55 57 56 53 48 83 ec 28 48 8b 05
0x000000007110b5cb:   39 33 01 00 48 89 cb 48 85 c0 0f 84 c5 00 00 00
0x000000007110b5db:   8b 38 85 ff 0f 88 ab 00 00 00 48 8b 05 1c 33 01
0x000000007110b5eb:   00 48 85 c0 0f 84 bc 00 00 00 8b 30 85 f6 74 57
0x000000007110b5fb:   48 8b 05 0e 33 01 00 48 85 c0 0f 84 e5 00 00 00
0x000000007110b60b:   8b 28 48 8b 35 10 5e 01 00 ff d6 89 c7 89 e9 ff
0x000000007110b61b:   15 f4 5e 01 00 89 f9 48 89 c5 ff 15 b9 5e 01 00
0x000000007110b62b:   48 8b 05 de 32 01 00 48 89 2b 48 85 c0 74 46 48
0x000000007110b63b:   89 da 8b 08 ff 15 d7 5e 01 00 85 c0 74 27 48 83
0x000000007110b64b:   c4 28 5b 5e 5f 5d c3 48 8b 05 bf 32 01 00 48 85
0x000000007110b65b:   c0 74 64 48 8b 10 48 89 13 48 89 18 48 83 c4 28
0x000000007110b66b:   5b 5e 5f 5d c3 48 89 f2 48 83 c4 28 5b 5e 5f 5d
0x000000007110b67b:   48 ff e2 66 90 e8 8b fc ff ff 48 89 05 84 32 01
0x000000007110b68b:   00 eb ac 66 90 e8 ab fd ff ff e9 4b ff ff ff 66
0x000000007110b69b:   0f 1f 44 00 00 e8 db fc ff ff 48 89 05 5c 32 01
0x000000007110b6ab:   00 e9 2a ff ff ff e8 ca fc ff ff 48 89 05 4b 32
0x000000007110b6bb:   01 00 e9 33 ff ff ff e8 29 fc ff ff 48 89 05 4a
0x000000007110b6cb:   32 01 00 48 8b 10 48 85 c0 48 89 13 75 8b e8 12 


Stack slot to memory mapping:

stack at sp + 0 slots: 0x0000008789efe2e8 is pointing into the stack for thread: 0x000001f2639fc590
stack at sp + 1 slots: 0x0 is null
stack at sp + 2 slots: 0x000000007110b230 points into unknown readable memory: 0x66c3ffffffff01c7 | c7 01 ff ff ff ff c3 66
stack at sp + 3 slots: 0x0000008789efe3f0 is pointing into the stack for thread: 0x000001f2639fc590
stack at sp + 4 slots: 0x000001f26413fb30 points into unknown readable memory: 0x00000031314d4f43 | 43 4f 4d 31 31 00 00 00
stack at sp + 5 slots: 0x0000000000000004 is an unknown value
stack at sp + 6 slots: 0x000001f2639fc950 points into unknown readable memory: 0x00007ffd2ef65e00 | 00 5e f6 2e fd 7f 00 00
stack at sp + 7 slots: 0x00000000000007a8 is an unknown value

Lock stack of current Java thread (top to bottom):

native method entry point (kind = native)  [0x000001f20fbacee0, 0x000001f20fbadb38]  3160 bytes
[MachCode]
  0x000001f20fbacee0: 488b 4b08 | 0fb7 492e | 584c 8d74 | ccf8 6800 | 0000 0068 | 0000 0000 | 5055 488b | ec41 5568 
  0x000001f20fbacf00: 0000 0000 | 4c8b 6b08 | 4d8d 6d38 | 5348 8b53 | 0848 8b52 | 0848 8b52 | 1848 8b52 | 7048 8b12 
  0x000001f20fbacf20: 5248 8b53 | 1048 85d2 | 0f84 0700 | 0000 4881 | c210 0100 | 0052 488b | 5308 488b | 5208 488b 
  0x000001f20fbacf40: 5210 5249 | 8bc6 482b | c548 c1e8 | 0350 6800 | 0000 0068 | f7ff ffff | 41c6 8771 | 0400 0001 
  0x000001f20fbacf60: 488b 4310 | 4885 c074 | 208b 88cc | 0000 0083 | c102 8988 | cc00 0000 | 2388 e000 | 0000 0f84 
  0x000001f20fbacf80: 000b 0000 | e9cf 0000 | 0048 8b43 | 1848 85c0 | 0f85 b000 | 0000 e805 | 0000 00e9 | 9900 0000 
  0x000001f20fbacfa0: 488b d348 | 8d44 2408 | 4c89 6dc0 | 498b cfc5 | f877 4989 | afb0 0300 | 0049 8987 | a003 0000 
  0x000001f20fbacfc0: 4883 ec20 | 40f6 c40f | 0f84 1900 | 0000 4883 | ec08 48b8 | 9026 752e | fd7f 0000 | ffd0 4883 
  0x000001f20fbacfe0: c408 e90c | 0000 0048 | b890 2675 | 2efd 7f00 | 00ff d048 | 83c4 2049 | c787 a003 | 0000 0000 
  0x000001f20fbad000: 0000 49c7 | 87b0 0300 | 0000 0000 | 0049 c787 | a803 0000 | 0000 0000 | c5f8 7749 | 837f 0800 
  0x000001f20fbad020: 0f84 0500 | 0000 e995 | 3eff ff4c | 8b6d c04c | 8b75 c84e | 8d74 f500 | c348 8b43 | 1848 85c0 
  0x000001f20fbad040: 0f84 1200 | 0000 8b48 | 0883 c102 | 8948 0823 | 481c 0f84 | 2c0a 0000 | 493b a7e8 | 0400 000f 
  0x000001f20fbad060: 8748 0000 | 0089 8424 | 00f0 ffff | 8984 2400 | e0ff ff89 | 8424 00d0 | ffff 8984 | 2400 c0ff 
  0x000001f20fbad080: ff89 8424 | 00b0 ffff | 8984 2400 | a0ff ff89 | 8424 0090 | ffff 8984 | 2400 80ff | ff49 3ba7 
  0x000001f20fbad0a0: e004 0000 | 7607 4989 | a7e8 0400 | 0041 c687 | 7104 0000 | 0049 ba41 | adfc 2efd | 7f00 0041 
  0x000001f20fbad0c0: 803a 000f | 843e 0000 | 0048 8b55 | e849 8bcf | 4883 ec20 | 40f6 c40f | 0f84 1900 | 0000 4883 
  0x000001f20fbad0e0: ec08 48b8 | 10ee ac2e | fd7f 0000 | ffd0 4883 | c408 e90c | 0000 0048 | b810 eeac | 2efd 7f00 
  0x000001f20fbad100: 00ff d048 | 83c4 2048 | 8b5d e84c | 8b5b 0845 | 0fb7 5b2e | 41c1 e303 | 492b e348 | 83ec 2048 
  0x000001f20fbad120: 83e4 f04c | 8b5b 604d | 85db 0f85 | ab00 0000 | e805 0000 | 00e9 9900 | 0000 488b | d348 8d44 
  0x000001f20fbad140: 2408 4c89 | 6dc0 498b | cfc5 f877 | 4989 afb0 | 0300 0049 | 8987 a003 | 0000 4883 | ec20 40f6 
  0x000001f20fbad160: c40f 0f84 | 1900 0000 | 4883 ec08 | 48b8 f04d | 752e fd7f | 0000 ffd0 | 4883 c408 | e90c 0000 
  0x000001f20fbad180: 0048 b8f0 | 4d75 2efd | 7f00 00ff | d048 83c4 | 2049 c787 | a003 0000 | 0000 0000 | 49c7 87b0 
  0x000001f20fbad1a0: 0300 0000 | 0000 0049 | c787 a803 | 0000 0000 | 0000 c5f8 | 7749 837f | 0800 0f84 | 0500 0000 
  0x000001f20fbad1c0: e9fb 3cff | ff4c 8b6d | c04c 8b75 | c84e 8d74 | f500 c348 | 8b5d e84c | 8b5b 6041 | ffd3 488b 
  0x000001f20fbad1e0: 5de8 4889 | 4518 448b | 5b28 41f6 | c308 0f84 | 1b00 0000 | 4c8b 5b08 | 4d8b 5b08 | 4d8b 5b18 
  0x000001f20fbad200: 4d8b 5b70 | 4d8b 1b4c | 895d 1048 | 8d55 1048 | 8b43 5849 | ba60 3cad | 2efd 7f00 | 0049 3bc2 
  0x000001f20fbad220: 0f85 ab00 | 0000 e805 | 0000 00e9 | 9900 0000 | 488b d348 | 8d44 2408 | 4c89 6dc0 | 498b cfc5 
  0x000001f20fbad240: f877 4989 | afb0 0300 | 0049 8987 | a003 0000 | 4883 ec20 | 40f6 c40f | 0f84 1900 | 0000 4883 
  0x000001f20fbad260: ec08 48b8 | f04d 752e | fd7f 0000 | ffd0 4883 | c408 e90c | 0000 0048 | b8f0 4d75 | 2efd 7f00 
  0x000001f20fbad280: 00ff d048 | 83c4 2049 | c787 a003 | 0000 0000 | 0000 49c7 | 87b0 0300 | 0000 0000 | 0049 c787 
  0x000001f20fbad2a0: a803 0000 | 0000 0000 | c5f8 7749 | 837f 0800 | 0f84 0500 | 0000 e905 | 3cff ff4c | 8b6d c04c 
  0x000001f20fbad2c0: 8b75 c84e | 8d74 f500 | c348 8b5d | e848 8b43 | 5849 8d8f | c003 0000 | c5f8 7749 | 89af b003 
  0x000001f20fbad2e0: 0000 49ba | d8d2 ba0f | f201 0000 | 4d89 97a8 | 0300 0049 | 89a7 a003 | 0000 41c7 | 8744 0400 
  0x000001f20fbad300: 0004 0000 | 00ff d0c5 | f877 4883 | ec10 c5fb | 1104 2448 | 83ec 1048 | 8904 2448 | c744 2408 
  0x000001f20fbad320: 0000 0000 | 41c7 8744 | 0400 0005 | 0000 00f0 | 8344 24c0 | 0049 3baf | 4804 0000 | 0f87 0e00 
  0x000001f20fbad340: 0000 4183 | bf40 0400 | 0000 0f84 | 2000 0000 | 498b cf4c | 8be4 4883 | ec20 4883 | e4f0 48b8 
  0x000001f20fbad360: 90a9 762e | fd7f 0000 | ffd0 498b | e44d 33e4 | 41c7 8744 | 0400 0008 | 0000 0049 | c787 a003 
  0x000001f20fbad380: 0000 0000 | 0000 49c7 | 87b0 0300 | 0000 0000 | 0049 c787 | a803 0000 | 0000 0000 | c5f8 774d 
  0x000001f20fbad3a0: 8b9f 3004 | 0000 41c7 | 8300 0100 | 0000 0000 | 0049 bbda | a5ba 0ff2 | 0100 004c | 3b5d 180f 
  0x000001f20fbad3c0: 8524 0300 | 0048 8b04 | 2448 83c4 | 1048 85c0 | 0f84 fe02 | 0000 a803 | 0f85 0800 | 0000 488b 
  0x000001f20fbad3e0: 00e9 ee02 | 0000 a801 | 0f85 0900 | 0000 488b | 40fe e9dd | 0200 0048 | 8b40 ff41 | 807f 3800 
  0x000001f20fbad400: 0f84 ce02 | 0000 4883 | f800 0f84 | c402 0000 | 4d8b 5f28 | 4983 fb00 | 0f84 1400 | 0000 4983 
  0x000001f20fbad420: eb08 4d89 | 5f28 4d03 | 5f30 4989 | 03e9 a202 | 0000 4881 | ec50 0100 | 0048 8904 | 2448 894c 
  0x000001f20fbad440: 2408 4889 | 5424 1048 | 8974 2418 | 4889 7c24 | 204c 8944 | 2428 4c89 | 4c24 304c | 8954 2438 
  0x000001f20fbad460: 4c89 5c24 | 40c5 fb11 | 4424 50c5 | fb11 4c24 | 58c5 fb11 | 5424 60c5 | fb11 5c24 | 68c5 fb11 
  0x000001f20fbad480: 6424 70c5 | fb11 6c24 | 78c5 fb11 | b424 8000 | 0000 c5fb | 11bc 2488 | 0000 00c5 | 7b11 8424 
  0x000001f20fbad4a0: 9000 0000 | c57b 118c | 2498 0000 | 00c5 7b11 | 9424 a000 | 0000 c57b | 119c 24a8 | 0000 00c5 
  0x000001f20fbad4c0: 7b11 a424 | b000 0000 | c57b 11ac | 24b8 0000 | 00c5 7b11 | b424 c000 | 0000 c57b | 11bc 24c8 
  0x000001f20fbad4e0: 0000 0062 | e1ff 0811 | 4424 1a62 | e1ff 0811 | 4c24 1b62 | e1ff 0811 | 5424 1c62 | e1ff 0811 
  0x000001f20fbad500: 5c24 1d62 | e1ff 0811 | 6424 1e62 | e1ff 0811 | 6c24 1f62 | e1ff 0811 | 7424 2062 | e1ff 0811 
  0x000001f20fbad520: 7c24 2162 | 61ff 0811 | 4424 2262 | 61ff 0811 | 4c24 2362 | 61ff 0811 | 5424 2462 | 61ff 0811 
  0x000001f20fbad540: 5c24 2562 | 61ff 0811 | 6424 2662 | 61ff 0811 | 6c24 2762 | 61ff 0811 | 7424 2862 | 61ff 0811 
  0x000001f20fbad560: 7c24 2949 | 8bd7 488b | c848 83ec | 2040 f6c4 | 0f0f 8419 | 0000 0048 | 83ec 0848 | b8e0 076a 
  0x000001f20fbad580: 2efd 7f00 | 00ff d048 | 83c4 08e9 | 0c00 0000 | 48b8 e007 | 6a2e fd7f | 0000 ffd0 | 4883 c420 
  0x000001f20fbad5a0: 6261 ff08 | 107c 2429 | 6261 ff08 | 1074 2428 | 6261 ff08 | 106c 2427 | 6261 ff08 | 1064 2426 
  0x000001f20fbad5c0: 6261 ff08 | 105c 2425 | 6261 ff08 | 1054 2424 | 6261 ff08 | 104c 2423 | 6261 ff08 | 1044 2422 
  0x000001f20fbad5e0: 62e1 ff08 | 107c 2421 | 62e1 ff08 | 1074 2420 | 62e1 ff08 | 106c 241f | 62e1 ff08 | 1064 241e 
  0x000001f20fbad600: 62e1 ff08 | 105c 241d | 62e1 ff08 | 1054 241c | 62e1 ff08 | 104c 241b | 62e1 ff08 | 1044 241a 
  0x000001f20fbad620: c57b 10bc | 24c8 0000 | 00c5 7b10 | b424 c000 | 0000 c57b | 10ac 24b8 | 0000 00c5 | 7b10 a424 
  0x000001f20fbad640: b000 0000 | c57b 109c | 24a8 0000 | 00c5 7b10 | 9424 a000 | 0000 c57b | 108c 2498 | 0000 00c5 
  0x000001f20fbad660: 7b10 8424 | 9000 0000 | c5fb 10bc | 2488 0000 | 00c5 fb10 | b424 8000 | 0000 c5fb | 106c 2478 
  0x000001f20fbad680: c5fb 1064 | 2470 c5fb | 105c 2468 | c5fb 1054 | 2460 c5fb | 104c 2458 | c5fb 1044 | 2450 4c8b 
  0x000001f20fbad6a0: 5c24 404c | 8b54 2438 | 4c8b 4c24 | 304c 8b44 | 2428 488b | 7c24 2048 | 8b74 2418 | 488b 5424 
  0x000001f20fbad6c0: 1048 8b4c | 2408 488b | 0424 4881 | c450 0100 | 00c5 f877 | 4889 4510 | 4883 ec10 | 4889 0424 
  0x000001f20fbad6e0: 48c7 4424 | 0800 0000 | 0041 83bf | c804 0000 | 020f 85bf | 0000 0048 | 81ec 8000 | 0000 4889 
  0x000001f20fbad700: 4424 7848 | 894c 2470 | 4889 5424 | 6848 895c | 2460 4889 | 6c24 5048 | 8974 2448 | 4889 7c24 
  0x000001f20fbad720: 404c 8944 | 2438 4c89 | 4c24 304c | 8954 2428 | 4c89 5c24 | 204c 8964 | 2418 4c89 | 6c24 104c 
  0x000001f20fbad740: 8974 2408 | 4c89 3c24 | 4c8b e448 | 83ec 2048 | 83e4 f048 | b8c0 22ad | 2efd 7f00 | 00ff d049 
  0x000001f20fbad760: 8be4 4c8b | 3c24 4c8b | 7424 084c | 8b6c 2410 | 4c8b 6424 | 184c 8b5c | 2420 4c8b | 5424 284c 
  0x000001f20fbad780: 8b4c 2430 | 4c8b 4424 | 3848 8b7c | 2440 488b | 7424 4848 | 8b6c 2450 | 488b 5c24 | 6048 8b54 
  0x000001f20fbad7a0: 2468 488b | 4c24 7048 | 8b44 2478 | 4881 c480 | 0000 004d | 33e4 488b | 5de8 4c8b | 6b08 4d8d 
  0x000001f20fbad7c0: 6d38 4983 | 7f08 000f | 84bb 0000 | 00e8 0500 | 0000 e996 | 0000 0048 | 8d44 2408 | 4c89 6dc0 
  0x000001f20fbad7e0: 498b cfc5 | f877 4989 | afb0 0300 | 0049 8987 | a003 0000 | 4883 ec20 | 40f6 c40f | 0f84 1900 
  0x000001f20fbad800: 0000 4883 | ec08 48b8 | 006c 752e | fd7f 0000 | ffd0 4883 | c408 e90c | 0000 0048 | b800 6c75 
  0x000001f20fbad820: 2efd 7f00 | 00ff d048 | 83c4 2049 | c787 a003 | 0000 0000 | 0000 49c7 | 87b0 0300 | 0000 0000 
  0x000001f20fbad840: 0049 c787 | a803 0000 | 0000 0000 | c5f8 7749 | 837f 0800 | 0f84 0500 | 0000 e961 | 36ff ff4c 
  0x000001f20fbad860: 8b6d c04c | 8b75 c84e | 8d74 f500 | c348 b930 | d5d4 2efd | 7f00 0048 | 83e4 f048 | b870 4a9b 
  0x000001f20fbad880: 2efd 7f00 | 00ff d0f4 | 448b 5b28 | 41f6 c320 | 0f84 7901 | 0000 488d | 55a8 4c8b | 5a08 4d85 
  0x000001f20fbad8a0: db0f 85bb | 0000 00e8 | 0500 0000 | e996 0000 | 0048 8d44 | 2408 4c89 | 6dc0 498b | cfc5 f877 
  0x000001f20fbad8c0: 4989 afb0 | 0300 0049 | 8987 a003 | 0000 4883 | ec20 40f6 | c40f 0f84 | 1900 0000 | 4883 ec08 
  0x000001f20fbad8e0: 48b8 306b | 752e fd7f | 0000 ffd0 | 4883 c408 | e90c 0000 | 0048 b830 | 6b75 2efd | 7f00 00ff 
  0x000001f20fbad900: d048 83c4 | 2049 c787 | a003 0000 | 0000 0000 | 49c7 87b0 | 0300 0000 | 0000 0049 | c787 a803 
  0x000001f20fbad920: 0000 0000 | 0000 c5f8 | 7749 837f | 0800 0f84 | 0500 0000 | e987 35ff | ff4c 8b6d | c04c 8b75 
  0x000001f20fbad940: c84e 8d74 | f500 c348 | b930 d5d4 | 2efd 7f00 | 0048 83e4 | f048 b870 | 4a9b 2efd | 7f00 00ff 
  0x000001f20fbad960: d0f4 4c89 | 6dc0 4c8b | 4a08 48c7 | 4208 0000 | 0000 458b | 8718 0600 | 004f 3b4c | 07f8 0f85 
  0x000001f20fbad980: 4900 0000 | 4183 af18 | 0600 0008 | 4f3b 4c07 | f00f 842a | 0000 0049 | 8b01 a802 | 0f85 1200 
  0x000001f20fbad9a0: 0000 4c8b | c049 83c8 | 01f0 4d0f | b101 0f84 | 0d00 0000 | 4183 8718 | 0600 0008 | e90c 0000 
  0x000001f20fbad9c0: 0049 ff8f | 5005 0000 | e93e 0000 | 004c 894a | 0848 8bca | 4883 ec20 | 40f6 c40f | 0f84 1900 
  0x000001f20fbad9e0: 0000 4883 | ec08 48b8 | f03d 752e | fd7f 0000 | ffd0 4883 | c408 e90c | 0000 0048 | b8f0 3d75 
  0x000001f20fbada00: 2efd 7f00 | 00ff d048 | 83c4 204c | 8b6d c049 | ba41 adfc | 2efd 7f00 | 0041 803a | 000f 843e 
  0x000001f20fbada20: 0000 0048 | 8b55 e849 | 8bcf 4883 | ec20 40f6 | c40f 0f84 | 1900 0000 | 4883 ec08 | 48b8 10ee 
  0x000001f20fbada40: ac2e fd7f | 0000 ffd0 | 4883 c408 | e90c 0000 | 0048 b810 | eeac 2efd | 7f00 00ff | d048 83c4 
  0x000001f20fbada60: 2048 8b04 | 2448 83c4 | 10c5 fb10 | 0424 4883 | c410 4c8b | 5d18 41ff | d34c 8b5d | f8c9 5f49 
  0x000001f20fbada80: 8be3 ffe7 | ba00 0000 | 00e8 0500 | 0000 e996 | 0000 0048 | 8d44 2408 | 4c89 6dc0 | 498b cfc5 
  0x000001f20fbadaa0: f877 4989 | afb0 0300 | 0049 8987 | a003 0000 | 4883 ec20 | 40f6 c40f | 0f84 1900 | 0000 4883 
  0x000001f20fbadac0: ec08 48b8 | a031 752e | fd7f 0000 | ffd0 4883 | c408 e90c | 0000 0048 | b8a0 3175 | 2efd 7f00 
  0x000001f20fbadae0: 00ff d048 | 83c4 2049 | c787 a003 | 0000 0000 | 0000 49c7 | 87b0 0300 | 0000 0000 | 0049 c787 
  0x000001f20fbadb00: a803 0000 | 0000 0000 | c5f8 7749 | 837f 0800 | 0f84 0500 | 0000 e9a5 | 33ff ff4c | 8b6d c04c 
  0x000001f20fbadb20: 8b75 c84e | 8d74 f500 | c348 8b5d | e8e9 26f5 | ffff 660f | 1f44 0000 
[/MachCode]

---------------  P R O C E S S  ---------------

Threads class SMR info:
_java_thread_list=0x000001f263c21e40, length=19, elements={
0x000001f27bf14070, 0x000001f21d80bf30, 0x000001f21d80cd40, 0x000001f21d8121e0,
0x000001f21d812c40, 0x000001f21d813850, 0x000001f21d8156d0, 0x000001f21d823ce0,
0x000001f21d824a70, 0x000001f21d965410, 0x000001f26313e0b0, 0x000001f26313e720,
0x000001f263dce010, 0x000001f21daa2b80, 0x000001f2639fc590, 0x000001f263cfb390,
0x000001f263caeae0, 0x000001f263bbd990, 0x000001f263c21100
}

Java Threads: ( => current thread )
  0x000001f27bf14070 JavaThread "main"                              [_thread_blocked, id=29904, stack(0x0000008788c00000,0x0000008788d00000) (1024K)]
  0x000001f21d80bf30 JavaThread "Reference Handler"          daemon [_thread_blocked, id=32136, stack(0x0000008789400000,0x0000008789500000) (1024K)]
  0x000001f21d80cd40 JavaThread "Finalizer"                  daemon [_thread_blocked, id=30572, stack(0x0000008789500000,0x0000008789600000) (1024K)]
  0x000001f21d8121e0 JavaThread "Signal Dispatcher"          daemon [_thread_blocked, id=28200, stack(0x0000008789600000,0x0000008789700000) (1024K)]
  0x000001f21d812c40 JavaThread "Attach Listener"            daemon [_thread_blocked, id=3160, stack(0x0000008789700000,0x0000008789800000) (1024K)]
  0x000001f21d813850 JavaThread "Service Thread"             daemon [_thread_blocked, id=18892, stack(0x0000008789800000,0x0000008789900000) (1024K)]
  0x000001f21d8156d0 JavaThread "Monitor Deflation Thread"   daemon [_thread_blocked, id=29704, stack(0x0000008789900000,0x0000008789a00000) (1024K)]
  0x000001f21d823ce0 JavaThread "C2 CompilerThread0"         daemon [_thread_blocked, id=33940, stack(0x0000008789a00000,0x0000008789b00000) (1024K)]
  0x000001f21d824a70 JavaThread "C1 CompilerThread0"         daemon [_thread_blocked, id=32564, stack(0x0000008789b00000,0x0000008789c00000) (1024K)]
  0x000001f21d965410 JavaThread "Common-Cleaner"             daemon [_thread_blocked, id=16000, stack(0x0000008789c00000,0x0000008789d00000) (1024K)]
  0x000001f26313e0b0 JavaThread "Monitor Ctrl-Break"         daemon [_thread_in_native, id=12280, stack(0x0000008789f00000,0x000000878a000000) (1024K)]
  0x000001f26313e720 JavaThread "Notification Thread"        daemon [_thread_blocked, id=29204, stack(0x000000878a000000,0x000000878a100000) (1024K)]
  0x000001f263dce010 JavaThread "QuantumRenderer-0"          daemon [_thread_blocked, id=27064, stack(0x000000878a100000,0x000000878a200000) (1024K)]
  0x000001f21daa2b80 JavaThread "InvokeLaterDispatcher"      daemon [_thread_blocked, id=10568, stack(0x0000008789d00000,0x0000008789e00000) (1024K)]
=>0x000001f2639fc590 JavaThread "JavaFX Application Thread"         [_thread_in_native, id=13208, stack(0x0000008789e00000,0x0000008789f00000) (1024K)]
  0x000001f263cfb390 JavaThread "JavaFX-Launcher"                   [_thread_blocked, id=33452, stack(0x000000878a700000,0x000000878a800000) (1024K)]
  0x000001f263caeae0 JavaThread "Thread-2"                   daemon [_thread_in_native, id=2488, stack(0x000000878a600000,0x000000878a700000) (1024K)]
  0x000001f263bbd990 JavaThread "C2 CompilerThread1"         daemon [_thread_blocked, id=27328, stack(0x000000878ad00000,0x000000878ae00000) (1024K)]
  0x000001f263c21100 JavaThread "C2 CompilerThread2"         daemon [_thread_blocked, id=33740, stack(0x000000878ae00000,0x000000878af00000) (1024K)]
Total: 19

Other Threads:
  0x000001f21d7f52a0 VMThread "VM Thread"                           [id=10244, stack(0x0000008789300000,0x0000008789400000) (1024K)]
  0x000001f21d7d79a0 WatcherThread "VM Periodic Task Thread"        [id=32300, stack(0x0000008789200000,0x0000008789300000) (1024K)]
  0x000001f27e4017e0 WorkerThread "GC Thread#0"                     [id=33372, stack(0x0000008788d00000,0x0000008788e00000) (1024K)]
  0x000001f26413f2a0 WorkerThread "GC Thread#1"                     [id=31468, stack(0x000000878a800000,0x000000878a900000) (1024K)]
  0x000001f26413f650 WorkerThread "GC Thread#2"                     [id=34324, stack(0x000000878a900000,0x000000878aa00000) (1024K)]
  0x000001f26414a160 WorkerThread "GC Thread#3"                     [id=33108, stack(0x000000878aa00000,0x000000878ab00000) (1024K)]
  0x000001f264137fc0 WorkerThread "GC Thread#4"                     [id=32348, stack(0x000000878ab00000,0x000000878ac00000) (1024K)]
  0x000001f2641395e0 WorkerThread "GC Thread#5"                     [id=10404, stack(0x000000878ac00000,0x000000878ad00000) (1024K)]
  0x000001f264138e80 WorkerThread "GC Thread#6"                     [id=30968, stack(0x000000878af00000,0x000000878b000000) (1024K)]
  0x000001f264138720 WorkerThread "GC Thread#7"                     [id=9680, stack(0x000000878b000000,0x000000878b100000) (1024K)]
  0x000001f27e417070 ConcurrentGCThread "G1 Main Marker"            [id=31432, stack(0x0000008788e00000,0x0000008788f00000) (1024K)]
  0x000001f27e418230 WorkerThread "G1 Conc#0"                       [id=26164, stack(0x0000008788f00000,0x0000008789000000) (1024K)]
  0x000001f27e45e760 ConcurrentGCThread "G1 Refine#0"               [id=32516, stack(0x0000008789000000,0x0000008789100000) (1024K)]
  0x000001f21d6a92d0 ConcurrentGCThread "G1 Service"                [id=32008, stack(0x0000008789100000,0x0000008789200000) (1024K)]
Total: 14

Threads with active compile tasks:
Total: 0

VM state: not at safepoint (normal execution)

VM Mutex/Monitor currently owned by a thread: None

Heap address: 0x0000000704c00000, size: 4020 MB, Compressed Oops mode: Zero based, Oop shift amount: 3

CDS archive(s) mapped at: [0x000001f21e000000-0x000001f21ed70000-0x000001f21ed70000), size 14090240, SharedBaseAddress: 0x000001f21e000000, ArchiveRelocationMode: 1.
Compressed class space mapped at: 0x000001f21f000000-0x000001f25f000000, reserved size: 1073741824
Narrow klass base: 0x000001f21e000000, Narrow klass shift: 0, Narrow klass range: 0x41000000

GC Precious Log:
 CardTable entry size: 512
 Card Set container configuration: InlinePtr #cards 4 size 8 Array Of Cards #cards 16 size 48 Howl #buckets 8 coarsen threshold 3686 Howl Bitmap #cards 512 size 80 coarsen threshold 460 Card regions per heap region 1 cards per card region 4096
 CPUs: 8 total, 8 available
 Memory: 16075M
 Large Page Support: Disabled
 NUMA Support: Disabled
 Compressed Oops: Enabled (Zero based)
 Heap Region Size: 2M
 Heap Min Capacity: 8M
 Heap Initial Capacity: 252M
 Heap Max Capacity: 4020M
 Pre-touch: Disabled
 Parallel Workers: 8
 Concurrent Workers: 2
 Concurrent Refinement Workers: 8
 Periodic GC: Disabled

Heap:
 garbage-first heap   total reserved 4116480K, committed 258048K, used 11167K [0x0000000704c00000, 0x0000000800000000)
  region size 2048K, 6 young (12288K), 2 survivors (4096K)
 Metaspace       used 9188K, committed 9408K, reserved 1114112K
  class space    used 1417K, committed 1536K, reserved 1048576K

Heap Regions: E=young(eden), S=young(survivor), O=old, HS=humongous(starts), HC=humongous(continues), CS=collection set, F=free, TAMS=top-at-mark-start, PB=parsable bottom
|   0|0x0000000704c00000, 0x0000000704e00000, 0x0000000704e00000|100%| O|  |TAMS 0x0000000704c00000| PB 0x0000000704c00000| Untracked |  0
|   1|0x0000000704e00000, 0x0000000704e95280, 0x0000000705000000| 29%| O|  |TAMS 0x0000000704e00000| PB 0x0000000704e00000| Untracked |  0
|   2|0x0000000705000000, 0x0000000705000000, 0x0000000705200000|  0%| F|  |TAMS 0x0000000705000000| PB 0x0000000705000000| Untracked |  0
|   3|0x0000000705200000, 0x0000000705200000, 0x0000000705400000|  0%| F|  |TAMS 0x0000000705200000| PB 0x0000000705200000| Untracked |  0
|   4|0x0000000705400000, 0x0000000705400000, 0x0000000705600000|  0%| F|  |TAMS 0x0000000705400000| PB 0x0000000705400000| Untracked |  0
|   5|0x0000000705600000, 0x0000000705600000, 0x0000000705800000|  0%| F|  |TAMS 0x0000000705600000| PB 0x0000000705600000| Untracked |  0
|   6|0x0000000705800000, 0x0000000705800000, 0x0000000705a00000|  0%| F|  |TAMS 0x0000000705800000| PB 0x0000000705800000| Untracked |  0
|   7|0x0000000705a00000, 0x0000000705a00000, 0x0000000705c00000|  0%| F|  |TAMS 0x0000000705a00000| PB 0x0000000705a00000| Untracked |  0
|   8|0x0000000705c00000, 0x0000000705c00000, 0x0000000705e00000|  0%| F|  |TAMS 0x0000000705c00000| PB 0x0000000705c00000| Untracked |  0
|   9|0x0000000705e00000, 0x0000000705e00000, 0x0000000706000000|  0%| F|  |TAMS 0x0000000705e00000| PB 0x0000000705e00000| Untracked |  0
|  10|0x0000000706000000, 0x0000000706000000, 0x0000000706200000|  0%| F|  |TAMS 0x0000000706000000| PB 0x0000000706000000| Untracked |  0
|  11|0x0000000706200000, 0x0000000706200000, 0x0000000706400000|  0%| F|  |TAMS 0x0000000706200000| PB 0x0000000706200000| Untracked |  0
|  12|0x0000000706400000, 0x0000000706400000, 0x0000000706600000|  0%| F|  |TAMS 0x0000000706400000| PB 0x0000000706400000| Untracked |  0
|  13|0x0000000706600000, 0x0000000706600000, 0x0000000706800000|  0%| F|  |TAMS 0x0000000706600000| PB 0x0000000706600000| Untracked |  0
|  14|0x0000000706800000, 0x0000000706800000, 0x0000000706a00000|  0%| F|  |TAMS 0x0000000706800000| PB 0x0000000706800000| Untracked |  0
|  15|0x0000000706a00000, 0x0000000706a00000, 0x0000000706c00000|  0%| F|  |TAMS 0x0000000706a00000| PB 0x0000000706a00000| Untracked |  0
|  16|0x0000000706c00000, 0x0000000706c00000, 0x0000000706e00000|  0%| F|  |TAMS 0x0000000706c00000| PB 0x0000000706c00000| Untracked |  0
|  17|0x0000000706e00000, 0x0000000706e00000, 0x0000000707000000|  0%| F|  |TAMS 0x0000000706e00000| PB 0x0000000706e00000| Untracked |  0
|  18|0x0000000707000000, 0x0000000707000000, 0x0000000707200000|  0%| F|  |TAMS 0x0000000707000000| PB 0x0000000707000000| Untracked |  0
|  19|0x0000000707200000, 0x0000000707200000, 0x0000000707400000|  0%| F|  |TAMS 0x0000000707200000| PB 0x0000000707200000| Untracked |  0
|  20|0x0000000707400000, 0x0000000707400000, 0x0000000707600000|  0%| F|  |TAMS 0x0000000707400000| PB 0x0000000707400000| Untracked |  0
|  21|0x0000000707600000, 0x0000000707600000, 0x0000000707800000|  0%| F|  |TAMS 0x0000000707600000| PB 0x0000000707600000| Untracked |  0
|  22|0x0000000707800000, 0x0000000707800000, 0x0000000707a00000|  0%| F|  |TAMS 0x0000000707800000| PB 0x0000000707800000| Untracked |  0
|  23|0x0000000707a00000, 0x0000000707a00000, 0x0000000707c00000|  0%| F|  |TAMS 0x0000000707a00000| PB 0x0000000707a00000| Untracked |  0
|  24|0x0000000707c00000, 0x0000000707c00000, 0x0000000707e00000|  0%| F|  |TAMS 0x0000000707c00000| PB 0x0000000707c00000| Untracked |  0
|  25|0x0000000707e00000, 0x0000000707e00000, 0x0000000708000000|  0%| F|  |TAMS 0x0000000707e00000| PB 0x0000000707e00000| Untracked |  0
|  26|0x0000000708000000, 0x0000000708000000, 0x0000000708200000|  0%| F|  |TAMS 0x0000000708000000| PB 0x0000000708000000| Untracked |  0
|  27|0x0000000708200000, 0x0000000708200000, 0x0000000708400000|  0%| F|  |TAMS 0x0000000708200000| PB 0x0000000708200000| Untracked |  0
|  28|0x0000000708400000, 0x0000000708400000, 0x0000000708600000|  0%| F|  |TAMS 0x0000000708400000| PB 0x0000000708400000| Untracked |  0
|  29|0x0000000708600000, 0x0000000708600000, 0x0000000708800000|  0%| F|  |TAMS 0x0000000708600000| PB 0x0000000708600000| Untracked |  0
|  30|0x0000000708800000, 0x0000000708800000, 0x0000000708a00000|  0%| F|  |TAMS 0x0000000708800000| PB 0x0000000708800000| Untracked |  0
|  31|0x0000000708a00000, 0x0000000708a00000, 0x0000000708c00000|  0%| F|  |TAMS 0x0000000708a00000| PB 0x0000000708a00000| Untracked |  0
|  32|0x0000000708c00000, 0x0000000708c00000, 0x0000000708e00000|  0%| F|  |TAMS 0x0000000708c00000| PB 0x0000000708c00000| Untracked |  0
|  33|0x0000000708e00000, 0x0000000708e00000, 0x0000000709000000|  0%| F|  |TAMS 0x0000000708e00000| PB 0x0000000708e00000| Untracked |  0
|  34|0x0000000709000000, 0x0000000709000000, 0x0000000709200000|  0%| F|  |TAMS 0x0000000709000000| PB 0x0000000709000000| Untracked |  0
|  35|0x0000000709200000, 0x0000000709200000, 0x0000000709400000|  0%| F|  |TAMS 0x0000000709200000| PB 0x0000000709200000| Untracked |  0
|  36|0x0000000709400000, 0x0000000709400000, 0x0000000709600000|  0%| F|  |TAMS 0x0000000709400000| PB 0x0000000709400000| Untracked |  0
|  37|0x0000000709600000, 0x0000000709600000, 0x0000000709800000|  0%| F|  |TAMS 0x0000000709600000| PB 0x0000000709600000| Untracked |  0
|  38|0x0000000709800000, 0x0000000709800000, 0x0000000709a00000|  0%| F|  |TAMS 0x0000000709800000| PB 0x0000000709800000| Untracked |  0
|  39|0x0000000709a00000, 0x0000000709a00000, 0x0000000709c00000|  0%| F|  |TAMS 0x0000000709a00000| PB 0x0000000709a00000| Untracked |  0
|  40|0x0000000709c00000, 0x0000000709c00000, 0x0000000709e00000|  0%| F|  |TAMS 0x0000000709c00000| PB 0x0000000709c00000| Untracked |  0
|  41|0x0000000709e00000, 0x0000000709e00000, 0x000000070a000000|  0%| F|  |TAMS 0x0000000709e00000| PB 0x0000000709e00000| Untracked |  0
|  42|0x000000070a000000, 0x000000070a000000, 0x000000070a200000|  0%| F|  |TAMS 0x000000070a000000| PB 0x000000070a000000| Untracked |  0
|  43|0x000000070a200000, 0x000000070a200000, 0x000000070a400000|  0%| F|  |TAMS 0x000000070a200000| PB 0x000000070a200000| Untracked |  0
|  44|0x000000070a400000, 0x000000070a400000, 0x000000070a600000|  0%| F|  |TAMS 0x000000070a400000| PB 0x000000070a400000| Untracked |  0
|  45|0x000000070a600000, 0x000000070a600000, 0x000000070a800000|  0%| F|  |TAMS 0x000000070a600000| PB 0x000000070a600000| Untracked |  0
|  46|0x000000070a800000, 0x000000070a800000, 0x000000070aa00000|  0%| F|  |TAMS 0x000000070a800000| PB 0x000000070a800000| Untracked |  0
|  47|0x000000070aa00000, 0x000000070aa00000, 0x000000070ac00000|  0%| F|  |TAMS 0x000000070aa00000| PB 0x000000070aa00000| Untracked |  0
|  48|0x000000070ac00000, 0x000000070ac00000, 0x000000070ae00000|  0%| F|  |TAMS 0x000000070ac00000| PB 0x000000070ac00000| Untracked |  0
|  49|0x000000070ae00000, 0x000000070ae00000, 0x000000070b000000|  0%| F|  |TAMS 0x000000070ae00000| PB 0x000000070ae00000| Untracked |  0
|  50|0x000000070b000000, 0x000000070b000000, 0x000000070b200000|  0%| F|  |TAMS 0x000000070b000000| PB 0x000000070b000000| Untracked |  0
|  51|0x000000070b200000, 0x000000070b200000, 0x000000070b400000|  0%| F|  |TAMS 0x000000070b200000| PB 0x000000070b200000| Untracked |  0
|  52|0x000000070b400000, 0x000000070b400000, 0x000000070b600000|  0%| F|  |TAMS 0x000000070b400000| PB 0x000000070b400000| Untracked |  0
|  53|0x000000070b600000, 0x000000070b600000, 0x000000070b800000|  0%| F|  |TAMS 0x000000070b600000| PB 0x000000070b600000| Untracked |  0
|  54|0x000000070b800000, 0x000000070b800000, 0x000000070ba00000|  0%| F|  |TAMS 0x000000070b800000| PB 0x000000070b800000| Untracked |  0
|  55|0x000000070ba00000, 0x000000070ba00000, 0x000000070bc00000|  0%| F|  |TAMS 0x000000070ba00000| PB 0x000000070ba00000| Untracked |  0
|  56|0x000000070bc00000, 0x000000070bc00000, 0x000000070be00000|  0%| F|  |TAMS 0x000000070bc00000| PB 0x000000070bc00000| Untracked |  0
|  57|0x000000070be00000, 0x000000070be00000, 0x000000070c000000|  0%| F|  |TAMS 0x000000070be00000| PB 0x000000070be00000| Untracked |  0
|  58|0x000000070c000000, 0x000000070c000000, 0x000000070c200000|  0%| F|  |TAMS 0x000000070c000000| PB 0x000000070c000000| Untracked |  0
|  59|0x000000070c200000, 0x000000070c200000, 0x000000070c400000|  0%| F|  |TAMS 0x000000070c200000| PB 0x000000070c200000| Untracked |  0
|  60|0x000000070c400000, 0x000000070c400000, 0x000000070c600000|  0%| F|  |TAMS 0x000000070c400000| PB 0x000000070c400000| Untracked |  0
|  61|0x000000070c600000, 0x000000070c600000, 0x000000070c800000|  0%| F|  |TAMS 0x000000070c600000| PB 0x000000070c600000| Untracked |  0
|  62|0x000000070c800000, 0x000000070c800000, 0x000000070ca00000|  0%| F|  |TAMS 0x000000070c800000| PB 0x000000070c800000| Untracked |  0
|  63|0x000000070ca00000, 0x000000070ca00000, 0x000000070cc00000|  0%| F|  |TAMS 0x000000070ca00000| PB 0x000000070ca00000| Untracked |  0
|  64|0x000000070cc00000, 0x000000070cc00000, 0x000000070ce00000|  0%| F|  |TAMS 0x000000070cc00000| PB 0x000000070cc00000| Untracked |  0
|  65|0x000000070ce00000, 0x000000070ce00000, 0x000000070d000000|  0%| F|  |TAMS 0x000000070ce00000| PB 0x000000070ce00000| Untracked |  0
|  66|0x000000070d000000, 0x000000070d000000, 0x000000070d200000|  0%| F|  |TAMS 0x000000070d000000| PB 0x000000070d000000| Untracked |  0
|  67|0x000000070d200000, 0x000000070d200000, 0x000000070d400000|  0%| F|  |TAMS 0x000000070d200000| PB 0x000000070d200000| Untracked |  0
|  68|0x000000070d400000, 0x000000070d400000, 0x000000070d600000|  0%| F|  |TAMS 0x000000070d400000| PB 0x000000070d400000| Untracked |  0
|  69|0x000000070d600000, 0x000000070d600000, 0x000000070d800000|  0%| F|  |TAMS 0x000000070d600000| PB 0x000000070d600000| Untracked |  0
|  70|0x000000070d800000, 0x000000070d800000, 0x000000070da00000|  0%| F|  |TAMS 0x000000070d800000| PB 0x000000070d800000| Untracked |  0
|  71|0x000000070da00000, 0x000000070da00000, 0x000000070dc00000|  0%| F|  |TAMS 0x000000070da00000| PB 0x000000070da00000| Untracked |  0
|  72|0x000000070dc00000, 0x000000070dc00000, 0x000000070de00000|  0%| F|  |TAMS 0x000000070dc00000| PB 0x000000070dc00000| Untracked |  0
|  73|0x000000070de00000, 0x000000070de00000, 0x000000070e000000|  0%| F|  |TAMS 0x000000070de00000| PB 0x000000070de00000| Untracked |  0
|  74|0x000000070e000000, 0x000000070e000000, 0x000000070e200000|  0%| F|  |TAMS 0x000000070e000000| PB 0x000000070e000000| Untracked |  0
|  75|0x000000070e200000, 0x000000070e200000, 0x000000070e400000|  0%| F|  |TAMS 0x000000070e200000| PB 0x000000070e200000| Untracked |  0
|  76|0x000000070e400000, 0x000000070e400000, 0x000000070e600000|  0%| F|  |TAMS 0x000000070e400000| PB 0x000000070e400000| Untracked |  0
|  77|0x000000070e600000, 0x000000070e600000, 0x000000070e800000|  0%| F|  |TAMS 0x000000070e600000| PB 0x000000070e600000| Untracked |  0
|  78|0x000000070e800000, 0x000000070e800000, 0x000000070ea00000|  0%| F|  |TAMS 0x000000070e800000| PB 0x000000070e800000| Untracked |  0
|  79|0x000000070ea00000, 0x000000070ea00000, 0x000000070ec00000|  0%| F|  |TAMS 0x000000070ea00000| PB 0x000000070ea00000| Untracked |  0
|  80|0x000000070ec00000, 0x000000070ec00000, 0x000000070ee00000|  0%| F|  |TAMS 0x000000070ec00000| PB 0x000000070ec00000| Untracked |  0
|  81|0x000000070ee00000, 0x000000070ee00000, 0x000000070f000000|  0%| F|  |TAMS 0x000000070ee00000| PB 0x000000070ee00000| Untracked |  0
|  82|0x000000070f000000, 0x000000070f000000, 0x000000070f200000|  0%| F|  |TAMS 0x000000070f000000| PB 0x000000070f000000| Untracked |  0
|  83|0x000000070f200000, 0x000000070f200000, 0x000000070f400000|  0%| F|  |TAMS 0x000000070f200000| PB 0x000000070f200000| Untracked |  0
|  84|0x000000070f400000, 0x000000070f400000, 0x000000070f600000|  0%| F|  |TAMS 0x000000070f400000| PB 0x000000070f400000| Untracked |  0
|  85|0x000000070f600000, 0x000000070f600000, 0x000000070f800000|  0%| F|  |TAMS 0x000000070f600000| PB 0x000000070f600000| Untracked |  0
|  86|0x000000070f800000, 0x000000070f800000, 0x000000070fa00000|  0%| F|  |TAMS 0x000000070f800000| PB 0x000000070f800000| Untracked |  0
|  87|0x000000070fa00000, 0x000000070fa00000, 0x000000070fc00000|  0%| F|  |TAMS 0x000000070fa00000| PB 0x000000070fa00000| Untracked |  0
|  88|0x000000070fc00000, 0x000000070fc00000, 0x000000070fe00000|  0%| F|  |TAMS 0x000000070fc00000| PB 0x000000070fc00000| Untracked |  0
|  89|0x000000070fe00000, 0x000000070fe00000, 0x0000000710000000|  0%| F|  |TAMS 0x000000070fe00000| PB 0x000000070fe00000| Untracked |  0
|  90|0x0000000710000000, 0x0000000710000000, 0x0000000710200000|  0%| F|  |TAMS 0x0000000710000000| PB 0x0000000710000000| Untracked |  0
|  91|0x0000000710200000, 0x0000000710200000, 0x0000000710400000|  0%| F|  |TAMS 0x0000000710200000| PB 0x0000000710200000| Untracked |  0
|  92|0x0000000710400000, 0x0000000710400000, 0x0000000710600000|  0%| F|  |TAMS 0x0000000710400000| PB 0x0000000710400000| Untracked |  0
|  93|0x0000000710600000, 0x0000000710600000, 0x0000000710800000|  0%| F|  |TAMS 0x0000000710600000| PB 0x0000000710600000| Untracked |  0
|  94|0x0000000710800000, 0x0000000710800000, 0x0000000710a00000|  0%| F|  |TAMS 0x0000000710800000| PB 0x0000000710800000| Untracked |  0
|  95|0x0000000710a00000, 0x0000000710a00000, 0x0000000710c00000|  0%| F|  |TAMS 0x0000000710a00000| PB 0x0000000710a00000| Untracked |  0
|  96|0x0000000710c00000, 0x0000000710c00000, 0x0000000710e00000|  0%| F|  |TAMS 0x0000000710c00000| PB 0x0000000710c00000| Untracked |  0
|  97|0x0000000710e00000, 0x0000000710e00000, 0x0000000711000000|  0%| F|  |TAMS 0x0000000710e00000| PB 0x0000000710e00000| Untracked |  0
|  98|0x0000000711000000, 0x0000000711000000, 0x0000000711200000|  0%| F|  |TAMS 0x0000000711000000| PB 0x0000000711000000| Untracked |  0
|  99|0x0000000711200000, 0x0000000711200000, 0x0000000711400000|  0%| F|  |TAMS 0x0000000711200000| PB 0x0000000711200000| Untracked |  0
| 100|0x0000000711400000, 0x0000000711400000, 0x0000000711600000|  0%| F|  |TAMS 0x0000000711400000| PB 0x0000000711400000| Untracked |  0
| 101|0x0000000711600000, 0x0000000711600000, 0x0000000711800000|  0%| F|  |TAMS 0x0000000711600000| PB 0x0000000711600000| Untracked |  0
| 102|0x0000000711800000, 0x0000000711800000, 0x0000000711a00000|  0%| F|  |TAMS 0x0000000711800000| PB 0x0000000711800000| Untracked |  0
| 103|0x0000000711a00000, 0x0000000711a00000, 0x0000000711c00000|  0%| F|  |TAMS 0x0000000711a00000| PB 0x0000000711a00000| Untracked |  0
| 104|0x0000000711c00000, 0x0000000711c00000, 0x0000000711e00000|  0%| F|  |TAMS 0x0000000711c00000| PB 0x0000000711c00000| Untracked |  0
| 105|0x0000000711e00000, 0x0000000711e00000, 0x0000000712000000|  0%| F|  |TAMS 0x0000000711e00000| PB 0x0000000711e00000| Untracked |  0
| 106|0x0000000712000000, 0x0000000712000000, 0x0000000712200000|  0%| F|  |TAMS 0x0000000712000000| PB 0x0000000712000000| Untracked |  0
| 107|0x0000000712200000, 0x0000000712200000, 0x0000000712400000|  0%| F|  |TAMS 0x0000000712200000| PB 0x0000000712200000| Untracked |  0
| 108|0x0000000712400000, 0x0000000712400000, 0x0000000712600000|  0%| F|  |TAMS 0x0000000712400000| PB 0x0000000712400000| Untracked |  0
| 109|0x0000000712600000, 0x0000000712600000, 0x0000000712800000|  0%| F|  |TAMS 0x0000000712600000| PB 0x0000000712600000| Untracked |  0
| 110|0x0000000712800000, 0x0000000712852b20, 0x0000000712a00000| 16%| S|CS|TAMS 0x0000000712800000| PB 0x0000000712800000| Complete |  0
| 111|0x0000000712a00000, 0x0000000712c00000, 0x0000000712c00000|100%| S|CS|TAMS 0x0000000712a00000| PB 0x0000000712a00000| Complete |  0
| 112|0x0000000712c00000, 0x0000000712c00000, 0x0000000712e00000|  0%| F|  |TAMS 0x0000000712c00000| PB 0x0000000712c00000| Untracked |  0
| 113|0x0000000712e00000, 0x0000000712e00000, 0x0000000713000000|  0%| F|  |TAMS 0x0000000712e00000| PB 0x0000000712e00000| Untracked |  0
| 114|0x0000000713000000, 0x0000000713000000, 0x0000000713200000|  0%| F|  |TAMS 0x0000000713000000| PB 0x0000000713000000| Untracked |  0
| 115|0x0000000713200000, 0x0000000713200000, 0x0000000713400000|  0%| F|  |TAMS 0x0000000713200000| PB 0x0000000713200000| Untracked |  0
| 116|0x0000000713400000, 0x0000000713400000, 0x0000000713600000|  0%| F|  |TAMS 0x0000000713400000| PB 0x0000000713400000| Untracked |  0
| 117|0x0000000713600000, 0x0000000713600000, 0x0000000713800000|  0%| F|  |TAMS 0x0000000713600000| PB 0x0000000713600000| Untracked |  0
| 118|0x0000000713800000, 0x0000000713800000, 0x0000000713a00000|  0%| F|  |TAMS 0x0000000713800000| PB 0x0000000713800000| Untracked |  0
| 119|0x0000000713a00000, 0x0000000713a00000, 0x0000000713c00000|  0%| F|  |TAMS 0x0000000713a00000| PB 0x0000000713a00000| Untracked |  0
| 120|0x0000000713c00000, 0x0000000713c00000, 0x0000000713e00000|  0%| F|  |TAMS 0x0000000713c00000| PB 0x0000000713c00000| Untracked |  0
| 121|0x0000000713e00000, 0x0000000713e00000, 0x0000000714000000|  0%| F|  |TAMS 0x0000000713e00000| PB 0x0000000713e00000| Untracked |  0
| 122|0x0000000714000000, 0x0000000714178f88, 0x0000000714200000| 73%| E|  |TAMS 0x0000000714000000| PB 0x0000000714000000| Complete |  0
| 123|0x0000000714200000, 0x0000000714400000, 0x0000000714400000|100%| E|CS|TAMS 0x0000000714200000| PB 0x0000000714200000| Complete |  0
| 124|0x0000000714400000, 0x0000000714600000, 0x0000000714600000|100%| E|CS|TAMS 0x0000000714400000| PB 0x0000000714400000| Complete |  0
| 125|0x0000000714600000, 0x0000000714800000, 0x0000000714800000|100%| E|CS|TAMS 0x0000000714600000| PB 0x0000000714600000| Complete |  0

Card table byte_map: [0x000001f27f080000,0x000001f27f860000] _byte_map_base: 0x000001f27b85a000

Marking Bits: (CMBitMap*) 0x000001f27e401e00
 Bits: [0x000001f217670000, 0x000001f21b540000)

Polling page: 0x000001f27c150000

Metaspace:

Usage:
  Non-class:      7.59 MB used.
      Class:      1.38 MB used.
       Both:      8.97 MB used.

Virtual space:
  Non-class space:       64.00 MB reserved,       7.69 MB ( 12%) committed,  1 nodes.
      Class space:        1.00 GB reserved,       1.50 MB ( <1%) committed,  1 nodes.
             Both:        1.06 GB reserved,       9.19 MB ( <1%) committed. 

Chunk freelists:
   Non-Class:  6.64 MB
       Class:  14.53 MB
        Both:  21.17 MB

MaxMetaspaceSize: unlimited
CompressedClassSpaceSize: 1.00 GB
Initial GC threshold: 21.00 MB
Current GC threshold: 21.00 MB
CDS: on
 - commit_granule_bytes: 65536.
 - commit_granule_words: 8192.
 - virtual_space_node_default_size: 8388608.
 - enlarge_chunks_in_place: 1.
 - use_allocation_guard: 0.


Internal statistics:

num_allocs_failed_limit: 0.
num_arena_births: 158.
num_arena_deaths: 0.
num_vsnodes_births: 2.
num_vsnodes_deaths: 0.
num_space_committed: 147.
num_space_uncommitted: 0.
num_chunks_returned_to_freelist: 0.
num_chunks_taken_from_freelist: 467.
num_chunk_merges: 0.
num_chunk_splits: 313.
num_chunks_enlarged: 229.
num_inconsistent_stats: 0.

CodeHeap 'non-profiled nmethods': size=120064Kb used=654Kb max_used=654Kb free=119409Kb
 bounds [0x000001f210130000, 0x000001f2103a0000, 0x000001f217670000]
CodeHeap 'profiled nmethods': size=120000Kb used=2247Kb max_used=2247Kb free=117752Kb
 bounds [0x000001f208670000, 0x000001f2088e0000, 0x000001f20fba0000]
CodeHeap 'non-nmethods': size=5696Kb used=1716Kb max_used=1739Kb free=3979Kb
 bounds [0x000001f20fba0000, 0x000001f20fe10000, 0x000001f210130000]
CodeCache: size=245760Kb, used=4617Kb, max_used=4640Kb, free=241140Kb
 total_blobs=2254, nmethods=1608, adapters=551, full_count=0
Compilation: enabled, stopped_count=0, restarted_count=0

Compilation events (20 events):
Event: 0.955 Thread 0x000001f21d824a70 1594       1       javafx.css.CssMetaData::getProperty (5 bytes)
Event: 0.955 Thread 0x000001f21d824a70 nmethod 1594 0x000001f2101ce008 code [0x000001f2101ce120, 0x000001f2101ce1f0]
Event: 0.955 Thread 0x000001f21d824a70 1599       3       java.util.WeakHashMap::matchesKey (33 bytes)
Event: 0.955 Thread 0x000001f263bbd990 1603       4       java.util.ArrayList::isEmpty (13 bytes)
Event: 0.955 Thread 0x000001f21d824a70 nmethod 1599 0x000001f20889fd08 code [0x000001f20889fe60, 0x000001f2088a0360]
Event: 0.956 Thread 0x000001f21d824a70 1598       1       javafx.scene.Node::getStyleClass (5 bytes)
Event: 0.956 Thread 0x000001f21d824a70 nmethod 1598 0x000001f2101ce308 code [0x000001f2101ce420, 0x000001f2101ce4f0]
Event: 0.956 Thread 0x000001f21d824a70 1602       3       javafx.scene.Node::getStyleableParent (5 bytes)
Event: 0.956 Thread 0x000001f263bbd990 nmethod 1603 0x000001f2101ce608 code [0x000001f2101ce700, 0x000001f2101ce788]
Event: 0.956 Thread 0x000001f21d824a70 nmethod 1602 0x000001f2088a0408 code [0x000001f2088a0560, 0x000001f2088a09f8]
Event: 0.956 Thread 0x000001f21d824a70 1600       3       com.sun.javafx.css.PseudoClassState::add (6 bytes)
Event: 0.956 Thread 0x000001f21d824a70 nmethod 1600 0x000001f2088a0a88 code [0x000001f2088a0ba0, 0x000001f2088a0ce0]
Event: 0.956 Thread 0x000001f21d824a70 1601       3       com.sun.javafx.css.BitSet::add (125 bytes)
Event: 0.956 Thread 0x000001f21d824a70 nmethod 1601 0x000001f2088a0d88 code [0x000001f2088a0f20, 0x000001f2088a17b0]
Event: 0.957 Thread 0x000001f21d824a70 1604       3       java.lang.StringLatin1::indexOf (121 bytes)
Event: 0.957 Thread 0x000001f21d824a70 nmethod 1604 0x000001f2088a1808 code [0x000001f2088a1960, 0x000001f2088a1e00]
Event: 0.961 Thread 0x000001f21d823ce0 1605       4       java.util.jar.JarFile::getJarEntry (9 bytes)
Event: 0.962 Thread 0x000001f21d823ce0 nmethod 1605 0x000001f2101ce908 code [0x000001f2101cea20, 0x000001f2101ceb18]
Event: 0.962 Thread 0x000001f263bbd990 1606   !   4       jdk.internal.loader.URLClassPath$JarLoader::getResource (40 bytes)
Event: 0.963 Thread 0x000001f263bbd990 nmethod 1606 0x000001f2101cec08 code [0x000001f2101ced40, 0x000001f2101ceea0]

GC Heap History (4 events):
Event: 0.535 GC heap before
{Heap before GC invocations=0 (full 0):
 garbage-first heap   total reserved 4116480K, committed 258048K, used 22528K [0x0000000704c00000, 0x0000000800000000)
  region size 2048K, 12 young (24576K), 0 survivors (0K)
 Metaspace       used 5040K, committed 5248K, reserved 1114112K
  class space    used 633K, committed 768K, reserved 1048576K
}
Event: 0.537 GC heap after
{Heap after GC invocations=1 (full 0):
 garbage-first heap   total reserved 4116480K, committed 258048K, used 2810K [0x0000000704c00000, 0x0000000800000000)
  region size 2048K, 2 young (4096K), 2 survivors (4096K)
 Metaspace       used 5040K, committed 5248K, reserved 1114112K
  class space    used 633K, committed 768K, reserved 1048576K
}
Event: 0.854 GC heap before
{Heap before GC invocations=1 (full 0):
 garbage-first heap   total reserved 4116480K, committed 258048K, used 25338K [0x0000000704c00000, 0x0000000800000000)
  region size 2048K, 14 young (28672K), 2 survivors (4096K)
 Metaspace       used 8009K, committed 8256K, reserved 1114112K
  class space    used 1140K, committed 1280K, reserved 1048576K
}
Event: 0.858 GC heap after
{Heap after GC invocations=2 (full 0):
 garbage-first heap   total reserved 4116480K, committed 258048K, used 5023K [0x0000000704c00000, 0x0000000800000000)
  region size 2048K, 2 young (4096K), 2 survivors (4096K)
 Metaspace       used 8009K, committed 8256K, reserved 1114112K
  class space    used 1140K, committed 1280K, reserved 1048576K
}

Dll operation events (20 events):
Event: 0.280 Loaded shared library C:\Program Files\Java\javafx-sdk-23\bin\api-ms-win-crt-multibyte-l1-1-0.dll
Event: 0.281 Loaded shared library C:\Program Files\Java\javafx-sdk-23\bin\api-ms-win-crt-private-l1-1-0.dll
Event: 0.282 Loaded shared library C:\Program Files\Java\javafx-sdk-23\bin\api-ms-win-crt-process-l1-1-0.dll
Event: 0.283 Loaded shared library C:\Program Files\Java\javafx-sdk-23\bin\api-ms-win-crt-runtime-l1-1-0.dll
Event: 0.283 Loaded shared library C:\Program Files\Java\javafx-sdk-23\bin\api-ms-win-crt-stdio-l1-1-0.dll
Event: 0.285 Loaded shared library C:\Program Files\Java\javafx-sdk-23\bin\api-ms-win-crt-string-l1-1-0.dll
Event: 0.286 Loaded shared library C:\Program Files\Java\javafx-sdk-23\bin\api-ms-win-crt-time-l1-1-0.dll
Event: 0.287 Loaded shared library C:\Program Files\Java\javafx-sdk-23\bin\api-ms-win-crt-utility-l1-1-0.dll
Event: 0.288 Loaded shared library C:\Program Files\Java\javafx-sdk-23\bin\ucrtbase.dll
Event: 0.289 Loaded shared library C:\Program Files\Java\javafx-sdk-23\bin\vcruntime140.dll
Event: 0.291 Loaded shared library C:\Program Files\Java\javafx-sdk-23\bin\vcruntime140_1.dll
Event: 0.292 Loaded shared library C:\Program Files\Java\javafx-sdk-23\bin\msvcp140.dll
Event: 0.293 Loaded shared library C:\Program Files\Java\javafx-sdk-23\bin\msvcp140_1.dll
Event: 0.294 Loaded shared library C:\Program Files\Java\javafx-sdk-23\bin\msvcp140_2.dll
Event: 0.326 Loaded shared library C:\Program Files\Java\javafx-sdk-23\bin\prism_d3d.dll
Event: 0.431 Loaded shared library C:\Program Files\Java\javafx-sdk-23\bin\glass.dll
Event: 0.564 Loaded shared library C:\Users\slava\.jdks\openjdk-23.0.1\bin\jimage.dll
Event: 0.573 Loaded shared library C:\Program Files\Java\javafx-sdk-23\bin\javafx_font.dll
Event: 0.958 Loaded shared library C:\Users\slava\.jdks\openjdk-23.0.1\bin\verify.dll
Event: 0.960 Loaded shared library C:\Users\slava\.jssc\windows\jSSC-2.8_x86_64.dll

Deoptimization events (20 events):
Event: 0.953 Thread 0x000001f2639fc590 Uncommon trap: trap_request=0xffffff45 fr.pc=0x000001f2101bb560 relative=0x0000000000000300
Event: 0.953 Thread 0x000001f2639fc590 Uncommon trap: reason=unstable_if action=reinterpret pc=0x000001f2101bb560 method=java.util.HashMap.hash(Ljava/lang/Object;)I @ 1 c2
Event: 0.953 Thread 0x000001f2639fc590 DEOPT PACKING pc=0x000001f2101bb560 sp=0x0000008789efd8f0
Event: 0.953 Thread 0x000001f2639fc590 DEOPT UNPACKING pc=0x000001f20fbf7982 sp=0x0000008789efd788 mode 2
Event: 0.953 Thread 0x000001f2639fc590 Uncommon trap: trap_request=0xffffff45 fr.pc=0x000001f21018d8d4 relative=0x00000000000002f4
Event: 0.953 Thread 0x000001f2639fc590 Uncommon trap: reason=unstable_if action=reinterpret pc=0x000001f21018d8d4 method=java.util.HashMap.hash(Ljava/lang/Object;)I @ 1 c2
Event: 0.953 Thread 0x000001f2639fc590 DEOPT PACKING pc=0x000001f21018d8d4 sp=0x0000008789efd770
Event: 0.953 Thread 0x000001f2639fc590 DEOPT UNPACKING pc=0x000001f20fbf7982 sp=0x0000008789efd678 mode 2
Event: 0.954 Thread 0x000001f2639fc590 Uncommon trap: trap_request=0xffffff45 fr.pc=0x000001f2101536e0 relative=0x0000000000000320
Event: 0.954 Thread 0x000001f2639fc590 Uncommon trap: reason=unstable_if action=reinterpret pc=0x000001f2101536e0 method=java.util.HashMap.hash(Ljava/lang/Object;)I @ 1 c2
Event: 0.954 Thread 0x000001f2639fc590 DEOPT PACKING pc=0x000001f2101536e0 sp=0x0000008789efd650
Event: 0.954 Thread 0x000001f2639fc590 DEOPT UNPACKING pc=0x000001f20fbf7982 sp=0x0000008789efd5e8 mode 2
Event: 0.960 Thread 0x000001f2639fc590 Uncommon trap: trap_request=0xffffff45 fr.pc=0x000001f2101afa84 relative=0x00000000000001c4
Event: 0.960 Thread 0x000001f2639fc590 Uncommon trap: reason=unstable_if action=reinterpret pc=0x000001f2101afa84 method=sun.net.www.ParseUtil.firstEncodeIndex(Ljava/lang/String;)I @ 33 c2
Event: 0.960 Thread 0x000001f2639fc590 DEOPT PACKING pc=0x000001f2101afa84 sp=0x0000008789efce60
Event: 0.960 Thread 0x000001f2639fc590 DEOPT UNPACKING pc=0x000001f20fbf7982 sp=0x0000008789efcde8 mode 2
Event: 0.961 Thread 0x000001f2639fc590 Uncommon trap: trap_request=0xffffffde fr.pc=0x000001f21019240c relative=0x00000000000003ac
Event: 0.961 Thread 0x000001f2639fc590 Uncommon trap: reason=class_check action=maybe_recompile pc=0x000001f21019240c method=java.util.regex.Pattern$Start.match(Ljava/util/regex/Matcher;ILjava/lang/CharSequence;)Z @ 44 c2
Event: 0.961 Thread 0x000001f2639fc590 DEOPT PACKING pc=0x000001f21019240c sp=0x0000008789efe300
Event: 0.961 Thread 0x000001f2639fc590 DEOPT UNPACKING pc=0x000001f20fbf7982 sp=0x0000008789efe2b0 mode 2

Classes loaded (20 events):
Event: 0.873 Loading class java/util/AbstractList$ListItr
Event: 0.873 Loading class java/util/AbstractList$ListItr done
Event: 0.899 Loading class java/util/WeakHashMap$Values
Event: 0.899 Loading class java/util/WeakHashMap$Values done
Event: 0.899 Loading class java/util/WeakHashMap$ValueIterator
Event: 0.899 Loading class java/util/WeakHashMap$ValueIterator done
Event: 0.907 Loading class java/util/Collections$SingletonList
Event: 0.907 Loading class java/util/Collections$SingletonList done
Event: 0.908 Loading class java/text/ParseException
Event: 0.908 Loading class java/text/ParseException done
Event: 0.909 Loading class sun/util/resources/LocaleData$CommonResourceBundleProvider
Event: 0.909 Loading class sun/util/resources/LocaleData$LocaleDataResourceBundleProvider
Event: 0.909 Loading class java/util/spi/ResourceBundleProvider
Event: 0.909 Loading class java/util/spi/ResourceBundleProvider done
Event: 0.909 Loading class sun/util/resources/LocaleData$LocaleDataResourceBundleProvider done
Event: 0.909 Loading class sun/util/resources/LocaleData$CommonResourceBundleProvider done
Event: 0.910 Loading class sun/util/resources/Bundles$2
Event: 0.910 Loading class sun/util/resources/Bundles$2 done
Event: 0.910 Loading class java/lang/InstantiationException
Event: 0.910 Loading class java/lang/InstantiationException done

Classes unloaded (0 events):
No events

Classes redefined (0 events):
No events

Internal exceptions (20 events):
Event: 0.832 Thread 0x000001f2639fc590 Exception <a 'java/lang/ClassNotFoundException'{0x00000007130ca9c8}: com/sun/glass/ui/win/themes_yav_Latn_CM> (0x00000007130ca9c8) 
thrown [s\open\src\hotspot\share\prims\jni.cpp, line 539]
Event: 0.832 Thread 0x000001f2639fc590 Exception <a 'java/lang/ClassNotFoundException'{0x00000007130cbf70}: com/sun/glass/ui/win/themes_en_Latn> (0x00000007130cbf70) 
thrown [s\open\src\hotspot\share\prims\jni.cpp, line 539]
Event: 0.832 Thread 0x000001f2639fc590 Exception <a 'java/lang/ClassNotFoundException'{0x00000007130ccff0}: com/sun/glass/ui/win/themes_en_Latn_US> (0x00000007130ccff0) 
thrown [s\open\src\hotspot\share\prims\jni.cpp, line 539]
Event: 0.832 Thread 0x000001f2639fc590 Exception <a 'java/lang/ClassNotFoundException'{0x00000007130ce3b0}: com/sun/glass/ui/win/themes_th_Thai> (0x00000007130ce3b0) 
thrown [s\open\src\hotspot\share\prims\jni.cpp, line 539]
Event: 0.832 Thread 0x000001f2639fc590 Exception <a 'java/lang/ClassNotFoundException'{0x00000007130cf430}: com/sun/glass/ui/win/themes_th_Thai_TH> (0x00000007130cf430) 
thrown [s\open\src\hotspot\share\prims\jni.cpp, line 539]
Event: 0.832 Thread 0x000001f2639fc590 Exception <a 'java/lang/ClassNotFoundException'{0x00000007130d06c0}: com/sun/glass/ui/win/themes_fr_PF> (0x00000007130d06c0) 
thrown [s\open\src\hotspot\share\prims\jni.cpp, line 539]
Event: 0.833 Thread 0x000001f2639fc590 Exception <a 'java/lang/ClassNotFoundException'{0x00000007130d1928}: com/sun/glass/ui/win/themes_es_VE> (0x00000007130d1928) 
thrown [s\open\src\hotspot\share\prims\jni.cpp, line 539]
Event: 0.833 Thread 0x000001f2639fc590 Exception <a 'java/lang/ClassNotFoundException'{0x00000007130d30e8}: com/sun/glass/ui/win/themes_ses_Latn> (0x00000007130d30e8) 
thrown [s\open\src\hotspot\share\prims\jni.cpp, line 539]
Event: 0.833 Thread 0x000001f2639fc590 Exception <a 'java/lang/ClassNotFoundException'{0x00000007130d4168}: com/sun/glass/ui/win/themes_ses_Latn_ML> (0x00000007130d4168) 
thrown [s\open\src\hotspot\share\prims\jni.cpp, line 539]
Event: 0.833 Thread 0x000001f2639fc590 Exception <a 'java/lang/ClassNotFoundException'{0x00000007130d5770}: com/sun/glass/ui/win/themes_doi_Deva> (0x00000007130d5770) 
thrown [s\open\src\hotspot\share\prims\jni.cpp, line 539]
Event: 0.833 Thread 0x000001f2639fc590 Exception <a 'java/lang/ClassNotFoundException'{0x00000007130d67f0}: com/sun/glass/ui/win/themes_doi_Deva_IN> (0x00000007130d67f0) 
thrown [s\open\src\hotspot\share\prims\jni.cpp, line 539]
Event: 0.833 Thread 0x000001f2639fc590 Exception <a 'java/lang/ClassNotFoundException'{0x00000007130d7a80}: com/sun/glass/ui/win/themes_fr_PM> (0x00000007130d7a80) 
thrown [s\open\src\hotspot\share\prims\jni.cpp, line 539]
Event: 0.833 Thread 0x000001f2639fc590 Exception <a 'java/lang/ClassNotFoundException'{0x00000007130d8ec0}: com/sun/glass/ui/win/themes_es_UY> (0x00000007130d8ec0) 
thrown [s\open\src\hotspot\share\prims\jni.cpp, line 539]
Event: 0.833 Thread 0x000001f2639fc590 Exception <a 'java/lang/ClassNotFoundException'{0x00000007130da260}: com/sun/glass/ui/win/themes_gu_Gujr> (0x00000007130da260) 
thrown [s\open\src\hotspot\share\prims\jni.cpp, line 539]
Event: 0.833 Thread 0x000001f2639fc590 Exception <a 'java/lang/ClassNotFoundException'{0x00000007130db2e0}: com/sun/glass/ui/win/themes_gu_Gujr_IN> (0x00000007130db2e0) 
thrown [s\open\src\hotspot\share\prims\jni.cpp, line 539]
Event: 0.900 Thread 0x000001f2639fc590 Exception <a 'java/lang/NoSuchMethodError'{0x00000007144e81b0}: 'void java.lang.invoke.DirectMethodHandle$Holder.invokeStaticInit(java.lang.Object, java.lang.Object)'> (0x00000007144e81b0) 
thrown [s\open\src\hotspot\share\interpreter\linkResolver.cpp, line 796]
Event: 0.914 Thread 0x000001f2639fc590 Exception <a 'java/lang/NoSuchMethodError'{0x00000007145ca198}: 'void java.lang.invoke.DirectMethodHandle$Holder.invokeSpecial(java.lang.Object, java.lang.Object, java.lang.Object, java.lang.Object, java.lang.Object, java.lang.Object)'> (0x00000007145ca198) 
thrown [s\open\src\hotspot\share\interpreter\linkResolver.cpp, line 796]
Event: 0.953 Thread 0x000001f2639fc590 Implicit null exception at 0x000001f2101bb2ad to 0x000001f2101bb548
Event: 0.953 Thread 0x000001f2639fc590 Implicit null exception at 0x000001f21018d62d to 0x000001f21018d8bc
Event: 0.954 Thread 0x000001f2639fc590 Implicit null exception at 0x000001f2101533dd to 0x000001f2101536cc

VM Operations (20 events):
Event: 0.088 Executing VM operation: HandshakeAllThreads (Deoptimize)
Event: 0.088 Executing VM operation: HandshakeAllThreads (Deoptimize) done
Event: 0.147 Executing VM operation: HandshakeAllThreads (Deoptimize)
Event: 0.147 Executing VM operation: HandshakeAllThreads (Deoptimize) done
Event: 0.428 Executing VM operation: HandshakeAllThreads (Deoptimize)
Event: 0.428 Executing VM operation: HandshakeAllThreads (Deoptimize) done
Event: 0.535 Executing VM operation: G1CollectForAllocation (G1 Evacuation Pause)
Event: 0.537 Executing VM operation: G1CollectForAllocation (G1 Evacuation Pause) done
Event: 0.623 Executing VM operation: HandshakeAllThreads (Deoptimize)
Event: 0.624 Executing VM operation: HandshakeAllThreads (Deoptimize) done
Event: 0.847 Executing VM operation: HandshakeAllThreads (Deoptimize)
Event: 0.847 Executing VM operation: HandshakeAllThreads (Deoptimize) done
Event: 0.848 Executing VM operation: HandshakeAllThreads (Deoptimize)
Event: 0.848 Executing VM operation: HandshakeAllThreads (Deoptimize) done
Event: 0.854 Executing VM operation: G1CollectForAllocation (G1 Evacuation Pause)
Event: 0.858 Executing VM operation: G1CollectForAllocation (G1 Evacuation Pause) done
Event: 0.910 Executing VM operation: HandshakeAllThreads (Deoptimize)
Event: 0.910 Executing VM operation: HandshakeAllThreads (Deoptimize) done
Event: 0.913 Executing VM operation: HandshakeAllThreads (Deoptimize)
Event: 0.913 Executing VM operation: HandshakeAllThreads (Deoptimize) done

Memory protections (0 events):
No events

Nmethod flushes (0 events):
No events

Events (20 events):
Event: 0.038 Thread 0x000001f27bf14070 Thread added: 0x000001f21d8121e0
Event: 0.038 Thread 0x000001f27bf14070 Thread added: 0x000001f21d812c40
Event: 0.039 Thread 0x000001f27bf14070 Thread added: 0x000001f21d813850
Event: 0.039 Thread 0x000001f27bf14070 Thread added: 0x000001f21d8156d0
Event: 0.039 Thread 0x000001f27bf14070 Thread added: 0x000001f21d823ce0
Event: 0.039 Thread 0x000001f27bf14070 Thread added: 0x000001f21d824a70
Event: 0.068 Thread 0x000001f27bf14070 Thread added: 0x000001f21d965410
Event: 0.120 Thread 0x000001f21d824a70 Thread added: 0x000001f21daa7560
Event: 0.121 Thread 0x000001f21d824a70 Thread added: 0x000001f21daa2b80
Event: 0.184 Thread 0x000001f27bf14070 Thread added: 0x000001f26313e0b0
Event: 0.184 Thread 0x000001f27bf14070 Thread added: 0x000001f26313e720
Event: 0.321 Thread 0x000001f27bf14070 Thread added: 0x000001f263dce010
Event: 0.422 Thread 0x000001f21daa2b80 Thread exited: 0x000001f21daa2b80
Event: 0.422 Thread 0x000001f21daa7560 Thread exited: 0x000001f21daa7560
Event: 0.433 Thread 0x000001f27bf14070 Thread added: 0x000001f21daa2b80
Event: 0.435 Thread 0x000001f27bf14070 Thread added: 0x000001f2639fc590
Event: 0.500 Thread 0x000001f27bf14070 Thread added: 0x000001f263cfb390
Event: 0.509 Thread 0x000001f263caeae0 Thread added: 0x000001f263caeae0
Event: 0.632 Thread 0x000001f21d824a70 Thread added: 0x000001f263bbd990
Event: 0.659 Thread 0x000001f263bbd990 Thread added: 0x000001f263c21100


Dynamic libraries:
0x00007ff660bf0000 - 0x00007ff660bfe000 	C:\Users\slava\.jdks\openjdk-23.0.1\bin\java.exe
0x00007ffd9ed40000 - 0x00007ffd9efa3000 	C:\WINDOWS\SYSTEM32\ntdll.dll
0x00007ffd9d2c0000 - 0x00007ffd9d387000 	C:\WINDOWS\System32\KERNEL32.DLL
0x00007ffd9c630000 - 0x00007ffd9c9e0000 	C:\WINDOWS\System32\KERNELBASE.dll
0x00007ffd9c140000 - 0x00007ffd9c28b000 	C:\WINDOWS\System32\ucrtbase.dll
0x00007ffd887e0000 - 0x00007ffd887fb000 	C:\Users\slava\.jdks\openjdk-23.0.1\bin\VCRUNTIME140.dll
0x00007ffd88e80000 - 0x00007ffd88e97000 	C:\Users\slava\.jdks\openjdk-23.0.1\bin\jli.dll
0x00007ffd9db80000 - 0x00007ffd9dd43000 	C:\WINDOWS\System32\USER32.dll
0x00007ffd81580000 - 0x00007ffd81810000 	C:\WINDOWS\WinSxS\amd64_microsoft.windows.common-controls_6595b64144ccf1df_6.0.26100.1882_none_3e0e949ae32eca40\COMCTL32.dll
0x00007ffd9c290000 - 0x00007ffd9c2b7000 	C:\WINDOWS\System32\win32u.dll
0x00007ffd9e640000 - 0x00007ffd9e6e9000 	C:\WINDOWS\System32\msvcrt.dll
0x00007ffd9d870000 - 0x00007ffd9d89a000 	C:\WINDOWS\System32\GDI32.dll
0x00007ffd9c2c0000 - 0x00007ffd9c3e3000 	C:\WINDOWS\System32\gdi32full.dll
0x00007ffd9ca70000 - 0x00007ffd9cb13000 	C:\WINDOWS\System32\msvcp_win.dll
0x00007ffd9ddd0000 - 0x00007ffd9ddff000 	C:\WINDOWS\System32\IMM32.DLL
0x00007ffd96450000 - 0x00007ffd9645c000 	C:\Users\slava\.jdks\openjdk-23.0.1\bin\vcruntime140_1.dll
0x00007ffd88010000 - 0x00007ffd8809e000 	C:\Users\slava\.jdks\openjdk-23.0.1\bin\msvcp140.dll
0x00007ffd2e380000 - 0x00007ffd2f0cf000 	C:\Users\slava\.jdks\openjdk-23.0.1\bin\server\jvm.dll
0x00007ffd9e9c0000 - 0x00007ffd9ea74000 	C:\WINDOWS\System32\ADVAPI32.dll
0x00007ffd9cc50000 - 0x00007ffd9ccf6000 	C:\WINDOWS\System32\sechost.dll
0x00007ffd9de20000 - 0x00007ffd9df36000 	C:\WINDOWS\System32\RPCRT4.dll
0x00007ffd9dd50000 - 0x00007ffd9ddc4000 	C:\WINDOWS\System32\WS2_32.dll
0x00007ffd9ae30000 - 0x00007ffd9ae7e000 	C:\WINDOWS\SYSTEM32\POWRPROF.dll
0x00007ffd8f0d0000 - 0x00007ffd8f106000 	C:\WINDOWS\SYSTEM32\WINMM.dll
0x00007ffd89430000 - 0x00007ffd8943b000 	C:\WINDOWS\SYSTEM32\VERSION.dll
0x00007ffd9ae10000 - 0x00007ffd9ae24000 	C:\WINDOWS\SYSTEM32\UMPDC.dll
0x00007ffd9b0b0000 - 0x00007ffd9b0ca000 	C:\WINDOWS\SYSTEM32\kernel.appcore.dll
0x00007ffd91d70000 - 0x00007ffd91d7a000 	C:\Users\slava\.jdks\openjdk-23.0.1\bin\jimage.dll
0x00007ffd99780000 - 0x00007ffd999c1000 	C:\WINDOWS\SYSTEM32\DBGHELP.DLL
0x00007ffd9cda0000 - 0x00007ffd9d11c000 	C:\WINDOWS\System32\combase.dll
0x00007ffd9e8d0000 - 0x00007ffd9e9a6000 	C:\WINDOWS\System32\OLEAUT32.dll
0x00007ffd870c0000 - 0x00007ffd870f9000 	C:\WINDOWS\SYSTEM32\dbgcore.DLL
0x00007ffd9cb20000 - 0x00007ffd9cbb9000 	C:\WINDOWS\System32\bcryptPrimitives.dll
0x00007ffd88ef0000 - 0x00007ffd88eff000 	C:\Users\slava\.jdks\openjdk-23.0.1\bin\instrument.dll
0x00007ffd88760000 - 0x00007ffd8877e000 	C:\Users\slava\.jdks\openjdk-23.0.1\bin\java.dll
0x00007ffd9d9e0000 - 0x00007ffd9db79000 	C:\WINDOWS\System32\ole32.dll
0x00007ffd9df40000 - 0x00007ffd9e638000 	C:\WINDOWS\System32\SHELL32.dll
0x00007ffd99ef0000 - 0x00007ffd9a71a000 	C:\WINDOWS\SYSTEM32\windows.storage.dll
0x00007ffd9d8a0000 - 0x00007ffd9d973000 	C:\WINDOWS\System32\SHCORE.dll
0x00007ffd9d240000 - 0x00007ffd9d29d000 	C:\WINDOWS\System32\shlwapi.dll
0x00007ffd9c060000 - 0x00007ffd9c089000 	C:\WINDOWS\SYSTEM32\profapi.dll
0x00007ffd86e00000 - 0x00007ffd86ed7000 	C:\Users\slava\.jdks\openjdk-23.0.1\bin\jsvml.dll
0x00007ffd88730000 - 0x00007ffd88740000 	C:\Users\slava\.jdks\openjdk-23.0.1\bin\net.dll
0x00007ffd9b5b0000 - 0x00007ffd9b618000 	C:\WINDOWS\system32\mswsock.dll
0x00007ffd88670000 - 0x00007ffd88686000 	C:\Users\slava\.jdks\openjdk-23.0.1\bin\nio.dll
0x00007ffd885a0000 - 0x00007ffd885b7000 	C:\Users\slava\.jdks\openjdk-23.0.1\bin\zip.dll
0x00007ffd884f0000 - 0x00007ffd8850a000 	C:\Program Files\JetBrains\IntelliJ IDEA Community Edition 2024.2.2\bin\breakgen64.dll
0x00007ffd88720000 - 0x00007ffd88729000 	C:\Users\slava\.jdks\openjdk-23.0.1\bin\extnet.dll
0x000001f21dc70000 - 0x000001f21dc73000 	C:\Program Files\Java\javafx-sdk-23\bin\api-ms-win-core-console-l1-1-0.dll
0x000001f21dc80000 - 0x000001f21dc83000 	C:\Program Files\Java\javafx-sdk-23\bin\api-ms-win-core-console-l1-2-0.dll
0x000001f21dc90000 - 0x000001f21dc93000 	C:\Program Files\Java\javafx-sdk-23\bin\api-ms-win-core-datetime-l1-1-0.dll
0x000001f21dca0000 - 0x000001f21dca3000 	C:\Program Files\Java\javafx-sdk-23\bin\api-ms-win-core-debug-l1-1-0.dll
0x000001f21dde0000 - 0x000001f21dde3000 	C:\Program Files\Java\javafx-sdk-23\bin\api-ms-win-core-errorhandling-l1-1-0.dll
0x000001f21dcb0000 - 0x000001f21dcb4000 	C:\Program Files\Java\javafx-sdk-23\bin\api-ms-win-core-file-l1-1-0.dll
0x000001f21dcc0000 - 0x000001f21dcc3000 	C:\Program Files\Java\javafx-sdk-23\bin\api-ms-win-core-file-l1-2-0.dll
0x000001f21dcd0000 - 0x000001f21dcd3000 	C:\Program Files\Java\javafx-sdk-23\bin\api-ms-win-core-file-l2-1-0.dll
0x000001f21dce0000 - 0x000001f21dce3000 	C:\Program Files\Java\javafx-sdk-23\bin\api-ms-win-core-handle-l1-1-0.dll
0x000001f21dcf0000 - 0x000001f21dcf3000 	C:\Program Files\Java\javafx-sdk-23\bin\api-ms-win-core-heap-l1-1-0.dll
0x000001f21dd00000 - 0x000001f21dd03000 	C:\Program Files\Java\javafx-sdk-23\bin\api-ms-win-core-interlocked-l1-1-0.dll
0x000001f21dd10000 - 0x000001f21dd13000 	C:\Program Files\Java\javafx-sdk-23\bin\api-ms-win-core-libraryloader-l1-1-0.dll
0x000001f21dd20000 - 0x000001f21dd23000 	C:\Program Files\Java\javafx-sdk-23\bin\api-ms-win-core-localization-l1-2-0.dll
0x000001f21dd30000 - 0x000001f21dd33000 	C:\Program Files\Java\javafx-sdk-23\bin\api-ms-win-core-memory-l1-1-0.dll
0x000001f21dd40000 - 0x000001f21dd43000 	C:\Program Files\Java\javafx-sdk-23\bin\api-ms-win-core-namedpipe-l1-1-0.dll
0x000001f21dd50000 - 0x000001f21dd53000 	C:\Program Files\Java\javafx-sdk-23\bin\api-ms-win-core-processenvironment-l1-1-0.dll
0x000001f21dd60000 - 0x000001f21dd63000 	C:\Program Files\Java\javafx-sdk-23\bin\api-ms-win-core-processthreads-l1-1-0.dll
0x000001f21dd70000 - 0x000001f21dd73000 	C:\Program Files\Java\javafx-sdk-23\bin\api-ms-win-core-processthreads-l1-1-1.dll
0x000001f21dd80000 - 0x000001f21dd83000 	C:\Program Files\Java\javafx-sdk-23\bin\api-ms-win-core-profile-l1-1-0.dll
0x000001f21dd90000 - 0x000001f21dd93000 	C:\Program Files\Java\javafx-sdk-23\bin\api-ms-win-core-rtlsupport-l1-1-0.dll
0x000001f21dda0000 - 0x000001f21dda3000 	C:\Program Files\Java\javafx-sdk-23\bin\api-ms-win-core-string-l1-1-0.dll
0x000001f21ddb0000 - 0x000001f21ddb3000 	C:\Program Files\Java\javafx-sdk-23\bin\api-ms-win-core-synch-l1-1-0.dll
0x000001f21ddc0000 - 0x000001f21ddc3000 	C:\Program Files\Java\javafx-sdk-23\bin\api-ms-win-core-synch-l1-2-0.dll
0x000001f21ddd0000 - 0x000001f21ddd3000 	C:\Program Files\Java\javafx-sdk-23\bin\api-ms-win-core-sysinfo-l1-1-0.dll
0x000001f21ddf0000 - 0x000001f21ddf3000 	C:\Program Files\Java\javafx-sdk-23\bin\api-ms-win-core-timezone-l1-1-0.dll
0x000001f21de00000 - 0x000001f21de03000 	C:\Program Files\Java\javafx-sdk-23\bin\api-ms-win-core-util-l1-1-0.dll
0x000001f21de10000 - 0x000001f21de13000 	C:\Program Files\Java\javafx-sdk-23\bin\api-ms-win-crt-conio-l1-1-0.dll
0x000001f21de20000 - 0x000001f21de24000 	C:\Program Files\Java\javafx-sdk-23\bin\api-ms-win-crt-convert-l1-1-0.dll
0x000001f21de30000 - 0x000001f21de33000 	C:\Program Files\Java\javafx-sdk-23\bin\api-ms-win-crt-environment-l1-1-0.dll
0x000001f21de40000 - 0x000001f21de43000 	C:\Program Files\Java\javafx-sdk-23\bin\api-ms-win-crt-filesystem-l1-1-0.dll
0x000001f21de50000 - 0x000001f21de53000 	C:\Program Files\Java\javafx-sdk-23\bin\api-ms-win-crt-heap-l1-1-0.dll
0x000001f21de60000 - 0x000001f21de63000 	C:\Program Files\Java\javafx-sdk-23\bin\api-ms-win-crt-locale-l1-1-0.dll
0x000001f21de70000 - 0x000001f21de75000 	C:\Program Files\Java\javafx-sdk-23\bin\api-ms-win-crt-math-l1-1-0.dll
0x000001f21de80000 - 0x000001f21de85000 	C:\Program Files\Java\javafx-sdk-23\bin\api-ms-win-crt-multibyte-l1-1-0.dll
0x000001f21de90000 - 0x000001f21dea0000 	C:\Program Files\Java\javafx-sdk-23\bin\api-ms-win-crt-private-l1-1-0.dll
0x000001f21dea0000 - 0x000001f21dea3000 	C:\Program Files\Java\javafx-sdk-23\bin\api-ms-win-crt-process-l1-1-0.dll
0x000001f21deb0000 - 0x000001f21deb4000 	C:\Program Files\Java\javafx-sdk-23\bin\api-ms-win-crt-runtime-l1-1-0.dll
0x000001f21dec0000 - 0x000001f21dec4000 	C:\Program Files\Java\javafx-sdk-23\bin\api-ms-win-crt-stdio-l1-1-0.dll
0x000001f21ded0000 - 0x000001f21ded4000 	C:\Program Files\Java\javafx-sdk-23\bin\api-ms-win-crt-string-l1-1-0.dll
0x000001f21dee0000 - 0x000001f21dee3000 	C:\Program Files\Java\javafx-sdk-23\bin\api-ms-win-crt-time-l1-1-0.dll
0x000001f21def0000 - 0x000001f21def3000 	C:\Program Files\Java\javafx-sdk-23\bin\api-ms-win-crt-utility-l1-1-0.dll
0x00007ffd4e9c0000 - 0x00007ffd4eabc000 	C:\Program Files\Java\javafx-sdk-23\bin\ucrtbase.dll
0x00007ffd880f0000 - 0x00007ffd8810b000 	C:\Program Files\Java\javafx-sdk-23\bin\vcruntime140.dll
0x00007ffd88660000 - 0x00007ffd8866c000 	C:\Program Files\Java\javafx-sdk-23\bin\vcruntime140_1.dll
0x00007ffd866f0000 - 0x00007ffd8677e000 	C:\Program Files\Java\javafx-sdk-23\bin\msvcp140.dll
0x00007ffd88580000 - 0x00007ffd88589000 	C:\Program Files\Java\javafx-sdk-23\bin\msvcp140_1.dll
0x00007ffd874e0000 - 0x00007ffd87521000 	C:\Program Files\Java\javafx-sdk-23\bin\msvcp140_2.dll
0x00007ffd87d30000 - 0x00007ffd87d60000 	C:\Program Files\Java\javafx-sdk-23\bin\prism_d3d.dll
0x00007ffd7fa50000 - 0x00007ffd7fbf6000 	C:\WINDOWS\system32\d3d9.dll
0x00007ffd96ca0000 - 0x00007ffd96cce000 	C:\WINDOWS\SYSTEM32\dwmapi.dll
0x00007ffd96a80000 - 0x00007ffd96ac0000 	C:\WINDOWS\SYSTEM32\dxcore.dll
0x00007ffd96810000 - 0x00007ffd968bd000 	C:\WINDOWS\system32\uxtheme.dll
0x00007ffd48350000 - 0x00007ffd485af000 	C:\WINDOWS\System32\DriverStore\FileRepository\iigd_dch.inf_amd64_f63934308f6cc308\igdumdim64.dll
0x00007ffcf1330000 - 0x00007ffcf2879000 	C:\WINDOWS\System32\DriverStore\FileRepository\iigd_dch.inf_amd64_f63934308f6cc308\igd9dxva64.dll
0x00007ffd9d3e0000 - 0x00007ffd9d865000 	C:\WINDOWS\System32\SETUPAPI.dll
0x00007ffd9bd50000 - 0x00007ffd9bdaf000 	C:\WINDOWS\SYSTEM32\cfgmgr32.dll
0x00007ffd29000000 - 0x00007ffd2ad2b000 	C:\WINDOWS\System32\DriverStore\FileRepository\iigd_dch.inf_amd64_f63934308f6cc308\media_bin_64.dll
0x00007ffd8ebf0000 - 0x00007ffd8f02e000 	C:\WINDOWS\System32\DriverStore\FileRepository\iigd_dch.inf_amd64_f63934308f6cc308\igdgmm64.dll
0x00007ffd96af0000 - 0x00007ffd96b47000 	C:\WINDOWS\SYSTEM32\directxdatabasehelper.dll
0x00007ffd27dc0000 - 0x00007ffd27e81000 	C:\WINDOWS\System32\DriverStore\FileRepository\nvami.inf_amd64_316dbd6d38c5c59e\nvldumdx.dll
0x00007ffd9b970000 - 0x00007ffd9b983000 	C:\WINDOWS\SYSTEM32\msasn1.dll
0x00007ffd893d0000 - 0x00007ffd8940b000 	C:\WINDOWS\SYSTEM32\cryptnet.dll
0x00007ffd9c3f0000 - 0x00007ffd9c566000 	C:\WINDOWS\System32\CRYPT32.dll
0x00007ffd9b870000 - 0x00007ffd9b87c000 	C:\WINDOWS\SYSTEM32\cryptbase.dll
0x00007ffd9b910000 - 0x00007ffd9b96d000 	C:\WINDOWS\SYSTEM32\wldp.dll
0x00007ffd91790000 - 0x00007ffd91901000 	C:\WINDOWS\SYSTEM32\drvstore.dll
0x00007ffd9bdc0000 - 0x00007ffd9bded000 	C:\WINDOWS\SYSTEM32\devobj.dll
0x00007ffd9c9f0000 - 0x00007ffd9ca6a000 	C:\WINDOWS\System32\wintrust.dll
0x00007ffd9d210000 - 0x00007ffd9d230000 	C:\WINDOWS\System32\imagehlp.dll
0x00007ffd9b850000 - 0x00007ffd9b86c000 	C:\WINDOWS\SYSTEM32\CRYPTSP.dll
0x00007ffd9b010000 - 0x00007ffd9b048000 	C:\WINDOWS\system32\rsaenh.dll
0x00007ffd9ba20000 - 0x00007ffd9ba46000 	C:\WINDOWS\SYSTEM32\bcrypt.dll
0x00007ffd19360000 - 0x00007ffd1b34e000 	C:\WINDOWS\System32\DriverStore\FileRepository\nvami.inf_amd64_316dbd6d38c5c59e\nvgpucomp64.dll
0x00007ffcef890000 - 0x00007ffcf1324000 	C:\WINDOWS\System32\DriverStore\FileRepository\nvami.inf_amd64_316dbd6d38c5c59e\nvd3dumx.dll
0x00007ffd87480000 - 0x00007ffd874c5000 	C:\Program Files\Java\javafx-sdk-23\bin\glass.dll
0x00007ffd9d120000 - 0x00007ffd9d20d000 	C:\WINDOWS\System32\COMDLG32.dll
0x00007ffd9e770000 - 0x00007ffd9e8cb000 	C:\WINDOWS\System32\MSCTF.dll
0x00007ffd53f20000 - 0x00007ffd53f47000 	C:\WINDOWS\System32\DriverStore\FileRepository\iigd_dch.inf_amd64_f63934308f6cc308\igdinfo64.dll
0x00007ffd8a900000 - 0x00007ffd8e942000 	C:\WINDOWS\System32\DriverStore\FileRepository\iigd_dch.inf_amd64_f63934308f6cc308\igc64.dll
0x00007ffd9ea80000 - 0x00007ffd9eb28000 	C:\WINDOWS\System32\clbcatq.dll

dbghelp: loaded successfully - version: 4.0.5 - missing functions: none
symbol engine: initialized successfully - sym options: 0x614 - pdb path: .;C:\Users\slava\.jdks\openjdk-23.0.1\bin;C:\WINDOWS\SYSTEM32;C:\WINDOWS\WinSxS\amd64_microsoft.windows.common-controls_6595b64144ccf1df_6.0.26100.1882_none_3e0e949ae32eca40;C:\Users\slava\.jdks\openjdk-23.0.1\bin\server;C:\Program Files\JetBrains\IntelliJ IDEA Community Edition 2024.2.2\bin;C:\Program Files\Java\javafx-sdk-23\bin;C:\WINDOWS\System32\DriverStore\FileRepository\iigd_dch.inf_amd64_f63934308f6cc308;C:\WINDOWS\System32\DriverStore\FileRepository\nvami.inf_amd64_316dbd6d38c5c59e;C:\Users\slava\.jssc\windows

VM Arguments:
jvm_args: --module-path=C:\Program Files\Java\javafx-sdk-23\lib --add-modules=javafx.controls,javafx.fxml --enable-preview -javaagent:C:\Program Files\JetBrains\IntelliJ IDEA Community Edition 2024.2.2\lib\idea_rt.jar=64168:C:\Program Files\JetBrains\IntelliJ IDEA Community Edition 2024.2.2\bin -Dfile.encoding=UTF-8 -Dsun.stdout.encoding=UTF-8 -Dsun.stderr.encoding=UTF-8 
java_command: Main
java_class_path (initial): C:\Users\slava\IdeaProjects\gen2\out\production\gen2;C:\Program Files\Java\javafx-sdk-23\lib\javafx-swt.jar;C:\Program Files\Java\javafx-sdk-23\lib\javafx.web.jar;C:\Program Files\Java\javafx-sdk-23\lib\javafx.base.jar;C:\Program Files\Java\javafx-sdk-23\lib\javafx.fxml.jar;C:\Program Files\Java\javafx-sdk-23\lib\javafx.media.jar;C:\Program Files\Java\javafx-sdk-23\lib\javafx.swing.jar;C:\Program Files\Java\javafx-sdk-23\lib\javafx.controls.jar;C:\Program Files\Java\javafx-sdk-23\lib\javafx.graphics.jar;C:\Users\slava\Downloads\jSSC-2.8.0-Release\jSSC-2.8.0-Release\jssc.jar
Launcher Type: SUN_STANDARD

[Global flags]
     intx CICompilerCount                          = 4                                         {product} {ergonomic}
     uint ConcGCThreads                            = 2                                         {product} {ergonomic}
     uint G1ConcRefinementThreads                  = 8                                         {product} {ergonomic}
   size_t G1HeapRegionSize                         = 2097152                                   {product} {ergonomic}
   size_t InitialHeapSize                          = 264241152                                 {product} {ergonomic}
   size_t MarkStackSize                            = 4194304                                   {product} {ergonomic}
   size_t MarkStackSizeMax                         = 536870912                                 {product} {ergonomic}
   size_t MaxHeapSize                              = 4215275520                                {product} {ergonomic}
   size_t MaxNewSize                               = 2529165312                                {product} {ergonomic}
   size_t MinHeapDeltaBytes                        = 2097152                                   {product} {ergonomic}
   size_t MinHeapSize                              = 8388608                                   {product} {ergonomic}
    uintx NonNMethodCodeHeapSize                   = 5832704                                {pd product} {ergonomic}
    uintx NonProfiledCodeHeapSize                  = 122945536                              {pd product} {ergonomic}
    uintx ProfiledCodeHeapSize                     = 122880000                              {pd product} {ergonomic}
    uintx ReservedCodeCacheSize                    = 251658240                              {pd product} {ergonomic}
     bool SegmentedCodeCache                       = true                                      {product} {ergonomic}
   size_t SoftMaxHeapSize                          = 4215275520                             {manageable} {ergonomic}
     bool UseCompressedOops                        = true                           {product lp64_product} {ergonomic}
     bool UseG1GC                                  = true                                      {product} {ergonomic}
     bool UseLargePagesIndividualAllocation        = false                                  {pd product} {ergonomic}

Logging:
Log output configuration:
 #0: stdout all=warning uptime,level,tags foldmultilines=false
 #1: stderr all=off uptime,level,tags foldmultilines=false

Environment Variables:
PATH=C:\Program Files (x86)\Common Files\Oracle\Java\java8path;C:\Program Files (x86)\Common Files\Oracle\Java\javapath;C:\WINDOWS\system32;C:\WINDOWS;C:\WINDOWS\System32\Wbem;C:\WINDOWS\System32\WindowsPowerShell\v1.0\;C:\WINDOWS\System32\OpenSSH\;C:\Program Files\dotnet\;C:\Program Files\NVIDIA Corporation\NVIDIA NvDLISR;C:\Program Files (x86)\NVIDIA Corporation\PhysX\Common;C:\Program Files\PuTTY\;C:\Program Files\Git\cmd;C:\Users\slava\AppData\Local\Microsoft\WindowsApps;
USERNAME=slava
OS=Windows_NT
PROCESSOR_IDENTIFIER=Intel64 Family 6 Model 140 Stepping 1, GenuineIntel
TMP=C:\Users\slava\AppData\Local\Temp
TEMP=C:\Users\slava\AppData\Local\Temp




Periodic native trim disabled

---------------  S Y S T E M  ---------------

OS:
 Windows 11 , 64 bit Build 26100 (10.0.26100.1882)
OS uptime: 6 days 5:41 hours

CPU: total 8 (initial active 8) (4 cores per cpu, 2 threads per core) family 6 model 140 stepping 1 microcode 0x86, cx8, cmov, fxsr, ht, mmx, 3dnowpref, sse, sse2, sse3, ssse3, sse4.1, sse4.2, popcnt, lzcnt, tsc, tscinvbit, avx, avx2, aes, erms, clmul, bmi1, bmi2, adx, avx512f, avx512dq, avx512cd, avx512bw, avx512vl, sha, fma, vzeroupper, avx512_vpopcntdq, avx512_vpclmulqdq, avx512_vaes, avx512_vnni, clflush, clflushopt, clwb, avx512_vbmi2, avx512_vbmi, rdtscp, rdpid, fsrm, gfni, avx512_bitalg, f16c, pku, cet_ibt, cet_ss, avx512_ifma
Processor Information for the first 8 processors :
  Max Mhz: 3110, Current Mhz: 3110, Mhz Limit: 3110

Memory: 4k page, system-wide physical 16075M (3567M free)
TotalPageFile size 27339M (AvailPageFile size 7776M)
current process WorkingSet (physical memory assigned to process): 150M, peak: 150M
current process commit charge ("private bytes"): 421M, peak: 422M

vm_info: OpenJDK 64-Bit Server VM (23.0.1+11-39) for windows-amd64 JRE (23.0.1+11-39), built on 2024-09-30T07:20:43Z with MS VC++ 17.6 (VS2022)

END.
