#
# A fatal error has been detected by the Java Runtime Environment:
#
#  EXCEPTION_ACCESS_VIOLATION (0xc0000005) at pc=0x000000007110b5db, pid=28472, tid=30132
#
# JRE version: OpenJDK Runtime Environment (23.0.1+11) (build 23.0.1+11-39)
# Java VM: OpenJDK 64-Bit Server VM (23.0.1+11-39, mixed mode, sharing, tiered, compressed oops, compressed class ptrs, g1 gc, windows-amd64)
# Problematic frame:
# C  0x000000007110b5db
#
# No core dump will be written. Minidumps are not enabled by default on client versions of Windows
#
# If you would like to submit a bug report, please visit:
#   https://bugreport.java.com/bugreport/crash.jsp
# The crash happened outside the Java Virtual Machine in native code.
# See problematic frame for where to report the bug.
#

---------------  S U M M A R Y ------------

Command Line: --module-path=C:\Program Files\Java\javafx-sdk-23\lib --add-modules=javafx.controls,javafx.fxml --enable-preview -javaagent:C:\Program Files\JetBrains\IntelliJ IDEA Community Edition 2024.2.2\lib\idea_rt.jar=64401:C:\Program Files\JetBrains\IntelliJ IDEA Community Edition 2024.2.2\bin -Dfile.encoding=UTF-8 -Dsun.stdout.encoding=UTF-8 -Dsun.stderr.encoding=UTF-8 Main

Host: 11th Gen Intel(R) Core(TM) i5-11300H @ 3.10GHz, 8 cores, 15G,  Windows 11 , 64 bit Build 26100 (10.0.26100.1882)
Time: Tue Oct 29 02:09:47 2024  Windows 11 , 64 bit Build 26100 (10.0.26100.1882) elapsed time: 1.003152 seconds (0d 0h 0m 1s)

---------------  T H R E A D  ---------------

Current thread (0x000002d5d4618d20):  JavaThread "JavaFX Application Thread"        [_thread_in_native, id=30132, stack(0x000000ecb1300000,0x000000ecb1400000) (1024K)]

Stack: [0x000000ecb1300000,0x000000ecb1400000],  sp=0x000000ecb13fdfb0,  free space=1015k
Native frames: (J=compiled Java code, j=interpreted, Vv=VM code, C=native code)
C  0x000000007110b5db  (no source info available)
C  0x0000000071112590  (no source info available)
C  0x0000000071101595  (no source info available)
C  0x000002d58753d307  (no source info available)

The last pc belongs to native method entry point (kind = native) (printed below).
Java frames: (J=compiled Java code, j=interpreted, Vv=VM code)
j  jssc.SerialNativeInterface.openPort(Ljava/lang/String;Z)J+0
j  jssc.SerialPort.openPort()Z+65
j  Main.initializeSerialPort(Ljava/lang/String;)V+16
j  Main.start(Ljavafx/stage/Stage;)V+94
j  com.sun.javafx.application.LauncherImpl.lambda$launchApplication1$9(Ljava/util/concurrent/atomic/AtomicBoolean;Ljavafx/application/Application;)V+20 javafx.graphics@23
j  com.sun.javafx.application.LauncherImpl$$Lambda+0x000002d590094228.run()V+8 javafx.graphics@23
j  com.sun.javafx.application.PlatformImpl.lambda$runAndWait$12(Ljava/lang/Runnable;Ljava/util/concurrent/CountDownLatch;)V+1 javafx.graphics@23
j  com.sun.javafx.application.PlatformImpl$$Lambda+0x000002d590089a78.run()V+8 javafx.graphics@23
j  com.sun.javafx.application.PlatformImpl.lambda$runLater$10(Ljava/lang/Runnable;)Ljava/lang/Void;+1 javafx.graphics@23
j  com.sun.javafx.application.PlatformImpl$$Lambda+0x000002d59008ad30.run()Ljava/lang/Object;+4 javafx.graphics@23
j  java.security.AccessController.executePrivileged(Ljava/security/PrivilegedAction;Ljava/security/AccessControlContext;Ljava/lang/Class;)Ljava/lang/Object;+29 java.base@23.0.1
j  java.security.AccessController.doPrivileged(Ljava/security/PrivilegedAction;Ljava/security/AccessControlContext;)Ljava/lang/Object;+13 java.base@23.0.1
j  com.sun.javafx.application.PlatformImpl.lambda$runLater$11(Ljava/lang/Runnable;Ljava/security/AccessControlContext;)V+7 javafx.graphics@23
j  com.sun.javafx.application.PlatformImpl$$Lambda+0x000002d59008a490.run()V+8 javafx.graphics@23
j  com.sun.glass.ui.InvokeLaterDispatcher$Future.run()V+4 javafx.graphics@23
v  ~StubRoutines::call_stub 0x000002d587530fcd
j  com.sun.glass.ui.win.WinApplication._runLoop(Ljava/lang/Runnable;)V+0 javafx.graphics@23
j  com.sun.glass.ui.win.WinApplication.lambda$runLoop$3(ILjava/lang/Runnable;)V+8 javafx.graphics@23
j  com.sun.glass.ui.win.WinApplication$$Lambda+0x000002d590032590.run()V+12 javafx.graphics@23
j  java.lang.Thread.runWith(Ljava/lang/Object;Ljava/lang/Runnable;)V+5 java.base@23.0.1
j  java.lang.Thread.run()V+19 java.base@23.0.1
v  ~StubRoutines::call_stub 0x000002d587530fcd

siginfo: EXCEPTION_ACCESS_VIOLATION (0xc0000005), reading address 0xffffffffe713dbd5


Registers:
RAX=0xffffffffe713dbd5, RBX=0x000000ecb13fe020, RCX=0x00007ffd9ee9f814, RDX=0x0000000000000000
RSP=0x000000ecb13fdfb0, RBP=0x000000ecb13fe130, RSI=0x000002d5d46190e0, RDI=0x0000000000000884
R8 =0x000000ecb13fdea8, R9 =0x0000000000000000, R10=0x0000000000000000, R11=0x0000000000000246
R12=0x000000ecb13fe1f0, R13=0x000002d5d59c6660, R14=0x000000ecb13fe0e0, R15=0x000002d5d4618d20
RIP=0x000000007110b5db, EFLAGS=0x0000000000010202


Register to memory mapping:

RAX=0xffffffffe713dbd5 is an unknown value
RBX=0x000000ecb13fe020 is pointing into the stack for thread: 0x000002d5d4618d20
RCX=0x00007ffd9ee9f814 ntdll.dll
RDX=0x0 is null
RSP=0x000000ecb13fdfb0 is pointing into the stack for thread: 0x000002d5d4618d20
RBP=0x000000ecb13fe130 is pointing into the stack for thread: 0x000002d5d4618d20
RSI=0x000002d5d46190e0 points into unknown readable memory: 0x00007ffd2ef65e00 | 00 5e f6 2e fd 7f 00 00
RDI=0x0000000000000884 is an unknown value
R8 =0x000000ecb13fdea8 is pointing into the stack for thread: 0x000002d5d4618d20
R9 =0x0 is null
R10=0x0 is null
R11=0x0000000000000246 is an unknown value
R12=0x000000ecb13fe1f0 is pointing into the stack for thread: 0x000002d5d4618d20
R13=0x000002d5d59c6660 points into unknown readable memory: 0x00000031314d4f43 | 43 4f 4d 31 31 00 00 00
R14=0x000000ecb13fe0e0 is pointing into the stack for thread: 0x000002d5d4618d20
R15=0x000002d5d4618d20 is a thread

Top of Stack: (sp=0x000000ecb13fdfb0)
0x000000ecb13fdfb0:   000000ecb13fdfd8 0000000000000000
0x000000ecb13fdfc0:   000000007110b230 000000ecb13fe0e0
0x000000ecb13fdfd0:   000002d5d59c6660 0000000000000004
0x000000ecb13fdfe0:   000002d5d46190e0 0000000000000884
0x000000ecb13fdff0:   000000ecb13fe130 0000000071112590
0x000000ecb13fe000:   000002d5e6e70000 000000ec00000000
0x000000ecb13fe010:   000002d5d53511f0 00000000c0000000
0x000000ecb13fe020:   0000000000000884 00007ffd9c6a75af
0x000000ecb13fe030:   000002d5d4618d20 000000ecb13fe0e0
0x000000ecb13fe040:   000002d5d59c6660 000000ecb13fe1f0
0x000000ecb13fe050:   0000000071113500 0000000071113be8
0x000000ecb13fe060:   000000ecb13fe090 0000000071112641
0x000000ecb13fe070:   000000ecb13fe000 0000000000000000
0x000000ecb13fe080:   000002d5d59c6660 0000000000000000
0x000000ecb13fe090:   000000ecb13fe130 0000000071101595
0x000000ecb13fe0a0:   000000000000001c 000002d500000000
0x000000ecb13fe0b0:   000000ecb13fe0f0 000000ecb13fe1f8
0x000000ecb13fe0c0:   000002d500000003 00007ffd40000000
0x000000ecb13fe0d0:   0000000000000000 000002d587553da1
0x000000ecb13fe0e0:   314d4f435c2e5c5c 000002d5d4610031
0x000000ecb13fe0f0:   000002005c2e5c5c 000002d5d4618d20
0x000000ecb13fe100:   000002d5d09e7d88 000002d5d0235de0
0x000000ecb13fe110:   0000000000000200 0000000000000000
0x000000ecb13fe120:   000002d5d09e7d88 000000ecb13fe1f8
0x000000ecb13fe130:   000000ecb13fe1c8 000002d58753d307
0x000000ecb13fe140:   0000000000000200 000002d58753cfde
0x000000ecb13fe150:   000002d5d09e7d88 000002d5d0235de0
0x000000ecb13fe160:   0000000000000000 0000000704dd7be0
0x000000ecb13fe170:   0000000713d849c8 000002d58753cf9b
0x000000ecb13fe180:   fffffffffffffff7 000002d5d09e7d88
0x000000ecb13fe190:   0000000000000006 000002d5d09dcbc8
0x000000ecb13fe1a0:   0000000000000000 0000000713d83d00 

Instructions: (pc=0x000000007110b5db)
0x000000007110b4db:   48 85 c0 74 bf 44 8b 03 45 85 c0 0f 84 77 ff ff
0x000000007110b4eb:   ff eb 9f 66 90 e8 8b fe ff ff 48 89 05 0c 34 01
0x000000007110b4fb:   00 eb ad 66 90 e8 7b fe ff ff 48 89 05 fc 33 01
0x000000007110b50b:   00 eb 8b e8 8d fe ff ff c7 03 01 00 00 00 e9 6f
0x000000007110b51b:   ff ff ff 66 90 55 48 89 e5 56 53 48 83 ec 20 48
0x000000007110b52b:   8b 05 d7 33 01 00 48 8b 31 48 89 cb 48 85 c0 74
0x000000007110b53b:   56 44 8b 18 45 85 db 78 42 48 8b 05 bd 33 01 00
0x000000007110b54b:   48 85 c0 74 50 44 8b 10 45 85 d2 74 1d 48 89 f1
0x000000007110b55b:   e8 d0 fd ff ff 48 8b 13 48 8d 42 40 48 8b 48 08
0x000000007110b56b:   48 8b 6a 40 48 8b 60 10 ff e1 48 8b 05 9c 33 01
0x000000007110b57b:   00 48 85 c0 74 2d 48 89 30 eb da e8 b5 fe ff ff
0x000000007110b58b:   0f 1f 44 00 00 eb b2 e8 e9 fd ff ff 48 89 05 6a
0x000000007110b59b:   33 01 00 eb 9c e8 db fd ff ff 48 89 05 5c 33 01
0x000000007110b5ab:   00 eb a2 e8 3d fd ff ff 48 89 05 5e 33 01 00 eb
0x000000007110b5bb:   c5 0f 1f 40 00 55 57 56 53 48 83 ec 28 48 8b 05
0x000000007110b5cb:   39 33 01 00 48 89 cb 48 85 c0 0f 84 c5 00 00 00
0x000000007110b5db:   8b 38 85 ff 0f 88 ab 00 00 00 48 8b 05 1c 33 01
0x000000007110b5eb:   00 48 85 c0 0f 84 bc 00 00 00 8b 30 85 f6 74 57
0x000000007110b5fb:   48 8b 05 0e 33 01 00 48 85 c0 0f 84 e5 00 00 00
0x000000007110b60b:   8b 28 48 8b 35 10 5e 01 00 ff d6 89 c7 89 e9 ff
0x000000007110b61b:   15 f4 5e 01 00 89 f9 48 89 c5 ff 15 b9 5e 01 00
0x000000007110b62b:   48 8b 05 de 32 01 00 48 89 2b 48 85 c0 74 46 48
0x000000007110b63b:   89 da 8b 08 ff 15 d7 5e 01 00 85 c0 74 27 48 83
0x000000007110b64b:   c4 28 5b 5e 5f 5d c3 48 8b 05 bf 32 01 00 48 85
0x000000007110b65b:   c0 74 64 48 8b 10 48 89 13 48 89 18 48 83 c4 28
0x000000007110b66b:   5b 5e 5f 5d c3 48 89 f2 48 83 c4 28 5b 5e 5f 5d
0x000000007110b67b:   48 ff e2 66 90 e8 8b fc ff ff 48 89 05 84 32 01
0x000000007110b68b:   00 eb ac 66 90 e8 ab fd ff ff e9 4b ff ff ff 66
0x000000007110b69b:   0f 1f 44 00 00 e8 db fc ff ff 48 89 05 5c 32 01
0x000000007110b6ab:   00 e9 2a ff ff ff e8 ca fc ff ff 48 89 05 4b 32
0x000000007110b6bb:   01 00 e9 33 ff ff ff e8 29 fc ff ff 48 89 05 4a
0x000000007110b6cb:   32 01 00 48 8b 10 48 85 c0 48 89 13 75 8b e8 12 


Stack slot to memory mapping:

stack at sp + 0 slots: 0x000000ecb13fdfd8 is pointing into the stack for thread: 0x000002d5d4618d20
stack at sp + 1 slots: 0x0 is null
stack at sp + 2 slots: 0x000000007110b230 points into unknown readable memory: 0x66c3ffffffff01c7 | c7 01 ff ff ff ff c3 66
stack at sp + 3 slots: 0x000000ecb13fe0e0 is pointing into the stack for thread: 0x000002d5d4618d20
stack at sp + 4 slots: 0x000002d5d59c6660 points into unknown readable memory: 0x00000031314d4f43 | 43 4f 4d 31 31 00 00 00
stack at sp + 5 slots: 0x0000000000000004 is an unknown value
stack at sp + 6 slots: 0x000002d5d46190e0 points into unknown readable memory: 0x00007ffd2ef65e00 | 00 5e f6 2e fd 7f 00 00
stack at sp + 7 slots: 0x0000000000000884 is an unknown value

Lock stack of current Java thread (top to bottom):

native method entry point (kind = native)  [0x000002d58753cee0, 0x000002d58753db38]  3160 bytes
[MachCode]
  0x000002d58753cee0: 488b 4b08 | 0fb7 492e | 584c 8d74 | ccf8 6800 | 0000 0068 | 0000 0000 | 5055 488b | ec41 5568 
  0x000002d58753cf00: 0000 0000 | 4c8b 6b08 | 4d8d 6d38 | 5348 8b53 | 0848 8b52 | 0848 8b52 | 1848 8b52 | 7048 8b12 
  0x000002d58753cf20: 5248 8b53 | 1048 85d2 | 0f84 0700 | 0000 4881 | c210 0100 | 0052 488b | 5308 488b | 5208 488b 
  0x000002d58753cf40: 5210 5249 | 8bc6 482b | c548 c1e8 | 0350 6800 | 0000 0068 | f7ff ffff | 41c6 8771 | 0400 0001 
  0x000002d58753cf60: 488b 4310 | 4885 c074 | 208b 88cc | 0000 0083 | c102 8988 | cc00 0000 | 2388 e000 | 0000 0f84 
  0x000002d58753cf80: 000b 0000 | e9cf 0000 | 0048 8b43 | 1848 85c0 | 0f85 b000 | 0000 e805 | 0000 00e9 | 9900 0000 
  0x000002d58753cfa0: 488b d348 | 8d44 2408 | 4c89 6dc0 | 498b cfc5 | f877 4989 | afb0 0300 | 0049 8987 | a003 0000 
  0x000002d58753cfc0: 4883 ec20 | 40f6 c40f | 0f84 1900 | 0000 4883 | ec08 48b8 | 9026 752e | fd7f 0000 | ffd0 4883 
  0x000002d58753cfe0: c408 e90c | 0000 0048 | b890 2675 | 2efd 7f00 | 00ff d048 | 83c4 2049 | c787 a003 | 0000 0000 
  0x000002d58753d000: 0000 49c7 | 87b0 0300 | 0000 0000 | 0049 c787 | a803 0000 | 0000 0000 | c5f8 7749 | 837f 0800 
  0x000002d58753d020: 0f84 0500 | 0000 e995 | 3eff ff4c | 8b6d c04c | 8b75 c84e | 8d74 f500 | c348 8b43 | 1848 85c0 
  0x000002d58753d040: 0f84 1200 | 0000 8b48 | 0883 c102 | 8948 0823 | 481c 0f84 | 2c0a 0000 | 493b a7e8 | 0400 000f 
  0x000002d58753d060: 8748 0000 | 0089 8424 | 00f0 ffff | 8984 2400 | e0ff ff89 | 8424 00d0 | ffff 8984 | 2400 c0ff 
  0x000002d58753d080: ff89 8424 | 00b0 ffff | 8984 2400 | a0ff ff89 | 8424 0090 | ffff 8984 | 2400 80ff | ff49 3ba7 
  0x000002d58753d0a0: e004 0000 | 7607 4989 | a7e8 0400 | 0041 c687 | 7104 0000 | 0049 ba41 | adfc 2efd | 7f00 0041 
  0x000002d58753d0c0: 803a 000f | 843e 0000 | 0048 8b55 | e849 8bcf | 4883 ec20 | 40f6 c40f | 0f84 1900 | 0000 4883 
  0x000002d58753d0e0: ec08 48b8 | 10ee ac2e | fd7f 0000 | ffd0 4883 | c408 e90c | 0000 0048 | b810 eeac | 2efd 7f00 
  0x000002d58753d100: 00ff d048 | 83c4 2048 | 8b5d e84c | 8b5b 0845 | 0fb7 5b2e | 41c1 e303 | 492b e348 | 83ec 2048 
  0x000002d58753d120: 83e4 f04c | 8b5b 604d | 85db 0f85 | ab00 0000 | e805 0000 | 00e9 9900 | 0000 488b | d348 8d44 
  0x000002d58753d140: 2408 4c89 | 6dc0 498b | cfc5 f877 | 4989 afb0 | 0300 0049 | 8987 a003 | 0000 4883 | ec20 40f6 
  0x000002d58753d160: c40f 0f84 | 1900 0000 | 4883 ec08 | 48b8 f04d | 752e fd7f | 0000 ffd0 | 4883 c408 | e90c 0000 
  0x000002d58753d180: 0048 b8f0 | 4d75 2efd | 7f00 00ff | d048 83c4 | 2049 c787 | a003 0000 | 0000 0000 | 49c7 87b0 
  0x000002d58753d1a0: 0300 0000 | 0000 0049 | c787 a803 | 0000 0000 | 0000 c5f8 | 7749 837f | 0800 0f84 | 0500 0000 
  0x000002d58753d1c0: e9fb 3cff | ff4c 8b6d | c04c 8b75 | c84e 8d74 | f500 c348 | 8b5d e84c | 8b5b 6041 | ffd3 488b 
  0x000002d58753d1e0: 5de8 4889 | 4518 448b | 5b28 41f6 | c308 0f84 | 1b00 0000 | 4c8b 5b08 | 4d8b 5b08 | 4d8b 5b18 
  0x000002d58753d200: 4d8b 5b70 | 4d8b 1b4c | 895d 1048 | 8d55 1048 | 8b43 5849 | ba60 3cad | 2efd 7f00 | 0049 3bc2 
  0x000002d58753d220: 0f85 ab00 | 0000 e805 | 0000 00e9 | 9900 0000 | 488b d348 | 8d44 2408 | 4c89 6dc0 | 498b cfc5 
  0x000002d58753d240: f877 4989 | afb0 0300 | 0049 8987 | a003 0000 | 4883 ec20 | 40f6 c40f | 0f84 1900 | 0000 4883 
  0x000002d58753d260: ec08 48b8 | f04d 752e | fd7f 0000 | ffd0 4883 | c408 e90c | 0000 0048 | b8f0 4d75 | 2efd 7f00 
  0x000002d58753d280: 00ff d048 | 83c4 2049 | c787 a003 | 0000 0000 | 0000 49c7 | 87b0 0300 | 0000 0000 | 0049 c787 
  0x000002d58753d2a0: a803 0000 | 0000 0000 | c5f8 7749 | 837f 0800 | 0f84 0500 | 0000 e905 | 3cff ff4c | 8b6d c04c 
  0x000002d58753d2c0: 8b75 c84e | 8d74 f500 | c348 8b5d | e848 8b43 | 5849 8d8f | c003 0000 | c5f8 7749 | 89af b003 
  0x000002d58753d2e0: 0000 49ba | d8d2 5387 | d502 0000 | 4d89 97a8 | 0300 0049 | 89a7 a003 | 0000 41c7 | 8744 0400 
  0x000002d58753d300: 0004 0000 | 00ff d0c5 | f877 4883 | ec10 c5fb | 1104 2448 | 83ec 1048 | 8904 2448 | c744 2408 
  0x000002d58753d320: 0000 0000 | 41c7 8744 | 0400 0005 | 0000 00f0 | 8344 24c0 | 0049 3baf | 4804 0000 | 0f87 0e00 
  0x000002d58753d340: 0000 4183 | bf40 0400 | 0000 0f84 | 2000 0000 | 498b cf4c | 8be4 4883 | ec20 4883 | e4f0 48b8 
  0x000002d58753d360: 90a9 762e | fd7f 0000 | ffd0 498b | e44d 33e4 | 41c7 8744 | 0400 0008 | 0000 0049 | c787 a003 
  0x000002d58753d380: 0000 0000 | 0000 49c7 | 87b0 0300 | 0000 0000 | 0049 c787 | a803 0000 | 0000 0000 | c5f8 774d 
  0x000002d58753d3a0: 8b9f 3004 | 0000 41c7 | 8300 0100 | 0000 0000 | 0049 bbda | a553 87d5 | 0200 004c | 3b5d 180f 
  0x000002d58753d3c0: 8524 0300 | 0048 8b04 | 2448 83c4 | 1048 85c0 | 0f84 fe02 | 0000 a803 | 0f85 0800 | 0000 488b 
  0x000002d58753d3e0: 00e9 ee02 | 0000 a801 | 0f85 0900 | 0000 488b | 40fe e9dd | 0200 0048 | 8b40 ff41 | 807f 3800 
  0x000002d58753d400: 0f84 ce02 | 0000 4883 | f800 0f84 | c402 0000 | 4d8b 5f28 | 4983 fb00 | 0f84 1400 | 0000 4983 
  0x000002d58753d420: eb08 4d89 | 5f28 4d03 | 5f30 4989 | 03e9 a202 | 0000 4881 | ec50 0100 | 0048 8904 | 2448 894c 
  0x000002d58753d440: 2408 4889 | 5424 1048 | 8974 2418 | 4889 7c24 | 204c 8944 | 2428 4c89 | 4c24 304c | 8954 2438 
  0x000002d58753d460: 4c89 5c24 | 40c5 fb11 | 4424 50c5 | fb11 4c24 | 58c5 fb11 | 5424 60c5 | fb11 5c24 | 68c5 fb11 
  0x000002d58753d480: 6424 70c5 | fb11 6c24 | 78c5 fb11 | b424 8000 | 0000 c5fb | 11bc 2488 | 0000 00c5 | 7b11 8424 
  0x000002d58753d4a0: 9000 0000 | c57b 118c | 2498 0000 | 00c5 7b11 | 9424 a000 | 0000 c57b | 119c 24a8 | 0000 00c5 
  0x000002d58753d4c0: 7b11 a424 | b000 0000 | c57b 11ac | 24b8 0000 | 00c5 7b11 | b424 c000 | 0000 c57b | 11bc 24c8 
  0x000002d58753d4e0: 0000 0062 | e1ff 0811 | 4424 1a62 | e1ff 0811 | 4c24 1b62 | e1ff 0811 | 5424 1c62 | e1ff 0811 
  0x000002d58753d500: 5c24 1d62 | e1ff 0811 | 6424 1e62 | e1ff 0811 | 6c24 1f62 | e1ff 0811 | 7424 2062 | e1ff 0811 
  0x000002d58753d520: 7c24 2162 | 61ff 0811 | 4424 2262 | 61ff 0811 | 4c24 2362 | 61ff 0811 | 5424 2462 | 61ff 0811 
  0x000002d58753d540: 5c24 2562 | 61ff 0811 | 6424 2662 | 61ff 0811 | 6c24 2762 | 61ff 0811 | 7424 2862 | 61ff 0811 
  0x000002d58753d560: 7c24 2949 | 8bd7 488b | c848 83ec | 2040 f6c4 | 0f0f 8419 | 0000 0048 | 83ec 0848 | b8e0 076a 
  0x000002d58753d580: 2efd 7f00 | 00ff d048 | 83c4 08e9 | 0c00 0000 | 48b8 e007 | 6a2e fd7f | 0000 ffd0 | 4883 c420 
  0x000002d58753d5a0: 6261 ff08 | 107c 2429 | 6261 ff08 | 1074 2428 | 6261 ff08 | 106c 2427 | 6261 ff08 | 1064 2426 
  0x000002d58753d5c0: 6261 ff08 | 105c 2425 | 6261 ff08 | 1054 2424 | 6261 ff08 | 104c 2423 | 6261 ff08 | 1044 2422 
  0x000002d58753d5e0: 62e1 ff08 | 107c 2421 | 62e1 ff08 | 1074 2420 | 62e1 ff08 | 106c 241f | 62e1 ff08 | 1064 241e 
  0x000002d58753d600: 62e1 ff08 | 105c 241d | 62e1 ff08 | 1054 241c | 62e1 ff08 | 104c 241b | 62e1 ff08 | 1044 241a 
  0x000002d58753d620: c57b 10bc | 24c8 0000 | 00c5 7b10 | b424 c000 | 0000 c57b | 10ac 24b8 | 0000 00c5 | 7b10 a424 
  0x000002d58753d640: b000 0000 | c57b 109c | 24a8 0000 | 00c5 7b10 | 9424 a000 | 0000 c57b | 108c 2498 | 0000 00c5 
  0x000002d58753d660: 7b10 8424 | 9000 0000 | c5fb 10bc | 2488 0000 | 00c5 fb10 | b424 8000 | 0000 c5fb | 106c 2478 
  0x000002d58753d680: c5fb 1064 | 2470 c5fb | 105c 2468 | c5fb 1054 | 2460 c5fb | 104c 2458 | c5fb 1044 | 2450 4c8b 
  0x000002d58753d6a0: 5c24 404c | 8b54 2438 | 4c8b 4c24 | 304c 8b44 | 2428 488b | 7c24 2048 | 8b74 2418 | 488b 5424 
  0x000002d58753d6c0: 1048 8b4c | 2408 488b | 0424 4881 | c450 0100 | 00c5 f877 | 4889 4510 | 4883 ec10 | 4889 0424 
  0x000002d58753d6e0: 48c7 4424 | 0800 0000 | 0041 83bf | c804 0000 | 020f 85bf | 0000 0048 | 81ec 8000 | 0000 4889 
  0x000002d58753d700: 4424 7848 | 894c 2470 | 4889 5424 | 6848 895c | 2460 4889 | 6c24 5048 | 8974 2448 | 4889 7c24 
  0x000002d58753d720: 404c 8944 | 2438 4c89 | 4c24 304c | 8954 2428 | 4c89 5c24 | 204c 8964 | 2418 4c89 | 6c24 104c 
  0x000002d58753d740: 8974 2408 | 4c89 3c24 | 4c8b e448 | 83ec 2048 | 83e4 f048 | b8c0 22ad | 2efd 7f00 | 00ff d049 
  0x000002d58753d760: 8be4 4c8b | 3c24 4c8b | 7424 084c | 8b6c 2410 | 4c8b 6424 | 184c 8b5c | 2420 4c8b | 5424 284c 
  0x000002d58753d780: 8b4c 2430 | 4c8b 4424 | 3848 8b7c | 2440 488b | 7424 4848 | 8b6c 2450 | 488b 5c24 | 6048 8b54 
  0x000002d58753d7a0: 2468 488b | 4c24 7048 | 8b44 2478 | 4881 c480 | 0000 004d | 33e4 488b | 5de8 4c8b | 6b08 4d8d 
  0x000002d58753d7c0: 6d38 4983 | 7f08 000f | 84bb 0000 | 00e8 0500 | 0000 e996 | 0000 0048 | 8d44 2408 | 4c89 6dc0 
  0x000002d58753d7e0: 498b cfc5 | f877 4989 | afb0 0300 | 0049 8987 | a003 0000 | 4883 ec20 | 40f6 c40f | 0f84 1900 
  0x000002d58753d800: 0000 4883 | ec08 48b8 | 006c 752e | fd7f 0000 | ffd0 4883 | c408 e90c | 0000 0048 | b800 6c75 
  0x000002d58753d820: 2efd 7f00 | 00ff d048 | 83c4 2049 | c787 a003 | 0000 0000 | 0000 49c7 | 87b0 0300 | 0000 0000 
  0x000002d58753d840: 0049 c787 | a803 0000 | 0000 0000 | c5f8 7749 | 837f 0800 | 0f84 0500 | 0000 e961 | 36ff ff4c 
  0x000002d58753d860: 8b6d c04c | 8b75 c84e | 8d74 f500 | c348 b930 | d5d4 2efd | 7f00 0048 | 83e4 f048 | b870 4a9b 
  0x000002d58753d880: 2efd 7f00 | 00ff d0f4 | 448b 5b28 | 41f6 c320 | 0f84 7901 | 0000 488d | 55a8 4c8b | 5a08 4d85 
  0x000002d58753d8a0: db0f 85bb | 0000 00e8 | 0500 0000 | e996 0000 | 0048 8d44 | 2408 4c89 | 6dc0 498b | cfc5 f877 
  0x000002d58753d8c0: 4989 afb0 | 0300 0049 | 8987 a003 | 0000 4883 | ec20 40f6 | c40f 0f84 | 1900 0000 | 4883 ec08 
  0x000002d58753d8e0: 48b8 306b | 752e fd7f | 0000 ffd0 | 4883 c408 | e90c 0000 | 0048 b830 | 6b75 2efd | 7f00 00ff 
  0x000002d58753d900: d048 83c4 | 2049 c787 | a003 0000 | 0000 0000 | 49c7 87b0 | 0300 0000 | 0000 0049 | c787 a803 
  0x000002d58753d920: 0000 0000 | 0000 c5f8 | 7749 837f | 0800 0f84 | 0500 0000 | e987 35ff | ff4c 8b6d | c04c 8b75 
  0x000002d58753d940: c84e 8d74 | f500 c348 | b930 d5d4 | 2efd 7f00 | 0048 83e4 | f048 b870 | 4a9b 2efd | 7f00 00ff 
  0x000002d58753d960: d0f4 4c89 | 6dc0 4c8b | 4a08 48c7 | 4208 0000 | 0000 458b | 8718 0600 | 004f 3b4c | 07f8 0f85 
  0x000002d58753d980: 4900 0000 | 4183 af18 | 0600 0008 | 4f3b 4c07 | f00f 842a | 0000 0049 | 8b01 a802 | 0f85 1200 
  0x000002d58753d9a0: 0000 4c8b | c049 83c8 | 01f0 4d0f | b101 0f84 | 0d00 0000 | 4183 8718 | 0600 0008 | e90c 0000 
  0x000002d58753d9c0: 0049 ff8f | 5005 0000 | e93e 0000 | 004c 894a | 0848 8bca | 4883 ec20 | 40f6 c40f | 0f84 1900 
  0x000002d58753d9e0: 0000 4883 | ec08 48b8 | f03d 752e | fd7f 0000 | ffd0 4883 | c408 e90c | 0000 0048 | b8f0 3d75 
  0x000002d58753da00: 2efd 7f00 | 00ff d048 | 83c4 204c | 8b6d c049 | ba41 adfc | 2efd 7f00 | 0041 803a | 000f 843e 
  0x000002d58753da20: 0000 0048 | 8b55 e849 | 8bcf 4883 | ec20 40f6 | c40f 0f84 | 1900 0000 | 4883 ec08 | 48b8 10ee 
  0x000002d58753da40: ac2e fd7f | 0000 ffd0 | 4883 c408 | e90c 0000 | 0048 b810 | eeac 2efd | 7f00 00ff | d048 83c4 
  0x000002d58753da60: 2048 8b04 | 2448 83c4 | 10c5 fb10 | 0424 4883 | c410 4c8b | 5d18 41ff | d34c 8b5d | f8c9 5f49 
  0x000002d58753da80: 8be3 ffe7 | ba00 0000 | 00e8 0500 | 0000 e996 | 0000 0048 | 8d44 2408 | 4c89 6dc0 | 498b cfc5 
  0x000002d58753daa0: f877 4989 | afb0 0300 | 0049 8987 | a003 0000 | 4883 ec20 | 40f6 c40f | 0f84 1900 | 0000 4883 
  0x000002d58753dac0: ec08 48b8 | a031 752e | fd7f 0000 | ffd0 4883 | c408 e90c | 0000 0048 | b8a0 3175 | 2efd 7f00 
  0x000002d58753dae0: 00ff d048 | 83c4 2049 | c787 a003 | 0000 0000 | 0000 49c7 | 87b0 0300 | 0000 0000 | 0049 c787 
  0x000002d58753db00: a803 0000 | 0000 0000 | c5f8 7749 | 837f 0800 | 0f84 0500 | 0000 e9a5 | 33ff ff4c | 8b6d c04c 
  0x000002d58753db20: 8b75 c84e | 8d74 f500 | c348 8b5d | e8e9 26f5 | ffff 660f | 1f44 0000 
[/MachCode]

---------------  P R O C E S S  ---------------

Threads class SMR info:
_java_thread_list=0x000002d5d59351a0, length=20, elements={
0x000002d5e6ea3d30, 0x000002d5f6e270f0, 0x000002d5f6e27e40, 0x000002d5f6e2a9a0,
0x000002d5f6e2b620, 0x000002d5f6e2e510, 0x000002d5d4011660, 0x000002d5d401db20,
0x000002d5d404ec10, 0x000002d5d415c960, 0x000002d5d4ff9db0, 0x000002d5d4e16f60,
0x000002d5d4d2e850, 0x000002d5d4239de0, 0x000002d5d4618d20, 0x000002d5d51ba080,
0x000002d5d575e0d0, 0x000002d5d56f2810, 0x000002d5d56eaba0, 0x000002d5d5900870
}

Java Threads: ( => current thread )
  0x000002d5e6ea3d30 JavaThread "main"                              [_thread_blocked, id=19416, stack(0x000000ecb0100000,0x000000ecb0200000) (1024K)]
  0x000002d5f6e270f0 JavaThread "Reference Handler"          daemon [_thread_blocked, id=20348, stack(0x000000ecb0900000,0x000000ecb0a00000) (1024K)]
  0x000002d5f6e27e40 JavaThread "Finalizer"                  daemon [_thread_blocked, id=28500, stack(0x000000ecb0a00000,0x000000ecb0b00000) (1024K)]
  0x000002d5f6e2a9a0 JavaThread "Signal Dispatcher"          daemon [_thread_blocked, id=20128, stack(0x000000ecb0b00000,0x000000ecb0c00000) (1024K)]
  0x000002d5f6e2b620 JavaThread "Attach Listener"            daemon [_thread_blocked, id=33584, stack(0x000000ecb0c00000,0x000000ecb0d00000) (1024K)]
  0x000002d5f6e2e510 JavaThread "Service Thread"             daemon [_thread_blocked, id=19164, stack(0x000000ecb0d00000,0x000000ecb0e00000) (1024K)]
  0x000002d5d4011660 JavaThread "Monitor Deflation Thread"   daemon [_thread_blocked, id=29864, stack(0x000000ecb0e00000,0x000000ecb0f00000) (1024K)]
  0x000002d5d401db20 JavaThread "C2 CompilerThread0"         daemon [_thread_blocked, id=4824, stack(0x000000ecb0f00000,0x000000ecb1000000) (1024K)]
  0x000002d5d404ec10 JavaThread "C1 CompilerThread0"         daemon [_thread_blocked, id=32028, stack(0x000000ecb1000000,0x000000ecb1100000) (1024K)]
  0x000002d5d415c960 JavaThread "Common-Cleaner"             daemon [_thread_blocked, id=24872, stack(0x000000ecb1100000,0x000000ecb1200000) (1024K)]
  0x000002d5d4ff9db0 JavaThread "Monitor Ctrl-Break"         daemon [_thread_in_native, id=5236, stack(0x000000ecb1400000,0x000000ecb1500000) (1024K)]
  0x000002d5d4e16f60 JavaThread "Notification Thread"        daemon [_thread_blocked, id=20024, stack(0x000000ecb1500000,0x000000ecb1600000) (1024K)]
  0x000002d5d4d2e850 JavaThread "QuantumRenderer-0"          daemon [_thread_blocked, id=21736, stack(0x000000ecb1600000,0x000000ecb1700000) (1024K)]
  0x000002d5d4239de0 JavaThread "InvokeLaterDispatcher"      daemon [_thread_blocked, id=27048, stack(0x000000ecb1200000,0x000000ecb1300000) (1024K)]
=>0x000002d5d4618d20 JavaThread "JavaFX Application Thread"         [_thread_in_native, id=30132, stack(0x000000ecb1300000,0x000000ecb1400000) (1024K)]
  0x000002d5d51ba080 JavaThread "JavaFX-Launcher"                   [_thread_blocked, id=16000, stack(0x000000ecb1c00000,0x000000ecb1d00000) (1024K)]
  0x000002d5d575e0d0 JavaThread "Thread-2"                   daemon [_thread_in_native, id=16484, stack(0x000000ecb1b00000,0x000000ecb1c00000) (1024K)]
  0x000002d5d56f2810 JavaThread "C2 CompilerThread1"         daemon [_thread_blocked, id=16944, stack(0x000000ecb2200000,0x000000ecb2300000) (1024K)]
  0x000002d5d56eaba0 JavaThread "C2 CompilerThread2"         daemon [_thread_blocked, id=17728, stack(0x000000ecb2300000,0x000000ecb2400000) (1024K)]
  0x000002d5d5900870 JavaThread "Prism Font Disposer"        daemon [_thread_blocked, id=11240, stack(0x000000ecb2900000,0x000000ecb2a00000) (1024K)]
Total: 20

Other Threads:
  0x000002d5f6e0d1a0 VMThread "VM Thread"                           [id=33920, stack(0x000000ecb0800000,0x000000ecb0900000) (1024K)]
  0x000002d5f6dfaa50 WatcherThread "VM Periodic Task Thread"        [id=34416, stack(0x000000ecb0700000,0x000000ecb0800000) (1024K)]
  0x000002d5e928fb50 WorkerThread "GC Thread#0"                     [id=19632, stack(0x000000ecb0200000,0x000000ecb0300000) (1024K)]
  0x000002d5d575bc20 WorkerThread "GC Thread#1"                     [id=32904, stack(0x000000ecb1d00000,0x000000ecb1e00000) (1024K)]
  0x000002d5d575ab10 WorkerThread "GC Thread#2"                     [id=19564, stack(0x000000ecb1e00000,0x000000ecb1f00000) (1024K)]
  0x000002d5d5742840 WorkerThread "GC Thread#3"                     [id=28308, stack(0x000000ecb1f00000,0x000000ecb2000000) (1024K)]
  0x000002d5d402fe70 WorkerThread "GC Thread#4"                     [id=2368, stack(0x000000ecb2000000,0x000000ecb2100000) (1024K)]
  0x000002d5d402f360 WorkerThread "GC Thread#5"                     [id=14528, stack(0x000000ecb2100000,0x000000ecb2200000) (1024K)]
  0x000002d5d402fac0 WorkerThread "GC Thread#6"                     [id=3400, stack(0x000000ecb2400000,0x000000ecb2500000) (1024K)]
  0x000002d5d402ec00 WorkerThread "GC Thread#7"                     [id=28792, stack(0x000000ecb2500000,0x000000ecb2600000) (1024K)]
  0x000002d5e92e2f80 ConcurrentGCThread "G1 Main Marker"            [id=812, stack(0x000000ecb0300000,0x000000ecb0400000) (1024K)]
  0x000002d5e92e50e0 WorkerThread "G1 Conc#0"                       [id=21932, stack(0x000000ecb0400000,0x000000ecb0500000) (1024K)]
  0x000002d5f6cc98a0 ConcurrentGCThread "G1 Refine#0"               [id=3268, stack(0x000000ecb0500000,0x000000ecb0600000) (1024K)]
  0x000002d5f6ccc2d0 ConcurrentGCThread "G1 Service"                [id=13364, stack(0x000000ecb0600000,0x000000ecb0700000) (1024K)]
Total: 14

Threads with active compile tasks:
Total: 0

VM state: not at safepoint (normal execution)

VM Mutex/Monitor currently owned by a thread: None

Heap address: 0x0000000704c00000, size: 4020 MB, Compressed Oops mode: Zero based, Oop shift amount: 3

CDS archive(s) mapped at: [0x000002d58f000000-0x000002d58fd70000-0x000002d58fd70000), size 14090240, SharedBaseAddress: 0x000002d58f000000, ArchiveRelocationMode: 1.
Compressed class space mapped at: 0x000002d590000000-0x000002d5d0000000, reserved size: 1073741824
Narrow klass base: 0x000002d58f000000, Narrow klass shift: 0, Narrow klass range: 0x41000000

GC Precious Log:
 CardTable entry size: 512
 Card Set container configuration: InlinePtr #cards 4 size 8 Array Of Cards #cards 16 size 48 Howl #buckets 8 coarsen threshold 3686 Howl Bitmap #cards 512 size 80 coarsen threshold 460 Card regions per heap region 1 cards per card region 4096
 CPUs: 8 total, 8 available
 Memory: 16075M
 Large Page Support: Disabled
 NUMA Support: Disabled
 Compressed Oops: Enabled (Zero based)
 Heap Region Size: 2M
 Heap Min Capacity: 8M
 Heap Initial Capacity: 252M
 Heap Max Capacity: 4020M
 Pre-touch: Disabled
 Parallel Workers: 8
 Concurrent Workers: 2
 Concurrent Refinement Workers: 8
 Periodic GC: Disabled

Heap:
 garbage-first heap   total reserved 4116480K, committed 258048K, used 16302K [0x0000000704c00000, 0x0000000800000000)
  region size 2048K, 8 young (16384K), 2 survivors (4096K)
 Metaspace       used 10006K, committed 10240K, reserved 1114112K
  class space    used 1446K, committed 1536K, reserved 1048576K

Heap Regions: E=young(eden), S=young(survivor), O=old, HS=humongous(starts), HC=humongous(continues), CS=collection set, F=free, TAMS=top-at-mark-start, PB=parsable bottom
|   0|0x0000000704c00000, 0x0000000704e00000, 0x0000000704e00000|100%| O|  |TAMS 0x0000000704c00000| PB 0x0000000704c00000| Untracked |  0
|   1|0x0000000704e00000, 0x0000000704e95210, 0x0000000705000000| 29%| O|  |TAMS 0x0000000704e00000| PB 0x0000000704e00000| Untracked |  0
|   2|0x0000000705000000, 0x0000000705000000, 0x0000000705200000|  0%| F|  |TAMS 0x0000000705000000| PB 0x0000000705000000| Untracked |  0
|   3|0x0000000705200000, 0x0000000705200000, 0x0000000705400000|  0%| F|  |TAMS 0x0000000705200000| PB 0x0000000705200000| Untracked |  0
|   4|0x0000000705400000, 0x0000000705400000, 0x0000000705600000|  0%| F|  |TAMS 0x0000000705400000| PB 0x0000000705400000| Untracked |  0
|   5|0x0000000705600000, 0x0000000705600000, 0x0000000705800000|  0%| F|  |TAMS 0x0000000705600000| PB 0x0000000705600000| Untracked |  0
|   6|0x0000000705800000, 0x0000000705800000, 0x0000000705a00000|  0%| F|  |TAMS 0x0000000705800000| PB 0x0000000705800000| Untracked |  0
|   7|0x0000000705a00000, 0x0000000705a00000, 0x0000000705c00000|  0%| F|  |TAMS 0x0000000705a00000| PB 0x0000000705a00000| Untracked |  0
|   8|0x0000000705c00000, 0x0000000705c00000, 0x0000000705e00000|  0%| F|  |TAMS 0x0000000705c00000| PB 0x0000000705c00000| Untracked |  0
|   9|0x0000000705e00000, 0x0000000705e00000, 0x0000000706000000|  0%| F|  |TAMS 0x0000000705e00000| PB 0x0000000705e00000| Untracked |  0
|  10|0x0000000706000000, 0x0000000706000000, 0x0000000706200000|  0%| F|  |TAMS 0x0000000706000000| PB 0x0000000706000000| Untracked |  0
|  11|0x0000000706200000, 0x0000000706200000, 0x0000000706400000|  0%| F|  |TAMS 0x0000000706200000| PB 0x0000000706200000| Untracked |  0
|  12|0x0000000706400000, 0x0000000706400000, 0x0000000706600000|  0%| F|  |TAMS 0x0000000706400000| PB 0x0000000706400000| Untracked |  0
|  13|0x0000000706600000, 0x0000000706600000, 0x0000000706800000|  0%| F|  |TAMS 0x0000000706600000| PB 0x0000000706600000| Untracked |  0
|  14|0x0000000706800000, 0x0000000706800000, 0x0000000706a00000|  0%| F|  |TAMS 0x0000000706800000| PB 0x0000000706800000| Untracked |  0
|  15|0x0000000706a00000, 0x0000000706a00000, 0x0000000706c00000|  0%| F|  |TAMS 0x0000000706a00000| PB 0x0000000706a00000| Untracked |  0
|  16|0x0000000706c00000, 0x0000000706c00000, 0x0000000706e00000|  0%| F|  |TAMS 0x0000000706c00000| PB 0x0000000706c00000| Untracked |  0
|  17|0x0000000706e00000, 0x0000000706e00000, 0x0000000707000000|  0%| F|  |TAMS 0x0000000706e00000| PB 0x0000000706e00000| Untracked |  0
|  18|0x0000000707000000, 0x0000000707000000, 0x0000000707200000|  0%| F|  |TAMS 0x0000000707000000| PB 0x0000000707000000| Untracked |  0
|  19|0x0000000707200000, 0x0000000707200000, 0x0000000707400000|  0%| F|  |TAMS 0x0000000707200000| PB 0x0000000707200000| Untracked |  0
|  20|0x0000000707400000, 0x0000000707400000, 0x0000000707600000|  0%| F|  |TAMS 0x0000000707400000| PB 0x0000000707400000| Untracked |  0
|  21|0x0000000707600000, 0x0000000707600000, 0x0000000707800000|  0%| F|  |TAMS 0x0000000707600000| PB 0x0000000707600000| Untracked |  0
|  22|0x0000000707800000, 0x0000000707800000, 0x0000000707a00000|  0%| F|  |TAMS 0x0000000707800000| PB 0x0000000707800000| Untracked |  0
|  23|0x0000000707a00000, 0x0000000707a00000, 0x0000000707c00000|  0%| F|  |TAMS 0x0000000707a00000| PB 0x0000000707a00000| Untracked |  0
|  24|0x0000000707c00000, 0x0000000707c00000, 0x0000000707e00000|  0%| F|  |TAMS 0x0000000707c00000| PB 0x0000000707c00000| Untracked |  0
|  25|0x0000000707e00000, 0x0000000707e00000, 0x0000000708000000|  0%| F|  |TAMS 0x0000000707e00000| PB 0x0000000707e00000| Untracked |  0
|  26|0x0000000708000000, 0x0000000708000000, 0x0000000708200000|  0%| F|  |TAMS 0x0000000708000000| PB 0x0000000708000000| Untracked |  0
|  27|0x0000000708200000, 0x0000000708200000, 0x0000000708400000|  0%| F|  |TAMS 0x0000000708200000| PB 0x0000000708200000| Untracked |  0
|  28|0x0000000708400000, 0x0000000708400000, 0x0000000708600000|  0%| F|  |TAMS 0x0000000708400000| PB 0x0000000708400000| Untracked |  0
|  29|0x0000000708600000, 0x0000000708600000, 0x0000000708800000|  0%| F|  |TAMS 0x0000000708600000| PB 0x0000000708600000| Untracked |  0
|  30|0x0000000708800000, 0x0000000708800000, 0x0000000708a00000|  0%| F|  |TAMS 0x0000000708800000| PB 0x0000000708800000| Untracked |  0
|  31|0x0000000708a00000, 0x0000000708a00000, 0x0000000708c00000|  0%| F|  |TAMS 0x0000000708a00000| PB 0x0000000708a00000| Untracked |  0
|  32|0x0000000708c00000, 0x0000000708c00000, 0x0000000708e00000|  0%| F|  |TAMS 0x0000000708c00000| PB 0x0000000708c00000| Untracked |  0
|  33|0x0000000708e00000, 0x0000000708e00000, 0x0000000709000000|  0%| F|  |TAMS 0x0000000708e00000| PB 0x0000000708e00000| Untracked |  0
|  34|0x0000000709000000, 0x0000000709000000, 0x0000000709200000|  0%| F|  |TAMS 0x0000000709000000| PB 0x0000000709000000| Untracked |  0
|  35|0x0000000709200000, 0x0000000709200000, 0x0000000709400000|  0%| F|  |TAMS 0x0000000709200000| PB 0x0000000709200000| Untracked |  0
|  36|0x0000000709400000, 0x0000000709400000, 0x0000000709600000|  0%| F|  |TAMS 0x0000000709400000| PB 0x0000000709400000| Untracked |  0
|  37|0x0000000709600000, 0x0000000709600000, 0x0000000709800000|  0%| F|  |TAMS 0x0000000709600000| PB 0x0000000709600000| Untracked |  0
|  38|0x0000000709800000, 0x0000000709800000, 0x0000000709a00000|  0%| F|  |TAMS 0x0000000709800000| PB 0x0000000709800000| Untracked |  0
|  39|0x0000000709a00000, 0x0000000709a00000, 0x0000000709c00000|  0%| F|  |TAMS 0x0000000709a00000| PB 0x0000000709a00000| Untracked |  0
|  40|0x0000000709c00000, 0x0000000709c00000, 0x0000000709e00000|  0%| F|  |TAMS 0x0000000709c00000| PB 0x0000000709c00000| Untracked |  0
|  41|0x0000000709e00000, 0x0000000709e00000, 0x000000070a000000|  0%| F|  |TAMS 0x0000000709e00000| PB 0x0000000709e00000| Untracked |  0
|  42|0x000000070a000000, 0x000000070a000000, 0x000000070a200000|  0%| F|  |TAMS 0x000000070a000000| PB 0x000000070a000000| Untracked |  0
|  43|0x000000070a200000, 0x000000070a200000, 0x000000070a400000|  0%| F|  |TAMS 0x000000070a200000| PB 0x000000070a200000| Untracked |  0
|  44|0x000000070a400000, 0x000000070a400000, 0x000000070a600000|  0%| F|  |TAMS 0x000000070a400000| PB 0x000000070a400000| Untracked |  0
|  45|0x000000070a600000, 0x000000070a600000, 0x000000070a800000|  0%| F|  |TAMS 0x000000070a600000| PB 0x000000070a600000| Untracked |  0
|  46|0x000000070a800000, 0x000000070a800000, 0x000000070aa00000|  0%| F|  |TAMS 0x000000070a800000| PB 0x000000070a800000| Untracked |  0
|  47|0x000000070aa00000, 0x000000070aa00000, 0x000000070ac00000|  0%| F|  |TAMS 0x000000070aa00000| PB 0x000000070aa00000| Untracked |  0
|  48|0x000000070ac00000, 0x000000070ac00000, 0x000000070ae00000|  0%| F|  |TAMS 0x000000070ac00000| PB 0x000000070ac00000| Untracked |  0
|  49|0x000000070ae00000, 0x000000070ae00000, 0x000000070b000000|  0%| F|  |TAMS 0x000000070ae00000| PB 0x000000070ae00000| Untracked |  0
|  50|0x000000070b000000, 0x000000070b000000, 0x000000070b200000|  0%| F|  |TAMS 0x000000070b000000| PB 0x000000070b000000| Untracked |  0
|  51|0x000000070b200000, 0x000000070b200000, 0x000000070b400000|  0%| F|  |TAMS 0x000000070b200000| PB 0x000000070b200000| Untracked |  0
|  52|0x000000070b400000, 0x000000070b400000, 0x000000070b600000|  0%| F|  |TAMS 0x000000070b400000| PB 0x000000070b400000| Untracked |  0
|  53|0x000000070b600000, 0x000000070b600000, 0x000000070b800000|  0%| F|  |TAMS 0x000000070b600000| PB 0x000000070b600000| Untracked |  0
|  54|0x000000070b800000, 0x000000070b800000, 0x000000070ba00000|  0%| F|  |TAMS 0x000000070b800000| PB 0x000000070b800000| Untracked |  0
|  55|0x000000070ba00000, 0x000000070ba00000, 0x000000070bc00000|  0%| F|  |TAMS 0x000000070ba00000| PB 0x000000070ba00000| Untracked |  0
|  56|0x000000070bc00000, 0x000000070bc00000, 0x000000070be00000|  0%| F|  |TAMS 0x000000070bc00000| PB 0x000000070bc00000| Untracked |  0
|  57|0x000000070be00000, 0x000000070be00000, 0x000000070c000000|  0%| F|  |TAMS 0x000000070be00000| PB 0x000000070be00000| Untracked |  0
|  58|0x000000070c000000, 0x000000070c000000, 0x000000070c200000|  0%| F|  |TAMS 0x000000070c000000| PB 0x000000070c000000| Untracked |  0
|  59|0x000000070c200000, 0x000000070c200000, 0x000000070c400000|  0%| F|  |TAMS 0x000000070c200000| PB 0x000000070c200000| Untracked |  0
|  60|0x000000070c400000, 0x000000070c400000, 0x000000070c600000|  0%| F|  |TAMS 0x000000070c400000| PB 0x000000070c400000| Untracked |  0
|  61|0x000000070c600000, 0x000000070c600000, 0x000000070c800000|  0%| F|  |TAMS 0x000000070c600000| PB 0x000000070c600000| Untracked |  0
|  62|0x000000070c800000, 0x000000070c800000, 0x000000070ca00000|  0%| F|  |TAMS 0x000000070c800000| PB 0x000000070c800000| Untracked |  0
|  63|0x000000070ca00000, 0x000000070ca00000, 0x000000070cc00000|  0%| F|  |TAMS 0x000000070ca00000| PB 0x000000070ca00000| Untracked |  0
|  64|0x000000070cc00000, 0x000000070cc00000, 0x000000070ce00000|  0%| F|  |TAMS 0x000000070cc00000| PB 0x000000070cc00000| Untracked |  0
|  65|0x000000070ce00000, 0x000000070ce00000, 0x000000070d000000|  0%| F|  |TAMS 0x000000070ce00000| PB 0x000000070ce00000| Untracked |  0
|  66|0x000000070d000000, 0x000000070d000000, 0x000000070d200000|  0%| F|  |TAMS 0x000000070d000000| PB 0x000000070d000000| Untracked |  0
|  67|0x000000070d200000, 0x000000070d200000, 0x000000070d400000|  0%| F|  |TAMS 0x000000070d200000| PB 0x000000070d200000| Untracked |  0
|  68|0x000000070d400000, 0x000000070d400000, 0x000000070d600000|  0%| F|  |TAMS 0x000000070d400000| PB 0x000000070d400000| Untracked |  0
|  69|0x000000070d600000, 0x000000070d600000, 0x000000070d800000|  0%| F|  |TAMS 0x000000070d600000| PB 0x000000070d600000| Untracked |  0
|  70|0x000000070d800000, 0x000000070d800000, 0x000000070da00000|  0%| F|  |TAMS 0x000000070d800000| PB 0x000000070d800000| Untracked |  0
|  71|0x000000070da00000, 0x000000070da00000, 0x000000070dc00000|  0%| F|  |TAMS 0x000000070da00000| PB 0x000000070da00000| Untracked |  0
|  72|0x000000070dc00000, 0x000000070dc00000, 0x000000070de00000|  0%| F|  |TAMS 0x000000070dc00000| PB 0x000000070dc00000| Untracked |  0
|  73|0x000000070de00000, 0x000000070de00000, 0x000000070e000000|  0%| F|  |TAMS 0x000000070de00000| PB 0x000000070de00000| Untracked |  0
|  74|0x000000070e000000, 0x000000070e000000, 0x000000070e200000|  0%| F|  |TAMS 0x000000070e000000| PB 0x000000070e000000| Untracked |  0
|  75|0x000000070e200000, 0x000000070e200000, 0x000000070e400000|  0%| F|  |TAMS 0x000000070e200000| PB 0x000000070e200000| Untracked |  0
|  76|0x000000070e400000, 0x000000070e400000, 0x000000070e600000|  0%| F|  |TAMS 0x000000070e400000| PB 0x000000070e400000| Untracked |  0
|  77|0x000000070e600000, 0x000000070e600000, 0x000000070e800000|  0%| F|  |TAMS 0x000000070e600000| PB 0x000000070e600000| Untracked |  0
|  78|0x000000070e800000, 0x000000070e800000, 0x000000070ea00000|  0%| F|  |TAMS 0x000000070e800000| PB 0x000000070e800000| Untracked |  0
|  79|0x000000070ea00000, 0x000000070ea00000, 0x000000070ec00000|  0%| F|  |TAMS 0x000000070ea00000| PB 0x000000070ea00000| Untracked |  0
|  80|0x000000070ec00000, 0x000000070ec00000, 0x000000070ee00000|  0%| F|  |TAMS 0x000000070ec00000| PB 0x000000070ec00000| Untracked |  0
|  81|0x000000070ee00000, 0x000000070ee00000, 0x000000070f000000|  0%| F|  |TAMS 0x000000070ee00000| PB 0x000000070ee00000| Untracked |  0
|  82|0x000000070f000000, 0x000000070f000000, 0x000000070f200000|  0%| F|  |TAMS 0x000000070f000000| PB 0x000000070f000000| Untracked |  0
|  83|0x000000070f200000, 0x000000070f200000, 0x000000070f400000|  0%| F|  |TAMS 0x000000070f200000| PB 0x000000070f200000| Untracked |  0
|  84|0x000000070f400000, 0x000000070f400000, 0x000000070f600000|  0%| F|  |TAMS 0x000000070f400000| PB 0x000000070f400000| Untracked |  0
|  85|0x000000070f600000, 0x000000070f600000, 0x000000070f800000|  0%| F|  |TAMS 0x000000070f600000| PB 0x000000070f600000| Untracked |  0
|  86|0x000000070f800000, 0x000000070f800000, 0x000000070fa00000|  0%| F|  |TAMS 0x000000070f800000| PB 0x000000070f800000| Untracked |  0
|  87|0x000000070fa00000, 0x000000070fa00000, 0x000000070fc00000|  0%| F|  |TAMS 0x000000070fa00000| PB 0x000000070fa00000| Untracked |  0
|  88|0x000000070fc00000, 0x000000070fc00000, 0x000000070fe00000|  0%| F|  |TAMS 0x000000070fc00000| PB 0x000000070fc00000| Untracked |  0
|  89|0x000000070fe00000, 0x000000070fe00000, 0x0000000710000000|  0%| F|  |TAMS 0x000000070fe00000| PB 0x000000070fe00000| Untracked |  0
|  90|0x0000000710000000, 0x0000000710000000, 0x0000000710200000|  0%| F|  |TAMS 0x0000000710000000| PB 0x0000000710000000| Untracked |  0
|  91|0x0000000710200000, 0x0000000710200000, 0x0000000710400000|  0%| F|  |TAMS 0x0000000710200000| PB 0x0000000710200000| Untracked |  0
|  92|0x0000000710400000, 0x0000000710400000, 0x0000000710600000|  0%| F|  |TAMS 0x0000000710400000| PB 0x0000000710400000| Untracked |  0
|  93|0x0000000710600000, 0x0000000710600000, 0x0000000710800000|  0%| F|  |TAMS 0x0000000710600000| PB 0x0000000710600000| Untracked |  0
|  94|0x0000000710800000, 0x0000000710800000, 0x0000000710a00000|  0%| F|  |TAMS 0x0000000710800000| PB 0x0000000710800000| Untracked |  0
|  95|0x0000000710a00000, 0x0000000710a00000, 0x0000000710c00000|  0%| F|  |TAMS 0x0000000710a00000| PB 0x0000000710a00000| Untracked |  0
|  96|0x0000000710c00000, 0x0000000710c00000, 0x0000000710e00000|  0%| F|  |TAMS 0x0000000710c00000| PB 0x0000000710c00000| Untracked |  0
|  97|0x0000000710e00000, 0x0000000710e00000, 0x0000000711000000|  0%| F|  |TAMS 0x0000000710e00000| PB 0x0000000710e00000| Untracked |  0
|  98|0x0000000711000000, 0x0000000711000000, 0x0000000711200000|  0%| F|  |TAMS 0x0000000711000000| PB 0x0000000711000000| Untracked |  0
|  99|0x0000000711200000, 0x0000000711200000, 0x0000000711400000|  0%| F|  |TAMS 0x0000000711200000| PB 0x0000000711200000| Untracked |  0
| 100|0x0000000711400000, 0x0000000711400000, 0x0000000711600000|  0%| F|  |TAMS 0x0000000711400000| PB 0x0000000711400000| Untracked |  0
| 101|0x0000000711600000, 0x0000000711600000, 0x0000000711800000|  0%| F|  |TAMS 0x0000000711600000| PB 0x0000000711600000| Untracked |  0
| 102|0x0000000711800000, 0x0000000711800000, 0x0000000711a00000|  0%| F|  |TAMS 0x0000000711800000| PB 0x0000000711800000| Untracked |  0
| 103|0x0000000711a00000, 0x0000000711a00000, 0x0000000711c00000|  0%| F|  |TAMS 0x0000000711a00000| PB 0x0000000711a00000| Untracked |  0
| 104|0x0000000711c00000, 0x0000000711c00000, 0x0000000711e00000|  0%| F|  |TAMS 0x0000000711c00000| PB 0x0000000711c00000| Untracked |  0
| 105|0x0000000711e00000, 0x0000000711e00000, 0x0000000712000000|  0%| F|  |TAMS 0x0000000711e00000| PB 0x0000000711e00000| Untracked |  0
| 106|0x0000000712000000, 0x0000000712000000, 0x0000000712200000|  0%| F|  |TAMS 0x0000000712000000| PB 0x0000000712000000| Untracked |  0
| 107|0x0000000712200000, 0x0000000712200000, 0x0000000712400000|  0%| F|  |TAMS 0x0000000712200000| PB 0x0000000712200000| Untracked |  0
| 108|0x0000000712400000, 0x0000000712400000, 0x0000000712600000|  0%| F|  |TAMS 0x0000000712400000| PB 0x0000000712400000| Untracked |  0
| 109|0x0000000712600000, 0x0000000712600000, 0x0000000712800000|  0%| F|  |TAMS 0x0000000712600000| PB 0x0000000712600000| Untracked |  0
| 110|0x0000000712800000, 0x00000007129569c8, 0x0000000712a00000| 66%| S|CS|TAMS 0x0000000712800000| PB 0x0000000712800000| Complete |  0
| 111|0x0000000712a00000, 0x0000000712c00000, 0x0000000712c00000|100%| S|CS|TAMS 0x0000000712a00000| PB 0x0000000712a00000| Complete |  0
| 112|0x0000000712c00000, 0x0000000712c00000, 0x0000000712e00000|  0%| F|  |TAMS 0x0000000712c00000| PB 0x0000000712c00000| Untracked |  0
| 113|0x0000000712e00000, 0x0000000712e00000, 0x0000000713000000|  0%| F|  |TAMS 0x0000000712e00000| PB 0x0000000712e00000| Untracked |  0
| 114|0x0000000713000000, 0x0000000713000000, 0x0000000713200000|  0%| F|  |TAMS 0x0000000713000000| PB 0x0000000713000000| Untracked |  0
| 115|0x0000000713200000, 0x0000000713200000, 0x0000000713400000|  0%| F|  |TAMS 0x0000000713200000| PB 0x0000000713200000| Untracked |  0
| 116|0x0000000713400000, 0x0000000713400000, 0x0000000713600000|  0%| F|  |TAMS 0x0000000713400000| PB 0x0000000713400000| Untracked |  0
| 117|0x0000000713600000, 0x0000000713600000, 0x0000000713800000|  0%| F|  |TAMS 0x0000000713600000| PB 0x0000000713600000| Untracked |  0
| 118|0x0000000713800000, 0x0000000713800000, 0x0000000713a00000|  0%| F|  |TAMS 0x0000000713800000| PB 0x0000000713800000| Untracked |  0
| 119|0x0000000713a00000, 0x0000000713a00000, 0x0000000713c00000|  0%| F|  |TAMS 0x0000000713a00000| PB 0x0000000713a00000| Untracked |  0
| 120|0x0000000713c00000, 0x0000000713dd7548, 0x0000000713e00000| 92%| E|  |TAMS 0x0000000713c00000| PB 0x0000000713c00000| Complete |  0
| 121|0x0000000713e00000, 0x0000000714000000, 0x0000000714000000|100%| E|CS|TAMS 0x0000000713e00000| PB 0x0000000713e00000| Complete |  0
| 122|0x0000000714000000, 0x0000000714200000, 0x0000000714200000|100%| E|CS|TAMS 0x0000000714000000| PB 0x0000000714000000| Complete |  0
| 123|0x0000000714200000, 0x0000000714400000, 0x0000000714400000|100%| E|CS|TAMS 0x0000000714200000| PB 0x0000000714200000| Complete |  0
| 124|0x0000000714400000, 0x0000000714600000, 0x0000000714600000|100%| E|CS|TAMS 0x0000000714400000| PB 0x0000000714400000| Complete |  0
| 125|0x0000000714600000, 0x0000000714800000, 0x0000000714800000|100%| E|CS|TAMS 0x0000000714600000| PB 0x0000000714600000| Complete |  0

Card table byte_map: [0x000002d5f2580000,0x000002d5f2d60000] _byte_map_base: 0x000002d5eed5a000

Marking Bits: (CMBitMap*) 0x000002d5e9290260
 Bits: [0x000002d5f2d60000, 0x000002d5f6c30000)

Polling page: 0x000002d5e7010000

Metaspace:

Usage:
  Non-class:      8.36 MB used.
      Class:      1.41 MB used.
       Both:      9.77 MB used.

Virtual space:
  Non-class space:       64.00 MB reserved,       8.50 MB ( 13%) committed,  1 nodes.
      Class space:        1.00 GB reserved,       1.50 MB ( <1%) committed,  1 nodes.
             Both:        1.06 GB reserved,      10.00 MB ( <1%) committed. 

Chunk freelists:
   Non-Class:  6.09 MB
       Class:  14.51 MB
        Both:  20.60 MB

MaxMetaspaceSize: unlimited
CompressedClassSpaceSize: 1.00 GB
Initial GC threshold: 21.00 MB
Current GC threshold: 21.00 MB
CDS: on
 - commit_granule_bytes: 65536.
 - commit_granule_words: 8192.
 - virtual_space_node_default_size: 8388608.
 - enlarge_chunks_in_place: 1.
 - use_allocation_guard: 0.


Internal statistics:

num_allocs_failed_limit: 0.
num_arena_births: 176.
num_arena_deaths: 0.
num_vsnodes_births: 2.
num_vsnodes_deaths: 0.
num_space_committed: 160.
num_space_uncommitted: 0.
num_chunks_returned_to_freelist: 0.
num_chunks_taken_from_freelist: 505.
num_chunk_merges: 0.
num_chunk_splits: 342.
num_chunks_enlarged: 254.
num_inconsistent_stats: 0.

CodeHeap 'non-profiled nmethods': size=120064Kb used=668Kb max_used=668Kb free=119395Kb
 bounds [0x000002d587ac0000, 0x000002d587d30000, 0x000002d58f000000]
CodeHeap 'profiled nmethods': size=120000Kb used=2350Kb max_used=2350Kb free=117649Kb
 bounds [0x000002d580000000, 0x000002d580270000, 0x000002d587530000]
CodeHeap 'non-nmethods': size=5696Kb used=1798Kb max_used=1812Kb free=3897Kb
 bounds [0x000002d587530000, 0x000002d5877a0000, 0x000002d587ac0000]
CodeCache: size=245760Kb, used=4816Kb, max_used=4830Kb, free=240941Kb
 total_blobs=2402, nmethods=1701, adapters=607, full_count=0
Compilation: enabled, stopped_count=0, restarted_count=0

Compilation events (20 events):
Event: 0.957 Thread 0x000002d5d404ec10 1691       3       java.lang.invoke.DirectMethodHandle$Constructor::viewAsType (49 bytes)
Event: 0.958 Thread 0x000002d5d404ec10 nmethod 1691 0x000002d580249308 code [0x000002d580249440, 0x000002d580249628]
Event: 0.959 Thread 0x000002d5d404ec10 1693       3       jdk.internal.org.objectweb.asm.AnnotationWriter::create (34 bytes)
Event: 0.959 Thread 0x000002d5d404ec10 nmethod 1693 0x000002d580249688 code [0x000002d580249800, 0x000002d580249cc0]
Event: 0.959 Thread 0x000002d5d404ec10 1694       3       jdk.internal.org.objectweb.asm.AnnotationWriter::<init> (60 bytes)
Event: 0.959 Thread 0x000002d5d404ec10 nmethod 1694 0x000002d580249d08 code [0x000002d580249e60, 0x000002d58024a260]
Event: 0.959 Thread 0x000002d5d404ec10 1695       3       jdk.internal.org.objectweb.asm.AnnotationVisitor::<init> (7 bytes)
Event: 0.959 Thread 0x000002d5d404ec10 nmethod 1695 0x000002d58024a288 code [0x000002d58024a3a0, 0x000002d58024a4e8]
Event: 0.971 Thread 0x000002d5d404ec10 1696       1       com.sun.javafx.tk.quantum.QuantumToolkit$PulseTask::get (5 bytes)
Event: 0.971 Thread 0x000002d5d404ec10 nmethod 1696 0x000002d587b66408 code [0x000002d587b66520, 0x000002d587b665f0]
Event: 0.981 Thread 0x000002d5d404ec10 1697       3       java.lang.String::indexOf (41 bytes)
Event: 0.981 Thread 0x000002d5d404ec10 nmethod 1697 0x000002d58024a588 code [0x000002d58024a700, 0x000002d58024acf0]
Event: 0.983 Thread 0x000002d5d56f2810 1698   !   4       jdk.internal.loader.URLClassPath$JarLoader::getResource (40 bytes)
Event: 0.983 Thread 0x000002d5d56eaba0 1699       4       java.util.jar.JarFile::getJarEntry (9 bytes)
Event: 0.984 Thread 0x000002d5d56eaba0 nmethod 1699 0x000002d587b66708 code [0x000002d587b66820, 0x000002d587b66918]
Event: 0.985 Thread 0x000002d5d56f2810 nmethod 1698 0x000002d587b66a08 code [0x000002d587b66b40, 0x000002d587b66ca0]
Event: 0.985 Thread 0x000002d5d56f2810 1700       4       jdk.internal.util.ArraysSupport::mismatch (103 bytes)
Event: 0.986 Thread 0x000002d5d404ec10 1701       3       sun.net.www.ParseUtil::firstEncodeIndex (86 bytes)
Event: 0.986 Thread 0x000002d5d404ec10 nmethod 1701 0x000002d58024ad88 code [0x000002d58024af40, 0x000002d58024b898]
Event: 0.988 Thread 0x000002d5d56f2810 nmethod 1700 0x000002d587b66d08 code [0x000002d587b66e20, 0x000002d587b670f0]

GC Heap History (4 events):
Event: 0.482 GC heap before
{Heap before GC invocations=0 (full 0):
 garbage-first heap   total reserved 4116480K, committed 258048K, used 22528K [0x0000000704c00000, 0x0000000800000000)
  region size 2048K, 12 young (24576K), 0 survivors (0K)
 Metaspace       used 4879K, committed 5120K, reserved 1114112K
  class space    used 623K, committed 768K, reserved 1048576K
}
Event: 0.484 GC heap after
{Heap after GC invocations=1 (full 0):
 garbage-first heap   total reserved 4116480K, committed 258048K, used 2737K [0x0000000704c00000, 0x0000000800000000)
  region size 2048K, 2 young (4096K), 2 survivors (4096K)
 Metaspace       used 4879K, committed 5120K, reserved 1114112K
  class space    used 623K, committed 768K, reserved 1048576K
}
Event: 0.817 GC heap before
{Heap before GC invocations=1 (full 0):
 garbage-first heap   total reserved 4116480K, committed 258048K, used 27313K [0x0000000704c00000, 0x0000000800000000)
  region size 2048K, 14 young (28672K), 2 survivors (4096K)
 Metaspace       used 7641K, committed 7872K, reserved 1114112K
  class space    used 1034K, committed 1152K, reserved 1048576K
}
Event: 0.821 GC heap after
{Heap after GC invocations=2 (full 0):
 garbage-first heap   total reserved 4116480K, committed 258048K, used 6062K [0x0000000704c00000, 0x0000000800000000)
  region size 2048K, 2 young (4096K), 2 survivors (4096K)
 Metaspace       used 7641K, committed 7872K, reserved 1114112K
  class space    used 1034K, committed 1152K, reserved 1048576K
}

Dll operation events (20 events):
Event: 0.244 Loaded shared library C:\Program Files\Java\javafx-sdk-23\bin\api-ms-win-crt-multibyte-l1-1-0.dll
Event: 0.245 Loaded shared library C:\Program Files\Java\javafx-sdk-23\bin\api-ms-win-crt-private-l1-1-0.dll
Event: 0.247 Loaded shared library C:\Program Files\Java\javafx-sdk-23\bin\api-ms-win-crt-process-l1-1-0.dll
Event: 0.248 Loaded shared library C:\Program Files\Java\javafx-sdk-23\bin\api-ms-win-crt-runtime-l1-1-0.dll
Event: 0.249 Loaded shared library C:\Program Files\Java\javafx-sdk-23\bin\api-ms-win-crt-stdio-l1-1-0.dll
Event: 0.250 Loaded shared library C:\Program Files\Java\javafx-sdk-23\bin\api-ms-win-crt-string-l1-1-0.dll
Event: 0.250 Loaded shared library C:\Program Files\Java\javafx-sdk-23\bin\api-ms-win-crt-time-l1-1-0.dll
Event: 0.251 Loaded shared library C:\Program Files\Java\javafx-sdk-23\bin\api-ms-win-crt-utility-l1-1-0.dll
Event: 0.252 Loaded shared library C:\Program Files\Java\javafx-sdk-23\bin\ucrtbase.dll
Event: 0.254 Loaded shared library C:\Program Files\Java\javafx-sdk-23\bin\vcruntime140.dll
Event: 0.254 Loaded shared library C:\Program Files\Java\javafx-sdk-23\bin\vcruntime140_1.dll
Event: 0.255 Loaded shared library C:\Program Files\Java\javafx-sdk-23\bin\msvcp140.dll
Event: 0.256 Loaded shared library C:\Program Files\Java\javafx-sdk-23\bin\msvcp140_1.dll
Event: 0.258 Loaded shared library C:\Program Files\Java\javafx-sdk-23\bin\msvcp140_2.dll
Event: 0.287 Loaded shared library C:\Program Files\Java\javafx-sdk-23\bin\prism_d3d.dll
Event: 0.385 Loaded shared library C:\Program Files\Java\javafx-sdk-23\bin\glass.dll
Event: 0.496 Loaded shared library C:\Users\slava\.jdks\openjdk-23.0.1\bin\jimage.dll
Event: 0.730 Loaded shared library C:\Program Files\Java\javafx-sdk-23\bin\javafx_font.dll
Event: 0.985 Loaded shared library C:\Users\slava\.jdks\openjdk-23.0.1\bin\verify.dll
Event: 0.988 Loaded shared library C:\Users\slava\.jssc\windows\jSSC-2.8_x86_64.dll

Deoptimization events (20 events):
Event: 0.940 Thread 0x000002d5d4618d20 Uncommon trap: trap_request=0xffffff45 fr.pc=0x000002d587ad2d4c relative=0x000000000000028c
Event: 0.940 Thread 0x000002d5d4618d20 Uncommon trap: reason=unstable_if action=reinterpret pc=0x000002d587ad2d4c method=java.lang.String.isLatin1()Z @ 10 c2
Event: 0.940 Thread 0x000002d5d4618d20 DEOPT PACKING pc=0x000002d587ad2d4c sp=0x000000ecb13fd6b0
Event: 0.940 Thread 0x000002d5d4618d20 DEOPT UNPACKING pc=0x000002d587587982 sp=0x000000ecb13fd5e8 mode 2
Event: 0.940 Thread 0x000002d5d4618d20 Uncommon trap: trap_request=0xffffff45 fr.pc=0x000002d587ad3830 relative=0x0000000000000190
Event: 0.940 Thread 0x000002d5d4618d20 Uncommon trap: reason=unstable_if action=reinterpret pc=0x000002d587ad3830 method=jdk.internal.util.ArraysSupport.vectorizedHashCode(Ljava/lang/Object;IIII)I @ 2 c2
Event: 0.940 Thread 0x000002d5d4618d20 DEOPT PACKING pc=0x000002d587ad3830 sp=0x000000ecb13fd540
Event: 0.940 Thread 0x000002d5d4618d20 DEOPT UNPACKING pc=0x000002d587587982 sp=0x000000ecb13fd4f0 mode 2
Event: 0.943 Thread 0x000002d5d4618d20 Uncommon trap: trap_request=0xffffff45 fr.pc=0x000002d587b4d084 relative=0x00000000000001e4
Event: 0.943 Thread 0x000002d5d4618d20 Uncommon trap: reason=unstable_if action=reinterpret pc=0x000002d587b4d084 method=java.io.ByteArrayInputStream.read()I @ 8 c2
Event: 0.943 Thread 0x000002d5d4618d20 DEOPT PACKING pc=0x000002d587b4d084 sp=0x000000ecb13fc4d0
Event: 0.943 Thread 0x000002d5d4618d20 DEOPT UNPACKING pc=0x000002d587587982 sp=0x000000ecb13fc478 mode 2
Event: 0.950 Thread 0x000002d5d4618d20 Uncommon trap: trap_request=0xffffff45 fr.pc=0x000002d587ad1ed4 relative=0x0000000000000054
Event: 0.950 Thread 0x000002d5d4618d20 Uncommon trap: reason=unstable_if action=reinterpret pc=0x000002d587ad1ed4 method=java.lang.CharacterData.of(I)Ljava/lang/CharacterData; @ 4 c2
Event: 0.950 Thread 0x000002d5d4618d20 DEOPT PACKING pc=0x000002d587ad1ed4 sp=0x000000ecb13fcf80
Event: 0.950 Thread 0x000002d5d4618d20 DEOPT UNPACKING pc=0x000002d587587982 sp=0x000000ecb13fcf20 mode 2
Event: 0.954 Thread 0x000002d5d4618d20 Uncommon trap: trap_request=0xffffff45 fr.pc=0x000002d587b25890 relative=0x0000000000000250
Event: 0.954 Thread 0x000002d5d4618d20 Uncommon trap: reason=unstable_if action=reinterpret pc=0x000002d587b25890 method=java.lang.String.startsWith(Ljava/lang/String;I)Z @ 50 c2
Event: 0.954 Thread 0x000002d5d4618d20 DEOPT PACKING pc=0x000002d587b25890 sp=0x000000ecb13fd7f0
Event: 0.954 Thread 0x000002d5d4618d20 DEOPT UNPACKING pc=0x000002d587587982 sp=0x000000ecb13fd720 mode 2

Classes loaded (20 events):
Event: 0.943 Loading class jdk/internal/icu/impl/Trie2$1
Event: 0.943 Loading class jdk/internal/icu/impl/Trie2$ValueMapper
Event: 0.943 Loading class jdk/internal/icu/impl/Trie2$ValueMapper done
Event: 0.943 Loading class jdk/internal/icu/impl/Trie2$1 done
Event: 0.943 Loading class jdk/internal/icu/impl/Trie2$UTrie2Header
Event: 0.943 Loading class jdk/internal/icu/impl/Trie2$UTrie2Header done
Event: 0.945 Loading class jdk/internal/icu/text/UTF16
Event: 0.945 Loading class jdk/internal/icu/text/UTF16 done
Event: 0.945 Loading class jdk/internal/icu/text/BidiLine
Event: 0.945 Loading class jdk/internal/icu/text/BidiLine done
Event: 0.948 Loading class sun/invoke/util/ValueConversions$1
Event: 0.948 Loading class sun/invoke/util/ValueConversions$1 done
Event: 0.948 Loading class java/lang/invoke/BoundMethodHandle$Species_LI
Event: 0.948 Loading class java/lang/invoke/BoundMethodHandle$Species_LI done
Event: 0.980 Loading class java/util/WeakHashMap$EntrySet
Event: 0.981 Loading class java/util/WeakHashMap$EntrySet done
Event: 0.981 Loading class java/util/WeakHashMap$EntryIterator
Event: 0.981 Loading class java/util/WeakHashMap$EntryIterator done
Event: 0.983 Loading class java/util/ConcurrentModificationException
Event: 0.983 Loading class java/util/ConcurrentModificationException done

Classes unloaded (0 events):
No events

Classes redefined (0 events):
No events

Internal exceptions (20 events):
Event: 0.709 Thread 0x000002d5d4618d20 Exception <a 'java/lang/ClassNotFoundException'{0x0000000713bf3020}: com/sun/glass/ui/win/themes_fr_PF> (0x0000000713bf3020) 
thrown [s\open\src\hotspot\share\prims\jni.cpp, line 539]
Event: 0.709 Thread 0x000002d5d4618d20 Exception <a 'java/lang/ClassNotFoundException'{0x0000000713bf4288}: com/sun/glass/ui/win/themes_es_VE> (0x0000000713bf4288) 
thrown [s\open\src\hotspot\share\prims\jni.cpp, line 539]
Event: 0.709 Thread 0x000002d5d4618d20 Exception <a 'java/lang/ClassNotFoundException'{0x0000000713bf5a48}: com/sun/glass/ui/win/themes_ses_Latn> (0x0000000713bf5a48) 
thrown [s\open\src\hotspot\share\prims\jni.cpp, line 539]
Event: 0.709 Thread 0x000002d5d4618d20 Exception <a 'java/lang/ClassNotFoundException'{0x0000000713bf6ac8}: com/sun/glass/ui/win/themes_ses_Latn_ML> (0x0000000713bf6ac8) 
thrown [s\open\src\hotspot\share\prims\jni.cpp, line 539]
Event: 0.709 Thread 0x000002d5d4618d20 Exception <a 'java/lang/ClassNotFoundException'{0x0000000713bf80d0}: com/sun/glass/ui/win/themes_doi_Deva> (0x0000000713bf80d0) 
thrown [s\open\src\hotspot\share\prims\jni.cpp, line 539]
Event: 0.709 Thread 0x000002d5d4618d20 Exception <a 'java/lang/ClassNotFoundException'{0x0000000713bf9150}: com/sun/glass/ui/win/themes_doi_Deva_IN> (0x0000000713bf9150) 
thrown [s\open\src\hotspot\share\prims\jni.cpp, line 539]
Event: 0.709 Thread 0x000002d5d4618d20 Exception <a 'java/lang/ClassNotFoundException'{0x0000000713bfa3e0}: com/sun/glass/ui/win/themes_fr_PM> (0x0000000713bfa3e0) 
thrown [s\open\src\hotspot\share\prims\jni.cpp, line 539]
Event: 0.709 Thread 0x000002d5d4618d20 Exception <a 'java/lang/ClassNotFoundException'{0x0000000713bfb820}: com/sun/glass/ui/win/themes_es_UY> (0x0000000713bfb820) 
thrown [s\open\src\hotspot\share\prims\jni.cpp, line 539]
Event: 0.709 Thread 0x000002d5d4618d20 Exception <a 'java/lang/ClassNotFoundException'{0x0000000713bfcbc0}: com/sun/glass/ui/win/themes_gu_Gujr> (0x0000000713bfcbc0) 
thrown [s\open\src\hotspot\share\prims\jni.cpp, line 539]
Event: 0.709 Thread 0x000002d5d4618d20 Exception <a 'java/lang/ClassNotFoundException'{0x0000000713bfdc40}: com/sun/glass/ui/win/themes_gu_Gujr_IN> (0x0000000713bfdc40) 
thrown [s\open\src\hotspot\share\prims\jni.cpp, line 539]
Event: 0.784 Thread 0x000002d5d4618d20 Exception <a 'java/lang/NoSuchMethodError'{0x00000007132b4768}: 'void java.lang.invoke.DirectMethodHandle$Holder.invokeStaticInit(java.lang.Object, java.lang.Object)'> (0x00000007132b4768) 
thrown [s\open\src\hotspot\share\interpreter\linkResolver.cpp, line 796]
Event: 0.838 Thread 0x000002d5d4618d20 Implicit null exception at 0x000002d587b44d2d to 0x000002d587b44fd4
Event: 0.889 Thread 0x000002d5d4618d20 Implicit null exception at 0x000002d587b1a62d to 0x000002d587b1a8d8
Event: 0.890 Thread 0x000002d5d4618d20 Implicit null exception at 0x000002d587ae16dd to 0x000002d587ae19c0
Event: 0.921 Thread 0x000002d5d4618d20 Exception <a 'java/lang/NoSuchMethodError'{0x0000000713f7cbb8}: 'java.lang.Object java.lang.invoke.DirectMethodHandle$Holder.invokeInterface(java.lang.Object, java.lang.Object, java.lang.Object)'> (0x0000000713f7cbb8) 
thrown [s\open\src\hotspot\share\interpreter\linkResolver.cpp, line 796]
Event: 0.921 Thread 0x000002d5d4618d20 Exception <a 'java/lang/IncompatibleClassChangeError'{0x0000000713f80288}: Found class java.lang.Object, but interface was expected> (0x0000000713f80288) 
thrown [s\open\src\hotspot\share\interpreter\linkResolver.cpp, line 863]
Event: 0.948 Thread 0x000002d5d4618d20 Exception <a 'java/lang/NoSuchMethodError'{0x0000000713cc36f0}: 'int java.lang.invoke.DirectMethodHandle$Holder.invokeSpecial(java.lang.Object, java.lang.Object, int)'> (0x0000000713cc36f0) 
thrown [s\open\src\hotspot\share\interpreter\linkResolver.cpp, line 796]
Event: 0.949 Thread 0x000002d5d4618d20 Exception <a 'java/lang/NoSuchMethodError'{0x0000000713cd9b50}: 'java.lang.Object java.lang.invoke.DirectMethodHandle$Holder.invokeStatic(java.lang.Object, java.lang.Object, java.lang.Object, java.lang.Object, int)'> (0x0000000713cd9b50) 
thrown [s\open\src\hotspot\share\interpreter\linkResolver.cpp, line 796]
Event: 0.950 Thread 0x000002d5d4618d20 Exception <a 'java/lang/NoSuchMethodError'{0x0000000713ce1e18}: 'int java.lang.invoke.DirectMethodHandle$Holder.invokeSpecial(java.lang.Object, java.lang.Object, java.lang.Object)'> (0x0000000713ce1e18) 
thrown [s\open\src\hotspot\share\interpreter\linkResolver.cpp, line 796]
Event: 0.958 Thread 0x000002d5d4618d20 Exception <a 'java/lang/NoSuchMethodError'{0x0000000713d5c078}: 'java.lang.Object java.lang.invoke.DirectMethodHandle$Holder.newInvokeSpecial(java.lang.Object, java.lang.Object, int)'> (0x0000000713d5c078) 
thrown [s\open\src\hotspot\share\interpreter\linkResolver.cpp, line 796]

VM Operations (18 events):
Event: 0.124 Executing VM operation: HandshakeAllThreads (Deoptimize)
Event: 0.124 Executing VM operation: HandshakeAllThreads (Deoptimize) done
Event: 0.382 Executing VM operation: HandshakeAllThreads (Deoptimize)
Event: 0.382 Executing VM operation: HandshakeAllThreads (Deoptimize) done
Event: 0.482 Executing VM operation: G1CollectForAllocation (G1 Evacuation Pause)
Event: 0.485 Executing VM operation: G1CollectForAllocation (G1 Evacuation Pause) done
Event: 0.500 Executing VM operation: HandshakeAllThreads (Deoptimize)
Event: 0.500 Executing VM operation: HandshakeAllThreads (Deoptimize) done
Event: 0.736 Executing VM operation: HandshakeAllThreads (Deoptimize)
Event: 0.736 Executing VM operation: HandshakeAllThreads (Deoptimize) done
Event: 0.736 Executing VM operation: HandshakeAllThreads (Deoptimize)
Event: 0.736 Executing VM operation: HandshakeAllThreads (Deoptimize) done
Event: 0.817 Executing VM operation: G1CollectForAllocation (G1 Evacuation Pause)
Event: 0.821 Executing VM operation: G1CollectForAllocation (G1 Evacuation Pause) done
Event: 0.895 Executing VM operation: HandshakeAllThreads (Deoptimize)
Event: 0.895 Executing VM operation: HandshakeAllThreads (Deoptimize) done
Event: 0.950 Executing VM operation: HandshakeAllThreads (Deoptimize)
Event: 0.950 Executing VM operation: HandshakeAllThreads (Deoptimize) done

Memory protections (0 events):
No events

Nmethod flushes (0 events):
No events

Events (20 events):
Event: 0.036 Thread 0x000002d5e6ea3d30 Thread added: 0x000002d5f6e2b620
Event: 0.036 Thread 0x000002d5e6ea3d30 Thread added: 0x000002d5f6e2e510
Event: 0.036 Thread 0x000002d5e6ea3d30 Thread added: 0x000002d5d4011660
Event: 0.037 Thread 0x000002d5e6ea3d30 Thread added: 0x000002d5d401db20
Event: 0.037 Thread 0x000002d5e6ea3d30 Thread added: 0x000002d5d404ec10
Event: 0.061 Thread 0x000002d5e6ea3d30 Thread added: 0x000002d5d415c960
Event: 0.089 Thread 0x000002d5d404ec10 Thread added: 0x000002d5d41eafa0
Event: 0.101 Thread 0x000002d5d404ec10 Thread added: 0x000002d5d4239de0
Event: 0.154 Thread 0x000002d5e6ea3d30 Thread added: 0x000002d5d4ff9db0
Event: 0.154 Thread 0x000002d5e6ea3d30 Thread added: 0x000002d5d4e16f60
Event: 0.281 Thread 0x000002d5e6ea3d30 Thread added: 0x000002d5d4d2e850
Event: 0.386 Thread 0x000002d5d4239de0 Thread exited: 0x000002d5d4239de0
Event: 0.386 Thread 0x000002d5d41eafa0 Thread exited: 0x000002d5d41eafa0
Event: 0.387 Thread 0x000002d5e6ea3d30 Thread added: 0x000002d5d4239de0
Event: 0.390 Thread 0x000002d5e6ea3d30 Thread added: 0x000002d5d4618d20
Event: 0.451 Thread 0x000002d5e6ea3d30 Thread added: 0x000002d5d51ba080
Event: 0.459 Thread 0x000002d5d575e0d0 Thread added: 0x000002d5d575e0d0
Event: 0.517 Thread 0x000002d5d404ec10 Thread added: 0x000002d5d56f2810
Event: 0.521 Thread 0x000002d5d404ec10 Thread added: 0x000002d5d56eaba0
Event: 0.917 Thread 0x000002d5d4618d20 Thread added: 0x000002d5d5900870


Dynamic libraries:
0x00007ff660bf0000 - 0x00007ff660bfe000 	C:\Users\slava\.jdks\openjdk-23.0.1\bin\java.exe
0x00007ffd9ed40000 - 0x00007ffd9efa3000 	C:\WINDOWS\SYSTEM32\ntdll.dll
0x00007ffd9d2c0000 - 0x00007ffd9d387000 	C:\WINDOWS\System32\KERNEL32.DLL
0x00007ffd9c630000 - 0x00007ffd9c9e0000 	C:\WINDOWS\System32\KERNELBASE.dll
0x00007ffd9c140000 - 0x00007ffd9c28b000 	C:\WINDOWS\System32\ucrtbase.dll
0x00007ffd894c0000 - 0x00007ffd894db000 	C:\Users\slava\.jdks\openjdk-23.0.1\bin\VCRUNTIME140.dll
0x00007ffd96450000 - 0x00007ffd96467000 	C:\Users\slava\.jdks\openjdk-23.0.1\bin\jli.dll
0x00007ffd9db80000 - 0x00007ffd9dd43000 	C:\WINDOWS\System32\USER32.dll
0x00007ffd81580000 - 0x00007ffd81810000 	C:\WINDOWS\WinSxS\amd64_microsoft.windows.common-controls_6595b64144ccf1df_6.0.26100.1882_none_3e0e949ae32eca40\COMCTL32.dll
0x00007ffd9c290000 - 0x00007ffd9c2b7000 	C:\WINDOWS\System32\win32u.dll
0x00007ffd9e640000 - 0x00007ffd9e6e9000 	C:\WINDOWS\System32\msvcrt.dll
0x00007ffd9d870000 - 0x00007ffd9d89a000 	C:\WINDOWS\System32\GDI32.dll
0x00007ffd9c2c0000 - 0x00007ffd9c3e3000 	C:\WINDOWS\System32\gdi32full.dll
0x00007ffd9ca70000 - 0x00007ffd9cb13000 	C:\WINDOWS\System32\msvcp_win.dll
0x00007ffd9ddd0000 - 0x00007ffd9ddff000 	C:\WINDOWS\System32\IMM32.DLL
0x00007ffd91d70000 - 0x00007ffd91d7c000 	C:\Users\slava\.jdks\openjdk-23.0.1\bin\vcruntime140_1.dll
0x00007ffd88010000 - 0x00007ffd8809e000 	C:\Users\slava\.jdks\openjdk-23.0.1\bin\msvcp140.dll
0x00007ffd2e380000 - 0x00007ffd2f0cf000 	C:\Users\slava\.jdks\openjdk-23.0.1\bin\server\jvm.dll
0x00007ffd9e9c0000 - 0x00007ffd9ea74000 	C:\WINDOWS\System32\ADVAPI32.dll
0x00007ffd9cc50000 - 0x00007ffd9ccf6000 	C:\WINDOWS\System32\sechost.dll
0x00007ffd9de20000 - 0x00007ffd9df36000 	C:\WINDOWS\System32\RPCRT4.dll
0x00007ffd9dd50000 - 0x00007ffd9ddc4000 	C:\WINDOWS\System32\WS2_32.dll
0x00007ffd9ae30000 - 0x00007ffd9ae7e000 	C:\WINDOWS\SYSTEM32\POWRPROF.dll
0x00007ffd8f0d0000 - 0x00007ffd8f106000 	C:\WINDOWS\SYSTEM32\WINMM.dll
0x00007ffd89430000 - 0x00007ffd8943b000 	C:\WINDOWS\SYSTEM32\VERSION.dll
0x00007ffd9ae10000 - 0x00007ffd9ae24000 	C:\WINDOWS\SYSTEM32\UMPDC.dll
0x00007ffd9b0b0000 - 0x00007ffd9b0ca000 	C:\WINDOWS\SYSTEM32\kernel.appcore.dll
0x00007ffd894b0000 - 0x00007ffd894ba000 	C:\Users\slava\.jdks\openjdk-23.0.1\bin\jimage.dll
0x00007ffd99780000 - 0x00007ffd999c1000 	C:\WINDOWS\SYSTEM32\DBGHELP.DLL
0x00007ffd9cda0000 - 0x00007ffd9d11c000 	C:\WINDOWS\System32\combase.dll
0x00007ffd9e8d0000 - 0x00007ffd9e9a6000 	C:\WINDOWS\System32\OLEAUT32.dll
0x00007ffd870c0000 - 0x00007ffd870f9000 	C:\WINDOWS\SYSTEM32\dbgcore.DLL
0x00007ffd9cb20000 - 0x00007ffd9cbb9000 	C:\WINDOWS\System32\bcryptPrimitives.dll
0x00007ffd887f0000 - 0x00007ffd887ff000 	C:\Users\slava\.jdks\openjdk-23.0.1\bin\instrument.dll
0x00007ffd88e80000 - 0x00007ffd88e9e000 	C:\Users\slava\.jdks\openjdk-23.0.1\bin\java.dll
0x00007ffd9d9e0000 - 0x00007ffd9db79000 	C:\WINDOWS\System32\ole32.dll
0x00007ffd9df40000 - 0x00007ffd9e638000 	C:\WINDOWS\System32\SHELL32.dll
0x00007ffd99ef0000 - 0x00007ffd9a71a000 	C:\WINDOWS\SYSTEM32\windows.storage.dll
0x00007ffd9d8a0000 - 0x00007ffd9d973000 	C:\WINDOWS\System32\SHCORE.dll
0x00007ffd9d240000 - 0x00007ffd9d29d000 	C:\WINDOWS\System32\shlwapi.dll
0x00007ffd9c060000 - 0x00007ffd9c089000 	C:\WINDOWS\SYSTEM32\profapi.dll
0x00007ffd86e00000 - 0x00007ffd86ed7000 	C:\Users\slava\.jdks\openjdk-23.0.1\bin\jsvml.dll
0x00007ffd887e0000 - 0x00007ffd887f0000 	C:\Users\slava\.jdks\openjdk-23.0.1\bin\net.dll
0x00007ffd9b5b0000 - 0x00007ffd9b618000 	C:\WINDOWS\system32\mswsock.dll
0x00007ffd88760000 - 0x00007ffd88776000 	C:\Users\slava\.jdks\openjdk-23.0.1\bin\nio.dll
0x00007ffd88720000 - 0x00007ffd88737000 	C:\Users\slava\.jdks\openjdk-23.0.1\bin\zip.dll
0x00007ffd87bf0000 - 0x00007ffd87c0a000 	C:\Program Files\JetBrains\IntelliJ IDEA Community Edition 2024.2.2\bin\breakgen64.dll
0x00007ffd88000000 - 0x00007ffd88009000 	C:\Users\slava\.jdks\openjdk-23.0.1\bin\extnet.dll
0x000002d5d5bf0000 - 0x000002d5d5bf3000 	C:\Program Files\Java\javafx-sdk-23\bin\api-ms-win-core-console-l1-1-0.dll
0x000002d5d5c00000 - 0x000002d5d5c03000 	C:\Program Files\Java\javafx-sdk-23\bin\api-ms-win-core-console-l1-2-0.dll
0x000002d5d5d30000 - 0x000002d5d5d33000 	C:\Program Files\Java\javafx-sdk-23\bin\api-ms-win-core-datetime-l1-1-0.dll
0x000002d5d5c10000 - 0x000002d5d5c13000 	C:\Program Files\Java\javafx-sdk-23\bin\api-ms-win-core-debug-l1-1-0.dll
0x000002d5d5c20000 - 0x000002d5d5c23000 	C:\Program Files\Java\javafx-sdk-23\bin\api-ms-win-core-errorhandling-l1-1-0.dll
0x000002d5d5c30000 - 0x000002d5d5c34000 	C:\Program Files\Java\javafx-sdk-23\bin\api-ms-win-core-file-l1-1-0.dll
0x000002d5d5c40000 - 0x000002d5d5c43000 	C:\Program Files\Java\javafx-sdk-23\bin\api-ms-win-core-file-l1-2-0.dll
0x000002d5d5c50000 - 0x000002d5d5c53000 	C:\Program Files\Java\javafx-sdk-23\bin\api-ms-win-core-file-l2-1-0.dll
0x000002d5d5c60000 - 0x000002d5d5c63000 	C:\Program Files\Java\javafx-sdk-23\bin\api-ms-win-core-handle-l1-1-0.dll
0x000002d5d5c70000 - 0x000002d5d5c73000 	C:\Program Files\Java\javafx-sdk-23\bin\api-ms-win-core-heap-l1-1-0.dll
0x000002d5d5c80000 - 0x000002d5d5c83000 	C:\Program Files\Java\javafx-sdk-23\bin\api-ms-win-core-interlocked-l1-1-0.dll
0x000002d5d5c90000 - 0x000002d5d5c93000 	C:\Program Files\Java\javafx-sdk-23\bin\api-ms-win-core-libraryloader-l1-1-0.dll
0x000002d5d5ca0000 - 0x000002d5d5ca3000 	C:\Program Files\Java\javafx-sdk-23\bin\api-ms-win-core-localization-l1-2-0.dll
0x000002d5d5cb0000 - 0x000002d5d5cb3000 	C:\Program Files\Java\javafx-sdk-23\bin\api-ms-win-core-memory-l1-1-0.dll
0x000002d5d5cc0000 - 0x000002d5d5cc3000 	C:\Program Files\Java\javafx-sdk-23\bin\api-ms-win-core-namedpipe-l1-1-0.dll
0x000002d5d5cd0000 - 0x000002d5d5cd3000 	C:\Program Files\Java\javafx-sdk-23\bin\api-ms-win-core-processenvironment-l1-1-0.dll
0x000002d5d5ce0000 - 0x000002d5d5ce3000 	C:\Program Files\Java\javafx-sdk-23\bin\api-ms-win-core-processthreads-l1-1-0.dll
0x000002d5d5cf0000 - 0x000002d5d5cf3000 	C:\Program Files\Java\javafx-sdk-23\bin\api-ms-win-core-processthreads-l1-1-1.dll
0x000002d5d5d00000 - 0x000002d5d5d03000 	C:\Program Files\Java\javafx-sdk-23\bin\api-ms-win-core-profile-l1-1-0.dll
0x000002d5d5d10000 - 0x000002d5d5d13000 	C:\Program Files\Java\javafx-sdk-23\bin\api-ms-win-core-rtlsupport-l1-1-0.dll
0x000002d5d5d20000 - 0x000002d5d5d23000 	C:\Program Files\Java\javafx-sdk-23\bin\api-ms-win-core-string-l1-1-0.dll
0x000002d5d5d40000 - 0x000002d5d5d43000 	C:\Program Files\Java\javafx-sdk-23\bin\api-ms-win-core-synch-l1-1-0.dll
0x000002d5d5d50000 - 0x000002d5d5d53000 	C:\Program Files\Java\javafx-sdk-23\bin\api-ms-win-core-synch-l1-2-0.dll
0x000002d5d5d60000 - 0x000002d5d5d63000 	C:\Program Files\Java\javafx-sdk-23\bin\api-ms-win-core-sysinfo-l1-1-0.dll
0x000002d5d60b0000 - 0x000002d5d60b3000 	C:\Program Files\Java\javafx-sdk-23\bin\api-ms-win-core-timezone-l1-1-0.dll
0x000002d5d60c0000 - 0x000002d5d60c3000 	C:\Program Files\Java\javafx-sdk-23\bin\api-ms-win-core-util-l1-1-0.dll
0x000002d5d60d0000 - 0x000002d5d60d3000 	C:\Program Files\Java\javafx-sdk-23\bin\api-ms-win-crt-conio-l1-1-0.dll
0x000002d5d60e0000 - 0x000002d5d60e4000 	C:\Program Files\Java\javafx-sdk-23\bin\api-ms-win-crt-convert-l1-1-0.dll
0x000002d5d60f0000 - 0x000002d5d60f3000 	C:\Program Files\Java\javafx-sdk-23\bin\api-ms-win-crt-environment-l1-1-0.dll
0x000002d5d6100000 - 0x000002d5d6103000 	C:\Program Files\Java\javafx-sdk-23\bin\api-ms-win-crt-filesystem-l1-1-0.dll
0x000002d5d6110000 - 0x000002d5d6113000 	C:\Program Files\Java\javafx-sdk-23\bin\api-ms-win-crt-heap-l1-1-0.dll
0x000002d5d5d70000 - 0x000002d5d5d73000 	C:\Program Files\Java\javafx-sdk-23\bin\api-ms-win-crt-locale-l1-1-0.dll
0x000002d5d5d80000 - 0x000002d5d5d85000 	C:\Program Files\Java\javafx-sdk-23\bin\api-ms-win-crt-math-l1-1-0.dll
0x000002d5d5d90000 - 0x000002d5d5d95000 	C:\Program Files\Java\javafx-sdk-23\bin\api-ms-win-crt-multibyte-l1-1-0.dll
0x000002d5d5da0000 - 0x000002d5d5db0000 	C:\Program Files\Java\javafx-sdk-23\bin\api-ms-win-crt-private-l1-1-0.dll
0x000002d5d5db0000 - 0x000002d5d5db3000 	C:\Program Files\Java\javafx-sdk-23\bin\api-ms-win-crt-process-l1-1-0.dll
0x000002d5d5dc0000 - 0x000002d5d5dc4000 	C:\Program Files\Java\javafx-sdk-23\bin\api-ms-win-crt-runtime-l1-1-0.dll
0x000002d5d5dd0000 - 0x000002d5d5dd4000 	C:\Program Files\Java\javafx-sdk-23\bin\api-ms-win-crt-stdio-l1-1-0.dll
0x000002d5d5de0000 - 0x000002d5d5de4000 	C:\Program Files\Java\javafx-sdk-23\bin\api-ms-win-crt-string-l1-1-0.dll
0x000002d5d5df0000 - 0x000002d5d5df3000 	C:\Program Files\Java\javafx-sdk-23\bin\api-ms-win-crt-time-l1-1-0.dll
0x000002d5d5e00000 - 0x000002d5d5e03000 	C:\Program Files\Java\javafx-sdk-23\bin\api-ms-win-crt-utility-l1-1-0.dll
0x00007ffd31480000 - 0x00007ffd3157c000 	C:\Program Files\Java\javafx-sdk-23\bin\ucrtbase.dll
0x00007ffd874b0000 - 0x00007ffd874cb000 	C:\Program Files\Java\javafx-sdk-23\bin\vcruntime140.dll
0x00007ffd87710000 - 0x00007ffd8771c000 	C:\Program Files\Java\javafx-sdk-23\bin\vcruntime140_1.dll
0x00007ffd52a70000 - 0x00007ffd52afe000 	C:\Program Files\Java\javafx-sdk-23\bin\msvcp140.dll
0x00007ffd87580000 - 0x00007ffd87589000 	C:\Program Files\Java\javafx-sdk-23\bin\msvcp140_1.dll
0x00007ffd86260000 - 0x00007ffd862a1000 	C:\Program Files\Java\javafx-sdk-23\bin\msvcp140_2.dll
0x00007ffd87380000 - 0x00007ffd873b0000 	C:\Program Files\Java\javafx-sdk-23\bin\prism_d3d.dll
0x00007ffd7fa50000 - 0x00007ffd7fbf6000 	C:\WINDOWS\system32\d3d9.dll
0x00007ffd96ca0000 - 0x00007ffd96cce000 	C:\WINDOWS\SYSTEM32\dwmapi.dll
0x00007ffd96a80000 - 0x00007ffd96ac0000 	C:\WINDOWS\SYSTEM32\dxcore.dll
0x00007ffd96810000 - 0x00007ffd968bd000 	C:\WINDOWS\system32\uxtheme.dll
0x00007ffd22200000 - 0x00007ffd2245f000 	C:\WINDOWS\System32\DriverStore\FileRepository\iigd_dch.inf_amd64_f63934308f6cc308\igdumdim64.dll
0x00007ffcf1330000 - 0x00007ffcf2879000 	C:\WINDOWS\System32\DriverStore\FileRepository\iigd_dch.inf_amd64_f63934308f6cc308\igd9dxva64.dll
0x00007ffd9d3e0000 - 0x00007ffd9d865000 	C:\WINDOWS\System32\SETUPAPI.dll
0x00007ffd9bd50000 - 0x00007ffd9bdaf000 	C:\WINDOWS\SYSTEM32\cfgmgr32.dll
0x00007ffd29000000 - 0x00007ffd2ad2b000 	C:\WINDOWS\System32\DriverStore\FileRepository\iigd_dch.inf_amd64_f63934308f6cc308\media_bin_64.dll
0x00007ffd8ebf0000 - 0x00007ffd8f02e000 	C:\WINDOWS\System32\DriverStore\FileRepository\iigd_dch.inf_amd64_f63934308f6cc308\igdgmm64.dll
0x00007ffd96af0000 - 0x00007ffd96b47000 	C:\WINDOWS\SYSTEM32\directxdatabasehelper.dll
0x00007ffd27dc0000 - 0x00007ffd27e81000 	C:\WINDOWS\System32\DriverStore\FileRepository\nvami.inf_amd64_316dbd6d38c5c59e\nvldumdx.dll
0x00007ffd9b970000 - 0x00007ffd9b983000 	C:\WINDOWS\SYSTEM32\msasn1.dll
0x00007ffd893d0000 - 0x00007ffd8940b000 	C:\WINDOWS\SYSTEM32\cryptnet.dll
0x00007ffd9c3f0000 - 0x00007ffd9c566000 	C:\WINDOWS\System32\CRYPT32.dll
0x00007ffd9b870000 - 0x00007ffd9b87c000 	C:\WINDOWS\SYSTEM32\cryptbase.dll
0x00007ffd9b910000 - 0x00007ffd9b96d000 	C:\WINDOWS\SYSTEM32\wldp.dll
0x00007ffd91790000 - 0x00007ffd91901000 	C:\WINDOWS\SYSTEM32\drvstore.dll
0x00007ffd9bdc0000 - 0x00007ffd9bded000 	C:\WINDOWS\SYSTEM32\devobj.dll
0x00007ffd9c9f0000 - 0x00007ffd9ca6a000 	C:\WINDOWS\System32\wintrust.dll
0x00007ffd9d210000 - 0x00007ffd9d230000 	C:\WINDOWS\System32\imagehlp.dll
0x00007ffd9b850000 - 0x00007ffd9b86c000 	C:\WINDOWS\SYSTEM32\CRYPTSP.dll
0x00007ffd9b010000 - 0x00007ffd9b048000 	C:\WINDOWS\system32\rsaenh.dll
0x00007ffd9ba20000 - 0x00007ffd9ba46000 	C:\WINDOWS\SYSTEM32\bcrypt.dll
0x00007ffd19360000 - 0x00007ffd1b34e000 	C:\WINDOWS\System32\DriverStore\FileRepository\nvami.inf_amd64_316dbd6d38c5c59e\nvgpucomp64.dll
0x00007ffcef890000 - 0x00007ffcf1324000 	C:\WINDOWS\System32\DriverStore\FileRepository\nvami.inf_amd64_316dbd6d38c5c59e\nvd3dumx.dll
0x00007ffd861e0000 - 0x00007ffd86225000 	C:\Program Files\Java\javafx-sdk-23\bin\glass.dll
0x00007ffd9d120000 - 0x00007ffd9d20d000 	C:\WINDOWS\System32\COMDLG32.dll
0x00007ffd9e770000 - 0x00007ffd9e8cb000 	C:\WINDOWS\System32\MSCTF.dll
0x00007ffd53f20000 - 0x00007ffd53f47000 	C:\WINDOWS\System32\DriverStore\FileRepository\iigd_dch.inf_amd64_f63934308f6cc308\igdinfo64.dll
0x00007ffd8a900000 - 0x00007ffd8e942000 	C:\WINDOWS\System32\DriverStore\FileRepository\iigd_dch.inf_amd64_f63934308f6cc308\igc64.dll
0x00007ffd9ea80000 - 0x00007ffd9eb28000 	C:\WINDOWS\System32\clbcatq.dll

dbghelp: loaded successfully - version: 4.0.5 - missing functions: none
symbol engine: initialized successfully - sym options: 0x614 - pdb path: .;C:\Users\slava\.jdks\openjdk-23.0.1\bin;C:\WINDOWS\SYSTEM32;C:\WINDOWS\WinSxS\amd64_microsoft.windows.common-controls_6595b64144ccf1df_6.0.26100.1882_none_3e0e949ae32eca40;C:\Users\slava\.jdks\openjdk-23.0.1\bin\server;C:\Program Files\JetBrains\IntelliJ IDEA Community Edition 2024.2.2\bin;C:\Program Files\Java\javafx-sdk-23\bin;C:\WINDOWS\System32\DriverStore\FileRepository\iigd_dch.inf_amd64_f63934308f6cc308;C:\WINDOWS\System32\DriverStore\FileRepository\nvami.inf_amd64_316dbd6d38c5c59e;C:\Program Files\Common Files\Microsoft Shared\Ink;C:\Users\slava\.jssc\windows

VM Arguments:
jvm_args: --module-path=C:\Program Files\Java\javafx-sdk-23\lib --add-modules=javafx.controls,javafx.fxml --enable-preview -javaagent:C:\Program Files\JetBrains\IntelliJ IDEA Community Edition 2024.2.2\lib\idea_rt.jar=64401:C:\Program Files\JetBrains\IntelliJ IDEA Community Edition 2024.2.2\bin -Dfile.encoding=UTF-8 -Dsun.stdout.encoding=UTF-8 -Dsun.stderr.encoding=UTF-8 
java_command: Main
java_class_path (initial): C:\Users\slava\IdeaProjects\gen2\out\production\gen2;C:\Program Files\Java\javafx-sdk-23\lib\javafx-swt.jar;C:\Program Files\Java\javafx-sdk-23\lib\javafx.web.jar;C:\Program Files\Java\javafx-sdk-23\lib\javafx.base.jar;C:\Program Files\Java\javafx-sdk-23\lib\javafx.fxml.jar;C:\Program Files\Java\javafx-sdk-23\lib\javafx.media.jar;C:\Program Files\Java\javafx-sdk-23\lib\javafx.swing.jar;C:\Program Files\Java\javafx-sdk-23\lib\javafx.controls.jar;C:\Program Files\Java\javafx-sdk-23\lib\javafx.graphics.jar;C:\Users\slava\Downloads\jSSC-2.8.0-Release\jSSC-2.8.0-Release\jssc.jar
Launcher Type: SUN_STANDARD

[Global flags]
     intx CICompilerCount                          = 4                                         {product} {ergonomic}
     uint ConcGCThreads                            = 2                                         {product} {ergonomic}
     uint G1ConcRefinementThreads                  = 8                                         {product} {ergonomic}
   size_t G1HeapRegionSize                         = 2097152                                   {product} {ergonomic}
   size_t InitialHeapSize                          = 264241152                                 {product} {ergonomic}
   size_t MarkStackSize                            = 4194304                                   {product} {ergonomic}
   size_t MarkStackSizeMax                         = 536870912                                 {product} {ergonomic}
   size_t MaxHeapSize                              = 4215275520                                {product} {ergonomic}
   size_t MaxNewSize                               = 2529165312                                {product} {ergonomic}
   size_t MinHeapDeltaBytes                        = 2097152                                   {product} {ergonomic}
   size_t MinHeapSize                              = 8388608                                   {product} {ergonomic}
    uintx NonNMethodCodeHeapSize                   = 5832704                                {pd product} {ergonomic}
    uintx NonProfiledCodeHeapSize                  = 122945536                              {pd product} {ergonomic}
    uintx ProfiledCodeHeapSize                     = 122880000                              {pd product} {ergonomic}
    uintx ReservedCodeCacheSize                    = 251658240                              {pd product} {ergonomic}
     bool SegmentedCodeCache                       = true                                      {product} {ergonomic}
   size_t SoftMaxHeapSize                          = 4215275520                             {manageable} {ergonomic}
     bool UseCompressedOops                        = true                           {product lp64_product} {ergonomic}
     bool UseG1GC                                  = true                                      {product} {ergonomic}
     bool UseLargePagesIndividualAllocation        = false                                  {pd product} {ergonomic}

Logging:
Log output configuration:
 #0: stdout all=warning uptime,level,tags foldmultilines=false
 #1: stderr all=off uptime,level,tags foldmultilines=false

Environment Variables:
PATH=C:\Program Files (x86)\Common Files\Oracle\Java\java8path;C:\Program Files (x86)\Common Files\Oracle\Java\javapath;C:\WINDOWS\system32;C:\WINDOWS;C:\WINDOWS\System32\Wbem;C:\WINDOWS\System32\WindowsPowerShell\v1.0\;C:\WINDOWS\System32\OpenSSH\;C:\Program Files\dotnet\;C:\Program Files\NVIDIA Corporation\NVIDIA NvDLISR;C:\Program Files (x86)\NVIDIA Corporation\PhysX\Common;C:\Program Files\PuTTY\;C:\Program Files\Git\cmd;C:\Users\slava\AppData\Local\Microsoft\WindowsApps;
USERNAME=slava
OS=Windows_NT
PROCESSOR_IDENTIFIER=Intel64 Family 6 Model 140 Stepping 1, GenuineIntel
TMP=C:\Users\slava\AppData\Local\Temp
TEMP=C:\Users\slava\AppData\Local\Temp




Periodic native trim disabled

---------------  S Y S T E M  ---------------

OS:
 Windows 11 , 64 bit Build 26100 (10.0.26100.1882)
OS uptime: 6 days 6:04 hours

CPU: total 8 (initial active 8) (4 cores per cpu, 2 threads per core) family 6 model 140 stepping 1 microcode 0x86, cx8, cmov, fxsr, ht, mmx, 3dnowpref, sse, sse2, sse3, ssse3, sse4.1, sse4.2, popcnt, lzcnt, tsc, tscinvbit, avx, avx2, aes, erms, clmul, bmi1, bmi2, adx, avx512f, avx512dq, avx512cd, avx512bw, avx512vl, sha, fma, vzeroupper, avx512_vpopcntdq, avx512_vpclmulqdq, avx512_vaes, avx512_vnni, clflush, clflushopt, clwb, avx512_vbmi2, avx512_vbmi, rdtscp, rdpid, fsrm, gfni, avx512_bitalg, f16c, pku, cet_ibt, cet_ss, avx512_ifma
Processor Information for the first 8 processors :
  Max Mhz: 3110, Current Mhz: 3110, Mhz Limit: 3110

Memory: 4k page, system-wide physical 16075M (3376M free)
TotalPageFile size 27339M (AvailPageFile size 7556M)
current process WorkingSet (physical memory assigned to process): 156M, peak: 156M
current process commit charge ("private bytes"): 423M, peak: 423M

vm_info: OpenJDK 64-Bit Server VM (23.0.1+11-39) for windows-amd64 JRE (23.0.1+11-39), built on 2024-09-30T07:20:43Z with MS VC++ 17.6 (VS2022)

END.
