#
# A fatal error has been detected by the Java Runtime Environment:
#
#  EXCEPTION_ACCESS_VIOLATION (0xc0000005) at pc=0x000000007110b5db, pid=17256, tid=17328
#
# JRE version: OpenJDK Runtime Environment (23.0.1+11) (build 23.0.1+11-39)
# Java VM: OpenJDK 64-Bit Server VM (23.0.1+11-39, mixed mode, sharing, tiered, compressed oops, compressed class ptrs, g1 gc, windows-amd64)
# Problematic frame:
# C  0x000000007110b5db
#
# No core dump will be written. Minidumps are not enabled by default on client versions of Windows
#
# If you would like to submit a bug report, please visit:
#   https://bugreport.java.com/bugreport/crash.jsp
# The crash happened outside the Java Virtual Machine in native code.
# See problematic frame for where to report the bug.
#

---------------  S U M M A R Y ------------

Command Line: --module-path=C:\Program Files\Java\javafx-sdk-23\lib --add-modules=javafx.controls,javafx.fxml --enable-preview -javaagent:C:\Program Files\JetBrains\IntelliJ IDEA Community Edition 2024.2.2\lib\idea_rt.jar=64315:C:\Program Files\JetBrains\IntelliJ IDEA Community Edition 2024.2.2\bin -Dfile.encoding=UTF-8 -Dsun.stdout.encoding=UTF-8 -Dsun.stderr.encoding=UTF-8 Main

Host: 11th Gen Intel(R) Core(TM) i5-11300H @ 3.10GHz, 8 cores, 15G,  Windows 11 , 64 bit Build 26100 (10.0.26100.1882)
Time: Tue Oct 29 02:03:06 2024  Windows 11 , 64 bit Build 26100 (10.0.26100.1882) elapsed time: 0.897371 seconds (0d 0h 0m 0s)

---------------  T H R E A D  ---------------

Current thread (0x000001aeb918f6d0):  JavaThread "JavaFX Application Thread"        [_thread_in_native, id=17328, stack(0x0000003563800000,0x0000003563900000) (1024K)]

Stack: [0x0000003563800000,0x0000003563900000],  sp=0x00000035638fdea0,  free space=1015k
Native frames: (J=compiled Java code, j=interpreted, Vv=VM code, C=native code)
C  0x000000007110b5db  (no source info available)
C  0x0000000071112590  (no source info available)
C  0x0000000071101595  (no source info available)
C  0x000001aea999d307  (no source info available)

The last pc belongs to native method entry point (kind = native) (printed below).
Java frames: (J=compiled Java code, j=interpreted, Vv=VM code)
j  jssc.SerialNativeInterface.openPort(Ljava/lang/String;Z)J+0
j  jssc.SerialPort.openPort()Z+65
j  SerialPortDetector.findMicrocontrollerPort()Ljssc/SerialPort;+37
j  ChartController.fetchDataAndUpdateChart(Ljavafx/scene/chart/XYChart$Series;)V+9
j  ChartController.<init>(Ljavafx/scene/layout/VBox;)V+74
j  Main.start(Ljavafx/stage/Stage;)V+34
j  com.sun.javafx.application.LauncherImpl.lambda$launchApplication1$9(Ljava/util/concurrent/atomic/AtomicBoolean;Ljavafx/application/Application;)V+20 javafx.graphics@23
j  com.sun.javafx.application.LauncherImpl$$Lambda+0x000001aebb089400.run()V+8 javafx.graphics@23
j  com.sun.javafx.application.PlatformImpl.lambda$runAndWait$12(Ljava/lang/Runnable;Ljava/util/concurrent/CountDownLatch;)V+1 javafx.graphics@23
j  com.sun.javafx.application.PlatformImpl$$Lambda+0x000001aebb08cfa8.run()V+8 javafx.graphics@23
j  com.sun.javafx.application.PlatformImpl.lambda$runLater$10(Ljava/lang/Runnable;)Ljava/lang/Void;+1 javafx.graphics@23
j  com.sun.javafx.application.PlatformImpl$$Lambda+0x000001aebb08e468.run()Ljava/lang/Object;+4 javafx.graphics@23
j  java.security.AccessController.executePrivileged(Ljava/security/PrivilegedAction;Ljava/security/AccessControlContext;Ljava/lang/Class;)Ljava/lang/Object;+29 java.base@23.0.1
j  java.security.AccessController.doPrivileged(Ljava/security/PrivilegedAction;Ljava/security/AccessControlContext;)Ljava/lang/Object;+13 java.base@23.0.1
j  com.sun.javafx.application.PlatformImpl.lambda$runLater$11(Ljava/lang/Runnable;Ljava/security/AccessControlContext;)V+7 javafx.graphics@23
j  com.sun.javafx.application.PlatformImpl$$Lambda+0x000001aebb08d3d8.run()V+8 javafx.graphics@23
j  com.sun.glass.ui.InvokeLaterDispatcher$Future.run()V+4 javafx.graphics@23
v  ~StubRoutines::call_stub 0x000001aea9990fcd
j  com.sun.glass.ui.win.WinApplication._runLoop(Ljava/lang/Runnable;)V+0 javafx.graphics@23
j  com.sun.glass.ui.win.WinApplication.lambda$runLoop$3(ILjava/lang/Runnable;)V+8 javafx.graphics@23
j  com.sun.glass.ui.win.WinApplication$$Lambda+0x000001aebb032158.run()V+12 javafx.graphics@23
j  java.lang.Thread.runWith(Ljava/lang/Object;Ljava/lang/Runnable;)V+5 java.base@23.0.1
j  java.lang.Thread.run()V+19 java.base@23.0.1
v  ~StubRoutines::call_stub 0x000001aea9990fcd

siginfo: EXCEPTION_ACCESS_VIOLATION (0xc0000005), reading address 0xffffffff802945ae


Registers:
RAX=0xffffffff802945ae, RBX=0x00000035638fdf10, RCX=0x00007ffd9ee9f814, RDX=0x0000000000000000
RSP=0x00000035638fdea0, RBP=0x00000035638fe020, RSI=0x000001aeb918fa90, RDI=0x00000000000007a0
R8 =0x00000035638fdd98, R9 =0x0000000000000000, R10=0x0000000000000000, R11=0x0000000000000246
R12=0x00000035638fe0e0, R13=0x000001aeff3fd3c0, R14=0x00000035638fdfd0, R15=0x000001aeb918f6d0
RIP=0x000000007110b5db, EFLAGS=0x0000000000010206


Register to memory mapping:

RAX=0xffffffff802945ae is an unknown value
RBX=0x00000035638fdf10 is pointing into the stack for thread: 0x000001aeb918f6d0
RCX=0x00007ffd9ee9f814 ntdll.dll
RDX=0x0 is null
RSP=0x00000035638fdea0 is pointing into the stack for thread: 0x000001aeb918f6d0
RBP=0x00000035638fe020 is pointing into the stack for thread: 0x000001aeb918f6d0
RSI=0x000001aeb918fa90 points into unknown readable memory: 0x00007ffd2ef65e00 | 00 5e f6 2e fd 7f 00 00
RDI=0x00000000000007a0 is an unknown value
R8 =0x00000035638fdd98 is pointing into the stack for thread: 0x000001aeb918f6d0
R9 =0x0 is null
R10=0x0 is null
R11=0x0000000000000246 is an unknown value
R12=0x00000035638fe0e0 is pointing into the stack for thread: 0x000001aeb918f6d0
R13=0x000001aeff3fd3c0 points into unknown readable memory: 0x00000031314d4f43 | 43 4f 4d 31 31 00 00 00
R14=0x00000035638fdfd0 is pointing into the stack for thread: 0x000001aeb918f6d0
R15=0x000001aeb918f6d0 is a thread

Top of Stack: (sp=0x00000035638fdea0)
0x00000035638fdea0:   00000035638fdec8 0000000000000000
0x00000035638fdeb0:   000000007110b230 00000035638fdfd0
0x00000035638fdec0:   000001aeff3fd3c0 0000000000000004
0x00000035638fded0:   000001aeb918fa90 00000000000007a0
0x00000035638fdee0:   00000035638fe020 0000000071112590
0x00000035638fdef0:   000001ae97890000 0000003500000000
0x00000035638fdf00:   000001aeff5d4430 00000000c0000000
0x00000035638fdf10:   00000000000007a0 00007ffd9c6a75af
0x00000035638fdf20:   000001aeb918f6d0 00000035638fdfd0
0x00000035638fdf30:   000001aeff3fd3c0 00000035638fe0e0
0x00000035638fdf40:   0000000071113500 0000000071113be8
0x00000035638fdf50:   00000035638fdf80 0000000071112641
0x00000035638fdf60:   00000035638fdef0 0000000000000000
0x00000035638fdf70:   000001aeff3fd3c0 0000000000000000
0x00000035638fdf80:   00000035638fe020 0000000071101595
0x00000035638fdf90:   000000000000001c 000001ae00000000
0x00000035638fdfa0:   00000035638fdfe0 00000035638fe0e8
0x00000035638fdfb0:   000001ae00000003 00007ffd40000000
0x00000035638fdfc0:   0000000000000000 000001aea99b3b80
0x00000035638fdfd0:   314d4f435c2e5c5c 000001aeb9180031
0x00000035638fdfe0:   000001005c2e5c5c 000001aeb918f6d0
0x00000035638fdff0:   000001aefb94ff50 000001aefb1ae9f0
0x00000035638fe000:   0000000000000200 0000000000000000
0x00000035638fe010:   000001aefb94ff50 00000035638fe0e8
0x00000035638fe020:   00000035638fe0b8 000001aea999d307
0x00000035638fe030:   0000000000000200 000001aea999cfde
0x00000035638fe040:   000001aefb94ff50 000001aefb1ae9f0
0x00000035638fe050:   0000000000000000 0000000704defa80
0x00000035638fe060:   00000007140e4020 000001aea999cf9b
0x00000035638fe070:   fffffffffffffff7 000001aefb94ff50
0x00000035638fe080:   0000000000000006 000001aefb951280
0x00000035638fe090:   0000000000000000 00000007140cf1e0 

Instructions: (pc=0x000000007110b5db)
0x000000007110b4db:   48 85 c0 74 bf 44 8b 03 45 85 c0 0f 84 77 ff ff
0x000000007110b4eb:   ff eb 9f 66 90 e8 8b fe ff ff 48 89 05 0c 34 01
0x000000007110b4fb:   00 eb ad 66 90 e8 7b fe ff ff 48 89 05 fc 33 01
0x000000007110b50b:   00 eb 8b e8 8d fe ff ff c7 03 01 00 00 00 e9 6f
0x000000007110b51b:   ff ff ff 66 90 55 48 89 e5 56 53 48 83 ec 20 48
0x000000007110b52b:   8b 05 d7 33 01 00 48 8b 31 48 89 cb 48 85 c0 74
0x000000007110b53b:   56 44 8b 18 45 85 db 78 42 48 8b 05 bd 33 01 00
0x000000007110b54b:   48 85 c0 74 50 44 8b 10 45 85 d2 74 1d 48 89 f1
0x000000007110b55b:   e8 d0 fd ff ff 48 8b 13 48 8d 42 40 48 8b 48 08
0x000000007110b56b:   48 8b 6a 40 48 8b 60 10 ff e1 48 8b 05 9c 33 01
0x000000007110b57b:   00 48 85 c0 74 2d 48 89 30 eb da e8 b5 fe ff ff
0x000000007110b58b:   0f 1f 44 00 00 eb b2 e8 e9 fd ff ff 48 89 05 6a
0x000000007110b59b:   33 01 00 eb 9c e8 db fd ff ff 48 89 05 5c 33 01
0x000000007110b5ab:   00 eb a2 e8 3d fd ff ff 48 89 05 5e 33 01 00 eb
0x000000007110b5bb:   c5 0f 1f 40 00 55 57 56 53 48 83 ec 28 48 8b 05
0x000000007110b5cb:   39 33 01 00 48 89 cb 48 85 c0 0f 84 c5 00 00 00
0x000000007110b5db:   8b 38 85 ff 0f 88 ab 00 00 00 48 8b 05 1c 33 01
0x000000007110b5eb:   00 48 85 c0 0f 84 bc 00 00 00 8b 30 85 f6 74 57
0x000000007110b5fb:   48 8b 05 0e 33 01 00 48 85 c0 0f 84 e5 00 00 00
0x000000007110b60b:   8b 28 48 8b 35 10 5e 01 00 ff d6 89 c7 89 e9 ff
0x000000007110b61b:   15 f4 5e 01 00 89 f9 48 89 c5 ff 15 b9 5e 01 00
0x000000007110b62b:   48 8b 05 de 32 01 00 48 89 2b 48 85 c0 74 46 48
0x000000007110b63b:   89 da 8b 08 ff 15 d7 5e 01 00 85 c0 74 27 48 83
0x000000007110b64b:   c4 28 5b 5e 5f 5d c3 48 8b 05 bf 32 01 00 48 85
0x000000007110b65b:   c0 74 64 48 8b 10 48 89 13 48 89 18 48 83 c4 28
0x000000007110b66b:   5b 5e 5f 5d c3 48 89 f2 48 83 c4 28 5b 5e 5f 5d
0x000000007110b67b:   48 ff e2 66 90 e8 8b fc ff ff 48 89 05 84 32 01
0x000000007110b68b:   00 eb ac 66 90 e8 ab fd ff ff e9 4b ff ff ff 66
0x000000007110b69b:   0f 1f 44 00 00 e8 db fc ff ff 48 89 05 5c 32 01
0x000000007110b6ab:   00 e9 2a ff ff ff e8 ca fc ff ff 48 89 05 4b 32
0x000000007110b6bb:   01 00 e9 33 ff ff ff e8 29 fc ff ff 48 89 05 4a
0x000000007110b6cb:   32 01 00 48 8b 10 48 85 c0 48 89 13 75 8b e8 12 


Stack slot to memory mapping:

stack at sp + 0 slots: 0x00000035638fdec8 is pointing into the stack for thread: 0x000001aeb918f6d0
stack at sp + 1 slots: 0x0 is null
stack at sp + 2 slots: 0x000000007110b230 points into unknown readable memory: 0x66c3ffffffff01c7 | c7 01 ff ff ff ff c3 66
stack at sp + 3 slots: 0x00000035638fdfd0 is pointing into the stack for thread: 0x000001aeb918f6d0
stack at sp + 4 slots: 0x000001aeff3fd3c0 points into unknown readable memory: 0x00000031314d4f43 | 43 4f 4d 31 31 00 00 00
stack at sp + 5 slots: 0x0000000000000004 is an unknown value
stack at sp + 6 slots: 0x000001aeb918fa90 points into unknown readable memory: 0x00007ffd2ef65e00 | 00 5e f6 2e fd 7f 00 00
stack at sp + 7 slots: 0x00000000000007a0 is an unknown value

Lock stack of current Java thread (top to bottom):

native method entry point (kind = native)  [0x000001aea999cee0, 0x000001aea999db38]  3160 bytes
[MachCode]
  0x000001aea999cee0: 488b 4b08 | 0fb7 492e | 584c 8d74 | ccf8 6800 | 0000 0068 | 0000 0000 | 5055 488b | ec41 5568 
  0x000001aea999cf00: 0000 0000 | 4c8b 6b08 | 4d8d 6d38 | 5348 8b53 | 0848 8b52 | 0848 8b52 | 1848 8b52 | 7048 8b12 
  0x000001aea999cf20: 5248 8b53 | 1048 85d2 | 0f84 0700 | 0000 4881 | c210 0100 | 0052 488b | 5308 488b | 5208 488b 
  0x000001aea999cf40: 5210 5249 | 8bc6 482b | c548 c1e8 | 0350 6800 | 0000 0068 | f7ff ffff | 41c6 8771 | 0400 0001 
  0x000001aea999cf60: 488b 4310 | 4885 c074 | 208b 88cc | 0000 0083 | c102 8988 | cc00 0000 | 2388 e000 | 0000 0f84 
  0x000001aea999cf80: 000b 0000 | e9cf 0000 | 0048 8b43 | 1848 85c0 | 0f85 b000 | 0000 e805 | 0000 00e9 | 9900 0000 
  0x000001aea999cfa0: 488b d348 | 8d44 2408 | 4c89 6dc0 | 498b cfc5 | f877 4989 | afb0 0300 | 0049 8987 | a003 0000 
  0x000001aea999cfc0: 4883 ec20 | 40f6 c40f | 0f84 1900 | 0000 4883 | ec08 48b8 | 9026 752e | fd7f 0000 | ffd0 4883 
  0x000001aea999cfe0: c408 e90c | 0000 0048 | b890 2675 | 2efd 7f00 | 00ff d048 | 83c4 2049 | c787 a003 | 0000 0000 
  0x000001aea999d000: 0000 49c7 | 87b0 0300 | 0000 0000 | 0049 c787 | a803 0000 | 0000 0000 | c5f8 7749 | 837f 0800 
  0x000001aea999d020: 0f84 0500 | 0000 e995 | 3eff ff4c | 8b6d c04c | 8b75 c84e | 8d74 f500 | c348 8b43 | 1848 85c0 
  0x000001aea999d040: 0f84 1200 | 0000 8b48 | 0883 c102 | 8948 0823 | 481c 0f84 | 2c0a 0000 | 493b a7e8 | 0400 000f 
  0x000001aea999d060: 8748 0000 | 0089 8424 | 00f0 ffff | 8984 2400 | e0ff ff89 | 8424 00d0 | ffff 8984 | 2400 c0ff 
  0x000001aea999d080: ff89 8424 | 00b0 ffff | 8984 2400 | a0ff ff89 | 8424 0090 | ffff 8984 | 2400 80ff | ff49 3ba7 
  0x000001aea999d0a0: e004 0000 | 7607 4989 | a7e8 0400 | 0041 c687 | 7104 0000 | 0049 ba41 | adfc 2efd | 7f00 0041 
  0x000001aea999d0c0: 803a 000f | 843e 0000 | 0048 8b55 | e849 8bcf | 4883 ec20 | 40f6 c40f | 0f84 1900 | 0000 4883 
  0x000001aea999d0e0: ec08 48b8 | 10ee ac2e | fd7f 0000 | ffd0 4883 | c408 e90c | 0000 0048 | b810 eeac | 2efd 7f00 
  0x000001aea999d100: 00ff d048 | 83c4 2048 | 8b5d e84c | 8b5b 0845 | 0fb7 5b2e | 41c1 e303 | 492b e348 | 83ec 2048 
  0x000001aea999d120: 83e4 f04c | 8b5b 604d | 85db 0f85 | ab00 0000 | e805 0000 | 00e9 9900 | 0000 488b | d348 8d44 
  0x000001aea999d140: 2408 4c89 | 6dc0 498b | cfc5 f877 | 4989 afb0 | 0300 0049 | 8987 a003 | 0000 4883 | ec20 40f6 
  0x000001aea999d160: c40f 0f84 | 1900 0000 | 4883 ec08 | 48b8 f04d | 752e fd7f | 0000 ffd0 | 4883 c408 | e90c 0000 
  0x000001aea999d180: 0048 b8f0 | 4d75 2efd | 7f00 00ff | d048 83c4 | 2049 c787 | a003 0000 | 0000 0000 | 49c7 87b0 
  0x000001aea999d1a0: 0300 0000 | 0000 0049 | c787 a803 | 0000 0000 | 0000 c5f8 | 7749 837f | 0800 0f84 | 0500 0000 
  0x000001aea999d1c0: e9fb 3cff | ff4c 8b6d | c04c 8b75 | c84e 8d74 | f500 c348 | 8b5d e84c | 8b5b 6041 | ffd3 488b 
  0x000001aea999d1e0: 5de8 4889 | 4518 448b | 5b28 41f6 | c308 0f84 | 1b00 0000 | 4c8b 5b08 | 4d8b 5b08 | 4d8b 5b18 
  0x000001aea999d200: 4d8b 5b70 | 4d8b 1b4c | 895d 1048 | 8d55 1048 | 8b43 5849 | ba60 3cad | 2efd 7f00 | 0049 3bc2 
  0x000001aea999d220: 0f85 ab00 | 0000 e805 | 0000 00e9 | 9900 0000 | 488b d348 | 8d44 2408 | 4c89 6dc0 | 498b cfc5 
  0x000001aea999d240: f877 4989 | afb0 0300 | 0049 8987 | a003 0000 | 4883 ec20 | 40f6 c40f | 0f84 1900 | 0000 4883 
  0x000001aea999d260: ec08 48b8 | f04d 752e | fd7f 0000 | ffd0 4883 | c408 e90c | 0000 0048 | b8f0 4d75 | 2efd 7f00 
  0x000001aea999d280: 00ff d048 | 83c4 2049 | c787 a003 | 0000 0000 | 0000 49c7 | 87b0 0300 | 0000 0000 | 0049 c787 
  0x000001aea999d2a0: a803 0000 | 0000 0000 | c5f8 7749 | 837f 0800 | 0f84 0500 | 0000 e905 | 3cff ff4c | 8b6d c04c 
  0x000001aea999d2c0: 8b75 c84e | 8d74 f500 | c348 8b5d | e848 8b43 | 5849 8d8f | c003 0000 | c5f8 7749 | 89af b003 
  0x000001aea999d2e0: 0000 49ba | d8d2 99a9 | ae01 0000 | 4d89 97a8 | 0300 0049 | 89a7 a003 | 0000 41c7 | 8744 0400 
  0x000001aea999d300: 0004 0000 | 00ff d0c5 | f877 4883 | ec10 c5fb | 1104 2448 | 83ec 1048 | 8904 2448 | c744 2408 
  0x000001aea999d320: 0000 0000 | 41c7 8744 | 0400 0005 | 0000 00f0 | 8344 24c0 | 0049 3baf | 4804 0000 | 0f87 0e00 
  0x000001aea999d340: 0000 4183 | bf40 0400 | 0000 0f84 | 2000 0000 | 498b cf4c | 8be4 4883 | ec20 4883 | e4f0 48b8 
  0x000001aea999d360: 90a9 762e | fd7f 0000 | ffd0 498b | e44d 33e4 | 41c7 8744 | 0400 0008 | 0000 0049 | c787 a003 
  0x000001aea999d380: 0000 0000 | 0000 49c7 | 87b0 0300 | 0000 0000 | 0049 c787 | a803 0000 | 0000 0000 | c5f8 774d 
  0x000001aea999d3a0: 8b9f 3004 | 0000 41c7 | 8300 0100 | 0000 0000 | 0049 bbda | a599 a9ae | 0100 004c | 3b5d 180f 
  0x000001aea999d3c0: 8524 0300 | 0048 8b04 | 2448 83c4 | 1048 85c0 | 0f84 fe02 | 0000 a803 | 0f85 0800 | 0000 488b 
  0x000001aea999d3e0: 00e9 ee02 | 0000 a801 | 0f85 0900 | 0000 488b | 40fe e9dd | 0200 0048 | 8b40 ff41 | 807f 3800 
  0x000001aea999d400: 0f84 ce02 | 0000 4883 | f800 0f84 | c402 0000 | 4d8b 5f28 | 4983 fb00 | 0f84 1400 | 0000 4983 
  0x000001aea999d420: eb08 4d89 | 5f28 4d03 | 5f30 4989 | 03e9 a202 | 0000 4881 | ec50 0100 | 0048 8904 | 2448 894c 
  0x000001aea999d440: 2408 4889 | 5424 1048 | 8974 2418 | 4889 7c24 | 204c 8944 | 2428 4c89 | 4c24 304c | 8954 2438 
  0x000001aea999d460: 4c89 5c24 | 40c5 fb11 | 4424 50c5 | fb11 4c24 | 58c5 fb11 | 5424 60c5 | fb11 5c24 | 68c5 fb11 
  0x000001aea999d480: 6424 70c5 | fb11 6c24 | 78c5 fb11 | b424 8000 | 0000 c5fb | 11bc 2488 | 0000 00c5 | 7b11 8424 
  0x000001aea999d4a0: 9000 0000 | c57b 118c | 2498 0000 | 00c5 7b11 | 9424 a000 | 0000 c57b | 119c 24a8 | 0000 00c5 
  0x000001aea999d4c0: 7b11 a424 | b000 0000 | c57b 11ac | 24b8 0000 | 00c5 7b11 | b424 c000 | 0000 c57b | 11bc 24c8 
  0x000001aea999d4e0: 0000 0062 | e1ff 0811 | 4424 1a62 | e1ff 0811 | 4c24 1b62 | e1ff 0811 | 5424 1c62 | e1ff 0811 
  0x000001aea999d500: 5c24 1d62 | e1ff 0811 | 6424 1e62 | e1ff 0811 | 6c24 1f62 | e1ff 0811 | 7424 2062 | e1ff 0811 
  0x000001aea999d520: 7c24 2162 | 61ff 0811 | 4424 2262 | 61ff 0811 | 4c24 2362 | 61ff 0811 | 5424 2462 | 61ff 0811 
  0x000001aea999d540: 5c24 2562 | 61ff 0811 | 6424 2662 | 61ff 0811 | 6c24 2762 | 61ff 0811 | 7424 2862 | 61ff 0811 
  0x000001aea999d560: 7c24 2949 | 8bd7 488b | c848 83ec | 2040 f6c4 | 0f0f 8419 | 0000 0048 | 83ec 0848 | b8e0 076a 
  0x000001aea999d580: 2efd 7f00 | 00ff d048 | 83c4 08e9 | 0c00 0000 | 48b8 e007 | 6a2e fd7f | 0000 ffd0 | 4883 c420 
  0x000001aea999d5a0: 6261 ff08 | 107c 2429 | 6261 ff08 | 1074 2428 | 6261 ff08 | 106c 2427 | 6261 ff08 | 1064 2426 
  0x000001aea999d5c0: 6261 ff08 | 105c 2425 | 6261 ff08 | 1054 2424 | 6261 ff08 | 104c 2423 | 6261 ff08 | 1044 2422 
  0x000001aea999d5e0: 62e1 ff08 | 107c 2421 | 62e1 ff08 | 1074 2420 | 62e1 ff08 | 106c 241f | 62e1 ff08 | 1064 241e 
  0x000001aea999d600: 62e1 ff08 | 105c 241d | 62e1 ff08 | 1054 241c | 62e1 ff08 | 104c 241b | 62e1 ff08 | 1044 241a 
  0x000001aea999d620: c57b 10bc | 24c8 0000 | 00c5 7b10 | b424 c000 | 0000 c57b | 10ac 24b8 | 0000 00c5 | 7b10 a424 
  0x000001aea999d640: b000 0000 | c57b 109c | 24a8 0000 | 00c5 7b10 | 9424 a000 | 0000 c57b | 108c 2498 | 0000 00c5 
  0x000001aea999d660: 7b10 8424 | 9000 0000 | c5fb 10bc | 2488 0000 | 00c5 fb10 | b424 8000 | 0000 c5fb | 106c 2478 
  0x000001aea999d680: c5fb 1064 | 2470 c5fb | 105c 2468 | c5fb 1054 | 2460 c5fb | 104c 2458 | c5fb 1044 | 2450 4c8b 
  0x000001aea999d6a0: 5c24 404c | 8b54 2438 | 4c8b 4c24 | 304c 8b44 | 2428 488b | 7c24 2048 | 8b74 2418 | 488b 5424 
  0x000001aea999d6c0: 1048 8b4c | 2408 488b | 0424 4881 | c450 0100 | 00c5 f877 | 4889 4510 | 4883 ec10 | 4889 0424 
  0x000001aea999d6e0: 48c7 4424 | 0800 0000 | 0041 83bf | c804 0000 | 020f 85bf | 0000 0048 | 81ec 8000 | 0000 4889 
  0x000001aea999d700: 4424 7848 | 894c 2470 | 4889 5424 | 6848 895c | 2460 4889 | 6c24 5048 | 8974 2448 | 4889 7c24 
  0x000001aea999d720: 404c 8944 | 2438 4c89 | 4c24 304c | 8954 2428 | 4c89 5c24 | 204c 8964 | 2418 4c89 | 6c24 104c 
  0x000001aea999d740: 8974 2408 | 4c89 3c24 | 4c8b e448 | 83ec 2048 | 83e4 f048 | b8c0 22ad | 2efd 7f00 | 00ff d049 
  0x000001aea999d760: 8be4 4c8b | 3c24 4c8b | 7424 084c | 8b6c 2410 | 4c8b 6424 | 184c 8b5c | 2420 4c8b | 5424 284c 
  0x000001aea999d780: 8b4c 2430 | 4c8b 4424 | 3848 8b7c | 2440 488b | 7424 4848 | 8b6c 2450 | 488b 5c24 | 6048 8b54 
  0x000001aea999d7a0: 2468 488b | 4c24 7048 | 8b44 2478 | 4881 c480 | 0000 004d | 33e4 488b | 5de8 4c8b | 6b08 4d8d 
  0x000001aea999d7c0: 6d38 4983 | 7f08 000f | 84bb 0000 | 00e8 0500 | 0000 e996 | 0000 0048 | 8d44 2408 | 4c89 6dc0 
  0x000001aea999d7e0: 498b cfc5 | f877 4989 | afb0 0300 | 0049 8987 | a003 0000 | 4883 ec20 | 40f6 c40f | 0f84 1900 
  0x000001aea999d800: 0000 4883 | ec08 48b8 | 006c 752e | fd7f 0000 | ffd0 4883 | c408 e90c | 0000 0048 | b800 6c75 
  0x000001aea999d820: 2efd 7f00 | 00ff d048 | 83c4 2049 | c787 a003 | 0000 0000 | 0000 49c7 | 87b0 0300 | 0000 0000 
  0x000001aea999d840: 0049 c787 | a803 0000 | 0000 0000 | c5f8 7749 | 837f 0800 | 0f84 0500 | 0000 e961 | 36ff ff4c 
  0x000001aea999d860: 8b6d c04c | 8b75 c84e | 8d74 f500 | c348 b930 | d5d4 2efd | 7f00 0048 | 83e4 f048 | b870 4a9b 
  0x000001aea999d880: 2efd 7f00 | 00ff d0f4 | 448b 5b28 | 41f6 c320 | 0f84 7901 | 0000 488d | 55a8 4c8b | 5a08 4d85 
  0x000001aea999d8a0: db0f 85bb | 0000 00e8 | 0500 0000 | e996 0000 | 0048 8d44 | 2408 4c89 | 6dc0 498b | cfc5 f877 
  0x000001aea999d8c0: 4989 afb0 | 0300 0049 | 8987 a003 | 0000 4883 | ec20 40f6 | c40f 0f84 | 1900 0000 | 4883 ec08 
  0x000001aea999d8e0: 48b8 306b | 752e fd7f | 0000 ffd0 | 4883 c408 | e90c 0000 | 0048 b830 | 6b75 2efd | 7f00 00ff 
  0x000001aea999d900: d048 83c4 | 2049 c787 | a003 0000 | 0000 0000 | 49c7 87b0 | 0300 0000 | 0000 0049 | c787 a803 
  0x000001aea999d920: 0000 0000 | 0000 c5f8 | 7749 837f | 0800 0f84 | 0500 0000 | e987 35ff | ff4c 8b6d | c04c 8b75 
  0x000001aea999d940: c84e 8d74 | f500 c348 | b930 d5d4 | 2efd 7f00 | 0048 83e4 | f048 b870 | 4a9b 2efd | 7f00 00ff 
  0x000001aea999d960: d0f4 4c89 | 6dc0 4c8b | 4a08 48c7 | 4208 0000 | 0000 458b | 8718 0600 | 004f 3b4c | 07f8 0f85 
  0x000001aea999d980: 4900 0000 | 4183 af18 | 0600 0008 | 4f3b 4c07 | f00f 842a | 0000 0049 | 8b01 a802 | 0f85 1200 
  0x000001aea999d9a0: 0000 4c8b | c049 83c8 | 01f0 4d0f | b101 0f84 | 0d00 0000 | 4183 8718 | 0600 0008 | e90c 0000 
  0x000001aea999d9c0: 0049 ff8f | 5005 0000 | e93e 0000 | 004c 894a | 0848 8bca | 4883 ec20 | 40f6 c40f | 0f84 1900 
  0x000001aea999d9e0: 0000 4883 | ec08 48b8 | f03d 752e | fd7f 0000 | ffd0 4883 | c408 e90c | 0000 0048 | b8f0 3d75 
  0x000001aea999da00: 2efd 7f00 | 00ff d048 | 83c4 204c | 8b6d c049 | ba41 adfc | 2efd 7f00 | 0041 803a | 000f 843e 
  0x000001aea999da20: 0000 0048 | 8b55 e849 | 8bcf 4883 | ec20 40f6 | c40f 0f84 | 1900 0000 | 4883 ec08 | 48b8 10ee 
  0x000001aea999da40: ac2e fd7f | 0000 ffd0 | 4883 c408 | e90c 0000 | 0048 b810 | eeac 2efd | 7f00 00ff | d048 83c4 
  0x000001aea999da60: 2048 8b04 | 2448 83c4 | 10c5 fb10 | 0424 4883 | c410 4c8b | 5d18 41ff | d34c 8b5d | f8c9 5f49 
  0x000001aea999da80: 8be3 ffe7 | ba00 0000 | 00e8 0500 | 0000 e996 | 0000 0048 | 8d44 2408 | 4c89 6dc0 | 498b cfc5 
  0x000001aea999daa0: f877 4989 | afb0 0300 | 0049 8987 | a003 0000 | 4883 ec20 | 40f6 c40f | 0f84 1900 | 0000 4883 
  0x000001aea999dac0: ec08 48b8 | a031 752e | fd7f 0000 | ffd0 4883 | c408 e90c | 0000 0048 | b8a0 3175 | 2efd 7f00 
  0x000001aea999dae0: 00ff d048 | 83c4 2049 | c787 a003 | 0000 0000 | 0000 49c7 | 87b0 0300 | 0000 0000 | 0049 c787 
  0x000001aea999db00: a803 0000 | 0000 0000 | c5f8 7749 | 837f 0800 | 0f84 0500 | 0000 e9a5 | 33ff ff4c | 8b6d c04c 
  0x000001aea999db20: 8b75 c84e | 8d74 f500 | c348 8b5d | e8e9 26f5 | ffff 660f | 1f44 0000 
[/MachCode]

---------------  P R O C E S S  ---------------

Threads class SMR info:
_java_thread_list=0x000001aeffa16cf0, length=19, elements={
0x000001ae978c5020, 0x000001aeb9176bd0, 0x000001aeb9177830, 0x000001aeb917f580,
0x000001aeb91800d0, 0x000001aeb91897a0, 0x000001aeb9191e30, 0x000001aeb91a7510,
0x000001aeb91a8be0, 0x000001aeb9191110, 0x000001aeb93e8e00, 0x000001aeb93f1ff0,
0x000001aeb9190a80, 0x000001aeb91917a0, 0x000001aeb91924c0, 0x000001aeb918f040,
0x000001aeb918f6d0, 0x000001aeb918fd60, 0x000001aeb91903f0
}

Java Threads: ( => current thread )
  0x000001ae978c5020 JavaThread "main"                              [_thread_blocked, id=31828, stack(0x0000003562000000,0x0000003562100000) (1024K)]
  0x000001aeb9176bd0 JavaThread "Reference Handler"          daemon [_thread_blocked, id=7664, stack(0x0000003562800000,0x0000003562900000) (1024K)]
  0x000001aeb9177830 JavaThread "Finalizer"                  daemon [_thread_blocked, id=24276, stack(0x0000003562900000,0x0000003562a00000) (1024K)]
  0x000001aeb917f580 JavaThread "Signal Dispatcher"          daemon [_thread_blocked, id=33216, stack(0x0000003562a00000,0x0000003562b00000) (1024K)]
  0x000001aeb91800d0 JavaThread "Attach Listener"            daemon [_thread_blocked, id=30776, stack(0x0000003562b00000,0x0000003562c00000) (1024K)]
  0x000001aeb91897a0 JavaThread "Service Thread"             daemon [_thread_blocked, id=10660, stack(0x0000003562c00000,0x0000003562d00000) (1024K)]
  0x000001aeb9191e30 JavaThread "Monitor Deflation Thread"   daemon [_thread_blocked, id=29128, stack(0x0000003562d00000,0x0000003562e00000) (1024K)]
  0x000001aeb91a7510 JavaThread "C2 CompilerThread0"         daemon [_thread_blocked, id=20640, stack(0x0000003562e00000,0x0000003562f00000) (1024K)]
  0x000001aeb91a8be0 JavaThread "C1 CompilerThread0"         daemon [_thread_blocked, id=19000, stack(0x0000003562f00000,0x0000003563000000) (1024K)]
  0x000001aeb9191110 JavaThread "Common-Cleaner"             daemon [_thread_blocked, id=11508, stack(0x0000003563000000,0x0000003563100000) (1024K)]
  0x000001aeb93e8e00 JavaThread "C2 CompilerThread1"         daemon [_thread_blocked, id=27276, stack(0x0000003563100000,0x0000003563200000) (1024K)]
  0x000001aeb93f1ff0 JavaThread "C2 CompilerThread2"         daemon [_thread_blocked, id=30532, stack(0x0000003563200000,0x0000003563300000) (1024K)]
  0x000001aeb9190a80 JavaThread "Monitor Ctrl-Break"         daemon [_thread_in_native, id=2988, stack(0x0000003563300000,0x0000003563400000) (1024K)]
  0x000001aeb91917a0 JavaThread "Notification Thread"        daemon [_thread_blocked, id=30320, stack(0x0000003563400000,0x0000003563500000) (1024K)]
  0x000001aeb91924c0 JavaThread "QuantumRenderer-0"          daemon [_thread_blocked, id=32116, stack(0x0000003563500000,0x0000003563600000) (1024K)]
  0x000001aeb918f040 JavaThread "InvokeLaterDispatcher"      daemon [_thread_blocked, id=32136, stack(0x0000003563700000,0x0000003563800000) (1024K)]
=>0x000001aeb918f6d0 JavaThread "JavaFX Application Thread"         [_thread_in_native, id=17328, stack(0x0000003563800000,0x0000003563900000) (1024K)]
  0x000001aeb918fd60 JavaThread "JavaFX-Launcher"                   [_thread_blocked, id=2896, stack(0x0000003563d00000,0x0000003563e00000) (1024K)]
  0x000001aeb91903f0 JavaThread "Thread-2"                   daemon [_thread_in_native, id=29348, stack(0x0000003563c00000,0x0000003563d00000) (1024K)]
Total: 19

Other Threads:
  0x000001aeb915d380 VMThread "VM Thread"                           [id=13696, stack(0x0000003562700000,0x0000003562800000) (1024K)]
  0x000001aeb91487a0 WatcherThread "VM Periodic Task Thread"        [id=30800, stack(0x0000003562600000,0x0000003562700000) (1024K)]
  0x000001ae99d91800 WorkerThread "GC Thread#0"                     [id=18640, stack(0x0000003562100000,0x0000003562200000) (1024K)]
  0x000001aeffa13b90 WorkerThread "GC Thread#1"                     [id=25556, stack(0x0000003563e00000,0x0000003563f00000) (1024K)]
  0x000001aeff394450 WorkerThread "GC Thread#2"                     [id=15768, stack(0x0000003563f00000,0x0000003564000000) (1024K)]
  0x000001aeff3bdfc0 WorkerThread "GC Thread#3"                     [id=34620, stack(0x0000003564000000,0x0000003564100000) (1024K)]
  0x000001aeffa65830 WorkerThread "GC Thread#4"                     [id=16212, stack(0x0000003564100000,0x0000003564200000) (1024K)]
  0x000001aeffa86850 WorkerThread "GC Thread#5"                     [id=28652, stack(0x0000003564200000,0x0000003564300000) (1024K)]
  0x000001aefffcec00 WorkerThread "GC Thread#6"                     [id=33696, stack(0x0000003564300000,0x0000003564400000) (1024K)]
  0x000001aeff5fce30 WorkerThread "GC Thread#7"                     [id=21352, stack(0x0000003564400000,0x0000003564500000) (1024K)]
  0x000001ae99da6a20 ConcurrentGCThread "G1 Main Marker"            [id=13236, stack(0x0000003562200000,0x0000003562300000) (1024K)]
  0x000001ae9798eb80 WorkerThread "G1 Conc#0"                       [id=23520, stack(0x0000003562300000,0x0000003562400000) (1024K)]
  0x000001aeb9013190 ConcurrentGCThread "G1 Refine#0"               [id=25240, stack(0x0000003562400000,0x0000003562500000) (1024K)]
  0x000001aeb9016ee0 ConcurrentGCThread "G1 Service"                [id=28428, stack(0x0000003562500000,0x0000003562600000) (1024K)]
Total: 14

Threads with active compile tasks:
Total: 0

VM state: not at safepoint (normal execution)

VM Mutex/Monitor currently owned by a thread: None

Heap address: 0x0000000704c00000, size: 4020 MB, Compressed Oops mode: Zero based, Oop shift amount: 3

CDS archive(s) mapped at: [0x000001aeba000000-0x000001aebad70000-0x000001aebad70000), size 14090240, SharedBaseAddress: 0x000001aeba000000, ArchiveRelocationMode: 1.
Compressed class space mapped at: 0x000001aebb000000-0x000001aefb000000, reserved size: 1073741824
Narrow klass base: 0x000001aeba000000, Narrow klass shift: 0, Narrow klass range: 0x41000000

GC Precious Log:
 CardTable entry size: 512
 Card Set container configuration: InlinePtr #cards 4 size 8 Array Of Cards #cards 16 size 48 Howl #buckets 8 coarsen threshold 3686 Howl Bitmap #cards 512 size 80 coarsen threshold 460 Card regions per heap region 1 cards per card region 4096
 CPUs: 8 total, 8 available
 Memory: 16075M
 Large Page Support: Disabled
 NUMA Support: Disabled
 Compressed Oops: Enabled (Zero based)
 Heap Region Size: 2M
 Heap Min Capacity: 8M
 Heap Initial Capacity: 252M
 Heap Max Capacity: 4020M
 Pre-touch: Disabled
 Parallel Workers: 8
 Concurrent Workers: 2
 Concurrent Refinement Workers: 8
 Periodic GC: Disabled

Heap:
 garbage-first heap   total reserved 4116480K, committed 258048K, used 11473K [0x0000000704c00000, 0x0000000800000000)
  region size 2048K, 6 young (12288K), 2 survivors (4096K)
 Metaspace       used 9185K, committed 9408K, reserved 1114112K
  class space    used 1416K, committed 1536K, reserved 1048576K

Heap Regions: E=young(eden), S=young(survivor), O=old, HS=humongous(starts), HC=humongous(continues), CS=collection set, F=free, TAMS=top-at-mark-start, PB=parsable bottom
|   0|0x0000000704c00000, 0x0000000704e00000, 0x0000000704e00000|100%| O|  |TAMS 0x0000000704c00000| PB 0x0000000704c00000| Untracked |  0
|   1|0x0000000704e00000, 0x0000000704e9c360, 0x0000000705000000| 30%| O|  |TAMS 0x0000000704e00000| PB 0x0000000704e00000| Untracked |  0
|   2|0x0000000705000000, 0x0000000705000000, 0x0000000705200000|  0%| F|  |TAMS 0x0000000705000000| PB 0x0000000705000000| Untracked |  0
|   3|0x0000000705200000, 0x0000000705200000, 0x0000000705400000|  0%| F|  |TAMS 0x0000000705200000| PB 0x0000000705200000| Untracked |  0
|   4|0x0000000705400000, 0x0000000705400000, 0x0000000705600000|  0%| F|  |TAMS 0x0000000705400000| PB 0x0000000705400000| Untracked |  0
|   5|0x0000000705600000, 0x0000000705600000, 0x0000000705800000|  0%| F|  |TAMS 0x0000000705600000| PB 0x0000000705600000| Untracked |  0
|   6|0x0000000705800000, 0x0000000705800000, 0x0000000705a00000|  0%| F|  |TAMS 0x0000000705800000| PB 0x0000000705800000| Untracked |  0
|   7|0x0000000705a00000, 0x0000000705a00000, 0x0000000705c00000|  0%| F|  |TAMS 0x0000000705a00000| PB 0x0000000705a00000| Untracked |  0
|   8|0x0000000705c00000, 0x0000000705c00000, 0x0000000705e00000|  0%| F|  |TAMS 0x0000000705c00000| PB 0x0000000705c00000| Untracked |  0
|   9|0x0000000705e00000, 0x0000000705e00000, 0x0000000706000000|  0%| F|  |TAMS 0x0000000705e00000| PB 0x0000000705e00000| Untracked |  0
|  10|0x0000000706000000, 0x0000000706000000, 0x0000000706200000|  0%| F|  |TAMS 0x0000000706000000| PB 0x0000000706000000| Untracked |  0
|  11|0x0000000706200000, 0x0000000706200000, 0x0000000706400000|  0%| F|  |TAMS 0x0000000706200000| PB 0x0000000706200000| Untracked |  0
|  12|0x0000000706400000, 0x0000000706400000, 0x0000000706600000|  0%| F|  |TAMS 0x0000000706400000| PB 0x0000000706400000| Untracked |  0
|  13|0x0000000706600000, 0x0000000706600000, 0x0000000706800000|  0%| F|  |TAMS 0x0000000706600000| PB 0x0000000706600000| Untracked |  0
|  14|0x0000000706800000, 0x0000000706800000, 0x0000000706a00000|  0%| F|  |TAMS 0x0000000706800000| PB 0x0000000706800000| Untracked |  0
|  15|0x0000000706a00000, 0x0000000706a00000, 0x0000000706c00000|  0%| F|  |TAMS 0x0000000706a00000| PB 0x0000000706a00000| Untracked |  0
|  16|0x0000000706c00000, 0x0000000706c00000, 0x0000000706e00000|  0%| F|  |TAMS 0x0000000706c00000| PB 0x0000000706c00000| Untracked |  0
|  17|0x0000000706e00000, 0x0000000706e00000, 0x0000000707000000|  0%| F|  |TAMS 0x0000000706e00000| PB 0x0000000706e00000| Untracked |  0
|  18|0x0000000707000000, 0x0000000707000000, 0x0000000707200000|  0%| F|  |TAMS 0x0000000707000000| PB 0x0000000707000000| Untracked |  0
|  19|0x0000000707200000, 0x0000000707200000, 0x0000000707400000|  0%| F|  |TAMS 0x0000000707200000| PB 0x0000000707200000| Untracked |  0
|  20|0x0000000707400000, 0x0000000707400000, 0x0000000707600000|  0%| F|  |TAMS 0x0000000707400000| PB 0x0000000707400000| Untracked |  0
|  21|0x0000000707600000, 0x0000000707600000, 0x0000000707800000|  0%| F|  |TAMS 0x0000000707600000| PB 0x0000000707600000| Untracked |  0
|  22|0x0000000707800000, 0x0000000707800000, 0x0000000707a00000|  0%| F|  |TAMS 0x0000000707800000| PB 0x0000000707800000| Untracked |  0
|  23|0x0000000707a00000, 0x0000000707a00000, 0x0000000707c00000|  0%| F|  |TAMS 0x0000000707a00000| PB 0x0000000707a00000| Untracked |  0
|  24|0x0000000707c00000, 0x0000000707c00000, 0x0000000707e00000|  0%| F|  |TAMS 0x0000000707c00000| PB 0x0000000707c00000| Untracked |  0
|  25|0x0000000707e00000, 0x0000000707e00000, 0x0000000708000000|  0%| F|  |TAMS 0x0000000707e00000| PB 0x0000000707e00000| Untracked |  0
|  26|0x0000000708000000, 0x0000000708000000, 0x0000000708200000|  0%| F|  |TAMS 0x0000000708000000| PB 0x0000000708000000| Untracked |  0
|  27|0x0000000708200000, 0x0000000708200000, 0x0000000708400000|  0%| F|  |TAMS 0x0000000708200000| PB 0x0000000708200000| Untracked |  0
|  28|0x0000000708400000, 0x0000000708400000, 0x0000000708600000|  0%| F|  |TAMS 0x0000000708400000| PB 0x0000000708400000| Untracked |  0
|  29|0x0000000708600000, 0x0000000708600000, 0x0000000708800000|  0%| F|  |TAMS 0x0000000708600000| PB 0x0000000708600000| Untracked |  0
|  30|0x0000000708800000, 0x0000000708800000, 0x0000000708a00000|  0%| F|  |TAMS 0x0000000708800000| PB 0x0000000708800000| Untracked |  0
|  31|0x0000000708a00000, 0x0000000708a00000, 0x0000000708c00000|  0%| F|  |TAMS 0x0000000708a00000| PB 0x0000000708a00000| Untracked |  0
|  32|0x0000000708c00000, 0x0000000708c00000, 0x0000000708e00000|  0%| F|  |TAMS 0x0000000708c00000| PB 0x0000000708c00000| Untracked |  0
|  33|0x0000000708e00000, 0x0000000708e00000, 0x0000000709000000|  0%| F|  |TAMS 0x0000000708e00000| PB 0x0000000708e00000| Untracked |  0
|  34|0x0000000709000000, 0x0000000709000000, 0x0000000709200000|  0%| F|  |TAMS 0x0000000709000000| PB 0x0000000709000000| Untracked |  0
|  35|0x0000000709200000, 0x0000000709200000, 0x0000000709400000|  0%| F|  |TAMS 0x0000000709200000| PB 0x0000000709200000| Untracked |  0
|  36|0x0000000709400000, 0x0000000709400000, 0x0000000709600000|  0%| F|  |TAMS 0x0000000709400000| PB 0x0000000709400000| Untracked |  0
|  37|0x0000000709600000, 0x0000000709600000, 0x0000000709800000|  0%| F|  |TAMS 0x0000000709600000| PB 0x0000000709600000| Untracked |  0
|  38|0x0000000709800000, 0x0000000709800000, 0x0000000709a00000|  0%| F|  |TAMS 0x0000000709800000| PB 0x0000000709800000| Untracked |  0
|  39|0x0000000709a00000, 0x0000000709a00000, 0x0000000709c00000|  0%| F|  |TAMS 0x0000000709a00000| PB 0x0000000709a00000| Untracked |  0
|  40|0x0000000709c00000, 0x0000000709c00000, 0x0000000709e00000|  0%| F|  |TAMS 0x0000000709c00000| PB 0x0000000709c00000| Untracked |  0
|  41|0x0000000709e00000, 0x0000000709e00000, 0x000000070a000000|  0%| F|  |TAMS 0x0000000709e00000| PB 0x0000000709e00000| Untracked |  0
|  42|0x000000070a000000, 0x000000070a000000, 0x000000070a200000|  0%| F|  |TAMS 0x000000070a000000| PB 0x000000070a000000| Untracked |  0
|  43|0x000000070a200000, 0x000000070a200000, 0x000000070a400000|  0%| F|  |TAMS 0x000000070a200000| PB 0x000000070a200000| Untracked |  0
|  44|0x000000070a400000, 0x000000070a400000, 0x000000070a600000|  0%| F|  |TAMS 0x000000070a400000| PB 0x000000070a400000| Untracked |  0
|  45|0x000000070a600000, 0x000000070a600000, 0x000000070a800000|  0%| F|  |TAMS 0x000000070a600000| PB 0x000000070a600000| Untracked |  0
|  46|0x000000070a800000, 0x000000070a800000, 0x000000070aa00000|  0%| F|  |TAMS 0x000000070a800000| PB 0x000000070a800000| Untracked |  0
|  47|0x000000070aa00000, 0x000000070aa00000, 0x000000070ac00000|  0%| F|  |TAMS 0x000000070aa00000| PB 0x000000070aa00000| Untracked |  0
|  48|0x000000070ac00000, 0x000000070ac00000, 0x000000070ae00000|  0%| F|  |TAMS 0x000000070ac00000| PB 0x000000070ac00000| Untracked |  0
|  49|0x000000070ae00000, 0x000000070ae00000, 0x000000070b000000|  0%| F|  |TAMS 0x000000070ae00000| PB 0x000000070ae00000| Untracked |  0
|  50|0x000000070b000000, 0x000000070b000000, 0x000000070b200000|  0%| F|  |TAMS 0x000000070b000000| PB 0x000000070b000000| Untracked |  0
|  51|0x000000070b200000, 0x000000070b200000, 0x000000070b400000|  0%| F|  |TAMS 0x000000070b200000| PB 0x000000070b200000| Untracked |  0
|  52|0x000000070b400000, 0x000000070b400000, 0x000000070b600000|  0%| F|  |TAMS 0x000000070b400000| PB 0x000000070b400000| Untracked |  0
|  53|0x000000070b600000, 0x000000070b600000, 0x000000070b800000|  0%| F|  |TAMS 0x000000070b600000| PB 0x000000070b600000| Untracked |  0
|  54|0x000000070b800000, 0x000000070b800000, 0x000000070ba00000|  0%| F|  |TAMS 0x000000070b800000| PB 0x000000070b800000| Untracked |  0
|  55|0x000000070ba00000, 0x000000070ba00000, 0x000000070bc00000|  0%| F|  |TAMS 0x000000070ba00000| PB 0x000000070ba00000| Untracked |  0
|  56|0x000000070bc00000, 0x000000070bc00000, 0x000000070be00000|  0%| F|  |TAMS 0x000000070bc00000| PB 0x000000070bc00000| Untracked |  0
|  57|0x000000070be00000, 0x000000070be00000, 0x000000070c000000|  0%| F|  |TAMS 0x000000070be00000| PB 0x000000070be00000| Untracked |  0
|  58|0x000000070c000000, 0x000000070c000000, 0x000000070c200000|  0%| F|  |TAMS 0x000000070c000000| PB 0x000000070c000000| Untracked |  0
|  59|0x000000070c200000, 0x000000070c200000, 0x000000070c400000|  0%| F|  |TAMS 0x000000070c200000| PB 0x000000070c200000| Untracked |  0
|  60|0x000000070c400000, 0x000000070c400000, 0x000000070c600000|  0%| F|  |TAMS 0x000000070c400000| PB 0x000000070c400000| Untracked |  0
|  61|0x000000070c600000, 0x000000070c600000, 0x000000070c800000|  0%| F|  |TAMS 0x000000070c600000| PB 0x000000070c600000| Untracked |  0
|  62|0x000000070c800000, 0x000000070c800000, 0x000000070ca00000|  0%| F|  |TAMS 0x000000070c800000| PB 0x000000070c800000| Untracked |  0
|  63|0x000000070ca00000, 0x000000070ca00000, 0x000000070cc00000|  0%| F|  |TAMS 0x000000070ca00000| PB 0x000000070ca00000| Untracked |  0
|  64|0x000000070cc00000, 0x000000070cc00000, 0x000000070ce00000|  0%| F|  |TAMS 0x000000070cc00000| PB 0x000000070cc00000| Untracked |  0
|  65|0x000000070ce00000, 0x000000070ce00000, 0x000000070d000000|  0%| F|  |TAMS 0x000000070ce00000| PB 0x000000070ce00000| Untracked |  0
|  66|0x000000070d000000, 0x000000070d000000, 0x000000070d200000|  0%| F|  |TAMS 0x000000070d000000| PB 0x000000070d000000| Untracked |  0
|  67|0x000000070d200000, 0x000000070d200000, 0x000000070d400000|  0%| F|  |TAMS 0x000000070d200000| PB 0x000000070d200000| Untracked |  0
|  68|0x000000070d400000, 0x000000070d400000, 0x000000070d600000|  0%| F|  |TAMS 0x000000070d400000| PB 0x000000070d400000| Untracked |  0
|  69|0x000000070d600000, 0x000000070d600000, 0x000000070d800000|  0%| F|  |TAMS 0x000000070d600000| PB 0x000000070d600000| Untracked |  0
|  70|0x000000070d800000, 0x000000070d800000, 0x000000070da00000|  0%| F|  |TAMS 0x000000070d800000| PB 0x000000070d800000| Untracked |  0
|  71|0x000000070da00000, 0x000000070da00000, 0x000000070dc00000|  0%| F|  |TAMS 0x000000070da00000| PB 0x000000070da00000| Untracked |  0
|  72|0x000000070dc00000, 0x000000070dc00000, 0x000000070de00000|  0%| F|  |TAMS 0x000000070dc00000| PB 0x000000070dc00000| Untracked |  0
|  73|0x000000070de00000, 0x000000070de00000, 0x000000070e000000|  0%| F|  |TAMS 0x000000070de00000| PB 0x000000070de00000| Untracked |  0
|  74|0x000000070e000000, 0x000000070e000000, 0x000000070e200000|  0%| F|  |TAMS 0x000000070e000000| PB 0x000000070e000000| Untracked |  0
|  75|0x000000070e200000, 0x000000070e200000, 0x000000070e400000|  0%| F|  |TAMS 0x000000070e200000| PB 0x000000070e200000| Untracked |  0
|  76|0x000000070e400000, 0x000000070e400000, 0x000000070e600000|  0%| F|  |TAMS 0x000000070e400000| PB 0x000000070e400000| Untracked |  0
|  77|0x000000070e600000, 0x000000070e600000, 0x000000070e800000|  0%| F|  |TAMS 0x000000070e600000| PB 0x000000070e600000| Untracked |  0
|  78|0x000000070e800000, 0x000000070e800000, 0x000000070ea00000|  0%| F|  |TAMS 0x000000070e800000| PB 0x000000070e800000| Untracked |  0
|  79|0x000000070ea00000, 0x000000070ea00000, 0x000000070ec00000|  0%| F|  |TAMS 0x000000070ea00000| PB 0x000000070ea00000| Untracked |  0
|  80|0x000000070ec00000, 0x000000070ec00000, 0x000000070ee00000|  0%| F|  |TAMS 0x000000070ec00000| PB 0x000000070ec00000| Untracked |  0
|  81|0x000000070ee00000, 0x000000070ee00000, 0x000000070f000000|  0%| F|  |TAMS 0x000000070ee00000| PB 0x000000070ee00000| Untracked |  0
|  82|0x000000070f000000, 0x000000070f000000, 0x000000070f200000|  0%| F|  |TAMS 0x000000070f000000| PB 0x000000070f000000| Untracked |  0
|  83|0x000000070f200000, 0x000000070f200000, 0x000000070f400000|  0%| F|  |TAMS 0x000000070f200000| PB 0x000000070f200000| Untracked |  0
|  84|0x000000070f400000, 0x000000070f400000, 0x000000070f600000|  0%| F|  |TAMS 0x000000070f400000| PB 0x000000070f400000| Untracked |  0
|  85|0x000000070f600000, 0x000000070f600000, 0x000000070f800000|  0%| F|  |TAMS 0x000000070f600000| PB 0x000000070f600000| Untracked |  0
|  86|0x000000070f800000, 0x000000070f800000, 0x000000070fa00000|  0%| F|  |TAMS 0x000000070f800000| PB 0x000000070f800000| Untracked |  0
|  87|0x000000070fa00000, 0x000000070fa00000, 0x000000070fc00000|  0%| F|  |TAMS 0x000000070fa00000| PB 0x000000070fa00000| Untracked |  0
|  88|0x000000070fc00000, 0x000000070fc00000, 0x000000070fe00000|  0%| F|  |TAMS 0x000000070fc00000| PB 0x000000070fc00000| Untracked |  0
|  89|0x000000070fe00000, 0x000000070fe00000, 0x0000000710000000|  0%| F|  |TAMS 0x000000070fe00000| PB 0x000000070fe00000| Untracked |  0
|  90|0x0000000710000000, 0x0000000710000000, 0x0000000710200000|  0%| F|  |TAMS 0x0000000710000000| PB 0x0000000710000000| Untracked |  0
|  91|0x0000000710200000, 0x0000000710200000, 0x0000000710400000|  0%| F|  |TAMS 0x0000000710200000| PB 0x0000000710200000| Untracked |  0
|  92|0x0000000710400000, 0x0000000710400000, 0x0000000710600000|  0%| F|  |TAMS 0x0000000710400000| PB 0x0000000710400000| Untracked |  0
|  93|0x0000000710600000, 0x0000000710600000, 0x0000000710800000|  0%| F|  |TAMS 0x0000000710600000| PB 0x0000000710600000| Untracked |  0
|  94|0x0000000710800000, 0x0000000710800000, 0x0000000710a00000|  0%| F|  |TAMS 0x0000000710800000| PB 0x0000000710800000| Untracked |  0
|  95|0x0000000710a00000, 0x0000000710a00000, 0x0000000710c00000|  0%| F|  |TAMS 0x0000000710a00000| PB 0x0000000710a00000| Untracked |  0
|  96|0x0000000710c00000, 0x0000000710c00000, 0x0000000710e00000|  0%| F|  |TAMS 0x0000000710c00000| PB 0x0000000710c00000| Untracked |  0
|  97|0x0000000710e00000, 0x0000000710e00000, 0x0000000711000000|  0%| F|  |TAMS 0x0000000710e00000| PB 0x0000000710e00000| Untracked |  0
|  98|0x0000000711000000, 0x0000000711000000, 0x0000000711200000|  0%| F|  |TAMS 0x0000000711000000| PB 0x0000000711000000| Untracked |  0
|  99|0x0000000711200000, 0x0000000711200000, 0x0000000711400000|  0%| F|  |TAMS 0x0000000711200000| PB 0x0000000711200000| Untracked |  0
| 100|0x0000000711400000, 0x0000000711400000, 0x0000000711600000|  0%| F|  |TAMS 0x0000000711400000| PB 0x0000000711400000| Untracked |  0
| 101|0x0000000711600000, 0x0000000711600000, 0x0000000711800000|  0%| F|  |TAMS 0x0000000711600000| PB 0x0000000711600000| Untracked |  0
| 102|0x0000000711800000, 0x0000000711800000, 0x0000000711a00000|  0%| F|  |TAMS 0x0000000711800000| PB 0x0000000711800000| Untracked |  0
| 103|0x0000000711a00000, 0x0000000711a00000, 0x0000000711c00000|  0%| F|  |TAMS 0x0000000711a00000| PB 0x0000000711a00000| Untracked |  0
| 104|0x0000000711c00000, 0x0000000711c00000, 0x0000000711e00000|  0%| F|  |TAMS 0x0000000711c00000| PB 0x0000000711c00000| Untracked |  0
| 105|0x0000000711e00000, 0x0000000711e00000, 0x0000000712000000|  0%| F|  |TAMS 0x0000000711e00000| PB 0x0000000711e00000| Untracked |  0
| 106|0x0000000712000000, 0x0000000712000000, 0x0000000712200000|  0%| F|  |TAMS 0x0000000712000000| PB 0x0000000712000000| Untracked |  0
| 107|0x0000000712200000, 0x0000000712200000, 0x0000000712400000|  0%| F|  |TAMS 0x0000000712200000| PB 0x0000000712200000| Untracked |  0
| 108|0x0000000712400000, 0x0000000712400000, 0x0000000712600000|  0%| F|  |TAMS 0x0000000712400000| PB 0x0000000712400000| Untracked |  0
| 109|0x0000000712600000, 0x0000000712600000, 0x0000000712800000|  0%| F|  |TAMS 0x0000000712600000| PB 0x0000000712600000| Untracked |  0
| 110|0x0000000712800000, 0x0000000712898378, 0x0000000712a00000| 29%| S|CS|TAMS 0x0000000712800000| PB 0x0000000712800000| Complete |  0
| 111|0x0000000712a00000, 0x0000000712c00000, 0x0000000712c00000|100%| S|CS|TAMS 0x0000000712a00000| PB 0x0000000712a00000| Complete |  0
| 112|0x0000000712c00000, 0x0000000712c00000, 0x0000000712e00000|  0%| F|  |TAMS 0x0000000712c00000| PB 0x0000000712c00000| Untracked |  0
| 113|0x0000000712e00000, 0x0000000712e00000, 0x0000000713000000|  0%| F|  |TAMS 0x0000000712e00000| PB 0x0000000712e00000| Untracked |  0
| 114|0x0000000713000000, 0x0000000713000000, 0x0000000713200000|  0%| F|  |TAMS 0x0000000713000000| PB 0x0000000713000000| Untracked |  0
| 115|0x0000000713200000, 0x0000000713200000, 0x0000000713400000|  0%| F|  |TAMS 0x0000000713200000| PB 0x0000000713200000| Untracked |  0
| 116|0x0000000713400000, 0x0000000713400000, 0x0000000713600000|  0%| F|  |TAMS 0x0000000713400000| PB 0x0000000713400000| Untracked |  0
| 117|0x0000000713600000, 0x0000000713600000, 0x0000000713800000|  0%| F|  |TAMS 0x0000000713600000| PB 0x0000000713600000| Untracked |  0
| 118|0x0000000713800000, 0x0000000713800000, 0x0000000713a00000|  0%| F|  |TAMS 0x0000000713800000| PB 0x0000000713800000| Untracked |  0
| 119|0x0000000713a00000, 0x0000000713a00000, 0x0000000713c00000|  0%| F|  |TAMS 0x0000000713a00000| PB 0x0000000713a00000| Untracked |  0
| 120|0x0000000713c00000, 0x0000000713c00000, 0x0000000713e00000|  0%| F|  |TAMS 0x0000000713c00000| PB 0x0000000713c00000| Untracked |  0
| 121|0x0000000713e00000, 0x0000000713e00000, 0x0000000714000000|  0%| F|  |TAMS 0x0000000713e00000| PB 0x0000000713e00000| Untracked |  0
| 122|0x0000000714000000, 0x0000000714124300, 0x0000000714200000| 57%| E|  |TAMS 0x0000000714000000| PB 0x0000000714000000| Complete |  0
| 123|0x0000000714200000, 0x0000000714400000, 0x0000000714400000|100%| E|CS|TAMS 0x0000000714200000| PB 0x0000000714200000| Complete |  0
| 124|0x0000000714400000, 0x0000000714600000, 0x0000000714600000|100%| E|CS|TAMS 0x0000000714400000| PB 0x0000000714400000| Complete |  0
| 125|0x0000000714600000, 0x0000000714800000, 0x0000000714800000|100%| E|CS|TAMS 0x0000000714600000| PB 0x0000000714600000| Complete |  0

Card table byte_map: [0x000001aeb2080000,0x000001aeb2860000] _byte_map_base: 0x000001aeae85a000

Marking Bits: (CMBitMap*) 0x000001ae9798de70
 Bits: [0x000001aeb2860000, 0x000001aeb6730000)

Polling page: 0x000001ae97ab0000

Metaspace:

Usage:
  Non-class:      7.59 MB used.
      Class:      1.38 MB used.
       Both:      8.97 MB used.

Virtual space:
  Non-class space:       64.00 MB reserved,       7.69 MB ( 12%) committed,  1 nodes.
      Class space:        1.00 GB reserved,       1.50 MB ( <1%) committed,  1 nodes.
             Both:        1.06 GB reserved,       9.19 MB ( <1%) committed. 

Chunk freelists:
   Non-Class:  6.64 MB
       Class:  14.53 MB
        Both:  21.17 MB

MaxMetaspaceSize: unlimited
CompressedClassSpaceSize: 1.00 GB
Initial GC threshold: 21.00 MB
Current GC threshold: 21.00 MB
CDS: on
 - commit_granule_bytes: 65536.
 - commit_granule_words: 8192.
 - virtual_space_node_default_size: 8388608.
 - enlarge_chunks_in_place: 1.
 - use_allocation_guard: 0.


Internal statistics:

num_allocs_failed_limit: 0.
num_arena_births: 158.
num_arena_deaths: 0.
num_vsnodes_births: 2.
num_vsnodes_deaths: 0.
num_space_committed: 147.
num_space_uncommitted: 0.
num_chunks_returned_to_freelist: 0.
num_chunks_taken_from_freelist: 467.
num_chunk_merges: 0.
num_chunk_splits: 312.
num_chunks_enlarged: 229.
num_inconsistent_stats: 0.

CodeHeap 'non-profiled nmethods': size=120064Kb used=641Kb max_used=641Kb free=119423Kb
 bounds [0x000001aea9f20000, 0x000001aeaa190000, 0x000001aeb1460000]
CodeHeap 'profiled nmethods': size=120000Kb used=2210Kb max_used=2210Kb free=117789Kb
 bounds [0x000001aea2460000, 0x000001aea26d0000, 0x000001aea9990000]
CodeHeap 'non-nmethods': size=5696Kb used=1716Kb max_used=1739Kb free=3979Kb
 bounds [0x000001aea9990000, 0x000001aea9c00000, 0x000001aea9f20000]
CodeCache: size=245760Kb, used=4567Kb, max_used=4590Kb, free=241191Kb
 total_blobs=2233, nmethods=1588, adapters=551, full_count=0
Compilation: enabled, stopped_count=0, restarted_count=0

Compilation events (20 events):
Event: 0.877 Thread 0x000001aeb93f1ff0 1579       4       java.util.ArrayList::isEmpty (13 bytes)
Event: 0.877 Thread 0x000001aeb91a8be0 nmethod 1578 0x000001aea2685c88 code [0x000001aea2685dc0, 0x000001aea26861b0]
Event: 0.877 Thread 0x000001aeb91a8be0 1580       3       com.sun.javafx.css.SelectorPartitioning$$Lambda/0x000001aebb132810::compare (12 bytes)
Event: 0.877 Thread 0x000001aeb91a8be0 nmethod 1580 0x000001aea2686208 code [0x000001aea2686340, 0x000001aea2686798]
Event: 0.877 Thread 0x000001aeb93f1ff0 nmethod 1579 0x000001aea9fba008 code [0x000001aea9fba100, 0x000001aea9fba188]
Event: 0.877 Thread 0x000001aeb91a8be0 1582       3       javafx.css.SimpleSelector::applies (54 bytes)
Event: 0.877 Thread 0x000001aeb91a8be0 nmethod 1582 0x000001aea2686808 code [0x000001aea2686980, 0x000001aea26870d8]
Event: 0.877 Thread 0x000001aeb91a8be0 1581       3       com.sun.javafx.css.SelectorPartitioning::lambda$static$0 (10 bytes)
Event: 0.877 Thread 0x000001aeb91a8be0 nmethod 1581 0x000001aea2687188 code [0x000001aea26872a0, 0x000001aea26874d0]
Event: 0.878 Thread 0x000001aeb93f1ff0 1583       4       java.util.jar.JarFile::getJarEntry (9 bytes)
Event: 0.878 Thread 0x000001aeb93f1ff0 nmethod 1583 0x000001aea9fba308 code [0x000001aea9fba420, 0x000001aea9fba518]
Event: 0.878 Thread 0x000001aeb93f1ff0 1584   !   4       java.util.jar.JarFile::isMultiRelease (33 bytes)
Event: 0.880 Thread 0x000001aeb93e8e00 nmethod 1569 0x000001aea9fba608 code [0x000001aea9fba740, 0x000001aea9fbae00]
Event: 0.880 Thread 0x000001aeb93e8e00 1585   !   4       jdk.internal.loader.URLClassPath$JarLoader::getResource (40 bytes)
Event: 0.881 Thread 0x000001aeb93f1ff0 nmethod 1584 0x000001aea9fbae88 code [0x000001aea9fbafe0, 0x000001aea9fbb560]
Event: 0.881 Thread 0x000001aeb93e8e00 nmethod 1585 0x000001aea9fbb608 code [0x000001aea9fbb740, 0x000001aea9fbb8a0]
Event: 0.882 Thread 0x000001aeb91a8be0 1586       3       java.lang.StringLatin1::indexOf (121 bytes)
Event: 0.882 Thread 0x000001aeb91a8be0 nmethod 1586 0x000001aea2687508 code [0x000001aea2687660, 0x000001aea2687b00]
Event: 0.883 Thread 0x000001aeb91a8be0 1587       3       java.io.WinNTFileSystem::normalize (148 bytes)
Event: 0.884 Thread 0x000001aeb91a8be0 nmethod 1587 0x000001aea2687b88 code [0x000001aea2687da0, 0x000001aea2688848]

GC Heap History (4 events):
Event: 0.484 GC heap before
{Heap before GC invocations=0 (full 0):
 garbage-first heap   total reserved 4116480K, committed 258048K, used 22528K [0x0000000704c00000, 0x0000000800000000)
  region size 2048K, 12 young (24576K), 0 survivors (0K)
 Metaspace       used 5157K, committed 5376K, reserved 1114112K
  class space    used 658K, committed 768K, reserved 1048576K
}
Event: 0.487 GC heap after
{Heap after GC invocations=1 (full 0):
 garbage-first heap   total reserved 4116480K, committed 258048K, used 2938K [0x0000000704c00000, 0x0000000800000000)
  region size 2048K, 2 young (4096K), 2 survivors (4096K)
 Metaspace       used 5157K, committed 5376K, reserved 1114112K
  class space    used 658K, committed 768K, reserved 1048576K
}
Event: 0.792 GC heap before
{Heap before GC invocations=1 (full 0):
 garbage-first heap   total reserved 4116480K, committed 258048K, used 27514K [0x0000000704c00000, 0x0000000800000000)
  region size 2048K, 14 young (28672K), 2 survivors (4096K)
 Metaspace       used 8048K, committed 8320K, reserved 1114112K
  class space    used 1141K, committed 1280K, reserved 1048576K
}
Event: 0.796 GC heap after
{Heap after GC invocations=2 (full 0):
 garbage-first heap   total reserved 4116480K, committed 258048K, used 5329K [0x0000000704c00000, 0x0000000800000000)
  region size 2048K, 2 young (4096K), 2 survivors (4096K)
 Metaspace       used 8048K, committed 8320K, reserved 1114112K
  class space    used 1141K, committed 1280K, reserved 1048576K
}

Dll operation events (20 events):
Event: 0.243 Loaded shared library C:\Program Files\Java\javafx-sdk-23\bin\api-ms-win-crt-multibyte-l1-1-0.dll
Event: 0.245 Loaded shared library C:\Program Files\Java\javafx-sdk-23\bin\api-ms-win-crt-private-l1-1-0.dll
Event: 0.246 Loaded shared library C:\Program Files\Java\javafx-sdk-23\bin\api-ms-win-crt-process-l1-1-0.dll
Event: 0.247 Loaded shared library C:\Program Files\Java\javafx-sdk-23\bin\api-ms-win-crt-runtime-l1-1-0.dll
Event: 0.249 Loaded shared library C:\Program Files\Java\javafx-sdk-23\bin\api-ms-win-crt-stdio-l1-1-0.dll
Event: 0.250 Loaded shared library C:\Program Files\Java\javafx-sdk-23\bin\api-ms-win-crt-string-l1-1-0.dll
Event: 0.251 Loaded shared library C:\Program Files\Java\javafx-sdk-23\bin\api-ms-win-crt-time-l1-1-0.dll
Event: 0.252 Loaded shared library C:\Program Files\Java\javafx-sdk-23\bin\api-ms-win-crt-utility-l1-1-0.dll
Event: 0.253 Loaded shared library C:\Program Files\Java\javafx-sdk-23\bin\ucrtbase.dll
Event: 0.254 Loaded shared library C:\Program Files\Java\javafx-sdk-23\bin\vcruntime140.dll
Event: 0.255 Loaded shared library C:\Program Files\Java\javafx-sdk-23\bin\vcruntime140_1.dll
Event: 0.257 Loaded shared library C:\Program Files\Java\javafx-sdk-23\bin\msvcp140.dll
Event: 0.258 Loaded shared library C:\Program Files\Java\javafx-sdk-23\bin\msvcp140_1.dll
Event: 0.259 Loaded shared library C:\Program Files\Java\javafx-sdk-23\bin\msvcp140_2.dll
Event: 0.289 Loaded shared library C:\Program Files\Java\javafx-sdk-23\bin\prism_d3d.dll
Event: 0.379 Loaded shared library C:\Program Files\Java\javafx-sdk-23\bin\glass.dll
Event: 0.508 Loaded shared library C:\Users\slava\.jdks\openjdk-23.0.1\bin\jimage.dll
Event: 0.518 Loaded shared library C:\Program Files\Java\javafx-sdk-23\bin\javafx_font.dll
Event: 0.879 Loaded shared library C:\Users\slava\.jdks\openjdk-23.0.1\bin\verify.dll
Event: 0.881 Loaded shared library C:\Users\slava\.jssc\windows\jSSC-2.8_x86_64.dll

Deoptimization events (20 events):
Event: 0.874 Thread 0x000001aeb918f6d0 Uncommon trap: trap_request=0xffffff45 fr.pc=0x000001aea9fa7be0 relative=0x0000000000000300
Event: 0.874 Thread 0x000001aeb918f6d0 Uncommon trap: reason=unstable_if action=reinterpret pc=0x000001aea9fa7be0 method=java.util.HashMap.hash(Ljava/lang/Object;)I @ 1 c2
Event: 0.874 Thread 0x000001aeb918f6d0 DEOPT PACKING pc=0x000001aea9fa7be0 sp=0x00000035638fd4d0
Event: 0.874 Thread 0x000001aeb918f6d0 DEOPT UNPACKING pc=0x000001aea99e7982 sp=0x00000035638fd368 mode 2
Event: 0.875 Thread 0x000001aeb918f6d0 Uncommon trap: trap_request=0xffffff45 fr.pc=0x000001aea9f7ced4 relative=0x00000000000002f4
Event: 0.875 Thread 0x000001aeb918f6d0 Uncommon trap: reason=unstable_if action=reinterpret pc=0x000001aea9f7ced4 method=java.util.HashMap.hash(Ljava/lang/Object;)I @ 1 c2
Event: 0.875 Thread 0x000001aeb918f6d0 DEOPT PACKING pc=0x000001aea9f7ced4 sp=0x00000035638fd350
Event: 0.875 Thread 0x000001aeb918f6d0 DEOPT UNPACKING pc=0x000001aea99e7982 sp=0x00000035638fd258 mode 2
Event: 0.875 Thread 0x000001aeb918f6d0 Uncommon trap: trap_request=0xffffff45 fr.pc=0x000001aea9f45a2c relative=0x00000000000000ac
Event: 0.875 Thread 0x000001aeb918f6d0 Uncommon trap: reason=unstable_if action=reinterpret pc=0x000001aea9f45a2c method=java.util.HashMap.hash(Ljava/lang/Object;)I @ 1 c2
Event: 0.875 Thread 0x000001aeb918f6d0 DEOPT PACKING pc=0x000001aea9f45a2c sp=0x00000035638fd230
Event: 0.875 Thread 0x000001aeb918f6d0 DEOPT UNPACKING pc=0x000001aea99e7982 sp=0x00000035638fd1c8 mode 2
Event: 0.882 Thread 0x000001aeb918f6d0 Uncommon trap: trap_request=0xffffff45 fr.pc=0x000001aea9f9e704 relative=0x00000000000001c4
Event: 0.882 Thread 0x000001aeb918f6d0 Uncommon trap: reason=unstable_if action=reinterpret pc=0x000001aea9f9e704 method=sun.net.www.ParseUtil.firstEncodeIndex(Ljava/lang/String;)I @ 33 c2
Event: 0.882 Thread 0x000001aeb918f6d0 DEOPT PACKING pc=0x000001aea9f9e704 sp=0x00000035638fca40
Event: 0.882 Thread 0x000001aeb918f6d0 DEOPT UNPACKING pc=0x000001aea99e7982 sp=0x00000035638fc9c8 mode 2
Event: 0.883 Thread 0x000001aeb918f6d0 Uncommon trap: trap_request=0xffffffde fr.pc=0x000001aea9f82f0c relative=0x00000000000003ac
Event: 0.883 Thread 0x000001aeb918f6d0 Uncommon trap: reason=class_check action=maybe_recompile pc=0x000001aea9f82f0c method=java.util.regex.Pattern$Start.match(Ljava/util/regex/Matcher;ILjava/lang/CharSequence;)Z @ 44 c2
Event: 0.883 Thread 0x000001aeb918f6d0 DEOPT PACKING pc=0x000001aea9f82f0c sp=0x00000035638fdee0
Event: 0.883 Thread 0x000001aeb918f6d0 DEOPT UNPACKING pc=0x000001aea99e7982 sp=0x00000035638fde90 mode 2

Classes loaded (20 events):
Event: 0.803 Loading class java/util/AbstractList$ListItr
Event: 0.803 Loading class java/util/AbstractList$ListItr done
Event: 0.824 Loading class java/util/WeakHashMap$Values
Event: 0.824 Loading class java/util/WeakHashMap$Values done
Event: 0.824 Loading class java/util/WeakHashMap$ValueIterator
Event: 0.824 Loading class java/util/WeakHashMap$ValueIterator done
Event: 0.832 Loading class java/util/Collections$SingletonList
Event: 0.832 Loading class java/util/Collections$SingletonList done
Event: 0.833 Loading class java/text/ParseException
Event: 0.834 Loading class java/text/ParseException done
Event: 0.835 Loading class sun/util/resources/LocaleData$CommonResourceBundleProvider
Event: 0.835 Loading class sun/util/resources/LocaleData$LocaleDataResourceBundleProvider
Event: 0.835 Loading class java/util/spi/ResourceBundleProvider
Event: 0.835 Loading class java/util/spi/ResourceBundleProvider done
Event: 0.835 Loading class sun/util/resources/LocaleData$LocaleDataResourceBundleProvider done
Event: 0.835 Loading class sun/util/resources/LocaleData$CommonResourceBundleProvider done
Event: 0.836 Loading class sun/util/resources/Bundles$2
Event: 0.836 Loading class sun/util/resources/Bundles$2 done
Event: 0.837 Loading class java/lang/InstantiationException
Event: 0.837 Loading class java/lang/InstantiationException done

Classes unloaded (0 events):
No events

Classes redefined (0 events):
No events

Internal exceptions (20 events):
Event: 0.762 Thread 0x000001aeb918f6d0 Exception <a 'java/lang/ClassNotFoundException'{0x000000071303da48}: com/sun/glass/ui/win/themes_en_Latn> (0x000000071303da48) 
thrown [s\open\src\hotspot\share\prims\jni.cpp, line 539]
Event: 0.762 Thread 0x000001aeb918f6d0 Exception <a 'java/lang/ClassNotFoundException'{0x000000071303eac8}: com/sun/glass/ui/win/themes_en_Latn_US> (0x000000071303eac8) 
thrown [s\open\src\hotspot\share\prims\jni.cpp, line 539]
Event: 0.763 Thread 0x000001aeb918f6d0 Exception <a 'java/lang/ClassNotFoundException'{0x000000071303fe88}: com/sun/glass/ui/win/themes_th_Thai> (0x000000071303fe88) 
thrown [s\open\src\hotspot\share\prims\jni.cpp, line 539]
Event: 0.763 Thread 0x000001aeb918f6d0 Exception <a 'java/lang/ClassNotFoundException'{0x0000000713040f08}: com/sun/glass/ui/win/themes_th_Thai_TH> (0x0000000713040f08) 
thrown [s\open\src\hotspot\share\prims\jni.cpp, line 539]
Event: 0.763 Thread 0x000001aeb918f6d0 Exception <a 'java/lang/ClassNotFoundException'{0x0000000713042408}: com/sun/glass/ui/win/themes_es_VE> (0x0000000713042408) 
thrown [s\open\src\hotspot\share\prims\jni.cpp, line 539]
Event: 0.763 Thread 0x000001aeb918f6d0 Exception <a 'java/lang/ClassNotFoundException'{0x0000000713043640}: com/sun/glass/ui/win/themes_fr_PF> (0x0000000713043640) 
thrown [s\open\src\hotspot\share\prims\jni.cpp, line 539]
Event: 0.763 Thread 0x000001aeb918f6d0 Exception <a 'java/lang/ClassNotFoundException'{0x0000000713045010}: com/sun/glass/ui/win/themes_ses_Latn> (0x0000000713045010) 
thrown [s\open\src\hotspot\share\prims\jni.cpp, line 539]
Event: 0.763 Thread 0x000001aeb918f6d0 Exception <a 'java/lang/ClassNotFoundException'{0x0000000713046090}: com/sun/glass/ui/win/themes_ses_Latn_ML> (0x0000000713046090) 
thrown [s\open\src\hotspot\share\prims\jni.cpp, line 539]
Event: 0.763 Thread 0x000001aeb918f6d0 Exception <a 'java/lang/ClassNotFoundException'{0x0000000713047488}: com/sun/glass/ui/win/themes_doi_Deva> (0x0000000713047488) 
thrown [s\open\src\hotspot\share\prims\jni.cpp, line 539]
Event: 0.763 Thread 0x000001aeb918f6d0 Exception <a 'java/lang/ClassNotFoundException'{0x0000000713048508}: com/sun/glass/ui/win/themes_doi_Deva_IN> (0x0000000713048508) 
thrown [s\open\src\hotspot\share\prims\jni.cpp, line 539]
Event: 0.763 Thread 0x000001aeb918f6d0 Exception <a 'java/lang/ClassNotFoundException'{0x0000000713049798}: com/sun/glass/ui/win/themes_fr_PM> (0x0000000713049798) 
thrown [s\open\src\hotspot\share\prims\jni.cpp, line 539]
Event: 0.763 Thread 0x000001aeb918f6d0 Exception <a 'java/lang/ClassNotFoundException'{0x000000071304abd8}: com/sun/glass/ui/win/themes_es_UY> (0x000000071304abd8) 
thrown [s\open\src\hotspot\share\prims\jni.cpp, line 539]
Event: 0.763 Thread 0x000001aeb918f6d0 Exception <a 'java/lang/ClassNotFoundException'{0x000000071304bf78}: com/sun/glass/ui/win/themes_gu_Gujr> (0x000000071304bf78) 
thrown [s\open\src\hotspot\share\prims\jni.cpp, line 539]
Event: 0.763 Thread 0x000001aeb918f6d0 Exception <a 'java/lang/ClassNotFoundException'{0x000000071304cff8}: com/sun/glass/ui/win/themes_gu_Gujr_IN> (0x000000071304cff8) 
thrown [s\open\src\hotspot\share\prims\jni.cpp, line 539]
Event: 0.824 Thread 0x000001aeb918f6d0 Exception <a 'java/lang/NoSuchMethodError'{0x000000071445c850}: 'void java.lang.invoke.DirectMethodHandle$Holder.invokeStaticInit(java.lang.Object, java.lang.Object)'> (0x000000071445c850) 
thrown [s\open\src\hotspot\share\interpreter\linkResolver.cpp, line 796]
Event: 0.840 Thread 0x000001aeb918f6d0 Exception <a 'java/lang/NoSuchMethodError'{0x000000071453ce00}: 'void java.lang.invoke.DirectMethodHandle$Holder.invokeSpecial(java.lang.Object, java.lang.Object, java.lang.Object, java.lang.Object, java.lang.Object, java.lang.Object)'> (0x000000071453ce00) 
thrown [s\open\src\hotspot\share\interpreter\linkResolver.cpp, line 796]
Event: 0.872 Thread 0x000001aeb918f6d0 Implicit null exception at 0x000001aea9f4abd6 to 0x000001aea9f4ac7a
Event: 0.874 Thread 0x000001aeb918f6d0 Implicit null exception at 0x000001aea9fa792d to 0x000001aea9fa7bc8
Event: 0.875 Thread 0x000001aeb918f6d0 Implicit null exception at 0x000001aea9f7cc2d to 0x000001aea9f7cebc
Event: 0.875 Thread 0x000001aeb918f6d0 Implicit null exception at 0x000001aea9f4599d to 0x000001aea9f45a1d

VM Operations (18 events):
Event: 0.125 Executing VM operation: HandshakeAllThreads (Deoptimize)
Event: 0.125 Executing VM operation: HandshakeAllThreads (Deoptimize) done
Event: 0.376 Executing VM operation: HandshakeAllThreads (Deoptimize)
Event: 0.376 Executing VM operation: HandshakeAllThreads (Deoptimize) done
Event: 0.484 Executing VM operation: G1CollectForAllocation (G1 Evacuation Pause)
Event: 0.487 Executing VM operation: G1CollectForAllocation (G1 Evacuation Pause) done
Event: 0.568 Executing VM operation: HandshakeAllThreads (Deoptimize)
Event: 0.568 Executing VM operation: HandshakeAllThreads (Deoptimize) done
Event: 0.777 Executing VM operation: HandshakeAllThreads (Deoptimize)
Event: 0.777 Executing VM operation: HandshakeAllThreads (Deoptimize) done
Event: 0.777 Executing VM operation: HandshakeAllThreads (Deoptimize)
Event: 0.777 Executing VM operation: HandshakeAllThreads (Deoptimize) done
Event: 0.792 Executing VM operation: G1CollectForAllocation (G1 Evacuation Pause)
Event: 0.796 Executing VM operation: G1CollectForAllocation (G1 Evacuation Pause) done
Event: 0.836 Executing VM operation: HandshakeAllThreads (Deoptimize)
Event: 0.836 Executing VM operation: HandshakeAllThreads (Deoptimize) done
Event: 0.839 Executing VM operation: HandshakeAllThreads (Deoptimize)
Event: 0.839 Executing VM operation: HandshakeAllThreads (Deoptimize) done

Memory protections (0 events):
No events

Nmethod flushes (0 events):
No events

Events (19 events):
Event: 0.025 Thread 0x000001ae978c5020 Thread added: 0x000001ae978c5020
Event: 0.037 Thread 0x000001ae978c5020 Thread added: 0x000001aeb9176bd0
Event: 0.037 Thread 0x000001ae978c5020 Thread added: 0x000001aeb9177830
Event: 0.037 Thread 0x000001ae978c5020 Thread added: 0x000001aeb917f580
Event: 0.037 Thread 0x000001ae978c5020 Thread added: 0x000001aeb91800d0
Event: 0.037 Thread 0x000001ae978c5020 Thread added: 0x000001aeb91897a0
Event: 0.037 Thread 0x000001ae978c5020 Thread added: 0x000001aeb9191e30
Event: 0.038 Thread 0x000001ae978c5020 Thread added: 0x000001aeb91a7510
Event: 0.038 Thread 0x000001ae978c5020 Thread added: 0x000001aeb91a8be0
Event: 0.062 Thread 0x000001ae978c5020 Thread added: 0x000001aeb9191110
Event: 0.099 Thread 0x000001aeb91a8be0 Thread added: 0x000001aeb93e8e00
Event: 0.101 Thread 0x000001aeb91a8be0 Thread added: 0x000001aeb93f1ff0
Event: 0.160 Thread 0x000001ae978c5020 Thread added: 0x000001aeb9190a80
Event: 0.160 Thread 0x000001ae978c5020 Thread added: 0x000001aeb91917a0
Event: 0.284 Thread 0x000001ae978c5020 Thread added: 0x000001aeb91924c0
Event: 0.381 Thread 0x000001ae978c5020 Thread added: 0x000001aeb918f040
Event: 0.383 Thread 0x000001ae978c5020 Thread added: 0x000001aeb918f6d0
Event: 0.449 Thread 0x000001ae978c5020 Thread added: 0x000001aeb918fd60
Event: 0.458 Thread 0x000001aeb91903f0 Thread added: 0x000001aeb91903f0


Dynamic libraries:
0x00007ff660bf0000 - 0x00007ff660bfe000 	C:\Users\slava\.jdks\openjdk-23.0.1\bin\java.exe
0x00007ffd9ed40000 - 0x00007ffd9efa3000 	C:\WINDOWS\SYSTEM32\ntdll.dll
0x00007ffd9d2c0000 - 0x00007ffd9d387000 	C:\WINDOWS\System32\KERNEL32.DLL
0x00007ffd9c630000 - 0x00007ffd9c9e0000 	C:\WINDOWS\System32\KERNELBASE.dll
0x00007ffd9c140000 - 0x00007ffd9c28b000 	C:\WINDOWS\System32\ucrtbase.dll
0x00007ffd894c0000 - 0x00007ffd894db000 	C:\Users\slava\.jdks\openjdk-23.0.1\bin\VCRUNTIME140.dll
0x00007ffd96450000 - 0x00007ffd96467000 	C:\Users\slava\.jdks\openjdk-23.0.1\bin\jli.dll
0x00007ffd9db80000 - 0x00007ffd9dd43000 	C:\WINDOWS\System32\USER32.dll
0x00007ffd81580000 - 0x00007ffd81810000 	C:\WINDOWS\WinSxS\amd64_microsoft.windows.common-controls_6595b64144ccf1df_6.0.26100.1882_none_3e0e949ae32eca40\COMCTL32.dll
0x00007ffd9c290000 - 0x00007ffd9c2b7000 	C:\WINDOWS\System32\win32u.dll
0x00007ffd9e640000 - 0x00007ffd9e6e9000 	C:\WINDOWS\System32\msvcrt.dll
0x00007ffd9d870000 - 0x00007ffd9d89a000 	C:\WINDOWS\System32\GDI32.dll
0x00007ffd9c2c0000 - 0x00007ffd9c3e3000 	C:\WINDOWS\System32\gdi32full.dll
0x00007ffd9ca70000 - 0x00007ffd9cb13000 	C:\WINDOWS\System32\msvcp_win.dll
0x00007ffd9ddd0000 - 0x00007ffd9ddff000 	C:\WINDOWS\System32\IMM32.DLL
0x00007ffd91d70000 - 0x00007ffd91d7c000 	C:\Users\slava\.jdks\openjdk-23.0.1\bin\vcruntime140_1.dll
0x00007ffd88010000 - 0x00007ffd8809e000 	C:\Users\slava\.jdks\openjdk-23.0.1\bin\msvcp140.dll
0x00007ffd2e380000 - 0x00007ffd2f0cf000 	C:\Users\slava\.jdks\openjdk-23.0.1\bin\server\jvm.dll
0x00007ffd9e9c0000 - 0x00007ffd9ea74000 	C:\WINDOWS\System32\ADVAPI32.dll
0x00007ffd9cc50000 - 0x00007ffd9ccf6000 	C:\WINDOWS\System32\sechost.dll
0x00007ffd9de20000 - 0x00007ffd9df36000 	C:\WINDOWS\System32\RPCRT4.dll
0x00007ffd9dd50000 - 0x00007ffd9ddc4000 	C:\WINDOWS\System32\WS2_32.dll
0x00007ffd9ae30000 - 0x00007ffd9ae7e000 	C:\WINDOWS\SYSTEM32\POWRPROF.dll
0x00007ffd8f0d0000 - 0x00007ffd8f106000 	C:\WINDOWS\SYSTEM32\WINMM.dll
0x00007ffd89430000 - 0x00007ffd8943b000 	C:\WINDOWS\SYSTEM32\VERSION.dll
0x00007ffd9ae10000 - 0x00007ffd9ae24000 	C:\WINDOWS\SYSTEM32\UMPDC.dll
0x00007ffd9b0b0000 - 0x00007ffd9b0ca000 	C:\WINDOWS\SYSTEM32\kernel.appcore.dll
0x00007ffd894b0000 - 0x00007ffd894ba000 	C:\Users\slava\.jdks\openjdk-23.0.1\bin\jimage.dll
0x00007ffd99780000 - 0x00007ffd999c1000 	C:\WINDOWS\SYSTEM32\DBGHELP.DLL
0x00007ffd9cda0000 - 0x00007ffd9d11c000 	C:\WINDOWS\System32\combase.dll
0x00007ffd9e8d0000 - 0x00007ffd9e9a6000 	C:\WINDOWS\System32\OLEAUT32.dll
0x00007ffd870c0000 - 0x00007ffd870f9000 	C:\WINDOWS\SYSTEM32\dbgcore.DLL
0x00007ffd9cb20000 - 0x00007ffd9cbb9000 	C:\WINDOWS\System32\bcryptPrimitives.dll
0x00007ffd887e0000 - 0x00007ffd887ef000 	C:\Users\slava\.jdks\openjdk-23.0.1\bin\instrument.dll
0x00007ffd88e80000 - 0x00007ffd88e9e000 	C:\Users\slava\.jdks\openjdk-23.0.1\bin\java.dll
0x00007ffd9d9e0000 - 0x00007ffd9db79000 	C:\WINDOWS\System32\ole32.dll
0x00007ffd9df40000 - 0x00007ffd9e638000 	C:\WINDOWS\System32\SHELL32.dll
0x00007ffd99ef0000 - 0x00007ffd9a71a000 	C:\WINDOWS\SYSTEM32\windows.storage.dll
0x00007ffd9d8a0000 - 0x00007ffd9d973000 	C:\WINDOWS\System32\SHCORE.dll
0x00007ffd9d240000 - 0x00007ffd9d29d000 	C:\WINDOWS\System32\shlwapi.dll
0x00007ffd9c060000 - 0x00007ffd9c089000 	C:\WINDOWS\SYSTEM32\profapi.dll
0x00007ffd86e00000 - 0x00007ffd86ed7000 	C:\Users\slava\.jdks\openjdk-23.0.1\bin\jsvml.dll
0x00007ffd88770000 - 0x00007ffd88780000 	C:\Users\slava\.jdks\openjdk-23.0.1\bin\net.dll
0x00007ffd9b5b0000 - 0x00007ffd9b618000 	C:\WINDOWS\system32\mswsock.dll
0x00007ffd88720000 - 0x00007ffd88736000 	C:\Users\slava\.jdks\openjdk-23.0.1\bin\nio.dll
0x00007ffd885a0000 - 0x00007ffd885b7000 	C:\Users\slava\.jdks\openjdk-23.0.1\bin\zip.dll
0x00007ffd87390000 - 0x00007ffd873aa000 	C:\Program Files\JetBrains\IntelliJ IDEA Community Edition 2024.2.2\bin\breakgen64.dll
0x00007ffd88760000 - 0x00007ffd88769000 	C:\Users\slava\.jdks\openjdk-23.0.1\bin\extnet.dll
0x000001ae97b90000 - 0x000001ae97b93000 	C:\Program Files\Java\javafx-sdk-23\bin\api-ms-win-core-console-l1-1-0.dll
0x000001ae97bb0000 - 0x000001ae97bb3000 	C:\Program Files\Java\javafx-sdk-23\bin\api-ms-win-core-console-l1-2-0.dll
0x000001ae97bc0000 - 0x000001ae97bc3000 	C:\Program Files\Java\javafx-sdk-23\bin\api-ms-win-core-datetime-l1-1-0.dll
0x000001ae97bd0000 - 0x000001ae97bd3000 	C:\Program Files\Java\javafx-sdk-23\bin\api-ms-win-core-debug-l1-1-0.dll
0x000001ae97be0000 - 0x000001ae97be3000 	C:\Program Files\Java\javafx-sdk-23\bin\api-ms-win-core-errorhandling-l1-1-0.dll
0x000001ae97bf0000 - 0x000001ae97bf4000 	C:\Program Files\Java\javafx-sdk-23\bin\api-ms-win-core-file-l1-1-0.dll
0x000001ae97c00000 - 0x000001ae97c03000 	C:\Program Files\Java\javafx-sdk-23\bin\api-ms-win-core-file-l1-2-0.dll
0x000001ae97c10000 - 0x000001ae97c13000 	C:\Program Files\Java\javafx-sdk-23\bin\api-ms-win-core-file-l2-1-0.dll
0x000001ae97c20000 - 0x000001ae97c23000 	C:\Program Files\Java\javafx-sdk-23\bin\api-ms-win-core-handle-l1-1-0.dll
0x000001ae99c70000 - 0x000001ae99c73000 	C:\Program Files\Java\javafx-sdk-23\bin\api-ms-win-core-heap-l1-1-0.dll
0x000001ae99c80000 - 0x000001ae99c83000 	C:\Program Files\Java\javafx-sdk-23\bin\api-ms-win-core-interlocked-l1-1-0.dll
0x000001ae99c90000 - 0x000001ae99c93000 	C:\Program Files\Java\javafx-sdk-23\bin\api-ms-win-core-libraryloader-l1-1-0.dll
0x000001ae99ca0000 - 0x000001ae99ca3000 	C:\Program Files\Java\javafx-sdk-23\bin\api-ms-win-core-localization-l1-2-0.dll
0x000001ae99cb0000 - 0x000001ae99cb3000 	C:\Program Files\Java\javafx-sdk-23\bin\api-ms-win-core-memory-l1-1-0.dll
0x000001ae99cc0000 - 0x000001ae99cc3000 	C:\Program Files\Java\javafx-sdk-23\bin\api-ms-win-core-namedpipe-l1-1-0.dll
0x000001ae99cd0000 - 0x000001ae99cd3000 	C:\Program Files\Java\javafx-sdk-23\bin\api-ms-win-core-processenvironment-l1-1-0.dll
0x000001ae99ce0000 - 0x000001ae99ce3000 	C:\Program Files\Java\javafx-sdk-23\bin\api-ms-win-core-processthreads-l1-1-0.dll
0x000001aeb9dc0000 - 0x000001aeb9dc3000 	C:\Program Files\Java\javafx-sdk-23\bin\api-ms-win-core-processthreads-l1-1-1.dll
0x000001aeb9dd0000 - 0x000001aeb9dd3000 	C:\Program Files\Java\javafx-sdk-23\bin\api-ms-win-core-profile-l1-1-0.dll
0x000001aeb9de0000 - 0x000001aeb9de3000 	C:\Program Files\Java\javafx-sdk-23\bin\api-ms-win-core-rtlsupport-l1-1-0.dll
0x000001aeb9df0000 - 0x000001aeb9df3000 	C:\Program Files\Java\javafx-sdk-23\bin\api-ms-win-core-string-l1-1-0.dll
0x000001aeb9e00000 - 0x000001aeb9e03000 	C:\Program Files\Java\javafx-sdk-23\bin\api-ms-win-core-synch-l1-1-0.dll
0x000001aeb9e10000 - 0x000001aeb9e13000 	C:\Program Files\Java\javafx-sdk-23\bin\api-ms-win-core-synch-l1-2-0.dll
0x000001aeb9e20000 - 0x000001aeb9e23000 	C:\Program Files\Java\javafx-sdk-23\bin\api-ms-win-core-sysinfo-l1-1-0.dll
0x000001aeb9fb0000 - 0x000001aeb9fb3000 	C:\Program Files\Java\javafx-sdk-23\bin\api-ms-win-core-timezone-l1-1-0.dll
0x000001aeb9fc0000 - 0x000001aeb9fc3000 	C:\Program Files\Java\javafx-sdk-23\bin\api-ms-win-core-util-l1-1-0.dll
0x000001aeb9fd0000 - 0x000001aeb9fd3000 	C:\Program Files\Java\javafx-sdk-23\bin\api-ms-win-crt-conio-l1-1-0.dll
0x000001aeb9fe0000 - 0x000001aeb9fe4000 	C:\Program Files\Java\javafx-sdk-23\bin\api-ms-win-crt-convert-l1-1-0.dll
0x000001aeb9ff0000 - 0x000001aeb9ff3000 	C:\Program Files\Java\javafx-sdk-23\bin\api-ms-win-crt-environment-l1-1-0.dll
0x000001aefffd0000 - 0x000001aefffd3000 	C:\Program Files\Java\javafx-sdk-23\bin\api-ms-win-crt-filesystem-l1-1-0.dll
0x000001aefffe0000 - 0x000001aefffe3000 	C:\Program Files\Java\javafx-sdk-23\bin\api-ms-win-crt-heap-l1-1-0.dll
0x000001ae80000000 - 0x000001ae80003000 	C:\Program Files\Java\javafx-sdk-23\bin\api-ms-win-crt-locale-l1-1-0.dll
0x000001ae80010000 - 0x000001ae80015000 	C:\Program Files\Java\javafx-sdk-23\bin\api-ms-win-crt-math-l1-1-0.dll
0x000001ae80020000 - 0x000001ae80025000 	C:\Program Files\Java\javafx-sdk-23\bin\api-ms-win-crt-multibyte-l1-1-0.dll
0x000001ae80030000 - 0x000001ae80040000 	C:\Program Files\Java\javafx-sdk-23\bin\api-ms-win-crt-private-l1-1-0.dll
0x000001ae80040000 - 0x000001ae80043000 	C:\Program Files\Java\javafx-sdk-23\bin\api-ms-win-crt-process-l1-1-0.dll
0x000001ae80050000 - 0x000001ae80054000 	C:\Program Files\Java\javafx-sdk-23\bin\api-ms-win-crt-runtime-l1-1-0.dll
0x000001ae80060000 - 0x000001ae80064000 	C:\Program Files\Java\javafx-sdk-23\bin\api-ms-win-crt-stdio-l1-1-0.dll
0x000001ae80070000 - 0x000001ae80074000 	C:\Program Files\Java\javafx-sdk-23\bin\api-ms-win-crt-string-l1-1-0.dll
0x000001ae80080000 - 0x000001ae80083000 	C:\Program Files\Java\javafx-sdk-23\bin\api-ms-win-crt-time-l1-1-0.dll
0x000001ae80090000 - 0x000001ae80093000 	C:\Program Files\Java\javafx-sdk-23\bin\api-ms-win-crt-utility-l1-1-0.dll
0x00007ffd483c0000 - 0x00007ffd484bc000 	C:\Program Files\Java\javafx-sdk-23\bin\ucrtbase.dll
0x00007ffd86fd0000 - 0x00007ffd86feb000 	C:\Program Files\Java\javafx-sdk-23\bin\vcruntime140.dll
0x00007ffd87710000 - 0x00007ffd8771c000 	C:\Program Files\Java\javafx-sdk-23\bin\vcruntime140_1.dll
0x00007ffd5cfb0000 - 0x00007ffd5d03e000 	C:\Program Files\Java\javafx-sdk-23\bin\msvcp140.dll
0x00007ffd87580000 - 0x00007ffd87589000 	C:\Program Files\Java\javafx-sdk-23\bin\msvcp140_1.dll
0x00007ffd864a0000 - 0x00007ffd864e1000 	C:\Program Files\Java\javafx-sdk-23\bin\msvcp140_2.dll
0x00007ffd86280000 - 0x00007ffd862b0000 	C:\Program Files\Java\javafx-sdk-23\bin\prism_d3d.dll
0x00007ffd7fa50000 - 0x00007ffd7fbf6000 	C:\WINDOWS\system32\d3d9.dll
0x00007ffd96ca0000 - 0x00007ffd96cce000 	C:\WINDOWS\SYSTEM32\dwmapi.dll
0x00007ffd96a80000 - 0x00007ffd96ac0000 	C:\WINDOWS\SYSTEM32\dxcore.dll
0x00007ffd96810000 - 0x00007ffd968bd000 	C:\WINDOWS\system32\uxtheme.dll
0x00007ffd22200000 - 0x00007ffd2245f000 	C:\WINDOWS\System32\DriverStore\FileRepository\iigd_dch.inf_amd64_f63934308f6cc308\igdumdim64.dll
0x00007ffcf1330000 - 0x00007ffcf2879000 	C:\WINDOWS\System32\DriverStore\FileRepository\iigd_dch.inf_amd64_f63934308f6cc308\igd9dxva64.dll
0x00007ffd9d3e0000 - 0x00007ffd9d865000 	C:\WINDOWS\System32\SETUPAPI.dll
0x00007ffd9bd50000 - 0x00007ffd9bdaf000 	C:\WINDOWS\SYSTEM32\cfgmgr32.dll
0x00007ffd29000000 - 0x00007ffd2ad2b000 	C:\WINDOWS\System32\DriverStore\FileRepository\iigd_dch.inf_amd64_f63934308f6cc308\media_bin_64.dll
0x00007ffd8ebf0000 - 0x00007ffd8f02e000 	C:\WINDOWS\System32\DriverStore\FileRepository\iigd_dch.inf_amd64_f63934308f6cc308\igdgmm64.dll
0x00007ffd96af0000 - 0x00007ffd96b47000 	C:\WINDOWS\SYSTEM32\directxdatabasehelper.dll
0x00007ffd27dc0000 - 0x00007ffd27e81000 	C:\WINDOWS\System32\DriverStore\FileRepository\nvami.inf_amd64_316dbd6d38c5c59e\nvldumdx.dll
0x00007ffd9b970000 - 0x00007ffd9b983000 	C:\WINDOWS\SYSTEM32\msasn1.dll
0x00007ffd893d0000 - 0x00007ffd8940b000 	C:\WINDOWS\SYSTEM32\cryptnet.dll
0x00007ffd9c3f0000 - 0x00007ffd9c566000 	C:\WINDOWS\System32\CRYPT32.dll
0x00007ffd9b870000 - 0x00007ffd9b87c000 	C:\WINDOWS\SYSTEM32\cryptbase.dll
0x00007ffd9b910000 - 0x00007ffd9b96d000 	C:\WINDOWS\SYSTEM32\wldp.dll
0x00007ffd91790000 - 0x00007ffd91901000 	C:\WINDOWS\SYSTEM32\drvstore.dll
0x00007ffd9bdc0000 - 0x00007ffd9bded000 	C:\WINDOWS\SYSTEM32\devobj.dll
0x00007ffd9c9f0000 - 0x00007ffd9ca6a000 	C:\WINDOWS\System32\wintrust.dll
0x00007ffd9d210000 - 0x00007ffd9d230000 	C:\WINDOWS\System32\imagehlp.dll
0x00007ffd9b850000 - 0x00007ffd9b86c000 	C:\WINDOWS\SYSTEM32\CRYPTSP.dll
0x00007ffd9b010000 - 0x00007ffd9b048000 	C:\WINDOWS\system32\rsaenh.dll
0x00007ffd9ba20000 - 0x00007ffd9ba46000 	C:\WINDOWS\SYSTEM32\bcrypt.dll
0x00007ffd19360000 - 0x00007ffd1b34e000 	C:\WINDOWS\System32\DriverStore\FileRepository\nvami.inf_amd64_316dbd6d38c5c59e\nvgpucomp64.dll
0x00007ffcef890000 - 0x00007ffcf1324000 	C:\WINDOWS\System32\DriverStore\FileRepository\nvami.inf_amd64_316dbd6d38c5c59e\nvd3dumx.dll
0x00007ffd861e0000 - 0x00007ffd86225000 	C:\Program Files\Java\javafx-sdk-23\bin\glass.dll
0x00007ffd9d120000 - 0x00007ffd9d20d000 	C:\WINDOWS\System32\COMDLG32.dll
0x00007ffd9e770000 - 0x00007ffd9e8cb000 	C:\WINDOWS\System32\MSCTF.dll
0x00007ffd53f20000 - 0x00007ffd53f47000 	C:\WINDOWS\System32\DriverStore\FileRepository\iigd_dch.inf_amd64_f63934308f6cc308\igdinfo64.dll
0x00007ffd8a900000 - 0x00007ffd8e942000 	C:\WINDOWS\System32\DriverStore\FileRepository\iigd_dch.inf_amd64_f63934308f6cc308\igc64.dll
0x00007ffd9ea80000 - 0x00007ffd9eb28000 	C:\WINDOWS\System32\clbcatq.dll

dbghelp: loaded successfully - version: 4.0.5 - missing functions: none
symbol engine: initialized successfully - sym options: 0x614 - pdb path: .;C:\Users\slava\.jdks\openjdk-23.0.1\bin;C:\WINDOWS\SYSTEM32;C:\WINDOWS\WinSxS\amd64_microsoft.windows.common-controls_6595b64144ccf1df_6.0.26100.1882_none_3e0e949ae32eca40;C:\Users\slava\.jdks\openjdk-23.0.1\bin\server;C:\Program Files\JetBrains\IntelliJ IDEA Community Edition 2024.2.2\bin;C:\Program Files\Java\javafx-sdk-23\bin;C:\WINDOWS\System32\DriverStore\FileRepository\iigd_dch.inf_amd64_f63934308f6cc308;C:\WINDOWS\System32\DriverStore\FileRepository\nvami.inf_amd64_316dbd6d38c5c59e;C:\Users\slava\.jssc\windows

VM Arguments:
jvm_args: --module-path=C:\Program Files\Java\javafx-sdk-23\lib --add-modules=javafx.controls,javafx.fxml --enable-preview -javaagent:C:\Program Files\JetBrains\IntelliJ IDEA Community Edition 2024.2.2\lib\idea_rt.jar=64315:C:\Program Files\JetBrains\IntelliJ IDEA Community Edition 2024.2.2\bin -Dfile.encoding=UTF-8 -Dsun.stdout.encoding=UTF-8 -Dsun.stderr.encoding=UTF-8 
java_command: Main
java_class_path (initial): C:\Users\slava\IdeaProjects\gen2\out\production\gen2;C:\Program Files\Java\javafx-sdk-23\lib\javafx-swt.jar;C:\Program Files\Java\javafx-sdk-23\lib\javafx.web.jar;C:\Program Files\Java\javafx-sdk-23\lib\javafx.base.jar;C:\Program Files\Java\javafx-sdk-23\lib\javafx.fxml.jar;C:\Program Files\Java\javafx-sdk-23\lib\javafx.media.jar;C:\Program Files\Java\javafx-sdk-23\lib\javafx.swing.jar;C:\Program Files\Java\javafx-sdk-23\lib\javafx.controls.jar;C:\Program Files\Java\javafx-sdk-23\lib\javafx.graphics.jar;C:\Users\slava\Downloads\jSSC-2.8.0-Release\jSSC-2.8.0-Release\jssc.jar
Launcher Type: SUN_STANDARD

[Global flags]
     intx CICompilerCount                          = 4                                         {product} {ergonomic}
     uint ConcGCThreads                            = 2                                         {product} {ergonomic}
     uint G1ConcRefinementThreads                  = 8                                         {product} {ergonomic}
   size_t G1HeapRegionSize                         = 2097152                                   {product} {ergonomic}
   size_t InitialHeapSize                          = 264241152                                 {product} {ergonomic}
   size_t MarkStackSize                            = 4194304                                   {product} {ergonomic}
   size_t MarkStackSizeMax                         = 536870912                                 {product} {ergonomic}
   size_t MaxHeapSize                              = 4215275520                                {product} {ergonomic}
   size_t MaxNewSize                               = 2529165312                                {product} {ergonomic}
   size_t MinHeapDeltaBytes                        = 2097152                                   {product} {ergonomic}
   size_t MinHeapSize                              = 8388608                                   {product} {ergonomic}
    uintx NonNMethodCodeHeapSize                   = 5832704                                {pd product} {ergonomic}
    uintx NonProfiledCodeHeapSize                  = 122945536                              {pd product} {ergonomic}
    uintx ProfiledCodeHeapSize                     = 122880000                              {pd product} {ergonomic}
    uintx ReservedCodeCacheSize                    = 251658240                              {pd product} {ergonomic}
     bool SegmentedCodeCache                       = true                                      {product} {ergonomic}
   size_t SoftMaxHeapSize                          = 4215275520                             {manageable} {ergonomic}
     bool UseCompressedOops                        = true                           {product lp64_product} {ergonomic}
     bool UseG1GC                                  = true                                      {product} {ergonomic}
     bool UseLargePagesIndividualAllocation        = false                                  {pd product} {ergonomic}

Logging:
Log output configuration:
 #0: stdout all=warning uptime,level,tags foldmultilines=false
 #1: stderr all=off uptime,level,tags foldmultilines=false

Environment Variables:
PATH=C:\Program Files (x86)\Common Files\Oracle\Java\java8path;C:\Program Files (x86)\Common Files\Oracle\Java\javapath;C:\WINDOWS\system32;C:\WINDOWS;C:\WINDOWS\System32\Wbem;C:\WINDOWS\System32\WindowsPowerShell\v1.0\;C:\WINDOWS\System32\OpenSSH\;C:\Program Files\dotnet\;C:\Program Files\NVIDIA Corporation\NVIDIA NvDLISR;C:\Program Files (x86)\NVIDIA Corporation\PhysX\Common;C:\Program Files\PuTTY\;C:\Program Files\Git\cmd;C:\Users\slava\AppData\Local\Microsoft\WindowsApps;
USERNAME=slava
OS=Windows_NT
PROCESSOR_IDENTIFIER=Intel64 Family 6 Model 140 Stepping 1, GenuineIntel
TMP=C:\Users\slava\AppData\Local\Temp
TEMP=C:\Users\slava\AppData\Local\Temp




Periodic native trim disabled

---------------  S Y S T E M  ---------------

OS:
 Windows 11 , 64 bit Build 26100 (10.0.26100.1882)
OS uptime: 6 days 5:57 hours

CPU: total 8 (initial active 8) (4 cores per cpu, 2 threads per core) family 6 model 140 stepping 1 microcode 0x86, cx8, cmov, fxsr, ht, mmx, 3dnowpref, sse, sse2, sse3, ssse3, sse4.1, sse4.2, popcnt, lzcnt, tsc, tscinvbit, avx, avx2, aes, erms, clmul, bmi1, bmi2, adx, avx512f, avx512dq, avx512cd, avx512bw, avx512vl, sha, fma, vzeroupper, avx512_vpopcntdq, avx512_vpclmulqdq, avx512_vaes, avx512_vnni, clflush, clflushopt, clwb, avx512_vbmi2, avx512_vbmi, rdtscp, rdpid, fsrm, gfni, avx512_bitalg, f16c, pku, cet_ibt, cet_ss, avx512_ifma
Processor Information for the first 8 processors :
  Max Mhz: 3110, Current Mhz: 3110, Mhz Limit: 3110

Memory: 4k page, system-wide physical 16075M (3379M free)
TotalPageFile size 27339M (AvailPageFile size 7627M)
current process WorkingSet (physical memory assigned to process): 147M, peak: 148M
current process commit charge ("private bytes"): 418M, peak: 420M

vm_info: OpenJDK 64-Bit Server VM (23.0.1+11-39) for windows-amd64 JRE (23.0.1+11-39), built on 2024-09-30T07:20:43Z with MS VC++ 17.6 (VS2022)

END.
